[1.740s] Invoking command in '/home/david/esha_ws/src/inter_package': DEBUGINFOD_URLS=https://debuginfod.ubuntu.com PYTHONPATH=/home/david/esha_ws/build/inter_package/prefix_override:/usr/lib/python3/dist-packages/colcon_core/task/python/colcon_distutils_commands:/home/david/esha_ws/install/inter_package/lib/python3.12/site-packages:${PYTHONPATH} /usr/bin/python3 -W ignore:setup.py install is deprecated -W ignore:easy_install command is deprecated setup.py egg_info --egg-base ../../build/inter_package build --build-base /home/david/esha_ws/build/inter_package/build install --record /home/david/esha_ws/build/inter_package/install.log --single-version-externally-managed install_data
[2.138s] running egg_info
[2.170s] writing ../../build/inter_package/inter_package.egg-info/PKG-INFO
[2.170s] writing dependency_links to ../../build/inter_package/inter_package.egg-info/dependency_links.txt
[2.170s] writing entry points to ../../build/inter_package/inter_package.egg-info/entry_points.txt
[2.171s] writing requirements to ../../build/inter_package/inter_package.egg-info/requires.txt
[2.171s] writing top-level names to ../../build/inter_package/inter_package.egg-info/top_level.txt
[2.242s] reading manifest file '../../build/inter_package/inter_package.egg-info/SOURCES.txt'
[2.242s] adding license file 'LICENSE'
[2.243s] writing manifest file '../../build/inter_package/inter_package.egg-info/SOURCES.txt'
[2.243s] running build
[2.244s] running build_py
[2.244s] copying inter_package/imu_node_talker.py -> /home/david/esha_ws/build/inter_package/build/lib/inter_package
[2.245s] running install
[2.254s] running install_lib
[2.287s] copying /home/david/esha_ws/build/inter_package/build/lib/inter_package/imu_node_talker.py -> /home/david/esha_ws/install/inter_package/lib/python3.12/site-packages/inter_package
[2.288s] byte-compiling /home/david/esha_ws/install/inter_package/lib/python3.12/site-packages/inter_package/imu_node_talker.py to imu_node_talker.cpython-312.pyc
[2.289s] running install_data
[2.289s] running install_egg_info
[2.333s] removing '/home/david/esha_ws/install/inter_package/lib/python3.12/site-packages/inter_package-0.0.0-py3.12.egg-info' (and everything under it)
[2.333s] Copying ../../build/inter_package/inter_package.egg-info to /home/david/esha_ws/install/inter_package/lib/python3.12/site-packages/inter_package-0.0.0-py3.12.egg-info
[2.334s] running install_scripts
[2.622s] Installing arm_current_node script to /home/david/esha_ws/install/inter_package/lib/inter_package
[2.624s] Installing camera_node script to /home/david/esha_ws/install/inter_package/lib/inter_package
[2.624s] Installing co_node script to /home/david/esha_ws/install/inter_package/lib/inter_package
[2.624s] Installing imu_node script to /home/david/esha_ws/install/inter_package/lib/inter_package
[2.625s] Installing motor_current_node script to /home/david/esha_ws/install/inter_package/lib/inter_package
[2.625s] Installing temperature_node script to /home/david/esha_ws/install/inter_package/lib/inter_package
[2.625s] Installing ultrasonic_node script to /home/david/esha_ws/install/inter_package/lib/inter_package
[2.625s] Installing velocity_node script to /home/david/esha_ws/install/inter_package/lib/inter_package
[2.625s] writing list of installed files to '/home/david/esha_ws/build/inter_package/install.log'
[2.671s] Invoked command in '/home/david/esha_ws/src/inter_package' returned '0': DEBUGINFOD_URLS=https://debuginfod.ubuntu.com PYTHONPATH=/home/david/esha_ws/build/inter_package/prefix_override:/usr/lib/python3/dist-packages/colcon_core/task/python/colcon_distutils_commands:/home/david/esha_ws/install/inter_package/lib/python3.12/site-packages:${PYTHONPATH} /usr/bin/python3 -W ignore:setup.py install is deprecated -W ignore:easy_install command is deprecated setup.py egg_info --egg-base ../../build/inter_package build --build-base /home/david/esha_ws/build/inter_package/build install --record /home/david/esha_ws/build/inter_package/install.log --single-version-externally-managed install_data
