[1.580s] Invoking command in '/home/david/esha_ws/src/monitor': CMAKE_PREFIX_PATH=/home/david/esha_ws/install/rosmonitoring_interfaces:/home/david/esha_ws/install/interfaces:/home/david/esha_ws/install/launch_esha:/home/david/husky_ws/install/rosmonitoring_interfaces:/home/david/husky_ws/install/launch_husky:/home/david/husky_ws/install/interfaces:/opt/ros/jazzy/opt/gz_sim_vendor:/opt/ros/jazzy/opt/gz_sensors_vendor:/opt/ros/jazzy/opt/gz_physics_vendor:/opt/ros/jazzy/opt/sdformat_vendor:/opt/ros/jazzy/opt/gz_gui_vendor:/opt/ros/jazzy/opt/gz_transport_vendor:/opt/ros/jazzy/opt/gz_rendering_vendor:/opt/ros/jazzy/opt/gz_plugin_vendor:/opt/ros/jazzy/opt/gz_fuel_tools_vendor:/opt/ros/jazzy/opt/gz_msgs_vendor:/opt/ros/jazzy/opt/gz_common_vendor:/opt/ros/jazzy/opt/gz_math_vendor:/opt/ros/jazzy/opt/gz_utils_vendor:/opt/ros/jazzy/opt/gz_tools_vendor:/opt/ros/jazzy/opt/gz_ogre_next_vendor:/opt/ros/jazzy/opt/gz_dartsim_vendor:/opt/ros/jazzy/opt/gz_cmake_vendor DEBUGINFOD_URLS=https://debuginfod.ubuntu.com PYTHONPATH=/home/david/esha_ws/build/monitor/prefix_override:/usr/lib/python3/dist-packages/colcon_core/task/python/colcon_distutils_commands:/home/david/esha_ws/install/monitor/lib/python3.12/site-packages:/home/david/esha_ws/install/rosmonitoring_interfaces/lib/python3.12/site-packages:/home/david/esha_ws/install/interfaces/lib/python3.12/site-packages:/home/david/esha_ws/install/monitor/lib/python3.12/site-packages:/home/david/esha_ws/install/inter_package/lib/python3.12/site-packages:/home/david/husky_ws/install/monitor/lib/python3.12/site-packages:/home/david/husky_ws/install/rosmonitoring_interfaces/lib/python3.12/site-packages:/home/david/husky_ws/install/launch_husky/lib/python3.12/site-packages:/home/david/husky_ws/install/interfaces/lib/python3.12/site-packages:/home/david/husky_ws/install/data_sensor/lib/python3.12/site-packages:/opt/ros/jazzy/lib/python3.12/site-packages /usr/bin/python3 -W ignore:setup.py install is deprecated -W ignore:easy_install command is deprecated setup.py egg_info --egg-base ../../build/monitor build --build-base /home/david/esha_ws/build/monitor/build install --record /home/david/esha_ws/build/monitor/install.log --single-version-externally-managed install_data
[2.077s] running egg_info
[2.118s] writing ../../build/monitor/monitor.egg-info/PKG-INFO
[2.119s] writing dependency_links to ../../build/monitor/monitor.egg-info/dependency_links.txt
[2.119s] writing entry points to ../../build/monitor/monitor.egg-info/entry_points.txt
[2.119s] writing requirements to ../../build/monitor/monitor.egg-info/requires.txt
[2.120s] writing top-level names to ../../build/monitor/monitor.egg-info/top_level.txt
[2.204s] reading manifest file '../../build/monitor/monitor.egg-info/SOURCES.txt'
[2.209s] writing manifest file '../../build/monitor/monitor.egg-info/SOURCES.txt'
[2.209s] running build
[2.210s] running build_py
[2.211s] copying monitor/temperature_monitor.py -> /home/david/esha_ws/build/monitor/build/lib/monitor
[2.212s] copying monitor/tip_out_monitor.py -> /home/david/esha_ws/build/monitor/build/lib/monitor
[2.213s] copying monitor/motor_monitor.py -> /home/david/esha_ws/build/monitor/build/lib/monitor
[2.214s] copying monitor/arm_monitor.py -> /home/david/esha_ws/build/monitor/build/lib/monitor
[2.214s] copying monitor/distance_monitor.py -> /home/david/esha_ws/build/monitor/build/lib/monitor
[2.214s] copying monitor/carbon_monoxide_monitor.py -> /home/david/esha_ws/build/monitor/build/lib/monitor
[2.215s] copying monitor/camera_monitor.py -> /home/david/esha_ws/build/monitor/build/lib/monitor
[2.215s] running install
[2.226s] running install_lib
[2.262s] copying /home/david/esha_ws/build/monitor/build/lib/monitor/temperature_monitor.py -> /home/david/esha_ws/install/monitor/lib/python3.12/site-packages/monitor
[2.262s] copying /home/david/esha_ws/build/monitor/build/lib/monitor/tip_out_monitor.py -> /home/david/esha_ws/install/monitor/lib/python3.12/site-packages/monitor
[2.262s] copying /home/david/esha_ws/build/monitor/build/lib/monitor/motor_monitor.py -> /home/david/esha_ws/install/monitor/lib/python3.12/site-packages/monitor
[2.263s] copying /home/david/esha_ws/build/monitor/build/lib/monitor/arm_monitor.py -> /home/david/esha_ws/install/monitor/lib/python3.12/site-packages/monitor
[2.263s] copying /home/david/esha_ws/build/monitor/build/lib/monitor/distance_monitor.py -> /home/david/esha_ws/install/monitor/lib/python3.12/site-packages/monitor
[2.263s] copying /home/david/esha_ws/build/monitor/build/lib/monitor/carbon_monoxide_monitor.py -> /home/david/esha_ws/install/monitor/lib/python3.12/site-packages/monitor
[2.263s] copying /home/david/esha_ws/build/monitor/build/lib/monitor/camera_monitor.py -> /home/david/esha_ws/install/monitor/lib/python3.12/site-packages/monitor
[2.264s] byte-compiling /home/david/esha_ws/install/monitor/lib/python3.12/site-packages/monitor/temperature_monitor.py to temperature_monitor.cpython-312.pyc
[2.266s] byte-compiling /home/david/esha_ws/install/monitor/lib/python3.12/site-packages/monitor/tip_out_monitor.py to tip_out_monitor.cpython-312.pyc
[2.267s] byte-compiling /home/david/esha_ws/install/monitor/lib/python3.12/site-packages/monitor/motor_monitor.py to motor_monitor.cpython-312.pyc
[2.269s] byte-compiling /home/david/esha_ws/install/monitor/lib/python3.12/site-packages/monitor/arm_monitor.py to arm_monitor.cpython-312.pyc
[2.270s] byte-compiling /home/david/esha_ws/install/monitor/lib/python3.12/site-packages/monitor/distance_monitor.py to distance_monitor.cpython-312.pyc
[2.272s] byte-compiling /home/david/esha_ws/install/monitor/lib/python3.12/site-packages/monitor/carbon_monoxide_monitor.py to carbon_monoxide_monitor.cpython-312.pyc
[2.273s] byte-compiling /home/david/esha_ws/install/monitor/lib/python3.12/site-packages/monitor/camera_monitor.py to camera_monitor.cpython-312.pyc
[2.274s] running install_data
[2.274s] copying package.xml -> /home/david/esha_ws/install/monitor/share/monitor
[2.275s] running install_egg_info
[2.316s] removing '/home/david/esha_ws/install/monitor/lib/python3.12/site-packages/monitor-0.0.0-py3.12.egg-info' (and everything under it)
[2.317s] Copying ../../build/monitor/monitor.egg-info to /home/david/esha_ws/install/monitor/lib/python3.12/site-packages/monitor-0.0.0-py3.12.egg-info
[2.318s] running install_scripts
[2.543s] Installing arm_monitor script to /home/david/esha_ws/install/monitor/lib/monitor
[2.544s] Installing camera_monitor script to /home/david/esha_ws/install/monitor/lib/monitor
[2.544s] Installing carbon_monoxide_monitor script to /home/david/esha_ws/install/monitor/lib/monitor
[2.544s] Installing distance_monitor script to /home/david/esha_ws/install/monitor/lib/monitor
[2.544s] Installing motor_monitor script to /home/david/esha_ws/install/monitor/lib/monitor
[2.544s] Installing temperature_monitor script to /home/david/esha_ws/install/monitor/lib/monitor
[2.545s] Installing tip_out_monitor script to /home/david/esha_ws/install/monitor/lib/monitor
[2.545s] writing list of installed files to '/home/david/esha_ws/build/monitor/install.log'
[2.585s] Invoked command in '/home/david/esha_ws/src/monitor' returned '0': CMAKE_PREFIX_PATH=/home/david/esha_ws/install/rosmonitoring_interfaces:/home/david/esha_ws/install/interfaces:/home/david/esha_ws/install/launch_esha:/home/david/husky_ws/install/rosmonitoring_interfaces:/home/david/husky_ws/install/launch_husky:/home/david/husky_ws/install/interfaces:/opt/ros/jazzy/opt/gz_sim_vendor:/opt/ros/jazzy/opt/gz_sensors_vendor:/opt/ros/jazzy/opt/gz_physics_vendor:/opt/ros/jazzy/opt/sdformat_vendor:/opt/ros/jazzy/opt/gz_gui_vendor:/opt/ros/jazzy/opt/gz_transport_vendor:/opt/ros/jazzy/opt/gz_rendering_vendor:/opt/ros/jazzy/opt/gz_plugin_vendor:/opt/ros/jazzy/opt/gz_fuel_tools_vendor:/opt/ros/jazzy/opt/gz_msgs_vendor:/opt/ros/jazzy/opt/gz_common_vendor:/opt/ros/jazzy/opt/gz_math_vendor:/opt/ros/jazzy/opt/gz_utils_vendor:/opt/ros/jazzy/opt/gz_tools_vendor:/opt/ros/jazzy/opt/gz_ogre_next_vendor:/opt/ros/jazzy/opt/gz_dartsim_vendor:/opt/ros/jazzy/opt/gz_cmake_vendor DEBUGINFOD_URLS=https://debuginfod.ubuntu.com PYTHONPATH=/home/david/esha_ws/build/monitor/prefix_override:/usr/lib/python3/dist-packages/colcon_core/task/python/colcon_distutils_commands:/home/david/esha_ws/install/monitor/lib/python3.12/site-packages:/home/david/esha_ws/install/rosmonitoring_interfaces/lib/python3.12/site-packages:/home/david/esha_ws/install/interfaces/lib/python3.12/site-packages:/home/david/esha_ws/install/monitor/lib/python3.12/site-packages:/home/david/esha_ws/install/inter_package/lib/python3.12/site-packages:/home/david/husky_ws/install/monitor/lib/python3.12/site-packages:/home/david/husky_ws/install/rosmonitoring_interfaces/lib/python3.12/site-packages:/home/david/husky_ws/install/launch_husky/lib/python3.12/site-packages:/home/david/husky_ws/install/interfaces/lib/python3.12/site-packages:/home/david/husky_ws/install/data_sensor/lib/python3.12/site-packages:/opt/ros/jazzy/lib/python3.12/site-packages /usr/bin/python3 -W ignore:setup.py install is deprecated -W ignore:easy_install command is deprecated setup.py egg_info --egg-base ../../build/monitor build --build-base /home/david/esha_ws/build/monitor/build install --record /home/david/esha_ws/build/monitor/install.log --single-version-externally-managed install_data
