[1.520s] Invoking command in '/home/david/esha_ws/src/inter_package': DEBUGINFOD_URLS=https://debuginfod.ubuntu.com PYTHONPATH=/home/david/esha_ws/build/inter_package/prefix_override:/usr/lib/python3/dist-packages/colcon_core/task/python/colcon_distutils_commands:/home/david/esha_ws/install/inter_package/lib/python3.12/site-packages:${PYTHONPATH} /usr/bin/python3 -W ignore:setup.py install is deprecated -W ignore:easy_install command is deprecated setup.py egg_info --egg-base ../../build/inter_package build --build-base /home/david/esha_ws/build/inter_package/build install --record /home/david/esha_ws/build/inter_package/install.log --single-version-externally-managed install_data
[1.998s] running egg_info
[2.000s] creating ../../build/inter_package/inter_package.egg-info
[2.043s] writing ../../build/inter_package/inter_package.egg-info/PKG-INFO
[2.044s] writing dependency_links to ../../build/inter_package/inter_package.egg-info/dependency_links.txt
[2.044s] writing entry points to ../../build/inter_package/inter_package.egg-info/entry_points.txt
[2.044s] writing requirements to ../../build/inter_package/inter_package.egg-info/requires.txt
[2.045s] writing top-level names to ../../build/inter_package/inter_package.egg-info/top_level.txt
[2.045s] writing manifest file '../../build/inter_package/inter_package.egg-info/SOURCES.txt'
[2.120s] reading manifest file '../../build/inter_package/inter_package.egg-info/SOURCES.txt'
[2.120s] adding license file 'LICENSE'
[2.121s] writing manifest file '../../build/inter_package/inter_package.egg-info/SOURCES.txt'
[2.121s] running build
[2.122s] running build_py
[2.122s] creating /home/david/esha_ws/build/inter_package/build
[2.122s] creating /home/david/esha_ws/build/inter_package/build/lib
[2.123s] creating /home/david/esha_ws/build/inter_package/build/lib/inter_package
[2.123s] copying inter_package/motor_current_node_talker.py -> /home/david/esha_ws/build/inter_package/build/lib/inter_package
[2.123s] copying inter_package/camera_node_talker.py -> /home/david/esha_ws/build/inter_package/build/lib/inter_package
[2.124s] copying inter_package/velocity_node_talker.py -> /home/david/esha_ws/build/inter_package/build/lib/inter_package
[2.124s] copying inter_package/imu_node_talker.py -> /home/david/esha_ws/build/inter_package/build/lib/inter_package
[2.124s] copying inter_package/temperature_node_talker.py -> /home/david/esha_ws/build/inter_package/build/lib/inter_package
[2.124s] copying inter_package/__init__.py -> /home/david/esha_ws/build/inter_package/build/lib/inter_package
[2.124s] copying inter_package/co_node_talker.py -> /home/david/esha_ws/build/inter_package/build/lib/inter_package
[2.124s] copying inter_package/arm_current_node_talker.py -> /home/david/esha_ws/build/inter_package/build/lib/inter_package
[2.125s] copying inter_package/ultrasonic_node_talker.py -> /home/david/esha_ws/build/inter_package/build/lib/inter_package
[2.125s] running install
[2.134s] running install_lib
[2.169s] creating /home/david/esha_ws/install/inter_package/lib/python3.12/site-packages/inter_package
[2.169s] copying /home/david/esha_ws/build/inter_package/build/lib/inter_package/motor_current_node_talker.py -> /home/david/esha_ws/install/inter_package/lib/python3.12/site-packages/inter_package
[2.169s] copying /home/david/esha_ws/build/inter_package/build/lib/inter_package/camera_node_talker.py -> /home/david/esha_ws/install/inter_package/lib/python3.12/site-packages/inter_package
[2.169s] copying /home/david/esha_ws/build/inter_package/build/lib/inter_package/velocity_node_talker.py -> /home/david/esha_ws/install/inter_package/lib/python3.12/site-packages/inter_package
[2.170s] copying /home/david/esha_ws/build/inter_package/build/lib/inter_package/imu_node_talker.py -> /home/david/esha_ws/install/inter_package/lib/python3.12/site-packages/inter_package
[2.170s] copying /home/david/esha_ws/build/inter_package/build/lib/inter_package/temperature_node_talker.py -> /home/david/esha_ws/install/inter_package/lib/python3.12/site-packages/inter_package
[2.170s] copying /home/david/esha_ws/build/inter_package/build/lib/inter_package/__init__.py -> /home/david/esha_ws/install/inter_package/lib/python3.12/site-packages/inter_package
[2.170s] copying /home/david/esha_ws/build/inter_package/build/lib/inter_package/co_node_talker.py -> /home/david/esha_ws/install/inter_package/lib/python3.12/site-packages/inter_package
[2.170s] copying /home/david/esha_ws/build/inter_package/build/lib/inter_package/arm_current_node_talker.py -> /home/david/esha_ws/install/inter_package/lib/python3.12/site-packages/inter_package
[2.171s] copying /home/david/esha_ws/build/inter_package/build/lib/inter_package/ultrasonic_node_talker.py -> /home/david/esha_ws/install/inter_package/lib/python3.12/site-packages/inter_package
[2.171s] byte-compiling /home/david/esha_ws/install/inter_package/lib/python3.12/site-packages/inter_package/motor_current_node_talker.py to motor_current_node_talker.cpython-312.pyc
[2.172s] byte-compiling /home/david/esha_ws/install/inter_package/lib/python3.12/site-packages/inter_package/camera_node_talker.py to camera_node_talker.cpython-312.pyc
[2.173s] byte-compiling /home/david/esha_ws/install/inter_package/lib/python3.12/site-packages/inter_package/velocity_node_talker.py to velocity_node_talker.cpython-312.pyc
[2.173s] byte-compiling /home/david/esha_ws/install/inter_package/lib/python3.12/site-packages/inter_package/imu_node_talker.py to imu_node_talker.cpython-312.pyc
[2.174s] byte-compiling /home/david/esha_ws/install/inter_package/lib/python3.12/site-packages/inter_package/temperature_node_talker.py to temperature_node_talker.cpython-312.pyc
[2.175s] byte-compiling /home/david/esha_ws/install/inter_package/lib/python3.12/site-packages/inter_package/__init__.py to __init__.cpython-312.pyc
[2.175s] byte-compiling /home/david/esha_ws/install/inter_package/lib/python3.12/site-packages/inter_package/co_node_talker.py to co_node_talker.cpython-312.pyc
[2.176s] byte-compiling /home/david/esha_ws/install/inter_package/lib/python3.12/site-packages/inter_package/arm_current_node_talker.py to arm_current_node_talker.cpython-312.pyc
[2.177s] byte-compiling /home/david/esha_ws/install/inter_package/lib/python3.12/site-packages/inter_package/ultrasonic_node_talker.py to ultrasonic_node_talker.cpython-312.pyc
[2.177s] running install_data
[2.177s] creating /home/david/esha_ws/install/inter_package/share/ament_index
[2.178s] creating /home/david/esha_ws/install/inter_package/share/ament_index/resource_index
[2.178s] creating /home/david/esha_ws/install/inter_package/share/ament_index/resource_index/packages
[2.178s] copying resource/inter_package -> /home/david/esha_ws/install/inter_package/share/ament_index/resource_index/packages
[2.178s] copying package.xml -> /home/david/esha_ws/install/inter_package/share/inter_package
[2.178s] running install_egg_info
[2.226s] Copying ../../build/inter_package/inter_package.egg-info to /home/david/esha_ws/install/inter_package/lib/python3.12/site-packages/inter_package-0.0.0-py3.12.egg-info
[2.227s] running install_scripts
[2.469s] Installing arm_current_node script to /home/david/esha_ws/install/inter_package/lib/inter_package
[2.469s] Installing camera_node script to /home/david/esha_ws/install/inter_package/lib/inter_package
[2.469s] Installing co_node script to /home/david/esha_ws/install/inter_package/lib/inter_package
[2.470s] Installing imu_node script to /home/david/esha_ws/install/inter_package/lib/inter_package
[2.470s] Installing motor_current_node script to /home/david/esha_ws/install/inter_package/lib/inter_package
[2.470s] Installing temperature_node script to /home/david/esha_ws/install/inter_package/lib/inter_package
[2.470s] Installing ultrasonic_node script to /home/david/esha_ws/install/inter_package/lib/inter_package
[2.471s] Installing velocity_node script to /home/david/esha_ws/install/inter_package/lib/inter_package
[2.471s] writing list of installed files to '/home/david/esha_ws/build/inter_package/install.log'
[2.530s] Invoked command in '/home/david/esha_ws/src/inter_package' returned '0': DEBUGINFOD_URLS=https://debuginfod.ubuntu.com PYTHONPATH=/home/david/esha_ws/build/inter_package/prefix_override:/usr/lib/python3/dist-packages/colcon_core/task/python/colcon_distutils_commands:/home/david/esha_ws/install/inter_package/lib/python3.12/site-packages:${PYTHONPATH} /usr/bin/python3 -W ignore:setup.py install is deprecated -W ignore:easy_install command is deprecated setup.py egg_info --egg-base ../../build/inter_package build --build-base /home/david/esha_ws/build/inter_package/build install --record /home/david/esha_ws/build/inter_package/install.log --single-version-externally-managed install_data
