[0.128s] DEBUG:colcon:Command line arguments: ['/usr/bin/colcon', 'build']
[0.128s] DEBUG:colcon:Parsed command line arguments: Namespace(log_base=None, log_level=None, verb_name='build', build_base='build', install_base='install', merge_install=False, symlink_install=False, test_result_base=None, continue_on_error=False, executor='parallel', parallel_workers=8, event_handlers=None, ignore_user_meta=False, metas=['./colcon.meta'], base_paths=['.'], packages_ignore=None, packages_ignore_regex=None, paths=None, packages_up_to=None, packages_up_to_regex=None, packages_above=None, packages_above_and_dependencies=None, packages_above_depth=None, packages_select_by_dep=None, packages_skip_by_dep=None, packages_skip_up_to=None, packages_select_build_failed=False, packages_skip_build_finished=False, packages_select_test_failures=False, packages_skip_test_passed=False, packages_select=None, packages_skip=None, packages_select_regex=None, packages_skip_regex=None, packages_start=None, packages_end=None, allow_overriding=[], cmake_args=None, cmake_target=None, cmake_target_skip_unavailable=False, cmake_clean_cache=False, cmake_clean_first=False, cmake_force_configure=False, ament_cmake_args=None, catkin_cmake_args=None, catkin_skip_building_tests=False, mixin_files=None, mixin=None, verb_parser=<colcon_mixin.mixin.mixin_argument.MixinArgumentDecorator object at 0x71009479ffe0>, verb_extension=<colcon_core.verb.build.BuildVerb object at 0x71009586f9e0>, main=<bound method BuildVerb.main of <colcon_core.verb.build.BuildVerb object at 0x71009586f9e0>>, mixin_verb=('build',))
[0.169s] Level 1:colcon.colcon_core.package_discovery:discover_packages(colcon_meta) check parameters
[0.169s] Level 1:colcon.colcon_core.package_discovery:discover_packages(recursive) check parameters
[0.169s] Level 1:colcon.colcon_core.package_discovery:discover_packages(ignore) check parameters
[0.169s] Level 1:colcon.colcon_core.package_discovery:discover_packages(path) check parameters
[0.169s] Level 1:colcon.colcon_core.package_discovery:discover_packages(colcon_meta) discover
[0.169s] Level 1:colcon.colcon_core.package_discovery:discover_packages(recursive) discover
[0.169s] INFO:colcon.colcon_core.package_discovery:Crawling recursively for packages in '/home/david/esha_ws'
[0.169s] Level 1:colcon.colcon_core.package_identification:_identify(.) by extensions ['ignore', 'ignore_ament_install']
[0.169s] Level 1:colcon.colcon_core.package_identification:_identify(.) by extension 'ignore'
[0.170s] Level 1:colcon.colcon_core.package_identification:_identify(.) by extension 'ignore_ament_install'
[0.170s] Level 1:colcon.colcon_core.package_identification:_identify(.) by extensions ['colcon_pkg']
[0.170s] Level 1:colcon.colcon_core.package_identification:_identify(.) by extension 'colcon_pkg'
[0.170s] Level 1:colcon.colcon_core.package_identification:_identify(.) by extensions ['colcon_meta']
[0.170s] Level 1:colcon.colcon_core.package_identification:_identify(.) by extension 'colcon_meta'
[0.170s] Level 1:colcon.colcon_core.package_identification:_identify(.) by extensions ['ros']
[0.170s] Level 1:colcon.colcon_core.package_identification:_identify(.) by extension 'ros'
[0.197s] Level 1:colcon.colcon_core.package_identification:_identify(.) by extensions ['cmake', 'python']
[0.197s] Level 1:colcon.colcon_core.package_identification:_identify(.) by extension 'cmake'
[0.197s] Level 1:colcon.colcon_core.package_identification:_identify(.) by extension 'python'
[0.197s] Level 1:colcon.colcon_core.package_identification:_identify(.) by extensions ['python_setup_py']
[0.197s] Level 1:colcon.colcon_core.package_identification:_identify(.) by extension 'python_setup_py'
[0.197s] Level 1:colcon.colcon_core.package_identification:_identify(build) by extensions ['ignore', 'ignore_ament_install']
[0.197s] Level 1:colcon.colcon_core.package_identification:_identify(build) by extension 'ignore'
[0.197s] Level 1:colcon.colcon_core.package_identification:_identify(build) ignored
[0.197s] Level 1:colcon.colcon_core.package_identification:_identify(install) by extensions ['ignore', 'ignore_ament_install']
[0.197s] Level 1:colcon.colcon_core.package_identification:_identify(install) by extension 'ignore'
[0.197s] Level 1:colcon.colcon_core.package_identification:_identify(install) ignored
[0.198s] Level 1:colcon.colcon_core.package_identification:_identify(log) by extensions ['ignore', 'ignore_ament_install']
[0.198s] Level 1:colcon.colcon_core.package_identification:_identify(log) by extension 'ignore'
[0.198s] Level 1:colcon.colcon_core.package_identification:_identify(log) ignored
[0.198s] Level 1:colcon.colcon_core.package_identification:_identify(src) by extensions ['ignore', 'ignore_ament_install']
[0.198s] Level 1:colcon.colcon_core.package_identification:_identify(src) by extension 'ignore'
[0.198s] Level 1:colcon.colcon_core.package_identification:_identify(src) by extension 'ignore_ament_install'
[0.198s] Level 1:colcon.colcon_core.package_identification:_identify(src) by extensions ['colcon_pkg']
[0.198s] Level 1:colcon.colcon_core.package_identification:_identify(src) by extension 'colcon_pkg'
[0.198s] Level 1:colcon.colcon_core.package_identification:_identify(src) by extensions ['colcon_meta']
[0.198s] Level 1:colcon.colcon_core.package_identification:_identify(src) by extension 'colcon_meta'
[0.198s] Level 1:colcon.colcon_core.package_identification:_identify(src) by extensions ['ros']
[0.198s] Level 1:colcon.colcon_core.package_identification:_identify(src) by extension 'ros'
[0.198s] Level 1:colcon.colcon_core.package_identification:_identify(src) by extensions ['cmake', 'python']
[0.198s] Level 1:colcon.colcon_core.package_identification:_identify(src) by extension 'cmake'
[0.198s] Level 1:colcon.colcon_core.package_identification:_identify(src) by extension 'python'
[0.198s] Level 1:colcon.colcon_core.package_identification:_identify(src) by extensions ['python_setup_py']
[0.198s] Level 1:colcon.colcon_core.package_identification:_identify(src) by extension 'python_setup_py'
[0.199s] Level 1:colcon.colcon_core.package_identification:_identify(src/inter_package) by extensions ['ignore', 'ignore_ament_install']
[0.199s] Level 1:colcon.colcon_core.package_identification:_identify(src/inter_package) by extension 'ignore'
[0.199s] Level 1:colcon.colcon_core.package_identification:_identify(src/inter_package) by extension 'ignore_ament_install'
[0.199s] Level 1:colcon.colcon_core.package_identification:_identify(src/inter_package) by extensions ['colcon_pkg']
[0.199s] Level 1:colcon.colcon_core.package_identification:_identify(src/inter_package) by extension 'colcon_pkg'
[0.199s] Level 1:colcon.colcon_core.package_identification:_identify(src/inter_package) by extensions ['colcon_meta']
[0.199s] Level 1:colcon.colcon_core.package_identification:_identify(src/inter_package) by extension 'colcon_meta'
[0.199s] Level 1:colcon.colcon_core.package_identification:_identify(src/inter_package) by extensions ['ros']
[0.199s] Level 1:colcon.colcon_core.package_identification:_identify(src/inter_package) by extension 'ros'
[0.202s] DEBUG:colcon.colcon_core.package_identification:Package 'src/inter_package' with type 'ros.ament_python' and name 'inter_package'
[0.203s] Level 1:colcon.colcon_core.package_identification:_identify(src/interfaces) by extensions ['ignore', 'ignore_ament_install']
[0.203s] Level 1:colcon.colcon_core.package_identification:_identify(src/interfaces) by extension 'ignore'
[0.203s] Level 1:colcon.colcon_core.package_identification:_identify(src/interfaces) by extension 'ignore_ament_install'
[0.203s] Level 1:colcon.colcon_core.package_identification:_identify(src/interfaces) by extensions ['colcon_pkg']
[0.203s] Level 1:colcon.colcon_core.package_identification:_identify(src/interfaces) by extension 'colcon_pkg'
[0.203s] Level 1:colcon.colcon_core.package_identification:_identify(src/interfaces) by extensions ['colcon_meta']
[0.203s] Level 1:colcon.colcon_core.package_identification:_identify(src/interfaces) by extension 'colcon_meta'
[0.203s] Level 1:colcon.colcon_core.package_identification:_identify(src/interfaces) by extensions ['ros']
[0.203s] Level 1:colcon.colcon_core.package_identification:_identify(src/interfaces) by extension 'ros'
[0.204s] DEBUG:colcon.colcon_core.package_identification:Package 'src/interfaces' with type 'ros.ament_cmake' and name 'interfaces'
[0.204s] Level 1:colcon.colcon_core.package_identification:_identify(src/launch_esha) by extensions ['ignore', 'ignore_ament_install']
[0.204s] Level 1:colcon.colcon_core.package_identification:_identify(src/launch_esha) by extension 'ignore'
[0.204s] Level 1:colcon.colcon_core.package_identification:_identify(src/launch_esha) by extension 'ignore_ament_install'
[0.204s] Level 1:colcon.colcon_core.package_identification:_identify(src/launch_esha) by extensions ['colcon_pkg']
[0.205s] Level 1:colcon.colcon_core.package_identification:_identify(src/launch_esha) by extension 'colcon_pkg'
[0.205s] Level 1:colcon.colcon_core.package_identification:_identify(src/launch_esha) by extensions ['colcon_meta']
[0.205s] Level 1:colcon.colcon_core.package_identification:_identify(src/launch_esha) by extension 'colcon_meta'
[0.205s] Level 1:colcon.colcon_core.package_identification:_identify(src/launch_esha) by extensions ['ros']
[0.205s] Level 1:colcon.colcon_core.package_identification:_identify(src/launch_esha) by extension 'ros'
[0.205s] DEBUG:colcon.colcon_core.package_identification:Package 'src/launch_esha' with type 'ros.ament_cmake' and name 'launch_esha'
[0.205s] Level 1:colcon.colcon_core.package_identification:_identify(src/monitor) by extensions ['ignore', 'ignore_ament_install']
[0.206s] Level 1:colcon.colcon_core.package_identification:_identify(src/monitor) by extension 'ignore'
[0.206s] Level 1:colcon.colcon_core.package_identification:_identify(src/monitor) by extension 'ignore_ament_install'
[0.206s] Level 1:colcon.colcon_core.package_identification:_identify(src/monitor) by extensions ['colcon_pkg']
[0.206s] Level 1:colcon.colcon_core.package_identification:_identify(src/monitor) by extension 'colcon_pkg'
[0.206s] Level 1:colcon.colcon_core.package_identification:_identify(src/monitor) by extensions ['colcon_meta']
[0.206s] Level 1:colcon.colcon_core.package_identification:_identify(src/monitor) by extension 'colcon_meta'
[0.206s] Level 1:colcon.colcon_core.package_identification:_identify(src/monitor) by extensions ['ros']
[0.206s] Level 1:colcon.colcon_core.package_identification:_identify(src/monitor) by extension 'ros'
[0.206s] DEBUG:colcon.colcon_core.package_identification:Package 'src/monitor' with type 'ros.ament_python' and name 'monitor'
[0.207s] Level 1:colcon.colcon_core.package_identification:_identify(src/rosmonitoring_interfaces) by extensions ['ignore', 'ignore_ament_install']
[0.207s] Level 1:colcon.colcon_core.package_identification:_identify(src/rosmonitoring_interfaces) by extension 'ignore'
[0.207s] Level 1:colcon.colcon_core.package_identification:_identify(src/rosmonitoring_interfaces) by extension 'ignore_ament_install'
[0.207s] Level 1:colcon.colcon_core.package_identification:_identify(src/rosmonitoring_interfaces) by extensions ['colcon_pkg']
[0.207s] Level 1:colcon.colcon_core.package_identification:_identify(src/rosmonitoring_interfaces) by extension 'colcon_pkg'
[0.207s] Level 1:colcon.colcon_core.package_identification:_identify(src/rosmonitoring_interfaces) by extensions ['colcon_meta']
[0.207s] Level 1:colcon.colcon_core.package_identification:_identify(src/rosmonitoring_interfaces) by extension 'colcon_meta'
[0.207s] Level 1:colcon.colcon_core.package_identification:_identify(src/rosmonitoring_interfaces) by extensions ['ros']
[0.207s] Level 1:colcon.colcon_core.package_identification:_identify(src/rosmonitoring_interfaces) by extension 'ros'
[0.208s] DEBUG:colcon.colcon_core.package_identification:Package 'src/rosmonitoring_interfaces' with type 'ros.ament_cmake' and name 'rosmonitoring_interfaces'
[0.208s] Level 1:colcon.colcon_core.package_discovery:discover_packages(recursive) using defaults
[0.208s] Level 1:colcon.colcon_core.package_discovery:discover_packages(ignore) discover
[0.208s] Level 1:colcon.colcon_core.package_discovery:discover_packages(ignore) using defaults
[0.208s] Level 1:colcon.colcon_core.package_discovery:discover_packages(path) discover
[0.208s] Level 1:colcon.colcon_core.package_discovery:discover_packages(path) using defaults
[0.228s] Level 1:colcon.colcon_core.package_discovery:discover_packages(prefix_path) check parameters
[0.228s] Level 1:colcon.colcon_core.package_discovery:discover_packages(prefix_path) discover
[0.230s] DEBUG:colcon.colcon_installed_package_information.package_discovery:Found 5 installed packages in /home/david/esha_ws/install
[0.231s] DEBUG:colcon.colcon_installed_package_information.package_discovery:Found 5 installed packages in /home/david/husky_ws/install
[0.234s] DEBUG:colcon.colcon_installed_package_information.package_discovery:Found 508 installed packages in /opt/ros/jazzy
[0.236s] Level 1:colcon.colcon_core.package_discovery:discover_packages(prefix_path) using defaults
[0.313s] Level 5:colcon.colcon_core.verb:set package 'inter_package' build argument 'cmake_args' from command line to 'None'
[0.313s] Level 5:colcon.colcon_core.verb:set package 'inter_package' build argument 'cmake_target' from command line to 'None'
[0.313s] Level 5:colcon.colcon_core.verb:set package 'inter_package' build argument 'cmake_target_skip_unavailable' from command line to 'False'
[0.313s] Level 5:colcon.colcon_core.verb:set package 'inter_package' build argument 'cmake_clean_cache' from command line to 'False'
[0.313s] Level 5:colcon.colcon_core.verb:set package 'inter_package' build argument 'cmake_clean_first' from command line to 'False'
[0.313s] Level 5:colcon.colcon_core.verb:set package 'inter_package' build argument 'cmake_force_configure' from command line to 'False'
[0.313s] Level 5:colcon.colcon_core.verb:set package 'inter_package' build argument 'ament_cmake_args' from command line to 'None'
[0.313s] Level 5:colcon.colcon_core.verb:set package 'inter_package' build argument 'catkin_cmake_args' from command line to 'None'
[0.313s] Level 5:colcon.colcon_core.verb:set package 'inter_package' build argument 'catkin_skip_building_tests' from command line to 'False'
[0.313s] DEBUG:colcon.colcon_core.verb:Building package 'inter_package' with the following arguments: {'ament_cmake_args': None, 'build_base': '/home/david/esha_ws/build/inter_package', 'catkin_cmake_args': None, 'catkin_skip_building_tests': False, 'cmake_args': None, 'cmake_clean_cache': False, 'cmake_clean_first': False, 'cmake_force_configure': False, 'cmake_target': None, 'cmake_target_skip_unavailable': False, 'install_base': '/home/david/esha_ws/install/inter_package', 'merge_install': False, 'path': '/home/david/esha_ws/src/inter_package', 'symlink_install': False, 'test_result_base': None}
[0.314s] Level 5:colcon.colcon_core.verb:set package 'interfaces' build argument 'cmake_args' from command line to 'None'
[0.314s] Level 5:colcon.colcon_core.verb:set package 'interfaces' build argument 'cmake_target' from command line to 'None'
[0.314s] Level 5:colcon.colcon_core.verb:set package 'interfaces' build argument 'cmake_target_skip_unavailable' from command line to 'False'
[0.314s] Level 5:colcon.colcon_core.verb:set package 'interfaces' build argument 'cmake_clean_cache' from command line to 'False'
[0.314s] Level 5:colcon.colcon_core.verb:set package 'interfaces' build argument 'cmake_clean_first' from command line to 'False'
[0.314s] Level 5:colcon.colcon_core.verb:set package 'interfaces' build argument 'cmake_force_configure' from command line to 'False'
[0.314s] Level 5:colcon.colcon_core.verb:set package 'interfaces' build argument 'ament_cmake_args' from command line to 'None'
[0.314s] Level 5:colcon.colcon_core.verb:set package 'interfaces' build argument 'catkin_cmake_args' from command line to 'None'
[0.314s] Level 5:colcon.colcon_core.verb:set package 'interfaces' build argument 'catkin_skip_building_tests' from command line to 'False'
[0.314s] DEBUG:colcon.colcon_core.verb:Building package 'interfaces' with the following arguments: {'ament_cmake_args': None, 'build_base': '/home/david/esha_ws/build/interfaces', 'catkin_cmake_args': None, 'catkin_skip_building_tests': False, 'cmake_args': None, 'cmake_clean_cache': False, 'cmake_clean_first': False, 'cmake_force_configure': False, 'cmake_target': None, 'cmake_target_skip_unavailable': False, 'install_base': '/home/david/esha_ws/install/interfaces', 'merge_install': False, 'path': '/home/david/esha_ws/src/interfaces', 'symlink_install': False, 'test_result_base': None}
[0.314s] Level 5:colcon.colcon_core.verb:set package 'rosmonitoring_interfaces' build argument 'cmake_args' from command line to 'None'
[0.314s] Level 5:colcon.colcon_core.verb:set package 'rosmonitoring_interfaces' build argument 'cmake_target' from command line to 'None'
[0.314s] Level 5:colcon.colcon_core.verb:set package 'rosmonitoring_interfaces' build argument 'cmake_target_skip_unavailable' from command line to 'False'
[0.314s] Level 5:colcon.colcon_core.verb:set package 'rosmonitoring_interfaces' build argument 'cmake_clean_cache' from command line to 'False'
[0.314s] Level 5:colcon.colcon_core.verb:set package 'rosmonitoring_interfaces' build argument 'cmake_clean_first' from command line to 'False'
[0.314s] Level 5:colcon.colcon_core.verb:set package 'rosmonitoring_interfaces' build argument 'cmake_force_configure' from command line to 'False'
[0.314s] Level 5:colcon.colcon_core.verb:set package 'rosmonitoring_interfaces' build argument 'ament_cmake_args' from command line to 'None'
[0.314s] Level 5:colcon.colcon_core.verb:set package 'rosmonitoring_interfaces' build argument 'catkin_cmake_args' from command line to 'None'
[0.314s] Level 5:colcon.colcon_core.verb:set package 'rosmonitoring_interfaces' build argument 'catkin_skip_building_tests' from command line to 'False'
[0.314s] DEBUG:colcon.colcon_core.verb:Building package 'rosmonitoring_interfaces' with the following arguments: {'ament_cmake_args': None, 'build_base': '/home/david/esha_ws/build/rosmonitoring_interfaces', 'catkin_cmake_args': None, 'catkin_skip_building_tests': False, 'cmake_args': None, 'cmake_clean_cache': False, 'cmake_clean_first': False, 'cmake_force_configure': False, 'cmake_target': None, 'cmake_target_skip_unavailable': False, 'install_base': '/home/david/esha_ws/install/rosmonitoring_interfaces', 'merge_install': False, 'path': '/home/david/esha_ws/src/rosmonitoring_interfaces', 'symlink_install': False, 'test_result_base': None}
[0.315s] Level 5:colcon.colcon_core.verb:set package 'launch_esha' build argument 'cmake_args' from command line to 'None'
[0.315s] Level 5:colcon.colcon_core.verb:set package 'launch_esha' build argument 'cmake_target' from command line to 'None'
[0.315s] Level 5:colcon.colcon_core.verb:set package 'launch_esha' build argument 'cmake_target_skip_unavailable' from command line to 'False'
[0.315s] Level 5:colcon.colcon_core.verb:set package 'launch_esha' build argument 'cmake_clean_cache' from command line to 'False'
[0.315s] Level 5:colcon.colcon_core.verb:set package 'launch_esha' build argument 'cmake_clean_first' from command line to 'False'
[0.315s] Level 5:colcon.colcon_core.verb:set package 'launch_esha' build argument 'cmake_force_configure' from command line to 'False'
[0.315s] Level 5:colcon.colcon_core.verb:set package 'launch_esha' build argument 'ament_cmake_args' from command line to 'None'
[0.315s] Level 5:colcon.colcon_core.verb:set package 'launch_esha' build argument 'catkin_cmake_args' from command line to 'None'
[0.315s] Level 5:colcon.colcon_core.verb:set package 'launch_esha' build argument 'catkin_skip_building_tests' from command line to 'False'
[0.315s] DEBUG:colcon.colcon_core.verb:Building package 'launch_esha' with the following arguments: {'ament_cmake_args': None, 'build_base': '/home/david/esha_ws/build/launch_esha', 'catkin_cmake_args': None, 'catkin_skip_building_tests': False, 'cmake_args': None, 'cmake_clean_cache': False, 'cmake_clean_first': False, 'cmake_force_configure': False, 'cmake_target': None, 'cmake_target_skip_unavailable': False, 'install_base': '/home/david/esha_ws/install/launch_esha', 'merge_install': False, 'path': '/home/david/esha_ws/src/launch_esha', 'symlink_install': False, 'test_result_base': None}
[0.315s] Level 5:colcon.colcon_core.verb:set package 'monitor' build argument 'cmake_args' from command line to 'None'
[0.315s] Level 5:colcon.colcon_core.verb:set package 'monitor' build argument 'cmake_target' from command line to 'None'
[0.315s] Level 5:colcon.colcon_core.verb:set package 'monitor' build argument 'cmake_target_skip_unavailable' from command line to 'False'
[0.315s] Level 5:colcon.colcon_core.verb:set package 'monitor' build argument 'cmake_clean_cache' from command line to 'False'
[0.315s] Level 5:colcon.colcon_core.verb:set package 'monitor' build argument 'cmake_clean_first' from command line to 'False'
[0.315s] Level 5:colcon.colcon_core.verb:set package 'monitor' build argument 'cmake_force_configure' from command line to 'False'
[0.315s] Level 5:colcon.colcon_core.verb:set package 'monitor' build argument 'ament_cmake_args' from command line to 'None'
[0.316s] Level 5:colcon.colcon_core.verb:set package 'monitor' build argument 'catkin_cmake_args' from command line to 'None'
[0.316s] Level 5:colcon.colcon_core.verb:set package 'monitor' build argument 'catkin_skip_building_tests' from command line to 'False'
[0.316s] DEBUG:colcon.colcon_core.verb:Building package 'monitor' with the following arguments: {'ament_cmake_args': None, 'build_base': '/home/david/esha_ws/build/monitor', 'catkin_cmake_args': None, 'catkin_skip_building_tests': False, 'cmake_args': None, 'cmake_clean_cache': False, 'cmake_clean_first': False, 'cmake_force_configure': False, 'cmake_target': None, 'cmake_target_skip_unavailable': False, 'install_base': '/home/david/esha_ws/install/monitor', 'merge_install': False, 'path': '/home/david/esha_ws/src/monitor', 'symlink_install': False, 'test_result_base': None}
[0.316s] INFO:colcon.colcon_core.executor:Executing jobs using 'parallel' executor
[0.317s] DEBUG:colcon.colcon_parallel_executor.executor.parallel:run_until_complete
[0.317s] INFO:colcon.colcon_ros.task.ament_python.build:Building ROS package in '/home/david/esha_ws/src/inter_package' with build type 'ament_python'
[0.317s] Level 1:colcon.colcon_core.shell:create_environment_hook('inter_package', 'ament_prefix_path')
[0.320s] INFO:colcon.colcon_core.plugin_system:Skipping extension 'colcon_core.shell.bat': Not used on non-Windows systems
[0.320s] INFO:colcon.colcon_core.shell:Creating environment hook '/home/david/esha_ws/install/inter_package/share/inter_package/hook/ament_prefix_path.ps1'
[0.320s] INFO:colcon.colcon_core.shell:Creating environment descriptor '/home/david/esha_ws/install/inter_package/share/inter_package/hook/ament_prefix_path.dsv'
[0.321s] INFO:colcon.colcon_core.shell:Creating environment hook '/home/david/esha_ws/install/inter_package/share/inter_package/hook/ament_prefix_path.sh'
[0.322s] INFO:colcon.colcon_core.shell:Skip shell extension 'powershell' for command environment: Not usable outside of PowerShell
[0.322s] DEBUG:colcon.colcon_core.shell:Skip shell extension 'dsv' for command environment
[0.328s] INFO:colcon.colcon_ros.task.ament_cmake.build:Building ROS package in '/home/david/esha_ws/src/interfaces' with build type 'ament_cmake'
[0.328s] INFO:colcon.colcon_cmake.task.cmake.build:Building CMake package in '/home/david/esha_ws/src/interfaces'
[0.328s] INFO:colcon.colcon_core.shell:Skip shell extension 'powershell' for command environment: Not usable outside of PowerShell
[0.328s] DEBUG:colcon.colcon_core.shell:Skip shell extension 'dsv' for command environment
[0.338s] INFO:colcon.colcon_ros.task.ament_cmake.build:Building ROS package in '/home/david/esha_ws/src/rosmonitoring_interfaces' with build type 'ament_cmake'
[0.339s] INFO:colcon.colcon_cmake.task.cmake.build:Building CMake package in '/home/david/esha_ws/src/rosmonitoring_interfaces'
[0.339s] INFO:colcon.colcon_core.shell:Skip shell extension 'powershell' for command environment: Not usable outside of PowerShell
[0.339s] DEBUG:colcon.colcon_core.shell:Skip shell extension 'dsv' for command environment
[0.668s] INFO:colcon.colcon_core.task.python.build:Building Python package in '/home/david/esha_ws/src/inter_package'
[0.668s] INFO:colcon.colcon_core.shell:Skip shell extension 'powershell' for command environment: Not usable outside of PowerShell
[0.669s] DEBUG:colcon.colcon_core.shell:Skip shell extension 'dsv' for command environment
[0.680s] DEBUG:colcon.colcon_core.event_handler.log_command:Invoking command in '/home/david/esha_ws/build/interfaces': CMAKE_PREFIX_PATH=${CMAKE_PREFIX_PATH}:/home/david/esha_ws/install/monitor:/home/david/esha_ws/install/inter_package:/home/david/husky_ws/install/monitor:/home/david/husky_ws/install/data_sensor:/opt/ros/jazzy DEBUGINFOD_URLS=https://debuginfod.ubuntu.com /usr/bin/cmake --build /home/david/esha_ws/build/interfaces -- -j8 -l8
[0.685s] DEBUG:colcon.colcon_core.event_handler.log_command:Invoking command in '/home/david/esha_ws/build/rosmonitoring_interfaces': CMAKE_PREFIX_PATH=${CMAKE_PREFIX_PATH}:/home/david/esha_ws/install/monitor:/home/david/esha_ws/install/inter_package:/home/david/husky_ws/install/monitor:/home/david/husky_ws/install/data_sensor:/opt/ros/jazzy DEBUGINFOD_URLS=https://debuginfod.ubuntu.com /usr/bin/cmake --build /home/david/esha_ws/build/rosmonitoring_interfaces -- -j8 -l8
[1.754s] DEBUG:colcon.colcon_core.event_handler.log_command:Invoked command in '/home/david/esha_ws/build/rosmonitoring_interfaces' returned '0': CMAKE_PREFIX_PATH=${CMAKE_PREFIX_PATH}:/home/david/esha_ws/install/monitor:/home/david/esha_ws/install/inter_package:/home/david/husky_ws/install/monitor:/home/david/husky_ws/install/data_sensor:/opt/ros/jazzy DEBUGINFOD_URLS=https://debuginfod.ubuntu.com /usr/bin/cmake --build /home/david/esha_ws/build/rosmonitoring_interfaces -- -j8 -l8
[1.773s] DEBUG:colcon.colcon_core.event_handler.log_command:Invoking command in '/home/david/esha_ws/build/rosmonitoring_interfaces': CMAKE_PREFIX_PATH=${CMAKE_PREFIX_PATH}:/home/david/esha_ws/install/monitor:/home/david/esha_ws/install/inter_package:/home/david/husky_ws/install/monitor:/home/david/husky_ws/install/data_sensor:/opt/ros/jazzy DEBUGINFOD_URLS=https://debuginfod.ubuntu.com /usr/bin/cmake --install /home/david/esha_ws/build/rosmonitoring_interfaces
[1.838s] DEBUG:colcon.colcon_core.event_handler.log_command:Invoked command in '/home/david/esha_ws/build/interfaces' returned '0': CMAKE_PREFIX_PATH=${CMAKE_PREFIX_PATH}:/home/david/esha_ws/install/monitor:/home/david/esha_ws/install/inter_package:/home/david/husky_ws/install/monitor:/home/david/husky_ws/install/data_sensor:/opt/ros/jazzy DEBUGINFOD_URLS=https://debuginfod.ubuntu.com /usr/bin/cmake --build /home/david/esha_ws/build/interfaces -- -j8 -l8
[1.839s] DEBUG:colcon.colcon_core.event_handler.log_command:Invoking command in '/home/david/esha_ws/build/interfaces': CMAKE_PREFIX_PATH=${CMAKE_PREFIX_PATH}:/home/david/esha_ws/install/monitor:/home/david/esha_ws/install/inter_package:/home/david/husky_ws/install/monitor:/home/david/husky_ws/install/data_sensor:/opt/ros/jazzy DEBUGINFOD_URLS=https://debuginfod.ubuntu.com /usr/bin/cmake --install /home/david/esha_ws/build/interfaces
[1.917s] Level 1:colcon.colcon_core.environment:create_environment_scripts_only(rosmonitoring_interfaces)
[1.918s] DEBUG:colcon.colcon_core.event_handler.log_command:Invoked command in '/home/david/esha_ws/build/rosmonitoring_interfaces' returned '0': CMAKE_PREFIX_PATH=${CMAKE_PREFIX_PATH}:/home/david/esha_ws/install/monitor:/home/david/esha_ws/install/inter_package:/home/david/husky_ws/install/monitor:/home/david/husky_ws/install/data_sensor:/opt/ros/jazzy DEBUGINFOD_URLS=https://debuginfod.ubuntu.com /usr/bin/cmake --install /home/david/esha_ws/build/rosmonitoring_interfaces
[1.922s] Level 1:colcon.colcon_core.environment:checking '/home/david/esha_ws/install/rosmonitoring_interfaces' for CMake module files
[1.924s] Level 1:colcon.colcon_core.environment:checking '/home/david/esha_ws/install/rosmonitoring_interfaces' for CMake config files
[1.925s] Level 1:colcon.colcon_core.shell:create_environment_hook('rosmonitoring_interfaces', 'cmake_prefix_path')
[1.925s] INFO:colcon.colcon_core.shell:Creating environment hook '/home/david/esha_ws/install/rosmonitoring_interfaces/share/rosmonitoring_interfaces/hook/cmake_prefix_path.ps1'
[1.926s] INFO:colcon.colcon_core.shell:Creating environment descriptor '/home/david/esha_ws/install/rosmonitoring_interfaces/share/rosmonitoring_interfaces/hook/cmake_prefix_path.dsv'
[1.927s] INFO:colcon.colcon_core.shell:Creating environment hook '/home/david/esha_ws/install/rosmonitoring_interfaces/share/rosmonitoring_interfaces/hook/cmake_prefix_path.sh'
[1.929s] Level 1:colcon.colcon_core.environment:checking '/home/david/esha_ws/install/rosmonitoring_interfaces/lib'
[1.929s] Level 1:colcon.colcon_core.shell:create_environment_hook('rosmonitoring_interfaces', 'ld_library_path_lib')
[1.929s] INFO:colcon.colcon_core.shell:Creating environment hook '/home/david/esha_ws/install/rosmonitoring_interfaces/share/rosmonitoring_interfaces/hook/ld_library_path_lib.ps1'
[1.930s] INFO:colcon.colcon_core.shell:Creating environment descriptor '/home/david/esha_ws/install/rosmonitoring_interfaces/share/rosmonitoring_interfaces/hook/ld_library_path_lib.dsv'
[1.931s] INFO:colcon.colcon_core.shell:Creating environment hook '/home/david/esha_ws/install/rosmonitoring_interfaces/share/rosmonitoring_interfaces/hook/ld_library_path_lib.sh'
[1.932s] Level 1:colcon.colcon_core.environment:checking '/home/david/esha_ws/install/rosmonitoring_interfaces/bin'
[1.932s] Level 1:colcon.colcon_core.environment:checking '/home/david/esha_ws/install/rosmonitoring_interfaces/lib/pkgconfig/rosmonitoring_interfaces.pc'
[1.932s] Level 1:colcon.colcon_core.environment:checking '/home/david/esha_ws/install/rosmonitoring_interfaces/lib/python3.12/site-packages'
[1.933s] Level 1:colcon.colcon_core.shell:create_environment_hook('rosmonitoring_interfaces', 'pythonpath')
[1.933s] INFO:colcon.colcon_core.shell:Creating environment hook '/home/david/esha_ws/install/rosmonitoring_interfaces/share/rosmonitoring_interfaces/hook/pythonpath.ps1'
[1.934s] INFO:colcon.colcon_core.shell:Creating environment descriptor '/home/david/esha_ws/install/rosmonitoring_interfaces/share/rosmonitoring_interfaces/hook/pythonpath.dsv'
[1.934s] INFO:colcon.colcon_core.shell:Creating environment hook '/home/david/esha_ws/install/rosmonitoring_interfaces/share/rosmonitoring_interfaces/hook/pythonpath.sh'
[1.935s] Level 1:colcon.colcon_core.environment:checking '/home/david/esha_ws/install/rosmonitoring_interfaces/bin'
[1.936s] INFO:colcon.colcon_core.shell:Creating package script '/home/david/esha_ws/install/rosmonitoring_interfaces/share/rosmonitoring_interfaces/package.ps1'
[1.938s] INFO:colcon.colcon_core.shell:Creating package descriptor '/home/david/esha_ws/install/rosmonitoring_interfaces/share/rosmonitoring_interfaces/package.dsv'
[1.939s] INFO:colcon.colcon_core.shell:Creating package script '/home/david/esha_ws/install/rosmonitoring_interfaces/share/rosmonitoring_interfaces/package.sh'
[1.940s] INFO:colcon.colcon_core.shell:Creating package script '/home/david/esha_ws/install/rosmonitoring_interfaces/share/rosmonitoring_interfaces/package.bash'
[1.941s] INFO:colcon.colcon_core.shell:Creating package script '/home/david/esha_ws/install/rosmonitoring_interfaces/share/rosmonitoring_interfaces/package.zsh'
[1.943s] Level 1:colcon.colcon_core.environment:create_file_with_runtime_dependencies(/home/david/esha_ws/install/rosmonitoring_interfaces/share/colcon-core/packages/rosmonitoring_interfaces)
[1.945s] Level 1:colcon.colcon_core.environment:create_environment_scripts_only(rosmonitoring_interfaces)
[1.945s] Level 1:colcon.colcon_core.environment:checking '/home/david/esha_ws/install/rosmonitoring_interfaces' for CMake module files
[1.947s] Level 1:colcon.colcon_core.environment:checking '/home/david/esha_ws/install/rosmonitoring_interfaces' for CMake config files
[1.947s] Level 1:colcon.colcon_core.shell:create_environment_hook('rosmonitoring_interfaces', 'cmake_prefix_path')
[1.948s] INFO:colcon.colcon_core.shell:Creating environment hook '/home/david/esha_ws/install/rosmonitoring_interfaces/share/rosmonitoring_interfaces/hook/cmake_prefix_path.ps1'
[1.949s] INFO:colcon.colcon_core.shell:Creating environment descriptor '/home/david/esha_ws/install/rosmonitoring_interfaces/share/rosmonitoring_interfaces/hook/cmake_prefix_path.dsv'
[1.949s] INFO:colcon.colcon_core.shell:Creating environment hook '/home/david/esha_ws/install/rosmonitoring_interfaces/share/rosmonitoring_interfaces/hook/cmake_prefix_path.sh'
[1.952s] Level 1:colcon.colcon_core.environment:checking '/home/david/esha_ws/install/rosmonitoring_interfaces/lib'
[1.952s] Level 1:colcon.colcon_core.shell:create_environment_hook('rosmonitoring_interfaces', 'ld_library_path_lib')
[1.952s] INFO:colcon.colcon_core.shell:Creating environment hook '/home/david/esha_ws/install/rosmonitoring_interfaces/share/rosmonitoring_interfaces/hook/ld_library_path_lib.ps1'
[1.967s] INFO:colcon.colcon_core.shell:Creating environment descriptor '/home/david/esha_ws/install/rosmonitoring_interfaces/share/rosmonitoring_interfaces/hook/ld_library_path_lib.dsv'
[1.968s] INFO:colcon.colcon_core.shell:Creating environment hook '/home/david/esha_ws/install/rosmonitoring_interfaces/share/rosmonitoring_interfaces/hook/ld_library_path_lib.sh'
[1.969s] Level 1:colcon.colcon_core.environment:checking '/home/david/esha_ws/install/rosmonitoring_interfaces/bin'
[1.969s] Level 1:colcon.colcon_core.environment:checking '/home/david/esha_ws/install/rosmonitoring_interfaces/lib/pkgconfig/rosmonitoring_interfaces.pc'
[1.970s] Level 1:colcon.colcon_core.environment:checking '/home/david/esha_ws/install/rosmonitoring_interfaces/lib/python3.12/site-packages'
[1.970s] Level 1:colcon.colcon_core.shell:create_environment_hook('rosmonitoring_interfaces', 'pythonpath')
[1.971s] INFO:colcon.colcon_core.shell:Creating environment hook '/home/david/esha_ws/install/rosmonitoring_interfaces/share/rosmonitoring_interfaces/hook/pythonpath.ps1'
[1.975s] INFO:colcon.colcon_core.shell:Creating environment descriptor '/home/david/esha_ws/install/rosmonitoring_interfaces/share/rosmonitoring_interfaces/hook/pythonpath.dsv'
[1.976s] INFO:colcon.colcon_core.shell:Creating environment hook '/home/david/esha_ws/install/rosmonitoring_interfaces/share/rosmonitoring_interfaces/hook/pythonpath.sh'
[1.981s] Level 1:colcon.colcon_core.environment:checking '/home/david/esha_ws/install/rosmonitoring_interfaces/bin'
[1.982s] INFO:colcon.colcon_core.shell:Creating package script '/home/david/esha_ws/install/rosmonitoring_interfaces/share/rosmonitoring_interfaces/package.ps1'
[1.985s] INFO:colcon.colcon_core.shell:Creating package descriptor '/home/david/esha_ws/install/rosmonitoring_interfaces/share/rosmonitoring_interfaces/package.dsv'
[1.986s] INFO:colcon.colcon_core.shell:Creating package script '/home/david/esha_ws/install/rosmonitoring_interfaces/share/rosmonitoring_interfaces/package.sh'
[1.986s] INFO:colcon.colcon_core.shell:Creating package script '/home/david/esha_ws/install/rosmonitoring_interfaces/share/rosmonitoring_interfaces/package.bash'
[1.987s] INFO:colcon.colcon_core.shell:Creating package script '/home/david/esha_ws/install/rosmonitoring_interfaces/share/rosmonitoring_interfaces/package.zsh'
[1.987s] Level 1:colcon.colcon_core.environment:create_file_with_runtime_dependencies(/home/david/esha_ws/install/rosmonitoring_interfaces/share/colcon-core/packages/rosmonitoring_interfaces)
[1.989s] Level 1:colcon.colcon_core.environment:create_environment_scripts_only(interfaces)
[1.990s] Level 1:colcon.colcon_core.environment:checking '/home/david/esha_ws/install/interfaces' for CMake module files
[1.991s] DEBUG:colcon.colcon_core.event_handler.log_command:Invoked command in '/home/david/esha_ws/build/interfaces' returned '0': CMAKE_PREFIX_PATH=${CMAKE_PREFIX_PATH}:/home/david/esha_ws/install/monitor:/home/david/esha_ws/install/inter_package:/home/david/husky_ws/install/monitor:/home/david/husky_ws/install/data_sensor:/opt/ros/jazzy DEBUGINFOD_URLS=https://debuginfod.ubuntu.com /usr/bin/cmake --install /home/david/esha_ws/build/interfaces
[1.992s] Level 1:colcon.colcon_core.environment:checking '/home/david/esha_ws/install/interfaces' for CMake config files
[1.993s] Level 1:colcon.colcon_core.shell:create_environment_hook('interfaces', 'cmake_prefix_path')
[1.993s] INFO:colcon.colcon_core.shell:Creating environment hook '/home/david/esha_ws/install/interfaces/share/interfaces/hook/cmake_prefix_path.ps1'
[1.994s] INFO:colcon.colcon_core.shell:Creating environment descriptor '/home/david/esha_ws/install/interfaces/share/interfaces/hook/cmake_prefix_path.dsv'
[1.994s] INFO:colcon.colcon_core.shell:Creating environment hook '/home/david/esha_ws/install/interfaces/share/interfaces/hook/cmake_prefix_path.sh'
[1.995s] Level 1:colcon.colcon_core.environment:checking '/home/david/esha_ws/install/interfaces/lib'
[1.996s] Level 1:colcon.colcon_core.shell:create_environment_hook('interfaces', 'ld_library_path_lib')
[1.996s] INFO:colcon.colcon_core.shell:Creating environment hook '/home/david/esha_ws/install/interfaces/share/interfaces/hook/ld_library_path_lib.ps1'
[1.997s] INFO:colcon.colcon_core.shell:Creating environment descriptor '/home/david/esha_ws/install/interfaces/share/interfaces/hook/ld_library_path_lib.dsv'
[1.997s] INFO:colcon.colcon_core.shell:Creating environment hook '/home/david/esha_ws/install/interfaces/share/interfaces/hook/ld_library_path_lib.sh'
[1.998s] Level 1:colcon.colcon_core.environment:checking '/home/david/esha_ws/install/interfaces/bin'
[1.998s] Level 1:colcon.colcon_core.environment:checking '/home/david/esha_ws/install/interfaces/lib/pkgconfig/interfaces.pc'
[1.999s] Level 1:colcon.colcon_core.environment:checking '/home/david/esha_ws/install/interfaces/lib/python3.12/site-packages'
[1.999s] Level 1:colcon.colcon_core.shell:create_environment_hook('interfaces', 'pythonpath')
[1.999s] INFO:colcon.colcon_core.shell:Creating environment hook '/home/david/esha_ws/install/interfaces/share/interfaces/hook/pythonpath.ps1'
[2.000s] INFO:colcon.colcon_core.shell:Creating environment descriptor '/home/david/esha_ws/install/interfaces/share/interfaces/hook/pythonpath.dsv'
[2.000s] INFO:colcon.colcon_core.shell:Creating environment hook '/home/david/esha_ws/install/interfaces/share/interfaces/hook/pythonpath.sh'
[2.001s] Level 1:colcon.colcon_core.environment:checking '/home/david/esha_ws/install/interfaces/bin'
[2.002s] INFO:colcon.colcon_core.shell:Creating package script '/home/david/esha_ws/install/interfaces/share/interfaces/package.ps1'
[2.003s] INFO:colcon.colcon_core.shell:Creating package descriptor '/home/david/esha_ws/install/interfaces/share/interfaces/package.dsv'
[2.004s] INFO:colcon.colcon_core.shell:Creating package script '/home/david/esha_ws/install/interfaces/share/interfaces/package.sh'
[2.005s] INFO:colcon.colcon_core.shell:Creating package script '/home/david/esha_ws/install/interfaces/share/interfaces/package.bash'
[2.005s] INFO:colcon.colcon_core.shell:Creating package script '/home/david/esha_ws/install/interfaces/share/interfaces/package.zsh'
[2.006s] Level 1:colcon.colcon_core.environment:create_file_with_runtime_dependencies(/home/david/esha_ws/install/interfaces/share/colcon-core/packages/interfaces)
[2.007s] Level 1:colcon.colcon_core.environment:create_environment_scripts_only(interfaces)
[2.007s] Level 1:colcon.colcon_core.environment:checking '/home/david/esha_ws/install/interfaces' for CMake module files
[2.008s] Level 1:colcon.colcon_core.environment:checking '/home/david/esha_ws/install/interfaces' for CMake config files
[2.009s] Level 1:colcon.colcon_core.shell:create_environment_hook('interfaces', 'cmake_prefix_path')
[2.009s] INFO:colcon.colcon_core.shell:Creating environment hook '/home/david/esha_ws/install/interfaces/share/interfaces/hook/cmake_prefix_path.ps1'
[2.010s] INFO:colcon.colcon_core.shell:Creating environment descriptor '/home/david/esha_ws/install/interfaces/share/interfaces/hook/cmake_prefix_path.dsv'
[2.011s] INFO:colcon.colcon_core.shell:Creating environment hook '/home/david/esha_ws/install/interfaces/share/interfaces/hook/cmake_prefix_path.sh'
[2.012s] Level 1:colcon.colcon_core.environment:checking '/home/david/esha_ws/install/interfaces/lib'
[2.012s] Level 1:colcon.colcon_core.shell:create_environment_hook('interfaces', 'ld_library_path_lib')
[2.012s] INFO:colcon.colcon_core.shell:Creating environment hook '/home/david/esha_ws/install/interfaces/share/interfaces/hook/ld_library_path_lib.ps1'
[2.013s] INFO:colcon.colcon_core.shell:Creating environment descriptor '/home/david/esha_ws/install/interfaces/share/interfaces/hook/ld_library_path_lib.dsv'
[2.013s] INFO:colcon.colcon_core.shell:Creating environment hook '/home/david/esha_ws/install/interfaces/share/interfaces/hook/ld_library_path_lib.sh'
[2.014s] Level 1:colcon.colcon_core.environment:checking '/home/david/esha_ws/install/interfaces/bin'
[2.014s] Level 1:colcon.colcon_core.environment:checking '/home/david/esha_ws/install/interfaces/lib/pkgconfig/interfaces.pc'
[2.015s] Level 1:colcon.colcon_core.environment:checking '/home/david/esha_ws/install/interfaces/lib/python3.12/site-packages'
[2.015s] Level 1:colcon.colcon_core.shell:create_environment_hook('interfaces', 'pythonpath')
[2.015s] INFO:colcon.colcon_core.shell:Creating environment hook '/home/david/esha_ws/install/interfaces/share/interfaces/hook/pythonpath.ps1'
[2.016s] INFO:colcon.colcon_core.shell:Creating environment descriptor '/home/david/esha_ws/install/interfaces/share/interfaces/hook/pythonpath.dsv'
[2.016s] INFO:colcon.colcon_core.shell:Creating environment hook '/home/david/esha_ws/install/interfaces/share/interfaces/hook/pythonpath.sh'
[2.017s] Level 1:colcon.colcon_core.environment:checking '/home/david/esha_ws/install/interfaces/bin'
[2.018s] INFO:colcon.colcon_core.shell:Creating package script '/home/david/esha_ws/install/interfaces/share/interfaces/package.ps1'
[2.019s] INFO:colcon.colcon_core.shell:Creating package descriptor '/home/david/esha_ws/install/interfaces/share/interfaces/package.dsv'
[2.020s] INFO:colcon.colcon_core.shell:Creating package script '/home/david/esha_ws/install/interfaces/share/interfaces/package.sh'
[2.021s] INFO:colcon.colcon_core.shell:Creating package script '/home/david/esha_ws/install/interfaces/share/interfaces/package.bash'
[2.022s] INFO:colcon.colcon_core.shell:Creating package script '/home/david/esha_ws/install/interfaces/share/interfaces/package.zsh'
[2.023s] Level 1:colcon.colcon_core.environment:create_file_with_runtime_dependencies(/home/david/esha_ws/install/interfaces/share/colcon-core/packages/interfaces)
[2.023s] INFO:colcon.colcon_ros.task.ament_python.build:Building ROS package in '/home/david/esha_ws/src/monitor' with build type 'ament_python'
[2.024s] Level 1:colcon.colcon_core.shell:create_environment_hook('monitor', 'ament_prefix_path')
[2.024s] INFO:colcon.colcon_core.shell:Creating environment hook '/home/david/esha_ws/install/monitor/share/monitor/hook/ament_prefix_path.ps1'
[2.026s] INFO:colcon.colcon_core.shell:Creating environment descriptor '/home/david/esha_ws/install/monitor/share/monitor/hook/ament_prefix_path.dsv'
[2.027s] INFO:colcon.colcon_core.shell:Creating environment hook '/home/david/esha_ws/install/monitor/share/monitor/hook/ament_prefix_path.sh'
[2.028s] INFO:colcon.colcon_core.shell:Skip shell extension 'powershell' for command environment: Not usable outside of PowerShell
[2.028s] DEBUG:colcon.colcon_core.shell:Skip shell extension 'dsv' for command environment
[2.531s] INFO:colcon.colcon_core.task.python.build:Building Python package in '/home/david/esha_ws/src/monitor'
[2.531s] INFO:colcon.colcon_core.shell:Skip shell extension 'powershell' for command environment: Not usable outside of PowerShell
[2.531s] DEBUG:colcon.colcon_core.shell:Skip shell extension 'dsv' for command environment
[2.550s] DEBUG:colcon.colcon_core.event_handler.log_command:Invoking command in '/home/david/esha_ws/src/inter_package': DEBUGINFOD_URLS=https://debuginfod.ubuntu.com PYTHONPATH=/home/david/esha_ws/build/inter_package/prefix_override:/usr/lib/python3/dist-packages/colcon_core/task/python/colcon_distutils_commands:/home/david/esha_ws/install/inter_package/lib/python3.12/site-packages:${PYTHONPATH} /usr/bin/python3 -W ignore:setup.py install is deprecated -W ignore:easy_install command is deprecated setup.py egg_info --egg-base ../../build/inter_package build --build-base /home/david/esha_ws/build/inter_package/build install --record /home/david/esha_ws/build/inter_package/install.log --single-version-externally-managed install_data
[3.682s] Level 1:colcon.colcon_core.environment:checking '/home/david/esha_ws/install/inter_package' for CMake module files
[3.684s] Level 1:colcon.colcon_core.environment:checking '/home/david/esha_ws/install/inter_package' for CMake config files
[3.685s] Level 1:colcon.colcon_core.environment:checking '/home/david/esha_ws/install/inter_package/lib'
[3.685s] Level 1:colcon.colcon_core.environment:checking '/home/david/esha_ws/install/inter_package/bin'
[3.686s] Level 1:colcon.colcon_core.environment:checking '/home/david/esha_ws/install/inter_package/lib/pkgconfig/inter_package.pc'
[3.686s] Level 1:colcon.colcon_core.environment:checking '/home/david/esha_ws/install/inter_package/lib/python3.12/site-packages'
[3.686s] Level 1:colcon.colcon_core.shell:create_environment_hook('inter_package', 'pythonpath')
[3.687s] INFO:colcon.colcon_core.shell:Creating environment hook '/home/david/esha_ws/install/inter_package/share/inter_package/hook/pythonpath.ps1'
[3.687s] DEBUG:colcon.colcon_core.event_handler.log_command:Invoked command in '/home/david/esha_ws/src/inter_package' returned '0': DEBUGINFOD_URLS=https://debuginfod.ubuntu.com PYTHONPATH=/home/david/esha_ws/build/inter_package/prefix_override:/usr/lib/python3/dist-packages/colcon_core/task/python/colcon_distutils_commands:/home/david/esha_ws/install/inter_package/lib/python3.12/site-packages:${PYTHONPATH} /usr/bin/python3 -W ignore:setup.py install is deprecated -W ignore:easy_install command is deprecated setup.py egg_info --egg-base ../../build/inter_package build --build-base /home/david/esha_ws/build/inter_package/build install --record /home/david/esha_ws/build/inter_package/install.log --single-version-externally-managed install_data
[3.688s] INFO:colcon.colcon_core.shell:Creating environment descriptor '/home/david/esha_ws/install/inter_package/share/inter_package/hook/pythonpath.dsv'
[3.690s] INFO:colcon.colcon_core.shell:Creating environment hook '/home/david/esha_ws/install/inter_package/share/inter_package/hook/pythonpath.sh'
[3.691s] Level 1:colcon.colcon_core.environment:checking '/home/david/esha_ws/install/inter_package/bin'
[3.692s] Level 1:colcon.colcon_core.environment:create_environment_scripts_only(inter_package)
[3.692s] INFO:colcon.colcon_core.shell:Creating package script '/home/david/esha_ws/install/inter_package/share/inter_package/package.ps1'
[3.693s] INFO:colcon.colcon_core.shell:Creating package descriptor '/home/david/esha_ws/install/inter_package/share/inter_package/package.dsv'
[3.694s] INFO:colcon.colcon_core.shell:Creating package script '/home/david/esha_ws/install/inter_package/share/inter_package/package.sh'
[3.697s] INFO:colcon.colcon_core.shell:Creating package script '/home/david/esha_ws/install/inter_package/share/inter_package/package.bash'
[3.698s] INFO:colcon.colcon_core.shell:Creating package script '/home/david/esha_ws/install/inter_package/share/inter_package/package.zsh'
[3.699s] Level 1:colcon.colcon_core.environment:create_file_with_runtime_dependencies(/home/david/esha_ws/install/inter_package/share/colcon-core/packages/inter_package)
[3.699s] INFO:colcon.colcon_ros.task.ament_cmake.build:Building ROS package in '/home/david/esha_ws/src/launch_esha' with build type 'ament_cmake'
[3.700s] INFO:colcon.colcon_cmake.task.cmake.build:Building CMake package in '/home/david/esha_ws/src/launch_esha'
[3.700s] INFO:colcon.colcon_core.shell:Skip shell extension 'powershell' for command environment: Not usable outside of PowerShell
[3.700s] DEBUG:colcon.colcon_core.shell:Skip shell extension 'dsv' for command environment
[3.718s] DEBUG:colcon.colcon_core.event_handler.log_command:Invoking command in '/home/david/esha_ws/build/launch_esha': AMENT_PREFIX_PATH=/home/david/esha_ws/install/inter_package:/home/david/esha_ws/install/monitor:/home/david/esha_ws/install/rosmonitoring_interfaces:/home/david/esha_ws/install/launch_esha:/home/david/esha_ws/install/interfaces:/home/david/husky_ws/install/monitor:/home/david/husky_ws/install/rosmonitoring_interfaces:/home/david/husky_ws/install/launch_husky:/home/david/husky_ws/install/interfaces:/home/david/husky_ws/install/data_sensor:/opt/ros/jazzy CMAKE_PREFIX_PATH=${CMAKE_PREFIX_PATH}:/home/david/esha_ws/install/monitor:/home/david/esha_ws/install/inter_package:/home/david/husky_ws/install/monitor:/home/david/husky_ws/install/data_sensor:/opt/ros/jazzy DEBUGINFOD_URLS=https://debuginfod.ubuntu.com PYTHONPATH=/home/david/esha_ws/install/inter_package/lib/python3.12/site-packages:/home/david/esha_ws/install/monitor/lib/python3.12/site-packages:/home/david/esha_ws/install/rosmonitoring_interfaces/lib/python3.12/site-packages:/home/david/esha_ws/install/interfaces/lib/python3.12/site-packages:/home/david/husky_ws/install/monitor/lib/python3.12/site-packages:/home/david/husky_ws/install/rosmonitoring_interfaces/lib/python3.12/site-packages:/home/david/husky_ws/install/launch_husky/lib/python3.12/site-packages:/home/david/husky_ws/install/interfaces/lib/python3.12/site-packages:/home/david/husky_ws/install/data_sensor/lib/python3.12/site-packages:/opt/ros/jazzy/lib/python3.12/site-packages /usr/bin/cmake --build /home/david/esha_ws/build/launch_esha -- -j8 -l8
[3.765s] DEBUG:colcon.colcon_core.event_handler.log_command:Invoking command in '/home/david/esha_ws/src/monitor': CMAKE_PREFIX_PATH=/home/david/esha_ws/install/rosmonitoring_interfaces:/home/david/esha_ws/install/interfaces:/home/david/esha_ws/install/launch_esha:/home/david/husky_ws/install/rosmonitoring_interfaces:/home/david/husky_ws/install/launch_husky:/home/david/husky_ws/install/interfaces:/opt/ros/jazzy/opt/gz_sim_vendor:/opt/ros/jazzy/opt/gz_sensors_vendor:/opt/ros/jazzy/opt/gz_physics_vendor:/opt/ros/jazzy/opt/sdformat_vendor:/opt/ros/jazzy/opt/gz_gui_vendor:/opt/ros/jazzy/opt/gz_transport_vendor:/opt/ros/jazzy/opt/gz_rendering_vendor:/opt/ros/jazzy/opt/gz_plugin_vendor:/opt/ros/jazzy/opt/gz_fuel_tools_vendor:/opt/ros/jazzy/opt/gz_msgs_vendor:/opt/ros/jazzy/opt/gz_common_vendor:/opt/ros/jazzy/opt/gz_math_vendor:/opt/ros/jazzy/opt/gz_utils_vendor:/opt/ros/jazzy/opt/gz_tools_vendor:/opt/ros/jazzy/opt/gz_ogre_next_vendor:/opt/ros/jazzy/opt/gz_dartsim_vendor:/opt/ros/jazzy/opt/gz_cmake_vendor DEBUGINFOD_URLS=https://debuginfod.ubuntu.com PYTHONPATH=/home/david/esha_ws/build/monitor/prefix_override:/usr/lib/python3/dist-packages/colcon_core/task/python/colcon_distutils_commands:/home/david/esha_ws/install/monitor/lib/python3.12/site-packages:/home/david/esha_ws/install/rosmonitoring_interfaces/lib/python3.12/site-packages:/home/david/esha_ws/install/interfaces/lib/python3.12/site-packages:/home/david/esha_ws/install/monitor/lib/python3.12/site-packages:/home/david/esha_ws/install/inter_package/lib/python3.12/site-packages:/home/david/husky_ws/install/monitor/lib/python3.12/site-packages:/home/david/husky_ws/install/rosmonitoring_interfaces/lib/python3.12/site-packages:/home/david/husky_ws/install/launch_husky/lib/python3.12/site-packages:/home/david/husky_ws/install/interfaces/lib/python3.12/site-packages:/home/david/husky_ws/install/data_sensor/lib/python3.12/site-packages:/opt/ros/jazzy/lib/python3.12/site-packages /usr/bin/python3 -W ignore:setup.py install is deprecated -W ignore:easy_install command is deprecated setup.py egg_info --egg-base ../../build/monitor build --build-base /home/david/esha_ws/build/monitor/build install --record /home/david/esha_ws/build/monitor/install.log --single-version-externally-managed install_data
[3.802s] DEBUG:colcon.colcon_core.event_handler.log_command:Invoked command in '/home/david/esha_ws/build/launch_esha' returned '0': AMENT_PREFIX_PATH=/home/david/esha_ws/install/inter_package:/home/david/esha_ws/install/monitor:/home/david/esha_ws/install/rosmonitoring_interfaces:/home/david/esha_ws/install/launch_esha:/home/david/esha_ws/install/interfaces:/home/david/husky_ws/install/monitor:/home/david/husky_ws/install/rosmonitoring_interfaces:/home/david/husky_ws/install/launch_husky:/home/david/husky_ws/install/interfaces:/home/david/husky_ws/install/data_sensor:/opt/ros/jazzy CMAKE_PREFIX_PATH=${CMAKE_PREFIX_PATH}:/home/david/esha_ws/install/monitor:/home/david/esha_ws/install/inter_package:/home/david/husky_ws/install/monitor:/home/david/husky_ws/install/data_sensor:/opt/ros/jazzy DEBUGINFOD_URLS=https://debuginfod.ubuntu.com PYTHONPATH=/home/david/esha_ws/install/inter_package/lib/python3.12/site-packages:/home/david/esha_ws/install/monitor/lib/python3.12/site-packages:/home/david/esha_ws/install/rosmonitoring_interfaces/lib/python3.12/site-packages:/home/david/esha_ws/install/interfaces/lib/python3.12/site-packages:/home/david/husky_ws/install/monitor/lib/python3.12/site-packages:/home/david/husky_ws/install/rosmonitoring_interfaces/lib/python3.12/site-packages:/home/david/husky_ws/install/launch_husky/lib/python3.12/site-packages:/home/david/husky_ws/install/interfaces/lib/python3.12/site-packages:/home/david/husky_ws/install/data_sensor/lib/python3.12/site-packages:/opt/ros/jazzy/lib/python3.12/site-packages /usr/bin/cmake --build /home/david/esha_ws/build/launch_esha -- -j8 -l8
[3.803s] DEBUG:colcon.colcon_core.event_handler.log_command:Invoking command in '/home/david/esha_ws/build/launch_esha': AMENT_PREFIX_PATH=/home/david/esha_ws/install/inter_package:/home/david/esha_ws/install/monitor:/home/david/esha_ws/install/rosmonitoring_interfaces:/home/david/esha_ws/install/launch_esha:/home/david/esha_ws/install/interfaces:/home/david/husky_ws/install/monitor:/home/david/husky_ws/install/rosmonitoring_interfaces:/home/david/husky_ws/install/launch_husky:/home/david/husky_ws/install/interfaces:/home/david/husky_ws/install/data_sensor:/opt/ros/jazzy CMAKE_PREFIX_PATH=${CMAKE_PREFIX_PATH}:/home/david/esha_ws/install/monitor:/home/david/esha_ws/install/inter_package:/home/david/husky_ws/install/monitor:/home/david/husky_ws/install/data_sensor:/opt/ros/jazzy DEBUGINFOD_URLS=https://debuginfod.ubuntu.com PYTHONPATH=/home/david/esha_ws/install/inter_package/lib/python3.12/site-packages:/home/david/esha_ws/install/monitor/lib/python3.12/site-packages:/home/david/esha_ws/install/rosmonitoring_interfaces/lib/python3.12/site-packages:/home/david/esha_ws/install/interfaces/lib/python3.12/site-packages:/home/david/husky_ws/install/monitor/lib/python3.12/site-packages:/home/david/husky_ws/install/rosmonitoring_interfaces/lib/python3.12/site-packages:/home/david/husky_ws/install/launch_husky/lib/python3.12/site-packages:/home/david/husky_ws/install/interfaces/lib/python3.12/site-packages:/home/david/husky_ws/install/data_sensor/lib/python3.12/site-packages:/opt/ros/jazzy/lib/python3.12/site-packages /usr/bin/cmake --install /home/david/esha_ws/build/launch_esha
[3.823s] Level 1:colcon.colcon_core.environment:create_environment_scripts_only(launch_esha)
[3.824s] Level 1:colcon.colcon_core.environment:checking '/home/david/esha_ws/install/launch_esha' for CMake module files
[3.825s] DEBUG:colcon.colcon_core.event_handler.log_command:Invoked command in '/home/david/esha_ws/build/launch_esha' returned '0': AMENT_PREFIX_PATH=/home/david/esha_ws/install/inter_package:/home/david/esha_ws/install/monitor:/home/david/esha_ws/install/rosmonitoring_interfaces:/home/david/esha_ws/install/launch_esha:/home/david/esha_ws/install/interfaces:/home/david/husky_ws/install/monitor:/home/david/husky_ws/install/rosmonitoring_interfaces:/home/david/husky_ws/install/launch_husky:/home/david/husky_ws/install/interfaces:/home/david/husky_ws/install/data_sensor:/opt/ros/jazzy CMAKE_PREFIX_PATH=${CMAKE_PREFIX_PATH}:/home/david/esha_ws/install/monitor:/home/david/esha_ws/install/inter_package:/home/david/husky_ws/install/monitor:/home/david/husky_ws/install/data_sensor:/opt/ros/jazzy DEBUGINFOD_URLS=https://debuginfod.ubuntu.com PYTHONPATH=/home/david/esha_ws/install/inter_package/lib/python3.12/site-packages:/home/david/esha_ws/install/monitor/lib/python3.12/site-packages:/home/david/esha_ws/install/rosmonitoring_interfaces/lib/python3.12/site-packages:/home/david/esha_ws/install/interfaces/lib/python3.12/site-packages:/home/david/husky_ws/install/monitor/lib/python3.12/site-packages:/home/david/husky_ws/install/rosmonitoring_interfaces/lib/python3.12/site-packages:/home/david/husky_ws/install/launch_husky/lib/python3.12/site-packages:/home/david/husky_ws/install/interfaces/lib/python3.12/site-packages:/home/david/husky_ws/install/data_sensor/lib/python3.12/site-packages:/opt/ros/jazzy/lib/python3.12/site-packages /usr/bin/cmake --install /home/david/esha_ws/build/launch_esha
[3.826s] Level 1:colcon.colcon_core.environment:checking '/home/david/esha_ws/install/launch_esha' for CMake config files
[3.826s] Level 1:colcon.colcon_core.shell:create_environment_hook('launch_esha', 'cmake_prefix_path')
[3.827s] INFO:colcon.colcon_core.shell:Creating environment hook '/home/david/esha_ws/install/launch_esha/share/launch_esha/hook/cmake_prefix_path.ps1'
[3.828s] INFO:colcon.colcon_core.shell:Creating environment descriptor '/home/david/esha_ws/install/launch_esha/share/launch_esha/hook/cmake_prefix_path.dsv'
[3.829s] INFO:colcon.colcon_core.shell:Creating environment hook '/home/david/esha_ws/install/launch_esha/share/launch_esha/hook/cmake_prefix_path.sh'
[3.830s] Level 1:colcon.colcon_core.environment:checking '/home/david/esha_ws/install/launch_esha/bin'
[3.830s] Level 1:colcon.colcon_core.environment:checking '/home/david/esha_ws/install/launch_esha/lib/pkgconfig/launch_esha.pc'
[3.831s] Level 1:colcon.colcon_core.environment:checking '/home/david/esha_ws/install/launch_esha/lib/python3.12/site-packages'
[3.831s] Level 1:colcon.colcon_core.environment:checking '/home/david/esha_ws/install/launch_esha/bin'
[3.831s] INFO:colcon.colcon_core.shell:Creating package script '/home/david/esha_ws/install/launch_esha/share/launch_esha/package.ps1'
[3.832s] INFO:colcon.colcon_core.shell:Creating package descriptor '/home/david/esha_ws/install/launch_esha/share/launch_esha/package.dsv'
[3.833s] INFO:colcon.colcon_core.shell:Creating package script '/home/david/esha_ws/install/launch_esha/share/launch_esha/package.sh'
[3.833s] INFO:colcon.colcon_core.shell:Creating package script '/home/david/esha_ws/install/launch_esha/share/launch_esha/package.bash'
[3.834s] INFO:colcon.colcon_core.shell:Creating package script '/home/david/esha_ws/install/launch_esha/share/launch_esha/package.zsh'
[3.835s] Level 1:colcon.colcon_core.environment:create_file_with_runtime_dependencies(/home/david/esha_ws/install/launch_esha/share/colcon-core/packages/launch_esha)
[3.836s] Level 1:colcon.colcon_core.environment:create_environment_scripts_only(launch_esha)
[3.836s] Level 1:colcon.colcon_core.environment:checking '/home/david/esha_ws/install/launch_esha' for CMake module files
[3.837s] Level 1:colcon.colcon_core.environment:checking '/home/david/esha_ws/install/launch_esha' for CMake config files
[3.838s] Level 1:colcon.colcon_core.shell:create_environment_hook('launch_esha', 'cmake_prefix_path')
[3.838s] INFO:colcon.colcon_core.shell:Creating environment hook '/home/david/esha_ws/install/launch_esha/share/launch_esha/hook/cmake_prefix_path.ps1'
[3.839s] INFO:colcon.colcon_core.shell:Creating environment descriptor '/home/david/esha_ws/install/launch_esha/share/launch_esha/hook/cmake_prefix_path.dsv'
[3.840s] INFO:colcon.colcon_core.shell:Creating environment hook '/home/david/esha_ws/install/launch_esha/share/launch_esha/hook/cmake_prefix_path.sh'
[3.841s] Level 1:colcon.colcon_core.environment:checking '/home/david/esha_ws/install/launch_esha/bin'
[3.841s] Level 1:colcon.colcon_core.environment:checking '/home/david/esha_ws/install/launch_esha/lib/pkgconfig/launch_esha.pc'
[3.842s] Level 1:colcon.colcon_core.environment:checking '/home/david/esha_ws/install/launch_esha/lib/python3.12/site-packages'
[3.842s] Level 1:colcon.colcon_core.environment:checking '/home/david/esha_ws/install/launch_esha/bin'
[3.843s] INFO:colcon.colcon_core.shell:Creating package script '/home/david/esha_ws/install/launch_esha/share/launch_esha/package.ps1'
[3.846s] INFO:colcon.colcon_core.shell:Creating package descriptor '/home/david/esha_ws/install/launch_esha/share/launch_esha/package.dsv'
[3.848s] INFO:colcon.colcon_core.shell:Creating package script '/home/david/esha_ws/install/launch_esha/share/launch_esha/package.sh'
[3.851s] INFO:colcon.colcon_core.shell:Creating package script '/home/david/esha_ws/install/launch_esha/share/launch_esha/package.bash'
[3.852s] INFO:colcon.colcon_core.shell:Creating package script '/home/david/esha_ws/install/launch_esha/share/launch_esha/package.zsh'
[3.853s] Level 1:colcon.colcon_core.environment:create_file_with_runtime_dependencies(/home/david/esha_ws/install/launch_esha/share/colcon-core/packages/launch_esha)
[4.917s] Level 1:colcon.colcon_core.environment:checking '/home/david/esha_ws/install/monitor' for CMake module files
[4.917s] DEBUG:colcon.colcon_core.event_handler.log_command:Invoked command in '/home/david/esha_ws/src/monitor' returned '0': CMAKE_PREFIX_PATH=/home/david/esha_ws/install/rosmonitoring_interfaces:/home/david/esha_ws/install/interfaces:/home/david/esha_ws/install/launch_esha:/home/david/husky_ws/install/rosmonitoring_interfaces:/home/david/husky_ws/install/launch_husky:/home/david/husky_ws/install/interfaces:/opt/ros/jazzy/opt/gz_sim_vendor:/opt/ros/jazzy/opt/gz_sensors_vendor:/opt/ros/jazzy/opt/gz_physics_vendor:/opt/ros/jazzy/opt/sdformat_vendor:/opt/ros/jazzy/opt/gz_gui_vendor:/opt/ros/jazzy/opt/gz_transport_vendor:/opt/ros/jazzy/opt/gz_rendering_vendor:/opt/ros/jazzy/opt/gz_plugin_vendor:/opt/ros/jazzy/opt/gz_fuel_tools_vendor:/opt/ros/jazzy/opt/gz_msgs_vendor:/opt/ros/jazzy/opt/gz_common_vendor:/opt/ros/jazzy/opt/gz_math_vendor:/opt/ros/jazzy/opt/gz_utils_vendor:/opt/ros/jazzy/opt/gz_tools_vendor:/opt/ros/jazzy/opt/gz_ogre_next_vendor:/opt/ros/jazzy/opt/gz_dartsim_vendor:/opt/ros/jazzy/opt/gz_cmake_vendor DEBUGINFOD_URLS=https://debuginfod.ubuntu.com PYTHONPATH=/home/david/esha_ws/build/monitor/prefix_override:/usr/lib/python3/dist-packages/colcon_core/task/python/colcon_distutils_commands:/home/david/esha_ws/install/monitor/lib/python3.12/site-packages:/home/david/esha_ws/install/rosmonitoring_interfaces/lib/python3.12/site-packages:/home/david/esha_ws/install/interfaces/lib/python3.12/site-packages:/home/david/esha_ws/install/monitor/lib/python3.12/site-packages:/home/david/esha_ws/install/inter_package/lib/python3.12/site-packages:/home/david/husky_ws/install/monitor/lib/python3.12/site-packages:/home/david/husky_ws/install/rosmonitoring_interfaces/lib/python3.12/site-packages:/home/david/husky_ws/install/launch_husky/lib/python3.12/site-packages:/home/david/husky_ws/install/interfaces/lib/python3.12/site-packages:/home/david/husky_ws/install/data_sensor/lib/python3.12/site-packages:/opt/ros/jazzy/lib/python3.12/site-packages /usr/bin/python3 -W ignore:setup.py install is deprecated -W ignore:easy_install command is deprecated setup.py egg_info --egg-base ../../build/monitor build --build-base /home/david/esha_ws/build/monitor/build install --record /home/david/esha_ws/build/monitor/install.log --single-version-externally-managed install_data
[4.918s] Level 1:colcon.colcon_core.environment:checking '/home/david/esha_ws/install/monitor' for CMake config files
[4.919s] Level 1:colcon.colcon_core.environment:checking '/home/david/esha_ws/install/monitor/lib'
[4.919s] Level 1:colcon.colcon_core.environment:checking '/home/david/esha_ws/install/monitor/bin'
[4.919s] Level 1:colcon.colcon_core.environment:checking '/home/david/esha_ws/install/monitor/lib/pkgconfig/monitor.pc'
[4.920s] Level 1:colcon.colcon_core.environment:checking '/home/david/esha_ws/install/monitor/lib/python3.12/site-packages'
[4.920s] Level 1:colcon.colcon_core.shell:create_environment_hook('monitor', 'pythonpath')
[4.920s] INFO:colcon.colcon_core.shell:Creating environment hook '/home/david/esha_ws/install/monitor/share/monitor/hook/pythonpath.ps1'
[4.921s] INFO:colcon.colcon_core.shell:Creating environment descriptor '/home/david/esha_ws/install/monitor/share/monitor/hook/pythonpath.dsv'
[4.922s] INFO:colcon.colcon_core.shell:Creating environment hook '/home/david/esha_ws/install/monitor/share/monitor/hook/pythonpath.sh'
[4.923s] Level 1:colcon.colcon_core.environment:checking '/home/david/esha_ws/install/monitor/bin'
[4.923s] Level 1:colcon.colcon_core.environment:create_environment_scripts_only(monitor)
[4.923s] INFO:colcon.colcon_core.shell:Creating package script '/home/david/esha_ws/install/monitor/share/monitor/package.ps1'
[4.924s] INFO:colcon.colcon_core.shell:Creating package descriptor '/home/david/esha_ws/install/monitor/share/monitor/package.dsv'
[4.925s] INFO:colcon.colcon_core.shell:Creating package script '/home/david/esha_ws/install/monitor/share/monitor/package.sh'
[4.926s] INFO:colcon.colcon_core.shell:Creating package script '/home/david/esha_ws/install/monitor/share/monitor/package.bash'
[4.926s] INFO:colcon.colcon_core.shell:Creating package script '/home/david/esha_ws/install/monitor/share/monitor/package.zsh'
[4.927s] Level 1:colcon.colcon_core.environment:create_file_with_runtime_dependencies(/home/david/esha_ws/install/monitor/share/colcon-core/packages/monitor)
[4.927s] DEBUG:colcon.colcon_parallel_executor.executor.parallel:closing loop
[4.928s] DEBUG:colcon.colcon_parallel_executor.executor.parallel:loop closed
[4.928s] DEBUG:colcon.colcon_parallel_executor.executor.parallel:run_until_complete finished with '0'
[4.928s] DEBUG:colcon.colcon_core.event_reactor:joining thread
[4.936s] INFO:colcon.colcon_core.plugin_system:Skipping extension 'colcon_notification.desktop_notification.terminal_notifier': Not used on non-Darwin systems
[4.936s] INFO:colcon.colcon_core.plugin_system:Skipping extension 'colcon_notification.desktop_notification.win32': Not used on non-Windows systems
[4.936s] INFO:colcon.colcon_notification.desktop_notification:Sending desktop notification using 'notify2'
[4.959s] DEBUG:colcon.colcon_core.event_reactor:joined thread
[4.960s] INFO:colcon.colcon_core.shell:Creating prefix script '/home/david/esha_ws/install/local_setup.ps1'
[4.962s] INFO:colcon.colcon_core.shell:Creating prefix util module '/home/david/esha_ws/install/_local_setup_util_ps1.py'
[4.965s] INFO:colcon.colcon_core.shell:Creating prefix chain script '/home/david/esha_ws/install/setup.ps1'
[4.968s] INFO:colcon.colcon_core.shell:Creating prefix script '/home/david/esha_ws/install/local_setup.sh'
[4.969s] INFO:colcon.colcon_core.shell:Creating prefix util module '/home/david/esha_ws/install/_local_setup_util_sh.py'
[4.971s] INFO:colcon.colcon_core.shell:Creating prefix chain script '/home/david/esha_ws/install/setup.sh'
[4.974s] INFO:colcon.colcon_core.shell:Creating prefix script '/home/david/esha_ws/install/local_setup.bash'
[4.975s] INFO:colcon.colcon_core.shell:Creating prefix chain script '/home/david/esha_ws/install/setup.bash'
[4.979s] INFO:colcon.colcon_core.shell:Creating prefix script '/home/david/esha_ws/install/local_setup.zsh'
[4.980s] INFO:colcon.colcon_core.shell:Creating prefix chain script '/home/david/esha_ws/install/setup.zsh'
