[2.246s] Invoking command in '/home/david/esha_ws/src/inter_package': DEBUGINFOD_URLS=https://debuginfod.ubuntu.com PYTHONPATH=/home/david/esha_ws/build/inter_package/prefix_override:/usr/lib/python3/dist-packages/colcon_core/task/python/colcon_distutils_commands:/home/david/esha_ws/install/inter_package/lib/python3.12/site-packages:${PYTHONPATH} /usr/bin/python3 -W ignore:setup.py install is deprecated -W ignore:easy_install command is deprecated setup.py egg_info --egg-base ../../build/inter_package build --build-base /home/david/esha_ws/build/inter_package/build install --record /home/david/esha_ws/build/inter_package/install.log --single-version-externally-managed install_data
[2.743s] running egg_info
[2.779s] writing ../../build/inter_package/inter_package.egg-info/PKG-INFO
[2.779s] writing dependency_links to ../../build/inter_package/inter_package.egg-info/dependency_links.txt
[2.780s] writing entry points to ../../build/inter_package/inter_package.egg-info/entry_points.txt
[2.780s] writing requirements to ../../build/inter_package/inter_package.egg-info/requires.txt
[2.780s] writing top-level names to ../../build/inter_package/inter_package.egg-info/top_level.txt
[2.867s] reading manifest file '../../build/inter_package/inter_package.egg-info/SOURCES.txt'
[2.867s] adding license file 'LICENSE'
[2.868s] writing manifest file '../../build/inter_package/inter_package.egg-info/SOURCES.txt'
[2.869s] running build
[2.869s] running build_py
[2.869s] copying inter_package/temperature_node_talker.py -> /home/david/esha_ws/build/inter_package/build/lib/inter_package
[2.870s] running install
[2.880s] running install_lib
[2.921s] copying /home/david/esha_ws/build/inter_package/build/lib/inter_package/temperature_node_talker.py -> /home/david/esha_ws/install/inter_package/lib/python3.12/site-packages/inter_package
[2.921s] byte-compiling /home/david/esha_ws/install/inter_package/lib/python3.12/site-packages/inter_package/temperature_node_talker.py to temperature_node_talker.cpython-312.pyc
[2.921s] running install_data
[2.921s] running install_egg_info
[2.977s] removing '/home/david/esha_ws/install/inter_package/lib/python3.12/site-packages/inter_package-0.0.0-py3.12.egg-info' (and everything under it)
[2.978s] Copying ../../build/inter_package/inter_package.egg-info to /home/david/esha_ws/install/inter_package/lib/python3.12/site-packages/inter_package-0.0.0-py3.12.egg-info
[2.980s] running install_scripts
[3.278s] Installing arm_current_node script to /home/david/esha_ws/install/inter_package/lib/inter_package
[3.279s] Installing camera_node script to /home/david/esha_ws/install/inter_package/lib/inter_package
[3.279s] Installing co_node script to /home/david/esha_ws/install/inter_package/lib/inter_package
[3.279s] Installing imu_node script to /home/david/esha_ws/install/inter_package/lib/inter_package
[3.279s] Installing motor_current_node script to /home/david/esha_ws/install/inter_package/lib/inter_package
[3.280s] Installing temperature_node script to /home/david/esha_ws/install/inter_package/lib/inter_package
[3.280s] Installing ultrasonic_node script to /home/david/esha_ws/install/inter_package/lib/inter_package
[3.280s] Installing velocity_node script to /home/david/esha_ws/install/inter_package/lib/inter_package
[3.280s] writing list of installed files to '/home/david/esha_ws/build/inter_package/install.log'
[3.353s] Invoked command in '/home/david/esha_ws/src/inter_package' returned '0': DEBUGINFOD_URLS=https://debuginfod.ubuntu.com PYTHONPATH=/home/david/esha_ws/build/inter_package/prefix_override:/usr/lib/python3/dist-packages/colcon_core/task/python/colcon_distutils_commands:/home/david/esha_ws/install/inter_package/lib/python3.12/site-packages:${PYTHONPATH} /usr/bin/python3 -W ignore:setup.py install is deprecated -W ignore:easy_install command is deprecated setup.py egg_info --egg-base ../../build/inter_package build --build-base /home/david/esha_ws/build/inter_package/build install --record /home/david/esha_ws/build/inter_package/install.log --single-version-externally-managed install_data
