[2.539s] Invoking command in '/home/david/esha_ws/src/inter_package': DEBUGINFOD_URLS=https://debuginfod.ubuntu.com PYTHONPATH=/home/david/esha_ws/build/inter_package/prefix_override:/usr/lib/python3/dist-packages/colcon_core/task/python/colcon_distutils_commands:/home/david/esha_ws/install/inter_package/lib/python3.12/site-packages:${PYTHONPATH} /usr/bin/python3 -W ignore:setup.py install is deprecated -W ignore:easy_install command is deprecated setup.py egg_info --egg-base ../../build/inter_package build --build-base /home/david/esha_ws/build/inter_package/build install --record /home/david/esha_ws/build/inter_package/install.log --single-version-externally-managed install_data
[3.147s] running egg_info
[3.195s] writing ../../build/inter_package/inter_package.egg-info/PKG-INFO
[3.195s] writing dependency_links to ../../build/inter_package/inter_package.egg-info/dependency_links.txt
[3.195s] writing entry points to ../../build/inter_package/inter_package.egg-info/entry_points.txt
[3.196s] writing requirements to ../../build/inter_package/inter_package.egg-info/requires.txt
[3.196s] writing top-level names to ../../build/inter_package/inter_package.egg-info/top_level.txt
[3.299s] reading manifest file '../../build/inter_package/inter_package.egg-info/SOURCES.txt'
[3.300s] adding license file 'LICENSE'
[3.301s] writing manifest file '../../build/inter_package/inter_package.egg-info/SOURCES.txt'
[3.301s] running build
[3.301s] running build_py
[3.302s] running install
[3.311s] running install_lib
[3.363s] running install_data
[3.364s] running install_egg_info
[3.414s] removing '/home/david/esha_ws/install/inter_package/lib/python3.12/site-packages/inter_package-0.0.0-py3.12.egg-info' (and everything under it)
[3.415s] Copying ../../build/inter_package/inter_package.egg-info to /home/david/esha_ws/install/inter_package/lib/python3.12/site-packages/inter_package-0.0.0-py3.12.egg-info
[3.416s] running install_scripts
[3.837s] Installing arm_current_node script to /home/david/esha_ws/install/inter_package/lib/inter_package
[3.837s] Installing camera_node script to /home/david/esha_ws/install/inter_package/lib/inter_package
[3.837s] Installing co_node script to /home/david/esha_ws/install/inter_package/lib/inter_package
[3.837s] Installing imu_node script to /home/david/esha_ws/install/inter_package/lib/inter_package
[3.838s] Installing motor_current_node script to /home/david/esha_ws/install/inter_package/lib/inter_package
[3.838s] Installing temperature_node script to /home/david/esha_ws/install/inter_package/lib/inter_package
[3.838s] Installing ultrasonic_node script to /home/david/esha_ws/install/inter_package/lib/inter_package
[3.838s] Installing velocity_node script to /home/david/esha_ws/install/inter_package/lib/inter_package
[3.839s] writing list of installed files to '/home/david/esha_ws/build/inter_package/install.log'
[3.920s] Invoked command in '/home/david/esha_ws/src/inter_package' returned '0': DEBUGINFOD_URLS=https://debuginfod.ubuntu.com PYTHONPATH=/home/david/esha_ws/build/inter_package/prefix_override:/usr/lib/python3/dist-packages/colcon_core/task/python/colcon_distutils_commands:/home/david/esha_ws/install/inter_package/lib/python3.12/site-packages:${PYTHONPATH} /usr/bin/python3 -W ignore:setup.py install is deprecated -W ignore:easy_install command is deprecated setup.py egg_info --egg-base ../../build/inter_package build --build-base /home/david/esha_ws/build/inter_package/build install --record /home/david/esha_ws/build/inter_package/install.log --single-version-externally-managed install_data
