[7.397s] Invoking command in '/home/david/esha_ws/src/inter_package': DEBUGINFOD_URLS=https://debuginfod.ubuntu.com PYTHONPATH=/home/david/esha_ws/build/inter_package/prefix_override:/usr/lib/python3/dist-packages/colcon_core/task/python/colcon_distutils_commands:/home/david/esha_ws/install/inter_package/lib/python3.12/site-packages:${PYTHONPATH} /usr/bin/python3 -W ignore:setup.py install is deprecated -W ignore:easy_install command is deprecated setup.py egg_info --egg-base ../../build/inter_package build --build-base /home/david/esha_ws/build/inter_package/build install --record /home/david/esha_ws/build/inter_package/install.log --single-version-externally-managed install_data
[7.875s] running egg_info
[7.909s] writing ../../build/inter_package/inter_package.egg-info/PKG-INFO
[7.909s] writing dependency_links to ../../build/inter_package/inter_package.egg-info/dependency_links.txt
[7.909s] writing entry points to ../../build/inter_package/inter_package.egg-info/entry_points.txt
[7.909s] writing requirements to ../../build/inter_package/inter_package.egg-info/requires.txt
[7.910s] writing top-level names to ../../build/inter_package/inter_package.egg-info/top_level.txt
[7.995s] reading manifest file '../../build/inter_package/inter_package.egg-info/SOURCES.txt'
[8.013s] adding license file 'LICENSE'
[8.013s] writing manifest file '../../build/inter_package/inter_package.egg-info/SOURCES.txt'
[8.013s] running build
[8.014s] running build_py
[8.014s] copying inter_package/motor_current_node_talker.py -> /home/david/esha_ws/build/inter_package/build/lib/inter_package
[8.014s] copying inter_package/camera_node_talker.py -> /home/david/esha_ws/build/inter_package/build/lib/inter_package
[8.014s] copying inter_package/imu_node_talker.py -> /home/david/esha_ws/build/inter_package/build/lib/inter_package
[8.015s] copying inter_package/temperature_node_talker.py -> /home/david/esha_ws/build/inter_package/build/lib/inter_package
[8.015s] copying inter_package/co_node_talker.py -> /home/david/esha_ws/build/inter_package/build/lib/inter_package
[8.015s] copying inter_package/arm_current_node_talker.py -> /home/david/esha_ws/build/inter_package/build/lib/inter_package
[8.015s] copying inter_package/ultrasonic_node_talker.py -> /home/david/esha_ws/build/inter_package/build/lib/inter_package
[8.015s] running install
[8.024s] running install_lib
[8.064s] copying /home/david/esha_ws/build/inter_package/build/lib/inter_package/motor_current_node_talker.py -> /home/david/esha_ws/install/inter_package/lib/python3.12/site-packages/inter_package
[8.064s] copying /home/david/esha_ws/build/inter_package/build/lib/inter_package/camera_node_talker.py -> /home/david/esha_ws/install/inter_package/lib/python3.12/site-packages/inter_package
[8.066s] copying /home/david/esha_ws/build/inter_package/build/lib/inter_package/imu_node_talker.py -> /home/david/esha_ws/install/inter_package/lib/python3.12/site-packages/inter_package
[8.066s] copying /home/david/esha_ws/build/inter_package/build/lib/inter_package/temperature_node_talker.py -> /home/david/esha_ws/install/inter_package/lib/python3.12/site-packages/inter_package
[8.066s] copying /home/david/esha_ws/build/inter_package/build/lib/inter_package/co_node_talker.py -> /home/david/esha_ws/install/inter_package/lib/python3.12/site-packages/inter_package
[8.066s] copying /home/david/esha_ws/build/inter_package/build/lib/inter_package/arm_current_node_talker.py -> /home/david/esha_ws/install/inter_package/lib/python3.12/site-packages/inter_package
[8.066s] copying /home/david/esha_ws/build/inter_package/build/lib/inter_package/ultrasonic_node_talker.py -> /home/david/esha_ws/install/inter_package/lib/python3.12/site-packages/inter_package
[8.066s] byte-compiling /home/david/esha_ws/install/inter_package/lib/python3.12/site-packages/inter_package/motor_current_node_talker.py to motor_current_node_talker.cpython-312.pyc
[8.068s] byte-compiling /home/david/esha_ws/install/inter_package/lib/python3.12/site-packages/inter_package/camera_node_talker.py to camera_node_talker.cpython-312.pyc
[8.069s] byte-compiling /home/david/esha_ws/install/inter_package/lib/python3.12/site-packages/inter_package/imu_node_talker.py to imu_node_talker.cpython-312.pyc
[8.070s] byte-compiling /home/david/esha_ws/install/inter_package/lib/python3.12/site-packages/inter_package/temperature_node_talker.py to temperature_node_talker.cpython-312.pyc
[8.071s] byte-compiling /home/david/esha_ws/install/inter_package/lib/python3.12/site-packages/inter_package/co_node_talker.py to co_node_talker.cpython-312.pyc
[8.072s] byte-compiling /home/david/esha_ws/install/inter_package/lib/python3.12/site-packages/inter_package/arm_current_node_talker.py to arm_current_node_talker.cpython-312.pyc
[8.073s] byte-compiling /home/david/esha_ws/install/inter_package/lib/python3.12/site-packages/inter_package/ultrasonic_node_talker.py to ultrasonic_node_talker.cpython-312.pyc
[8.073s] running install_data
[8.074s] running install_egg_info
[8.118s] removing '/home/david/esha_ws/install/inter_package/lib/python3.12/site-packages/inter_package-0.0.0-py3.12.egg-info' (and everything under it)
[8.119s] Copying ../../build/inter_package/inter_package.egg-info to /home/david/esha_ws/install/inter_package/lib/python3.12/site-packages/inter_package-0.0.0-py3.12.egg-info
[8.138s] running install_scripts
[8.404s] Installing arm_current_node script to /home/david/esha_ws/install/inter_package/lib/inter_package
[8.405s] Installing camera_node script to /home/david/esha_ws/install/inter_package/lib/inter_package
[8.405s] Installing co_node script to /home/david/esha_ws/install/inter_package/lib/inter_package
[8.405s] Installing imu_node script to /home/david/esha_ws/install/inter_package/lib/inter_package
[8.405s] Installing motor_current_node script to /home/david/esha_ws/install/inter_package/lib/inter_package
[8.405s] Installing temperature_node script to /home/david/esha_ws/install/inter_package/lib/inter_package
[8.406s] Installing ultrasonic_node script to /home/david/esha_ws/install/inter_package/lib/inter_package
[8.406s] Installing velocity_node script to /home/david/esha_ws/install/inter_package/lib/inter_package
[8.406s] writing list of installed files to '/home/david/esha_ws/build/inter_package/install.log'
[8.476s] Invoked command in '/home/david/esha_ws/src/inter_package' returned '0': DEBUGINFOD_URLS=https://debuginfod.ubuntu.com PYTHONPATH=/home/david/esha_ws/build/inter_package/prefix_override:/usr/lib/python3/dist-packages/colcon_core/task/python/colcon_distutils_commands:/home/david/esha_ws/install/inter_package/lib/python3.12/site-packages:${PYTHONPATH} /usr/bin/python3 -W ignore:setup.py install is deprecated -W ignore:easy_install command is deprecated setup.py egg_info --egg-base ../../build/inter_package build --build-base /home/david/esha_ws/build/inter_package/build install --record /home/david/esha_ws/build/inter_package/install.log --single-version-externally-managed install_data
