[1.891s] Invoking command in '/home/david/esha_ws/src/inter_package': DEBUGINFOD_URLS=https://debuginfod.ubuntu.com PYTHONPATH=/home/david/esha_ws/build/inter_package/prefix_override:/usr/lib/python3/dist-packages/colcon_core/task/python/colcon_distutils_commands:/home/david/esha_ws/install/inter_package/lib/python3.12/site-packages:${PYTHONPATH} /usr/bin/python3 -W ignore:setup.py install is deprecated -W ignore:easy_install command is deprecated setup.py egg_info --egg-base ../../build/inter_package build --build-base /home/david/esha_ws/build/inter_package/build install --record /home/david/esha_ws/build/inter_package/install.log --single-version-externally-managed install_data
[2.329s] running egg_info
[2.368s] writing ../../build/inter_package/inter_package.egg-info/PKG-INFO
[2.369s] writing dependency_links to ../../build/inter_package/inter_package.egg-info/dependency_links.txt
[2.369s] writing entry points to ../../build/inter_package/inter_package.egg-info/entry_points.txt
[2.369s] writing requirements to ../../build/inter_package/inter_package.egg-info/requires.txt
[2.370s] writing top-level names to ../../build/inter_package/inter_package.egg-info/top_level.txt
[2.444s] reading manifest file '../../build/inter_package/inter_package.egg-info/SOURCES.txt'
[2.444s] adding license file 'LICENSE'
[2.445s] writing manifest file '../../build/inter_package/inter_package.egg-info/SOURCES.txt'
[2.445s] running build
[2.445s] running build_py
[2.446s] copying inter_package/imu_node_talker.py -> /home/david/esha_ws/build/inter_package/build/lib/inter_package
[2.447s] running install
[2.455s] running install_lib
[2.489s] copying /home/david/esha_ws/build/inter_package/build/lib/inter_package/imu_node_talker.py -> /home/david/esha_ws/install/inter_package/lib/python3.12/site-packages/inter_package
[2.490s] byte-compiling /home/david/esha_ws/install/inter_package/lib/python3.12/site-packages/inter_package/imu_node_talker.py to imu_node_talker.cpython-312.pyc
[2.491s] running install_data
[2.491s] running install_egg_info
[2.530s] removing '/home/david/esha_ws/install/inter_package/lib/python3.12/site-packages/inter_package-0.0.0-py3.12.egg-info' (and everything under it)
[2.531s] Copying ../../build/inter_package/inter_package.egg-info to /home/david/esha_ws/install/inter_package/lib/python3.12/site-packages/inter_package-0.0.0-py3.12.egg-info
[2.532s] running install_scripts
[2.811s] Installing arm_current_node script to /home/david/esha_ws/install/inter_package/lib/inter_package
[2.811s] Installing camera_node script to /home/david/esha_ws/install/inter_package/lib/inter_package
[2.811s] Installing co_node script to /home/david/esha_ws/install/inter_package/lib/inter_package
[2.811s] Installing imu_node script to /home/david/esha_ws/install/inter_package/lib/inter_package
[2.811s] Installing motor_current_node script to /home/david/esha_ws/install/inter_package/lib/inter_package
[2.812s] Installing temperature_node script to /home/david/esha_ws/install/inter_package/lib/inter_package
[2.812s] Installing ultrasonic_node script to /home/david/esha_ws/install/inter_package/lib/inter_package
[2.812s] Installing velocity_node script to /home/david/esha_ws/install/inter_package/lib/inter_package
[2.812s] writing list of installed files to '/home/david/esha_ws/build/inter_package/install.log'
[2.869s] Invoked command in '/home/david/esha_ws/src/inter_package' returned '0': DEBUGINFOD_URLS=https://debuginfod.ubuntu.com PYTHONPATH=/home/david/esha_ws/build/inter_package/prefix_override:/usr/lib/python3/dist-packages/colcon_core/task/python/colcon_distutils_commands:/home/david/esha_ws/install/inter_package/lib/python3.12/site-packages:${PYTHONPATH} /usr/bin/python3 -W ignore:setup.py install is deprecated -W ignore:easy_install command is deprecated setup.py egg_info --egg-base ../../build/inter_package build --build-base /home/david/esha_ws/build/inter_package/build install --record /home/david/esha_ws/build/inter_package/install.log --single-version-externally-managed install_data
