[2.455s] Invoking command in '/home/david/esha_ws/src/inter_package': DEBUGINFOD_URLS=https://debuginfod.ubuntu.com PYTHONPATH=/home/david/esha_ws/build/inter_package/prefix_override:/usr/lib/python3/dist-packages/colcon_core/task/python/colcon_distutils_commands:/home/david/esha_ws/install/inter_package/lib/python3.12/site-packages:${PYTHONPATH} /usr/bin/python3 -W ignore:setup.py install is deprecated -W ignore:easy_install command is deprecated setup.py egg_info --egg-base ../../build/inter_package build --build-base /home/david/esha_ws/build/inter_package/build install --record /home/david/esha_ws/build/inter_package/install.log --single-version-externally-managed install_data
[3.213s] running egg_info
[3.273s] writing ../../build/inter_package/inter_package.egg-info/PKG-INFO
[3.275s] writing dependency_links to ../../build/inter_package/inter_package.egg-info/dependency_links.txt
[3.275s] writing entry points to ../../build/inter_package/inter_package.egg-info/entry_points.txt
[3.275s] writing requirements to ../../build/inter_package/inter_package.egg-info/requires.txt
[3.276s] writing top-level names to ../../build/inter_package/inter_package.egg-info/top_level.txt
[3.382s] reading manifest file '../../build/inter_package/inter_package.egg-info/SOURCES.txt'
[3.383s] adding license file 'LICENSE'
[3.384s] writing manifest file '../../build/inter_package/inter_package.egg-info/SOURCES.txt'
[3.386s] running build
[3.386s] running build_py
[3.386s] copying inter_package/imu_node_talker.py -> /home/david/esha_ws/build/inter_package/build/lib/inter_package
[3.386s] running install
[3.400s] running install_lib
[3.460s] copying /home/david/esha_ws/build/inter_package/build/lib/inter_package/imu_node_talker.py -> /home/david/esha_ws/install/inter_package/lib/python3.12/site-packages/inter_package
[3.461s] byte-compiling /home/david/esha_ws/install/inter_package/lib/python3.12/site-packages/inter_package/imu_node_talker.py to imu_node_talker.cpython-312.pyc
[3.463s] running install_data
[3.464s] running install_egg_info
[3.514s] removing '/home/david/esha_ws/install/inter_package/lib/python3.12/site-packages/inter_package-0.0.0-py3.12.egg-info' (and everything under it)
[3.516s] Copying ../../build/inter_package/inter_package.egg-info to /home/david/esha_ws/install/inter_package/lib/python3.12/site-packages/inter_package-0.0.0-py3.12.egg-info
[3.517s] running install_scripts
[3.853s] Installing arm_current_node script to /home/david/esha_ws/install/inter_package/lib/inter_package
[3.854s] Installing camera_node script to /home/david/esha_ws/install/inter_package/lib/inter_package
[3.855s] Installing co_node script to /home/david/esha_ws/install/inter_package/lib/inter_package
[3.856s] Installing imu_node script to /home/david/esha_ws/install/inter_package/lib/inter_package
[3.856s] Installing motor_current_node script to /home/david/esha_ws/install/inter_package/lib/inter_package
[3.857s] Installing temperature_node script to /home/david/esha_ws/install/inter_package/lib/inter_package
[3.857s] Installing ultrasonic_node script to /home/david/esha_ws/install/inter_package/lib/inter_package
[3.857s] Installing velocity_node script to /home/david/esha_ws/install/inter_package/lib/inter_package
[3.857s] writing list of installed files to '/home/david/esha_ws/build/inter_package/install.log'
[3.929s] Invoked command in '/home/david/esha_ws/src/inter_package' returned '0': DEBUGINFOD_URLS=https://debuginfod.ubuntu.com PYTHONPATH=/home/david/esha_ws/build/inter_package/prefix_override:/usr/lib/python3/dist-packages/colcon_core/task/python/colcon_distutils_commands:/home/david/esha_ws/install/inter_package/lib/python3.12/site-packages:${PYTHONPATH} /usr/bin/python3 -W ignore:setup.py install is deprecated -W ignore:easy_install command is deprecated setup.py egg_info --egg-base ../../build/inter_package build --build-base /home/david/esha_ws/build/inter_package/build install --record /home/david/esha_ws/build/inter_package/install.log --single-version-externally-managed install_data
