[12.769s] Invoking command in '/home/david/esha_ws/src/inter_package': DEBUGINFOD_URLS=https://debuginfod.ubuntu.com PYTHONPATH=/home/david/esha_ws/build/inter_package/prefix_override:/usr/lib/python3/dist-packages/colcon_core/task/python/colcon_distutils_commands:/home/david/esha_ws/install/inter_package/lib/python3.12/site-packages:${PYTHONPATH} /usr/bin/python3 -W ignore:setup.py install is deprecated -W ignore:easy_install command is deprecated setup.py egg_info --egg-base ../../build/inter_package build --build-base /home/david/esha_ws/build/inter_package/build install --record /home/david/esha_ws/build/inter_package/install.log --single-version-externally-managed install_data
[13.296s] running egg_info
[13.336s] writing ../../build/inter_package/inter_package.egg-info/PKG-INFO
[13.336s] writing dependency_links to ../../build/inter_package/inter_package.egg-info/dependency_links.txt
[13.336s] writing entry points to ../../build/inter_package/inter_package.egg-info/entry_points.txt
[13.337s] writing requirements to ../../build/inter_package/inter_package.egg-info/requires.txt
[13.337s] writing top-level names to ../../build/inter_package/inter_package.egg-info/top_level.txt
[13.436s] reading manifest file '../../build/inter_package/inter_package.egg-info/SOURCES.txt'
[13.466s] adding license file 'LICENSE'
[13.467s] writing manifest file '../../build/inter_package/inter_package.egg-info/SOURCES.txt'
[13.468s] running build
[13.468s] running build_py
[13.468s] copying inter_package/arm_current_node_talker.py -> /home/david/esha_ws/build/inter_package/build/lib/inter_package
[13.469s] running install
[13.487s] running install_lib
[13.532s] copying /home/david/esha_ws/build/inter_package/build/lib/inter_package/arm_current_node_talker.py -> /home/david/esha_ws/install/inter_package/lib/python3.12/site-packages/inter_package
[13.533s] byte-compiling /home/david/esha_ws/install/inter_package/lib/python3.12/site-packages/inter_package/arm_current_node_talker.py to arm_current_node_talker.cpython-312.pyc
[13.534s] running install_data
[13.534s] running install_egg_info
[13.594s] removing '/home/david/esha_ws/install/inter_package/lib/python3.12/site-packages/inter_package-0.0.0-py3.12.egg-info' (and everything under it)
[13.596s] Copying ../../build/inter_package/inter_package.egg-info to /home/david/esha_ws/install/inter_package/lib/python3.12/site-packages/inter_package-0.0.0-py3.12.egg-info
[13.642s] running install_scripts
[13.923s] Installing arm_current_node script to /home/david/esha_ws/install/inter_package/lib/inter_package
[13.923s] Installing camera_node script to /home/david/esha_ws/install/inter_package/lib/inter_package
[13.923s] Installing co_node script to /home/david/esha_ws/install/inter_package/lib/inter_package
[13.924s] Installing imu_node script to /home/david/esha_ws/install/inter_package/lib/inter_package
[13.924s] Installing motor_current_node script to /home/david/esha_ws/install/inter_package/lib/inter_package
[13.924s] Installing temperature_node script to /home/david/esha_ws/install/inter_package/lib/inter_package
[13.924s] Installing ultrasonic_node script to /home/david/esha_ws/install/inter_package/lib/inter_package
[13.924s] Installing velocity_node script to /home/david/esha_ws/install/inter_package/lib/inter_package
[13.924s] writing list of installed files to '/home/david/esha_ws/build/inter_package/install.log'
[13.979s] Invoked command in '/home/david/esha_ws/src/inter_package' returned '0': DEBUGINFOD_URLS=https://debuginfod.ubuntu.com PYTHONPATH=/home/david/esha_ws/build/inter_package/prefix_override:/usr/lib/python3/dist-packages/colcon_core/task/python/colcon_distutils_commands:/home/david/esha_ws/install/inter_package/lib/python3.12/site-packages:${PYTHONPATH} /usr/bin/python3 -W ignore:setup.py install is deprecated -W ignore:easy_install command is deprecated setup.py egg_info --egg-base ../../build/inter_package build --build-base /home/david/esha_ws/build/inter_package/build install --record /home/david/esha_ws/build/inter_package/install.log --single-version-externally-managed install_data
