[0.054s] Invoking command in '/home/david/esha_ws/build/interfaces': CMAKE_PREFIX_PATH=${CMAKE_PREFIX_PATH}:/opt/ros/jazzy DEBUGINFOD_URLS=https://debuginfod.ubuntu.com /usr/bin/cmake --build /home/david/esha_ws/build/interfaces -- -j8 -l8
[0.119s] [  1%] Built target interfaces__rosidl_generator_type_description
[0.137s] [  1%] Built target ament_cmake_python_copy_interfaces
[0.155s] [  3%] Built target interfaces__cpp
[0.170s] [ 24%] Built target interfaces__rosidl_generator_c
[0.255s] [ 33%] Built target interfaces__rosidl_typesupport_introspection_cpp
[0.270s] [ 42%] Built target interfaces__rosidl_typesupport_fastrtps_c
[0.278s] [ 51%] Built target interfaces__rosidl_typesupport_cpp
[0.282s] [ 61%] Built target interfaces__rosidl_typesupport_c
[0.286s] [ 70%] Built target interfaces__rosidl_typesupport_fastrtps_cpp
[0.288s] [ 79%] Built target interfaces__rosidl_typesupport_introspection_c
[0.334s] [ 79%] Built target interfaces
[0.396s] [ 81%] Built target interfaces__py
[0.467s] [ 88%] Built target interfaces__rosidl_generator_py
[0.528s] [ 92%] Built target interfaces_s__rosidl_typesupport_c
[0.570s] [ 96%] Built target interfaces_s__rosidl_typesupport_fastrtps_c
[0.582s] [100%] Built target interfaces_s__rosidl_typesupport_introspection_c
[0.704s] running egg_info
[0.751s] writing interfaces.egg-info/PKG-INFO
[0.751s] writing dependency_links to interfaces.egg-info/dependency_links.txt
[0.752s] writing top-level names to interfaces.egg-info/top_level.txt
[0.865s] reading manifest file 'interfaces.egg-info/SOURCES.txt'
[0.866s] writing manifest file 'interfaces.egg-info/SOURCES.txt'
[0.904s] [100%] Built target ament_cmake_python_build_interfaces_egg
[0.924s] Invoked command in '/home/david/esha_ws/build/interfaces' returned '0': CMAKE_PREFIX_PATH=${CMAKE_PREFIX_PATH}:/opt/ros/jazzy DEBUGINFOD_URLS=https://debuginfod.ubuntu.com /usr/bin/cmake --build /home/david/esha_ws/build/interfaces -- -j8 -l8
[0.948s] Invoking command in '/home/david/esha_ws/build/interfaces': CMAKE_PREFIX_PATH=${CMAKE_PREFIX_PATH}:/opt/ros/jazzy DEBUGINFOD_URLS=https://debuginfod.ubuntu.com /usr/bin/cmake --install /home/david/esha_ws/build/interfaces
[0.960s] -- Install configuration: ""
[0.960s] -- Up-to-date: /home/david/esha_ws/install/interfaces/share/ament_index/resource_index/rosidl_interfaces/interfaces
[0.960s] -- Up-to-date: /home/david/esha_ws/install/interfaces/share/interfaces/msg/SensorData.json
[0.961s] -- Up-to-date: /home/david/esha_ws/install/interfaces/share/interfaces/msg/CurrentVelocityData.json
[0.961s] -- Up-to-date: /home/david/esha_ws/install/interfaces/share/interfaces/msg/ImuData.json
[0.961s] -- Up-to-date: /home/david/esha_ws/install/interfaces/include/interfaces/interfaces
[0.961s] -- Up-to-date: /home/david/esha_ws/install/interfaces/include/interfaces/interfaces/msg
[0.962s] -- Up-to-date: /home/david/esha_ws/install/interfaces/include/interfaces/interfaces/msg/detail
[0.962s] -- Up-to-date: /home/david/esha_ws/install/interfaces/include/interfaces/interfaces/msg/detail/imu_data__functions.c
[0.962s] -- Up-to-date: /home/david/esha_ws/install/interfaces/include/interfaces/interfaces/msg/detail/imu_data__struct.h
[0.962s] -- Up-to-date: /home/david/esha_ws/install/interfaces/include/interfaces/interfaces/msg/detail/imu_data__description.c
[0.963s] -- Up-to-date: /home/david/esha_ws/install/interfaces/include/interfaces/interfaces/msg/detail/sensor_data__struct.h
[0.963s] -- Up-to-date: /home/david/esha_ws/install/interfaces/include/interfaces/interfaces/msg/detail/sensor_data__functions.c
[0.964s] -- Installing: /home/david/esha_ws/install/interfaces/include/interfaces/interfaces/msg/detail/current_velocity_data__type_support.c
[0.964s] -- Up-to-date: /home/david/esha_ws/install/interfaces/include/interfaces/interfaces/msg/detail/current_velocity_data__type_support.h
[0.964s] -- Up-to-date: /home/david/esha_ws/install/interfaces/include/interfaces/interfaces/msg/detail/sensor_data__type_support.h
[0.965s] -- Installing: /home/david/esha_ws/install/interfaces/include/interfaces/interfaces/msg/detail/imu_data__type_support.c
[0.965s] -- Up-to-date: /home/david/esha_ws/install/interfaces/include/interfaces/interfaces/msg/detail/sensor_data__functions.h
[0.965s] -- Up-to-date: /home/david/esha_ws/install/interfaces/include/interfaces/interfaces/msg/detail/sensor_data__description.c
[0.965s] -- Installing: /home/david/esha_ws/install/interfaces/include/interfaces/interfaces/msg/detail/sensor_data__type_support.c
[0.966s] -- Up-to-date: /home/david/esha_ws/install/interfaces/include/interfaces/interfaces/msg/detail/current_velocity_data__functions.c
[0.966s] -- Up-to-date: /home/david/esha_ws/install/interfaces/include/interfaces/interfaces/msg/detail/current_velocity_data__functions.h
[0.966s] -- Up-to-date: /home/david/esha_ws/install/interfaces/include/interfaces/interfaces/msg/detail/imu_data__type_support.h
[0.966s] -- Up-to-date: /home/david/esha_ws/install/interfaces/include/interfaces/interfaces/msg/detail/current_velocity_data__struct.h
[0.966s] -- Up-to-date: /home/david/esha_ws/install/interfaces/include/interfaces/interfaces/msg/detail/imu_data__functions.h
[0.967s] -- Up-to-date: /home/david/esha_ws/install/interfaces/include/interfaces/interfaces/msg/detail/current_velocity_data__description.c
[0.967s] -- Up-to-date: /home/david/esha_ws/install/interfaces/include/interfaces/interfaces/msg/current_velocity_data.h
[0.967s] -- Up-to-date: /home/david/esha_ws/install/interfaces/include/interfaces/interfaces/msg/imu_data.h
[0.967s] -- Up-to-date: /home/david/esha_ws/install/interfaces/include/interfaces/interfaces/msg/rosidl_generator_c__visibility_control.h
[0.968s] -- Up-to-date: /home/david/esha_ws/install/interfaces/include/interfaces/interfaces/msg/sensor_data.h
[0.968s] -- Up-to-date: /home/david/esha_ws/install/interfaces/share/interfaces/environment/library_path.sh
[0.968s] -- Up-to-date: /home/david/esha_ws/install/interfaces/share/interfaces/environment/library_path.dsv
[0.968s] -- Up-to-date: /home/david/esha_ws/install/interfaces/lib/libinterfaces__rosidl_generator_c.so
[0.969s] -- Up-to-date: /home/david/esha_ws/install/interfaces/include/interfaces/interfaces
[0.969s] -- Up-to-date: /home/david/esha_ws/install/interfaces/include/interfaces/interfaces/msg
[0.969s] -- Up-to-date: /home/david/esha_ws/install/interfaces/include/interfaces/interfaces/msg/detail
[0.969s] -- Up-to-date: /home/david/esha_ws/install/interfaces/include/interfaces/interfaces/msg/detail/sensor_data__rosidl_typesupport_fastrtps_c.h
[0.969s] -- Up-to-date: /home/david/esha_ws/install/interfaces/include/interfaces/interfaces/msg/detail/imu_data__rosidl_typesupport_fastrtps_c.h
[0.970s] -- Up-to-date: /home/david/esha_ws/install/interfaces/include/interfaces/interfaces/msg/detail/current_velocity_data__rosidl_typesupport_fastrtps_c.h
[0.970s] -- Up-to-date: /home/david/esha_ws/install/interfaces/include/interfaces/interfaces/msg/rosidl_typesupport_fastrtps_c__visibility_control.h
[0.970s] -- Up-to-date: /home/david/esha_ws/install/interfaces/lib/libinterfaces__rosidl_typesupport_fastrtps_c.so
[0.970s] -- Up-to-date: /home/david/esha_ws/install/interfaces/include/interfaces/interfaces
[0.970s] -- Up-to-date: /home/david/esha_ws/install/interfaces/include/interfaces/interfaces/msg
[0.971s] -- Up-to-date: /home/david/esha_ws/install/interfaces/include/interfaces/interfaces/msg/detail
[0.971s] -- Up-to-date: /home/david/esha_ws/install/interfaces/include/interfaces/interfaces/msg/detail/imu_data__rosidl_typesupport_introspection_c.h
[0.971s] -- Installing: /home/david/esha_ws/install/interfaces/include/interfaces/interfaces/msg/detail/current_velocity_data__type_support.c
[0.971s] -- Installing: /home/david/esha_ws/install/interfaces/include/interfaces/interfaces/msg/detail/imu_data__type_support.c
[0.971s] -- Installing: /home/david/esha_ws/install/interfaces/include/interfaces/interfaces/msg/detail/sensor_data__type_support.c
[0.972s] -- Up-to-date: /home/david/esha_ws/install/interfaces/include/interfaces/interfaces/msg/detail/current_velocity_data__rosidl_typesupport_introspection_c.h
[0.972s] -- Up-to-date: /home/david/esha_ws/install/interfaces/include/interfaces/interfaces/msg/detail/sensor_data__rosidl_typesupport_introspection_c.h
[0.972s] -- Up-to-date: /home/david/esha_ws/install/interfaces/include/interfaces/interfaces/msg/rosidl_typesupport_introspection_c__visibility_control.h
[0.972s] -- Up-to-date: /home/david/esha_ws/install/interfaces/lib/libinterfaces__rosidl_typesupport_introspection_c.so
[0.972s] -- Up-to-date: /home/david/esha_ws/install/interfaces/lib/libinterfaces__rosidl_typesupport_c.so
[0.972s] -- Up-to-date: /home/david/esha_ws/install/interfaces/include/interfaces/interfaces
[0.973s] -- Up-to-date: /home/david/esha_ws/install/interfaces/include/interfaces/interfaces/msg
[0.973s] -- Up-to-date: /home/david/esha_ws/install/interfaces/include/interfaces/interfaces/msg/detail
[0.973s] -- Up-to-date: /home/david/esha_ws/install/interfaces/include/interfaces/interfaces/msg/detail/sensor_data__type_support.hpp
[0.973s] -- Up-to-date: /home/david/esha_ws/install/interfaces/include/interfaces/interfaces/msg/detail/sensor_data__builder.hpp
[0.973s] -- Up-to-date: /home/david/esha_ws/install/interfaces/include/interfaces/interfaces/msg/detail/sensor_data__struct.hpp
[0.973s] -- Up-to-date: /home/david/esha_ws/install/interfaces/include/interfaces/interfaces/msg/detail/current_velocity_data__traits.hpp
[0.974s] -- Up-to-date: /home/david/esha_ws/install/interfaces/include/interfaces/interfaces/msg/detail/current_velocity_data__builder.hpp
[0.974s] -- Up-to-date: /home/david/esha_ws/install/interfaces/include/interfaces/interfaces/msg/detail/imu_data__traits.hpp
[0.974s] -- Up-to-date: /home/david/esha_ws/install/interfaces/include/interfaces/interfaces/msg/detail/current_velocity_data__struct.hpp
[0.974s] -- Up-to-date: /home/david/esha_ws/install/interfaces/include/interfaces/interfaces/msg/detail/imu_data__struct.hpp
[0.974s] -- Up-to-date: /home/david/esha_ws/install/interfaces/include/interfaces/interfaces/msg/detail/sensor_data__traits.hpp
[0.975s] -- Up-to-date: /home/david/esha_ws/install/interfaces/include/interfaces/interfaces/msg/detail/imu_data__type_support.hpp
[0.975s] -- Up-to-date: /home/david/esha_ws/install/interfaces/include/interfaces/interfaces/msg/detail/imu_data__builder.hpp
[0.975s] -- Up-to-date: /home/david/esha_ws/install/interfaces/include/interfaces/interfaces/msg/detail/current_velocity_data__type_support.hpp
[0.975s] -- Up-to-date: /home/david/esha_ws/install/interfaces/include/interfaces/interfaces/msg/imu_data.hpp
[0.975s] -- Up-to-date: /home/david/esha_ws/install/interfaces/include/interfaces/interfaces/msg/current_velocity_data.hpp
[0.975s] -- Up-to-date: /home/david/esha_ws/install/interfaces/include/interfaces/interfaces/msg/rosidl_generator_cpp__visibility_control.hpp
[0.975s] -- Up-to-date: /home/david/esha_ws/install/interfaces/include/interfaces/interfaces/msg/sensor_data.hpp
[0.976s] -- Up-to-date: /home/david/esha_ws/install/interfaces/include/interfaces/interfaces
[0.976s] -- Up-to-date: /home/david/esha_ws/install/interfaces/include/interfaces/interfaces/msg
[0.976s] -- Up-to-date: /home/david/esha_ws/install/interfaces/include/interfaces/interfaces/msg/detail
[0.976s] -- Up-to-date: /home/david/esha_ws/install/interfaces/include/interfaces/interfaces/msg/detail/current_velocity_data__rosidl_typesupport_fastrtps_cpp.hpp
[0.976s] -- Up-to-date: /home/david/esha_ws/install/interfaces/include/interfaces/interfaces/msg/detail/dds_fastrtps
[0.976s] -- Up-to-date: /home/david/esha_ws/install/interfaces/include/interfaces/interfaces/msg/detail/imu_data__rosidl_typesupport_fastrtps_cpp.hpp
[0.976s] -- Up-to-date: /home/david/esha_ws/install/interfaces/include/interfaces/interfaces/msg/detail/sensor_data__rosidl_typesupport_fastrtps_cpp.hpp
[0.977s] -- Up-to-date: /home/david/esha_ws/install/interfaces/include/interfaces/interfaces/msg/rosidl_typesupport_fastrtps_cpp__visibility_control.h
[0.977s] -- Up-to-date: /home/david/esha_ws/install/interfaces/lib/libinterfaces__rosidl_typesupport_fastrtps_cpp.so
[0.977s] -- Up-to-date: /home/david/esha_ws/install/interfaces/include/interfaces/interfaces
[0.977s] -- Up-to-date: /home/david/esha_ws/install/interfaces/include/interfaces/interfaces/msg
[0.977s] -- Up-to-date: /home/david/esha_ws/install/interfaces/include/interfaces/interfaces/msg/detail
[0.977s] -- Up-to-date: /home/david/esha_ws/install/interfaces/include/interfaces/interfaces/msg/detail/imu_data__type_support.cpp
[0.977s] -- Up-to-date: /home/david/esha_ws/install/interfaces/include/interfaces/interfaces/msg/detail/imu_data__rosidl_typesupport_introspection_cpp.hpp
[0.977s] -- Up-to-date: /home/david/esha_ws/install/interfaces/include/interfaces/interfaces/msg/detail/current_velocity_data__rosidl_typesupport_introspection_cpp.hpp
[0.977s] -- Up-to-date: /home/david/esha_ws/install/interfaces/include/interfaces/interfaces/msg/detail/sensor_data__rosidl_typesupport_introspection_cpp.hpp
[0.977s] -- Up-to-date: /home/david/esha_ws/install/interfaces/include/interfaces/interfaces/msg/detail/sensor_data__type_support.cpp
[0.978s] -- Up-to-date: /home/david/esha_ws/install/interfaces/include/interfaces/interfaces/msg/detail/current_velocity_data__type_support.cpp
[0.978s] -- Up-to-date: /home/david/esha_ws/install/interfaces/lib/libinterfaces__rosidl_typesupport_introspection_cpp.so
[0.978s] -- Up-to-date: /home/david/esha_ws/install/interfaces/lib/libinterfaces__rosidl_typesupport_cpp.so
[0.978s] -- Up-to-date: /home/david/esha_ws/install/interfaces/share/interfaces/environment/pythonpath.sh
[0.978s] -- Up-to-date: /home/david/esha_ws/install/interfaces/share/interfaces/environment/pythonpath.dsv
[0.978s] -- Up-to-date: /home/david/esha_ws/install/interfaces/lib/python3.12/site-packages/interfaces-0.0.0-py3.12.egg-info
[0.978s] -- Installing: /home/david/esha_ws/install/interfaces/lib/python3.12/site-packages/interfaces-0.0.0-py3.12.egg-info/PKG-INFO
[0.978s] -- Installing: /home/david/esha_ws/install/interfaces/lib/python3.12/site-packages/interfaces-0.0.0-py3.12.egg-info/SOURCES.txt
[0.978s] -- Installing: /home/david/esha_ws/install/interfaces/lib/python3.12/site-packages/interfaces-0.0.0-py3.12.egg-info/top_level.txt
[0.978s] -- Installing: /home/david/esha_ws/install/interfaces/lib/python3.12/site-packages/interfaces-0.0.0-py3.12.egg-info/dependency_links.txt
[0.979s] -- Up-to-date: /home/david/esha_ws/install/interfaces/lib/python3.12/site-packages/interfaces
[0.979s] -- Up-to-date: /home/david/esha_ws/install/interfaces/lib/python3.12/site-packages/interfaces/interfaces_s__rosidl_typesupport_introspection_c.so
[0.979s] -- Up-to-date: /home/david/esha_ws/install/interfaces/lib/python3.12/site-packages/interfaces/interfaces_s__rosidl_typesupport_c.so
[0.979s] -- Up-to-date: /home/david/esha_ws/install/interfaces/lib/python3.12/site-packages/interfaces/msg
[0.979s] -- Up-to-date: /home/david/esha_ws/install/interfaces/lib/python3.12/site-packages/interfaces/msg/_current_velocity_data.py
[0.979s] -- Up-to-date: /home/david/esha_ws/install/interfaces/lib/python3.12/site-packages/interfaces/msg/_sensor_data_s.c
[0.980s] -- Up-to-date: /home/david/esha_ws/install/interfaces/lib/python3.12/site-packages/interfaces/msg/_current_velocity_data_s.c
[0.980s] -- Up-to-date: /home/david/esha_ws/install/interfaces/lib/python3.12/site-packages/interfaces/msg/_imu_data.py
[0.980s] -- Up-to-date: /home/david/esha_ws/install/interfaces/lib/python3.12/site-packages/interfaces/msg/_imu_data_s.c
[0.981s] -- Up-to-date: /home/david/esha_ws/install/interfaces/lib/python3.12/site-packages/interfaces/msg/_sensor_data.py
[0.981s] -- Up-to-date: /home/david/esha_ws/install/interfaces/lib/python3.12/site-packages/interfaces/msg/__init__.py
[0.981s] -- Up-to-date: /home/david/esha_ws/install/interfaces/lib/python3.12/site-packages/interfaces/interfaces_s__rosidl_typesupport_fastrtps_c.so
[0.981s] -- Up-to-date: /home/david/esha_ws/install/interfaces/lib/python3.12/site-packages/interfaces/_interfaces_s.ep.rosidl_typesupport_introspection_c.c
[0.981s] -- Up-to-date: /home/david/esha_ws/install/interfaces/lib/python3.12/site-packages/interfaces/__init__.py
[0.982s] -- Up-to-date: /home/david/esha_ws/install/interfaces/lib/python3.12/site-packages/interfaces/_interfaces_s.ep.rosidl_typesupport_c.c
[0.982s] -- Up-to-date: /home/david/esha_ws/install/interfaces/lib/python3.12/site-packages/interfaces/_interfaces_s.ep.rosidl_typesupport_fastrtps_c.c
[1.037s] Listing '/home/david/esha_ws/install/interfaces/lib/python3.12/site-packages/interfaces'...
[1.037s] Listing '/home/david/esha_ws/install/interfaces/lib/python3.12/site-packages/interfaces/msg'...
[1.049s] -- Up-to-date: /home/david/esha_ws/install/interfaces/lib/python3.12/site-packages/interfaces/interfaces_s__rosidl_typesupport_fastrtps_c.so
[1.050s] -- Up-to-date: /home/david/esha_ws/install/interfaces/lib/python3.12/site-packages/interfaces/interfaces_s__rosidl_typesupport_introspection_c.so
[1.050s] -- Up-to-date: /home/david/esha_ws/install/interfaces/lib/python3.12/site-packages/interfaces/interfaces_s__rosidl_typesupport_c.so
[1.051s] -- Up-to-date: /home/david/esha_ws/install/interfaces/lib/libinterfaces__rosidl_generator_py.so
[1.051s] -- Up-to-date: /home/david/esha_ws/install/interfaces/share/interfaces/msg/SensorData.idl
[1.052s] -- Up-to-date: /home/david/esha_ws/install/interfaces/share/interfaces/msg/CurrentVelocityData.idl
[1.052s] -- Up-to-date: /home/david/esha_ws/install/interfaces/share/interfaces/msg/ImuData.idl
[1.052s] -- Up-to-date: /home/david/esha_ws/install/interfaces/share/interfaces/msg/SensorData.msg
[1.052s] -- Up-to-date: /home/david/esha_ws/install/interfaces/share/interfaces/msg/CurrentVelocityData.msg
[1.053s] -- Up-to-date: /home/david/esha_ws/install/interfaces/share/interfaces/msg/ImuData.msg
[1.053s] -- Up-to-date: /home/david/esha_ws/install/interfaces/share/ament_index/resource_index/package_run_dependencies/interfaces
[1.053s] -- Up-to-date: /home/david/esha_ws/install/interfaces/share/ament_index/resource_index/parent_prefix_path/interfaces
[1.053s] -- Up-to-date: /home/david/esha_ws/install/interfaces/share/interfaces/environment/ament_prefix_path.sh
[1.054s] -- Up-to-date: /home/david/esha_ws/install/interfaces/share/interfaces/environment/ament_prefix_path.dsv
[1.054s] -- Up-to-date: /home/david/esha_ws/install/interfaces/share/interfaces/environment/path.sh
[1.054s] -- Up-to-date: /home/david/esha_ws/install/interfaces/share/interfaces/environment/path.dsv
[1.054s] -- Up-to-date: /home/david/esha_ws/install/interfaces/share/interfaces/local_setup.bash
[1.055s] -- Up-to-date: /home/david/esha_ws/install/interfaces/share/interfaces/local_setup.sh
[1.055s] -- Up-to-date: /home/david/esha_ws/install/interfaces/share/interfaces/local_setup.zsh
[1.055s] -- Up-to-date: /home/david/esha_ws/install/interfaces/share/interfaces/local_setup.dsv
[1.055s] -- Installing: /home/david/esha_ws/install/interfaces/share/interfaces/package.dsv
[1.056s] -- Up-to-date: /home/david/esha_ws/install/interfaces/share/ament_index/resource_index/packages/interfaces
[1.056s] -- Up-to-date: /home/david/esha_ws/install/interfaces/share/interfaces/cmake/export_interfaces__rosidl_generator_cExport.cmake
[1.056s] -- Up-to-date: /home/david/esha_ws/install/interfaces/share/interfaces/cmake/export_interfaces__rosidl_generator_cExport-noconfig.cmake
[1.056s] -- Up-to-date: /home/david/esha_ws/install/interfaces/share/interfaces/cmake/export_interfaces__rosidl_typesupport_fastrtps_cExport.cmake
[1.056s] -- Up-to-date: /home/david/esha_ws/install/interfaces/share/interfaces/cmake/export_interfaces__rosidl_typesupport_fastrtps_cExport-noconfig.cmake
[1.057s] -- Up-to-date: /home/david/esha_ws/install/interfaces/share/interfaces/cmake/interfaces__rosidl_typesupport_introspection_cExport.cmake
[1.057s] -- Up-to-date: /home/david/esha_ws/install/interfaces/share/interfaces/cmake/interfaces__rosidl_typesupport_introspection_cExport-noconfig.cmake
[1.057s] -- Up-to-date: /home/david/esha_ws/install/interfaces/share/interfaces/cmake/interfaces__rosidl_typesupport_cExport.cmake
[1.058s] -- Up-to-date: /home/david/esha_ws/install/interfaces/share/interfaces/cmake/interfaces__rosidl_typesupport_cExport-noconfig.cmake
[1.058s] -- Up-to-date: /home/david/esha_ws/install/interfaces/share/interfaces/cmake/export_interfaces__rosidl_generator_cppExport.cmake
[1.058s] -- Up-to-date: /home/david/esha_ws/install/interfaces/share/interfaces/cmake/export_interfaces__rosidl_typesupport_fastrtps_cppExport.cmake
[1.058s] -- Up-to-date: /home/david/esha_ws/install/interfaces/share/interfaces/cmake/export_interfaces__rosidl_typesupport_fastrtps_cppExport-noconfig.cmake
[1.058s] -- Up-to-date: /home/david/esha_ws/install/interfaces/share/interfaces/cmake/interfaces__rosidl_typesupport_introspection_cppExport.cmake
[1.058s] -- Up-to-date: /home/david/esha_ws/install/interfaces/share/interfaces/cmake/interfaces__rosidl_typesupport_introspection_cppExport-noconfig.cmake
[1.059s] -- Up-to-date: /home/david/esha_ws/install/interfaces/share/interfaces/cmake/interfaces__rosidl_typesupport_cppExport.cmake
[1.059s] -- Up-to-date: /home/david/esha_ws/install/interfaces/share/interfaces/cmake/interfaces__rosidl_typesupport_cppExport-noconfig.cmake
[1.059s] -- Up-to-date: /home/david/esha_ws/install/interfaces/share/interfaces/cmake/export_interfaces__rosidl_generator_pyExport.cmake
[1.059s] -- Up-to-date: /home/david/esha_ws/install/interfaces/share/interfaces/cmake/export_interfaces__rosidl_generator_pyExport-noconfig.cmake
[1.059s] -- Up-to-date: /home/david/esha_ws/install/interfaces/share/interfaces/cmake/rosidl_cmake-extras.cmake
[1.059s] -- Up-to-date: /home/david/esha_ws/install/interfaces/share/interfaces/cmake/ament_cmake_export_include_directories-extras.cmake
[1.059s] -- Up-to-date: /home/david/esha_ws/install/interfaces/share/interfaces/cmake/ament_cmake_export_libraries-extras.cmake
[1.060s] -- Up-to-date: /home/david/esha_ws/install/interfaces/share/interfaces/cmake/ament_cmake_export_targets-extras.cmake
[1.060s] -- Up-to-date: /home/david/esha_ws/install/interfaces/share/interfaces/cmake/rosidl_cmake_export_typesupport_targets-extras.cmake
[1.060s] -- Up-to-date: /home/david/esha_ws/install/interfaces/share/interfaces/cmake/ament_cmake_export_dependencies-extras.cmake
[1.060s] -- Up-to-date: /home/david/esha_ws/install/interfaces/share/interfaces/cmake/rosidl_cmake_export_typesupport_libraries-extras.cmake
[1.060s] -- Up-to-date: /home/david/esha_ws/install/interfaces/share/interfaces/cmake/interfacesConfig.cmake
[1.060s] -- Up-to-date: /home/david/esha_ws/install/interfaces/share/interfaces/cmake/interfacesConfig-version.cmake
[1.060s] -- Up-to-date: /home/david/esha_ws/install/interfaces/share/interfaces/package.xml
[1.061s] Invoked command in '/home/david/esha_ws/build/interfaces' returned '0': CMAKE_PREFIX_PATH=${CMAKE_PREFIX_PATH}:/opt/ros/jazzy DEBUGINFOD_URLS=https://debuginfod.ubuntu.com /usr/bin/cmake --install /home/david/esha_ws/build/interfaces
