[0.121s] DEBUG:colcon:Command line arguments: ['/usr/bin/colcon', 'build']
[0.121s] DEBUG:colcon:Parsed command line arguments: Namespace(log_base=None, log_level=None, verb_name='build', build_base='build', install_base='install', merge_install=False, symlink_install=False, test_result_base=None, continue_on_error=False, executor='parallel', parallel_workers=8, event_handlers=None, ignore_user_meta=False, metas=['./colcon.meta'], base_paths=['.'], packages_ignore=None, packages_ignore_regex=None, paths=None, packages_up_to=None, packages_up_to_regex=None, packages_above=None, packages_above_and_dependencies=None, packages_above_depth=None, packages_select_by_dep=None, packages_skip_by_dep=None, packages_skip_up_to=None, packages_select_build_failed=False, packages_skip_build_finished=False, packages_select_test_failures=False, packages_skip_test_passed=False, packages_select=None, packages_skip=None, packages_select_regex=None, packages_skip_regex=None, packages_start=None, packages_end=None, allow_overriding=[], cmake_args=None, cmake_target=None, cmake_target_skip_unavailable=False, cmake_clean_cache=False, cmake_clean_first=False, cmake_force_configure=False, ament_cmake_args=None, catkin_cmake_args=None, catkin_skip_building_tests=False, mixin_files=None, mixin=None, verb_parser=<colcon_mixin.mixin.mixin_argument.MixinArgumentDecorator object at 0x7f990719b680>, verb_extension=<colcon_core.verb.build.BuildVerb object at 0x7f990719b410>, main=<bound method BuildVerb.main of <colcon_core.verb.build.BuildVerb object at 0x7f990719b410>>, mixin_verb=('build',))
[0.160s] Level 1:colcon.colcon_core.package_discovery:discover_packages(colcon_meta) check parameters
[0.160s] Level 1:colcon.colcon_core.package_discovery:discover_packages(recursive) check parameters
[0.160s] Level 1:colcon.colcon_core.package_discovery:discover_packages(ignore) check parameters
[0.160s] Level 1:colcon.colcon_core.package_discovery:discover_packages(path) check parameters
[0.160s] Level 1:colcon.colcon_core.package_discovery:discover_packages(colcon_meta) discover
[0.160s] Level 1:colcon.colcon_core.package_discovery:discover_packages(recursive) discover
[0.160s] INFO:colcon.colcon_core.package_discovery:Crawling recursively for packages in '/home/david/esha_ws'
[0.160s] Level 1:colcon.colcon_core.package_identification:_identify(.) by extensions ['ignore', 'ignore_ament_install']
[0.160s] Level 1:colcon.colcon_core.package_identification:_identify(.) by extension 'ignore'
[0.160s] Level 1:colcon.colcon_core.package_identification:_identify(.) by extension 'ignore_ament_install'
[0.160s] Level 1:colcon.colcon_core.package_identification:_identify(.) by extensions ['colcon_pkg']
[0.160s] Level 1:colcon.colcon_core.package_identification:_identify(.) by extension 'colcon_pkg'
[0.160s] Level 1:colcon.colcon_core.package_identification:_identify(.) by extensions ['colcon_meta']
[0.161s] Level 1:colcon.colcon_core.package_identification:_identify(.) by extension 'colcon_meta'
[0.161s] Level 1:colcon.colcon_core.package_identification:_identify(.) by extensions ['ros']
[0.161s] Level 1:colcon.colcon_core.package_identification:_identify(.) by extension 'ros'
[0.186s] Level 1:colcon.colcon_core.package_identification:_identify(.) by extensions ['cmake', 'python']
[0.187s] Level 1:colcon.colcon_core.package_identification:_identify(.) by extension 'cmake'
[0.187s] Level 1:colcon.colcon_core.package_identification:_identify(.) by extension 'python'
[0.187s] Level 1:colcon.colcon_core.package_identification:_identify(.) by extensions ['python_setup_py']
[0.187s] Level 1:colcon.colcon_core.package_identification:_identify(.) by extension 'python_setup_py'
[0.187s] Level 1:colcon.colcon_core.package_identification:_identify(build) by extensions ['ignore', 'ignore_ament_install']
[0.187s] Level 1:colcon.colcon_core.package_identification:_identify(build) by extension 'ignore'
[0.187s] Level 1:colcon.colcon_core.package_identification:_identify(build) ignored
[0.187s] Level 1:colcon.colcon_core.package_identification:_identify(install) by extensions ['ignore', 'ignore_ament_install']
[0.187s] Level 1:colcon.colcon_core.package_identification:_identify(install) by extension 'ignore'
[0.187s] Level 1:colcon.colcon_core.package_identification:_identify(install) ignored
[0.188s] Level 1:colcon.colcon_core.package_identification:_identify(log) by extensions ['ignore', 'ignore_ament_install']
[0.188s] Level 1:colcon.colcon_core.package_identification:_identify(log) by extension 'ignore'
[0.188s] Level 1:colcon.colcon_core.package_identification:_identify(log) ignored
[0.188s] Level 1:colcon.colcon_core.package_identification:_identify(src) by extensions ['ignore', 'ignore_ament_install']
[0.188s] Level 1:colcon.colcon_core.package_identification:_identify(src) by extension 'ignore'
[0.188s] Level 1:colcon.colcon_core.package_identification:_identify(src) by extension 'ignore_ament_install'
[0.188s] Level 1:colcon.colcon_core.package_identification:_identify(src) by extensions ['colcon_pkg']
[0.188s] Level 1:colcon.colcon_core.package_identification:_identify(src) by extension 'colcon_pkg'
[0.188s] Level 1:colcon.colcon_core.package_identification:_identify(src) by extensions ['colcon_meta']
[0.188s] Level 1:colcon.colcon_core.package_identification:_identify(src) by extension 'colcon_meta'
[0.188s] Level 1:colcon.colcon_core.package_identification:_identify(src) by extensions ['ros']
[0.188s] Level 1:colcon.colcon_core.package_identification:_identify(src) by extension 'ros'
[0.188s] Level 1:colcon.colcon_core.package_identification:_identify(src) by extensions ['cmake', 'python']
[0.188s] Level 1:colcon.colcon_core.package_identification:_identify(src) by extension 'cmake'
[0.188s] Level 1:colcon.colcon_core.package_identification:_identify(src) by extension 'python'
[0.188s] Level 1:colcon.colcon_core.package_identification:_identify(src) by extensions ['python_setup_py']
[0.188s] Level 1:colcon.colcon_core.package_identification:_identify(src) by extension 'python_setup_py'
[0.189s] Level 1:colcon.colcon_core.package_identification:_identify(src/inter_package) by extensions ['ignore', 'ignore_ament_install']
[0.189s] Level 1:colcon.colcon_core.package_identification:_identify(src/inter_package) by extension 'ignore'
[0.189s] Level 1:colcon.colcon_core.package_identification:_identify(src/inter_package) by extension 'ignore_ament_install'
[0.189s] Level 1:colcon.colcon_core.package_identification:_identify(src/inter_package) by extensions ['colcon_pkg']
[0.189s] Level 1:colcon.colcon_core.package_identification:_identify(src/inter_package) by extension 'colcon_pkg'
[0.189s] Level 1:colcon.colcon_core.package_identification:_identify(src/inter_package) by extensions ['colcon_meta']
[0.189s] Level 1:colcon.colcon_core.package_identification:_identify(src/inter_package) by extension 'colcon_meta'
[0.189s] Level 1:colcon.colcon_core.package_identification:_identify(src/inter_package) by extensions ['ros']
[0.189s] Level 1:colcon.colcon_core.package_identification:_identify(src/inter_package) by extension 'ros'
[0.191s] DEBUG:colcon.colcon_core.package_identification:Package 'src/inter_package' with type 'ros.ament_python' and name 'inter_package'
[0.192s] Level 1:colcon.colcon_core.package_identification:_identify(src/interfaces) by extensions ['ignore', 'ignore_ament_install']
[0.192s] Level 1:colcon.colcon_core.package_identification:_identify(src/interfaces) by extension 'ignore'
[0.192s] Level 1:colcon.colcon_core.package_identification:_identify(src/interfaces) by extension 'ignore_ament_install'
[0.192s] Level 1:colcon.colcon_core.package_identification:_identify(src/interfaces) by extensions ['colcon_pkg']
[0.192s] Level 1:colcon.colcon_core.package_identification:_identify(src/interfaces) by extension 'colcon_pkg'
[0.192s] Level 1:colcon.colcon_core.package_identification:_identify(src/interfaces) by extensions ['colcon_meta']
[0.192s] Level 1:colcon.colcon_core.package_identification:_identify(src/interfaces) by extension 'colcon_meta'
[0.192s] Level 1:colcon.colcon_core.package_identification:_identify(src/interfaces) by extensions ['ros']
[0.192s] Level 1:colcon.colcon_core.package_identification:_identify(src/interfaces) by extension 'ros'
[0.192s] DEBUG:colcon.colcon_core.package_identification:Package 'src/interfaces' with type 'ros.ament_cmake' and name 'interfaces'
[0.193s] Level 1:colcon.colcon_core.package_identification:_identify(src/launch_esha) by extensions ['ignore', 'ignore_ament_install']
[0.193s] Level 1:colcon.colcon_core.package_identification:_identify(src/launch_esha) by extension 'ignore'
[0.193s] Level 1:colcon.colcon_core.package_identification:_identify(src/launch_esha) by extension 'ignore_ament_install'
[0.193s] Level 1:colcon.colcon_core.package_identification:_identify(src/launch_esha) by extensions ['colcon_pkg']
[0.193s] Level 1:colcon.colcon_core.package_identification:_identify(src/launch_esha) by extension 'colcon_pkg'
[0.193s] Level 1:colcon.colcon_core.package_identification:_identify(src/launch_esha) by extensions ['colcon_meta']
[0.193s] Level 1:colcon.colcon_core.package_identification:_identify(src/launch_esha) by extension 'colcon_meta'
[0.193s] Level 1:colcon.colcon_core.package_identification:_identify(src/launch_esha) by extensions ['ros']
[0.193s] Level 1:colcon.colcon_core.package_identification:_identify(src/launch_esha) by extension 'ros'
[0.193s] DEBUG:colcon.colcon_core.package_identification:Package 'src/launch_esha' with type 'ros.ament_cmake' and name 'launch_esha'
[0.194s] Level 1:colcon.colcon_core.package_identification:_identify(src/monitor) by extensions ['ignore', 'ignore_ament_install']
[0.194s] Level 1:colcon.colcon_core.package_identification:_identify(src/monitor) by extension 'ignore'
[0.194s] Level 1:colcon.colcon_core.package_identification:_identify(src/monitor) by extension 'ignore_ament_install'
[0.194s] Level 1:colcon.colcon_core.package_identification:_identify(src/monitor) by extensions ['colcon_pkg']
[0.194s] Level 1:colcon.colcon_core.package_identification:_identify(src/monitor) by extension 'colcon_pkg'
[0.194s] Level 1:colcon.colcon_core.package_identification:_identify(src/monitor) by extensions ['colcon_meta']
[0.194s] Level 1:colcon.colcon_core.package_identification:_identify(src/monitor) by extension 'colcon_meta'
[0.194s] Level 1:colcon.colcon_core.package_identification:_identify(src/monitor) by extensions ['ros']
[0.194s] Level 1:colcon.colcon_core.package_identification:_identify(src/monitor) by extension 'ros'
[0.194s] DEBUG:colcon.colcon_core.package_identification:Package 'src/monitor' with type 'ros.ament_python' and name 'monitor'
[0.194s] Level 1:colcon.colcon_core.package_identification:_identify(src/rosmonitoring_interfaces) by extensions ['ignore', 'ignore_ament_install']
[0.195s] Level 1:colcon.colcon_core.package_identification:_identify(src/rosmonitoring_interfaces) by extension 'ignore'
[0.195s] Level 1:colcon.colcon_core.package_identification:_identify(src/rosmonitoring_interfaces) by extension 'ignore_ament_install'
[0.195s] Level 1:colcon.colcon_core.package_identification:_identify(src/rosmonitoring_interfaces) by extensions ['colcon_pkg']
[0.195s] Level 1:colcon.colcon_core.package_identification:_identify(src/rosmonitoring_interfaces) by extension 'colcon_pkg'
[0.195s] Level 1:colcon.colcon_core.package_identification:_identify(src/rosmonitoring_interfaces) by extensions ['colcon_meta']
[0.195s] Level 1:colcon.colcon_core.package_identification:_identify(src/rosmonitoring_interfaces) by extension 'colcon_meta'
[0.195s] Level 1:colcon.colcon_core.package_identification:_identify(src/rosmonitoring_interfaces) by extensions ['ros']
[0.195s] Level 1:colcon.colcon_core.package_identification:_identify(src/rosmonitoring_interfaces) by extension 'ros'
[0.195s] DEBUG:colcon.colcon_core.package_identification:Package 'src/rosmonitoring_interfaces' with type 'ros.ament_cmake' and name 'rosmonitoring_interfaces'
[0.195s] Level 1:colcon.colcon_core.package_discovery:discover_packages(recursive) using defaults
[0.196s] Level 1:colcon.colcon_core.package_discovery:discover_packages(ignore) discover
[0.196s] Level 1:colcon.colcon_core.package_discovery:discover_packages(ignore) using defaults
[0.196s] Level 1:colcon.colcon_core.package_discovery:discover_packages(path) discover
[0.196s] Level 1:colcon.colcon_core.package_discovery:discover_packages(path) using defaults
[0.214s] Level 1:colcon.colcon_core.package_discovery:discover_packages(prefix_path) check parameters
[0.214s] Level 1:colcon.colcon_core.package_discovery:discover_packages(prefix_path) discover
[0.216s] DEBUG:colcon.colcon_installed_package_information.package_discovery:Found 5 installed packages in /home/david/esha_ws/install
[0.219s] DEBUG:colcon.colcon_installed_package_information.package_discovery:Found 508 installed packages in /opt/ros/jazzy
[0.221s] Level 1:colcon.colcon_core.package_discovery:discover_packages(prefix_path) using defaults
[0.291s] Level 5:colcon.colcon_core.verb:set package 'inter_package' build argument 'cmake_args' from command line to 'None'
[0.291s] Level 5:colcon.colcon_core.verb:set package 'inter_package' build argument 'cmake_target' from command line to 'None'
[0.291s] Level 5:colcon.colcon_core.verb:set package 'inter_package' build argument 'cmake_target_skip_unavailable' from command line to 'False'
[0.291s] Level 5:colcon.colcon_core.verb:set package 'inter_package' build argument 'cmake_clean_cache' from command line to 'False'
[0.291s] Level 5:colcon.colcon_core.verb:set package 'inter_package' build argument 'cmake_clean_first' from command line to 'False'
[0.291s] Level 5:colcon.colcon_core.verb:set package 'inter_package' build argument 'cmake_force_configure' from command line to 'False'
[0.291s] Level 5:colcon.colcon_core.verb:set package 'inter_package' build argument 'ament_cmake_args' from command line to 'None'
[0.291s] Level 5:colcon.colcon_core.verb:set package 'inter_package' build argument 'catkin_cmake_args' from command line to 'None'
[0.291s] Level 5:colcon.colcon_core.verb:set package 'inter_package' build argument 'catkin_skip_building_tests' from command line to 'False'
[0.291s] DEBUG:colcon.colcon_core.verb:Building package 'inter_package' with the following arguments: {'ament_cmake_args': None, 'build_base': '/home/david/esha_ws/build/inter_package', 'catkin_cmake_args': None, 'catkin_skip_building_tests': False, 'cmake_args': None, 'cmake_clean_cache': False, 'cmake_clean_first': False, 'cmake_force_configure': False, 'cmake_target': None, 'cmake_target_skip_unavailable': False, 'install_base': '/home/david/esha_ws/install/inter_package', 'merge_install': False, 'path': '/home/david/esha_ws/src/inter_package', 'symlink_install': False, 'test_result_base': None}
[0.291s] Level 5:colcon.colcon_core.verb:set package 'interfaces' build argument 'cmake_args' from command line to 'None'
[0.291s] Level 5:colcon.colcon_core.verb:set package 'interfaces' build argument 'cmake_target' from command line to 'None'
[0.292s] Level 5:colcon.colcon_core.verb:set package 'interfaces' build argument 'cmake_target_skip_unavailable' from command line to 'False'
[0.292s] Level 5:colcon.colcon_core.verb:set package 'interfaces' build argument 'cmake_clean_cache' from command line to 'False'
[0.292s] Level 5:colcon.colcon_core.verb:set package 'interfaces' build argument 'cmake_clean_first' from command line to 'False'
[0.292s] Level 5:colcon.colcon_core.verb:set package 'interfaces' build argument 'cmake_force_configure' from command line to 'False'
[0.292s] Level 5:colcon.colcon_core.verb:set package 'interfaces' build argument 'ament_cmake_args' from command line to 'None'
[0.292s] Level 5:colcon.colcon_core.verb:set package 'interfaces' build argument 'catkin_cmake_args' from command line to 'None'
[0.292s] Level 5:colcon.colcon_core.verb:set package 'interfaces' build argument 'catkin_skip_building_tests' from command line to 'False'
[0.292s] DEBUG:colcon.colcon_core.verb:Building package 'interfaces' with the following arguments: {'ament_cmake_args': None, 'build_base': '/home/david/esha_ws/build/interfaces', 'catkin_cmake_args': None, 'catkin_skip_building_tests': False, 'cmake_args': None, 'cmake_clean_cache': False, 'cmake_clean_first': False, 'cmake_force_configure': False, 'cmake_target': None, 'cmake_target_skip_unavailable': False, 'install_base': '/home/david/esha_ws/install/interfaces', 'merge_install': False, 'path': '/home/david/esha_ws/src/interfaces', 'symlink_install': False, 'test_result_base': None}
[0.292s] Level 5:colcon.colcon_core.verb:set package 'rosmonitoring_interfaces' build argument 'cmake_args' from command line to 'None'
[0.292s] Level 5:colcon.colcon_core.verb:set package 'rosmonitoring_interfaces' build argument 'cmake_target' from command line to 'None'
[0.292s] Level 5:colcon.colcon_core.verb:set package 'rosmonitoring_interfaces' build argument 'cmake_target_skip_unavailable' from command line to 'False'
[0.292s] Level 5:colcon.colcon_core.verb:set package 'rosmonitoring_interfaces' build argument 'cmake_clean_cache' from command line to 'False'
[0.292s] Level 5:colcon.colcon_core.verb:set package 'rosmonitoring_interfaces' build argument 'cmake_clean_first' from command line to 'False'
[0.292s] Level 5:colcon.colcon_core.verb:set package 'rosmonitoring_interfaces' build argument 'cmake_force_configure' from command line to 'False'
[0.292s] Level 5:colcon.colcon_core.verb:set package 'rosmonitoring_interfaces' build argument 'ament_cmake_args' from command line to 'None'
[0.292s] Level 5:colcon.colcon_core.verb:set package 'rosmonitoring_interfaces' build argument 'catkin_cmake_args' from command line to 'None'
[0.292s] Level 5:colcon.colcon_core.verb:set package 'rosmonitoring_interfaces' build argument 'catkin_skip_building_tests' from command line to 'False'
[0.292s] DEBUG:colcon.colcon_core.verb:Building package 'rosmonitoring_interfaces' with the following arguments: {'ament_cmake_args': None, 'build_base': '/home/david/esha_ws/build/rosmonitoring_interfaces', 'catkin_cmake_args': None, 'catkin_skip_building_tests': False, 'cmake_args': None, 'cmake_clean_cache': False, 'cmake_clean_first': False, 'cmake_force_configure': False, 'cmake_target': None, 'cmake_target_skip_unavailable': False, 'install_base': '/home/david/esha_ws/install/rosmonitoring_interfaces', 'merge_install': False, 'path': '/home/david/esha_ws/src/rosmonitoring_interfaces', 'symlink_install': False, 'test_result_base': None}
[0.292s] Level 5:colcon.colcon_core.verb:set package 'launch_esha' build argument 'cmake_args' from command line to 'None'
[0.293s] Level 5:colcon.colcon_core.verb:set package 'launch_esha' build argument 'cmake_target' from command line to 'None'
[0.293s] Level 5:colcon.colcon_core.verb:set package 'launch_esha' build argument 'cmake_target_skip_unavailable' from command line to 'False'
[0.293s] Level 5:colcon.colcon_core.verb:set package 'launch_esha' build argument 'cmake_clean_cache' from command line to 'False'
[0.293s] Level 5:colcon.colcon_core.verb:set package 'launch_esha' build argument 'cmake_clean_first' from command line to 'False'
[0.293s] Level 5:colcon.colcon_core.verb:set package 'launch_esha' build argument 'cmake_force_configure' from command line to 'False'
[0.293s] Level 5:colcon.colcon_core.verb:set package 'launch_esha' build argument 'ament_cmake_args' from command line to 'None'
[0.293s] Level 5:colcon.colcon_core.verb:set package 'launch_esha' build argument 'catkin_cmake_args' from command line to 'None'
[0.293s] Level 5:colcon.colcon_core.verb:set package 'launch_esha' build argument 'catkin_skip_building_tests' from command line to 'False'
[0.293s] DEBUG:colcon.colcon_core.verb:Building package 'launch_esha' with the following arguments: {'ament_cmake_args': None, 'build_base': '/home/david/esha_ws/build/launch_esha', 'catkin_cmake_args': None, 'catkin_skip_building_tests': False, 'cmake_args': None, 'cmake_clean_cache': False, 'cmake_clean_first': False, 'cmake_force_configure': False, 'cmake_target': None, 'cmake_target_skip_unavailable': False, 'install_base': '/home/david/esha_ws/install/launch_esha', 'merge_install': False, 'path': '/home/david/esha_ws/src/launch_esha', 'symlink_install': False, 'test_result_base': None}
[0.293s] Level 5:colcon.colcon_core.verb:set package 'monitor' build argument 'cmake_args' from command line to 'None'
[0.293s] Level 5:colcon.colcon_core.verb:set package 'monitor' build argument 'cmake_target' from command line to 'None'
[0.293s] Level 5:colcon.colcon_core.verb:set package 'monitor' build argument 'cmake_target_skip_unavailable' from command line to 'False'
[0.293s] Level 5:colcon.colcon_core.verb:set package 'monitor' build argument 'cmake_clean_cache' from command line to 'False'
[0.293s] Level 5:colcon.colcon_core.verb:set package 'monitor' build argument 'cmake_clean_first' from command line to 'False'
[0.293s] Level 5:colcon.colcon_core.verb:set package 'monitor' build argument 'cmake_force_configure' from command line to 'False'
[0.293s] Level 5:colcon.colcon_core.verb:set package 'monitor' build argument 'ament_cmake_args' from command line to 'None'
[0.293s] Level 5:colcon.colcon_core.verb:set package 'monitor' build argument 'catkin_cmake_args' from command line to 'None'
[0.293s] Level 5:colcon.colcon_core.verb:set package 'monitor' build argument 'catkin_skip_building_tests' from command line to 'False'
[0.293s] DEBUG:colcon.colcon_core.verb:Building package 'monitor' with the following arguments: {'ament_cmake_args': None, 'build_base': '/home/david/esha_ws/build/monitor', 'catkin_cmake_args': None, 'catkin_skip_building_tests': False, 'cmake_args': None, 'cmake_clean_cache': False, 'cmake_clean_first': False, 'cmake_force_configure': False, 'cmake_target': None, 'cmake_target_skip_unavailable': False, 'install_base': '/home/david/esha_ws/install/monitor', 'merge_install': False, 'path': '/home/david/esha_ws/src/monitor', 'symlink_install': False, 'test_result_base': None}
[0.293s] INFO:colcon.colcon_core.executor:Executing jobs using 'parallel' executor
[0.294s] DEBUG:colcon.colcon_parallel_executor.executor.parallel:run_until_complete
[0.295s] INFO:colcon.colcon_ros.task.ament_python.build:Building ROS package in '/home/david/esha_ws/src/inter_package' with build type 'ament_python'
[0.295s] Level 1:colcon.colcon_core.shell:create_environment_hook('inter_package', 'ament_prefix_path')
[0.297s] INFO:colcon.colcon_core.plugin_system:Skipping extension 'colcon_core.shell.bat': Not used on non-Windows systems
[0.297s] INFO:colcon.colcon_core.shell:Creating environment hook '/home/david/esha_ws/install/inter_package/share/inter_package/hook/ament_prefix_path.ps1'
[0.298s] INFO:colcon.colcon_core.shell:Creating environment descriptor '/home/david/esha_ws/install/inter_package/share/inter_package/hook/ament_prefix_path.dsv'
[0.298s] INFO:colcon.colcon_core.shell:Creating environment hook '/home/david/esha_ws/install/inter_package/share/inter_package/hook/ament_prefix_path.sh'
[0.299s] INFO:colcon.colcon_core.shell:Skip shell extension 'powershell' for command environment: Not usable outside of PowerShell
[0.299s] DEBUG:colcon.colcon_core.shell:Skip shell extension 'dsv' for command environment
[0.304s] INFO:colcon.colcon_ros.task.ament_cmake.build:Building ROS package in '/home/david/esha_ws/src/interfaces' with build type 'ament_cmake'
[0.304s] INFO:colcon.colcon_cmake.task.cmake.build:Building CMake package in '/home/david/esha_ws/src/interfaces'
[0.304s] INFO:colcon.colcon_core.shell:Skip shell extension 'powershell' for command environment: Not usable outside of PowerShell
[0.304s] DEBUG:colcon.colcon_core.shell:Skip shell extension 'dsv' for command environment
[0.311s] INFO:colcon.colcon_ros.task.ament_cmake.build:Building ROS package in '/home/david/esha_ws/src/rosmonitoring_interfaces' with build type 'ament_cmake'
[0.311s] INFO:colcon.colcon_cmake.task.cmake.build:Building CMake package in '/home/david/esha_ws/src/rosmonitoring_interfaces'
[0.315s] INFO:colcon.colcon_core.shell:Skip shell extension 'powershell' for command environment: Not usable outside of PowerShell
[0.315s] DEBUG:colcon.colcon_core.shell:Skip shell extension 'dsv' for command environment
[0.628s] INFO:colcon.colcon_core.task.python.build:Building Python package in '/home/david/esha_ws/src/inter_package'
[0.628s] INFO:colcon.colcon_core.shell:Skip shell extension 'powershell' for command environment: Not usable outside of PowerShell
[0.629s] DEBUG:colcon.colcon_core.shell:Skip shell extension 'dsv' for command environment
[0.636s] DEBUG:colcon.colcon_core.event_handler.log_command:Invoking command in '/home/david/esha_ws/build/interfaces': CMAKE_PREFIX_PATH=${CMAKE_PREFIX_PATH}:/home/david/esha_ws/install/monitor:/home/david/esha_ws/install/inter_package:/opt/ros/jazzy DEBUGINFOD_URLS=https://debuginfod.ubuntu.com /usr/bin/cmake --build /home/david/esha_ws/build/interfaces -- -j8 -l8
[0.641s] DEBUG:colcon.colcon_core.event_handler.log_command:Invoking command in '/home/david/esha_ws/build/rosmonitoring_interfaces': CMAKE_PREFIX_PATH=${CMAKE_PREFIX_PATH}:/home/david/esha_ws/install/monitor:/home/david/esha_ws/install/inter_package:/opt/ros/jazzy DEBUGINFOD_URLS=https://debuginfod.ubuntu.com /usr/bin/cmake --build /home/david/esha_ws/build/rosmonitoring_interfaces -- -j8 -l8
[1.490s] DEBUG:colcon.colcon_core.event_handler.log_command:Invoked command in '/home/david/esha_ws/build/rosmonitoring_interfaces' returned '0': CMAKE_PREFIX_PATH=${CMAKE_PREFIX_PATH}:/home/david/esha_ws/install/monitor:/home/david/esha_ws/install/inter_package:/opt/ros/jazzy DEBUGINFOD_URLS=https://debuginfod.ubuntu.com /usr/bin/cmake --build /home/david/esha_ws/build/rosmonitoring_interfaces -- -j8 -l8
[1.509s] DEBUG:colcon.colcon_core.event_handler.log_command:Invoking command in '/home/david/esha_ws/build/rosmonitoring_interfaces': CMAKE_PREFIX_PATH=${CMAKE_PREFIX_PATH}:/home/david/esha_ws/install/monitor:/home/david/esha_ws/install/inter_package:/opt/ros/jazzy DEBUGINFOD_URLS=https://debuginfod.ubuntu.com /usr/bin/cmake --install /home/david/esha_ws/build/rosmonitoring_interfaces
[1.600s] DEBUG:colcon.colcon_core.event_handler.log_command:Invoked command in '/home/david/esha_ws/build/interfaces' returned '0': CMAKE_PREFIX_PATH=${CMAKE_PREFIX_PATH}:/home/david/esha_ws/install/monitor:/home/david/esha_ws/install/inter_package:/opt/ros/jazzy DEBUGINFOD_URLS=https://debuginfod.ubuntu.com /usr/bin/cmake --build /home/david/esha_ws/build/interfaces -- -j8 -l8
[1.602s] DEBUG:colcon.colcon_core.event_handler.log_command:Invoking command in '/home/david/esha_ws/build/interfaces': CMAKE_PREFIX_PATH=${CMAKE_PREFIX_PATH}:/home/david/esha_ws/install/monitor:/home/david/esha_ws/install/inter_package:/opt/ros/jazzy DEBUGINFOD_URLS=https://debuginfod.ubuntu.com /usr/bin/cmake --install /home/david/esha_ws/build/interfaces
[1.663s] Level 1:colcon.colcon_core.environment:create_environment_scripts_only(rosmonitoring_interfaces)
[1.676s] Level 1:colcon.colcon_core.environment:checking '/home/david/esha_ws/install/rosmonitoring_interfaces' for CMake module files
[1.681s] Level 1:colcon.colcon_core.environment:checking '/home/david/esha_ws/install/rosmonitoring_interfaces' for CMake config files
[1.682s] Level 1:colcon.colcon_core.shell:create_environment_hook('rosmonitoring_interfaces', 'cmake_prefix_path')
[1.683s] INFO:colcon.colcon_core.shell:Creating environment hook '/home/david/esha_ws/install/rosmonitoring_interfaces/share/rosmonitoring_interfaces/hook/cmake_prefix_path.ps1'
[1.684s] INFO:colcon.colcon_core.shell:Creating environment descriptor '/home/david/esha_ws/install/rosmonitoring_interfaces/share/rosmonitoring_interfaces/hook/cmake_prefix_path.dsv'
[1.684s] INFO:colcon.colcon_core.shell:Creating environment hook '/home/david/esha_ws/install/rosmonitoring_interfaces/share/rosmonitoring_interfaces/hook/cmake_prefix_path.sh'
[1.690s] Level 1:colcon.colcon_core.environment:checking '/home/david/esha_ws/install/rosmonitoring_interfaces/lib'
[1.691s] Level 1:colcon.colcon_core.shell:create_environment_hook('rosmonitoring_interfaces', 'ld_library_path_lib')
[1.691s] INFO:colcon.colcon_core.shell:Creating environment hook '/home/david/esha_ws/install/rosmonitoring_interfaces/share/rosmonitoring_interfaces/hook/ld_library_path_lib.ps1'
[1.692s] INFO:colcon.colcon_core.shell:Creating environment descriptor '/home/david/esha_ws/install/rosmonitoring_interfaces/share/rosmonitoring_interfaces/hook/ld_library_path_lib.dsv'
[1.692s] INFO:colcon.colcon_core.shell:Creating environment hook '/home/david/esha_ws/install/rosmonitoring_interfaces/share/rosmonitoring_interfaces/hook/ld_library_path_lib.sh'
[1.693s] Level 1:colcon.colcon_core.environment:checking '/home/david/esha_ws/install/rosmonitoring_interfaces/bin'
[1.693s] Level 1:colcon.colcon_core.environment:checking '/home/david/esha_ws/install/rosmonitoring_interfaces/lib/pkgconfig/rosmonitoring_interfaces.pc'
[1.694s] Level 1:colcon.colcon_core.environment:checking '/home/david/esha_ws/install/rosmonitoring_interfaces/lib/python3.12/site-packages'
[1.694s] Level 1:colcon.colcon_core.shell:create_environment_hook('rosmonitoring_interfaces', 'pythonpath')
[1.694s] INFO:colcon.colcon_core.shell:Creating environment hook '/home/david/esha_ws/install/rosmonitoring_interfaces/share/rosmonitoring_interfaces/hook/pythonpath.ps1'
[1.695s] INFO:colcon.colcon_core.shell:Creating environment descriptor '/home/david/esha_ws/install/rosmonitoring_interfaces/share/rosmonitoring_interfaces/hook/pythonpath.dsv'
[1.696s] INFO:colcon.colcon_core.shell:Creating environment hook '/home/david/esha_ws/install/rosmonitoring_interfaces/share/rosmonitoring_interfaces/hook/pythonpath.sh'
[1.697s] Level 1:colcon.colcon_core.environment:checking '/home/david/esha_ws/install/rosmonitoring_interfaces/bin'
[1.697s] INFO:colcon.colcon_core.shell:Creating package script '/home/david/esha_ws/install/rosmonitoring_interfaces/share/rosmonitoring_interfaces/package.ps1'
[1.698s] INFO:colcon.colcon_core.shell:Creating package descriptor '/home/david/esha_ws/install/rosmonitoring_interfaces/share/rosmonitoring_interfaces/package.dsv'
[1.700s] INFO:colcon.colcon_core.shell:Creating package script '/home/david/esha_ws/install/rosmonitoring_interfaces/share/rosmonitoring_interfaces/package.sh'
[1.701s] INFO:colcon.colcon_core.shell:Creating package script '/home/david/esha_ws/install/rosmonitoring_interfaces/share/rosmonitoring_interfaces/package.bash'
[1.703s] INFO:colcon.colcon_core.shell:Creating package script '/home/david/esha_ws/install/rosmonitoring_interfaces/share/rosmonitoring_interfaces/package.zsh'
[1.705s] Level 1:colcon.colcon_core.environment:create_file_with_runtime_dependencies(/home/david/esha_ws/install/rosmonitoring_interfaces/share/colcon-core/packages/rosmonitoring_interfaces)
[1.706s] Level 1:colcon.colcon_core.environment:create_environment_scripts_only(rosmonitoring_interfaces)
[1.707s] Level 1:colcon.colcon_core.environment:checking '/home/david/esha_ws/install/rosmonitoring_interfaces' for CMake module files
[1.708s] Level 1:colcon.colcon_core.environment:checking '/home/david/esha_ws/install/rosmonitoring_interfaces' for CMake config files
[1.711s] DEBUG:colcon.colcon_core.event_handler.log_command:Invoked command in '/home/david/esha_ws/build/rosmonitoring_interfaces' returned '0': CMAKE_PREFIX_PATH=${CMAKE_PREFIX_PATH}:/home/david/esha_ws/install/monitor:/home/david/esha_ws/install/inter_package:/opt/ros/jazzy DEBUGINFOD_URLS=https://debuginfod.ubuntu.com /usr/bin/cmake --install /home/david/esha_ws/build/rosmonitoring_interfaces
[1.712s] Level 1:colcon.colcon_core.shell:create_environment_hook('rosmonitoring_interfaces', 'cmake_prefix_path')
[1.713s] INFO:colcon.colcon_core.shell:Creating environment hook '/home/david/esha_ws/install/rosmonitoring_interfaces/share/rosmonitoring_interfaces/hook/cmake_prefix_path.ps1'
[1.714s] INFO:colcon.colcon_core.shell:Creating environment descriptor '/home/david/esha_ws/install/rosmonitoring_interfaces/share/rosmonitoring_interfaces/hook/cmake_prefix_path.dsv'
[1.714s] INFO:colcon.colcon_core.shell:Creating environment hook '/home/david/esha_ws/install/rosmonitoring_interfaces/share/rosmonitoring_interfaces/hook/cmake_prefix_path.sh'
[1.715s] Level 1:colcon.colcon_core.environment:checking '/home/david/esha_ws/install/rosmonitoring_interfaces/lib'
[1.715s] Level 1:colcon.colcon_core.shell:create_environment_hook('rosmonitoring_interfaces', 'ld_library_path_lib')
[1.716s] INFO:colcon.colcon_core.shell:Creating environment hook '/home/david/esha_ws/install/rosmonitoring_interfaces/share/rosmonitoring_interfaces/hook/ld_library_path_lib.ps1'
[1.717s] INFO:colcon.colcon_core.shell:Creating environment descriptor '/home/david/esha_ws/install/rosmonitoring_interfaces/share/rosmonitoring_interfaces/hook/ld_library_path_lib.dsv'
[1.717s] INFO:colcon.colcon_core.shell:Creating environment hook '/home/david/esha_ws/install/rosmonitoring_interfaces/share/rosmonitoring_interfaces/hook/ld_library_path_lib.sh'
[1.718s] Level 1:colcon.colcon_core.environment:checking '/home/david/esha_ws/install/rosmonitoring_interfaces/bin'
[1.718s] Level 1:colcon.colcon_core.environment:checking '/home/david/esha_ws/install/rosmonitoring_interfaces/lib/pkgconfig/rosmonitoring_interfaces.pc'
[1.719s] Level 1:colcon.colcon_core.environment:checking '/home/david/esha_ws/install/rosmonitoring_interfaces/lib/python3.12/site-packages'
[1.719s] Level 1:colcon.colcon_core.shell:create_environment_hook('rosmonitoring_interfaces', 'pythonpath')
[1.719s] INFO:colcon.colcon_core.shell:Creating environment hook '/home/david/esha_ws/install/rosmonitoring_interfaces/share/rosmonitoring_interfaces/hook/pythonpath.ps1'
[1.720s] INFO:colcon.colcon_core.shell:Creating environment descriptor '/home/david/esha_ws/install/rosmonitoring_interfaces/share/rosmonitoring_interfaces/hook/pythonpath.dsv'
[1.720s] INFO:colcon.colcon_core.shell:Creating environment hook '/home/david/esha_ws/install/rosmonitoring_interfaces/share/rosmonitoring_interfaces/hook/pythonpath.sh'
[1.721s] Level 1:colcon.colcon_core.environment:checking '/home/david/esha_ws/install/rosmonitoring_interfaces/bin'
[1.722s] INFO:colcon.colcon_core.shell:Creating package script '/home/david/esha_ws/install/rosmonitoring_interfaces/share/rosmonitoring_interfaces/package.ps1'
[1.723s] INFO:colcon.colcon_core.shell:Creating package descriptor '/home/david/esha_ws/install/rosmonitoring_interfaces/share/rosmonitoring_interfaces/package.dsv'
[1.724s] INFO:colcon.colcon_core.shell:Creating package script '/home/david/esha_ws/install/rosmonitoring_interfaces/share/rosmonitoring_interfaces/package.sh'
[1.725s] INFO:colcon.colcon_core.shell:Creating package script '/home/david/esha_ws/install/rosmonitoring_interfaces/share/rosmonitoring_interfaces/package.bash'
[1.726s] INFO:colcon.colcon_core.shell:Creating package script '/home/david/esha_ws/install/rosmonitoring_interfaces/share/rosmonitoring_interfaces/package.zsh'
[1.727s] Level 1:colcon.colcon_core.environment:create_file_with_runtime_dependencies(/home/david/esha_ws/install/rosmonitoring_interfaces/share/colcon-core/packages/rosmonitoring_interfaces)
[1.769s] Level 1:colcon.colcon_core.environment:create_environment_scripts_only(interfaces)
[1.769s] Level 1:colcon.colcon_core.environment:checking '/home/david/esha_ws/install/interfaces' for CMake module files
[1.770s] DEBUG:colcon.colcon_core.event_handler.log_command:Invoked command in '/home/david/esha_ws/build/interfaces' returned '0': CMAKE_PREFIX_PATH=${CMAKE_PREFIX_PATH}:/home/david/esha_ws/install/monitor:/home/david/esha_ws/install/inter_package:/opt/ros/jazzy DEBUGINFOD_URLS=https://debuginfod.ubuntu.com /usr/bin/cmake --install /home/david/esha_ws/build/interfaces
[1.771s] Level 1:colcon.colcon_core.environment:checking '/home/david/esha_ws/install/interfaces' for CMake config files
[1.771s] Level 1:colcon.colcon_core.shell:create_environment_hook('interfaces', 'cmake_prefix_path')
[1.771s] INFO:colcon.colcon_core.shell:Creating environment hook '/home/david/esha_ws/install/interfaces/share/interfaces/hook/cmake_prefix_path.ps1'
[1.772s] INFO:colcon.colcon_core.shell:Creating environment descriptor '/home/david/esha_ws/install/interfaces/share/interfaces/hook/cmake_prefix_path.dsv'
[1.772s] INFO:colcon.colcon_core.shell:Creating environment hook '/home/david/esha_ws/install/interfaces/share/interfaces/hook/cmake_prefix_path.sh'
[1.773s] Level 1:colcon.colcon_core.environment:checking '/home/david/esha_ws/install/interfaces/lib'
[1.774s] Level 1:colcon.colcon_core.shell:create_environment_hook('interfaces', 'ld_library_path_lib')
[1.774s] INFO:colcon.colcon_core.shell:Creating environment hook '/home/david/esha_ws/install/interfaces/share/interfaces/hook/ld_library_path_lib.ps1'
[1.775s] INFO:colcon.colcon_core.shell:Creating environment descriptor '/home/david/esha_ws/install/interfaces/share/interfaces/hook/ld_library_path_lib.dsv'
[1.775s] INFO:colcon.colcon_core.shell:Creating environment hook '/home/david/esha_ws/install/interfaces/share/interfaces/hook/ld_library_path_lib.sh'
[1.776s] Level 1:colcon.colcon_core.environment:checking '/home/david/esha_ws/install/interfaces/bin'
[1.776s] Level 1:colcon.colcon_core.environment:checking '/home/david/esha_ws/install/interfaces/lib/pkgconfig/interfaces.pc'
[1.777s] Level 1:colcon.colcon_core.environment:checking '/home/david/esha_ws/install/interfaces/lib/python3.12/site-packages'
[1.777s] Level 1:colcon.colcon_core.shell:create_environment_hook('interfaces', 'pythonpath')
[1.777s] INFO:colcon.colcon_core.shell:Creating environment hook '/home/david/esha_ws/install/interfaces/share/interfaces/hook/pythonpath.ps1'
[1.778s] INFO:colcon.colcon_core.shell:Creating environment descriptor '/home/david/esha_ws/install/interfaces/share/interfaces/hook/pythonpath.dsv'
[1.779s] INFO:colcon.colcon_core.shell:Creating environment hook '/home/david/esha_ws/install/interfaces/share/interfaces/hook/pythonpath.sh'
[1.780s] Level 1:colcon.colcon_core.environment:checking '/home/david/esha_ws/install/interfaces/bin'
[1.781s] INFO:colcon.colcon_core.shell:Creating package script '/home/david/esha_ws/install/interfaces/share/interfaces/package.ps1'
[1.782s] INFO:colcon.colcon_core.shell:Creating package descriptor '/home/david/esha_ws/install/interfaces/share/interfaces/package.dsv'
[1.783s] INFO:colcon.colcon_core.shell:Creating package script '/home/david/esha_ws/install/interfaces/share/interfaces/package.sh'
[1.783s] INFO:colcon.colcon_core.shell:Creating package script '/home/david/esha_ws/install/interfaces/share/interfaces/package.bash'
[1.784s] INFO:colcon.colcon_core.shell:Creating package script '/home/david/esha_ws/install/interfaces/share/interfaces/package.zsh'
[1.785s] Level 1:colcon.colcon_core.environment:create_file_with_runtime_dependencies(/home/david/esha_ws/install/interfaces/share/colcon-core/packages/interfaces)
[1.786s] Level 1:colcon.colcon_core.environment:create_environment_scripts_only(interfaces)
[1.786s] Level 1:colcon.colcon_core.environment:checking '/home/david/esha_ws/install/interfaces' for CMake module files
[1.788s] Level 1:colcon.colcon_core.environment:checking '/home/david/esha_ws/install/interfaces' for CMake config files
[1.791s] Level 1:colcon.colcon_core.shell:create_environment_hook('interfaces', 'cmake_prefix_path')
[1.792s] INFO:colcon.colcon_core.shell:Creating environment hook '/home/david/esha_ws/install/interfaces/share/interfaces/hook/cmake_prefix_path.ps1'
[1.792s] INFO:colcon.colcon_core.shell:Creating environment descriptor '/home/david/esha_ws/install/interfaces/share/interfaces/hook/cmake_prefix_path.dsv'
[1.795s] INFO:colcon.colcon_core.shell:Creating environment hook '/home/david/esha_ws/install/interfaces/share/interfaces/hook/cmake_prefix_path.sh'
[1.801s] Level 1:colcon.colcon_core.environment:checking '/home/david/esha_ws/install/interfaces/lib'
[1.801s] Level 1:colcon.colcon_core.shell:create_environment_hook('interfaces', 'ld_library_path_lib')
[1.802s] INFO:colcon.colcon_core.shell:Creating environment hook '/home/david/esha_ws/install/interfaces/share/interfaces/hook/ld_library_path_lib.ps1'
[1.802s] INFO:colcon.colcon_core.shell:Creating environment descriptor '/home/david/esha_ws/install/interfaces/share/interfaces/hook/ld_library_path_lib.dsv'
[1.804s] INFO:colcon.colcon_core.shell:Creating environment hook '/home/david/esha_ws/install/interfaces/share/interfaces/hook/ld_library_path_lib.sh'
[1.804s] Level 1:colcon.colcon_core.environment:checking '/home/david/esha_ws/install/interfaces/bin'
[1.804s] Level 1:colcon.colcon_core.environment:checking '/home/david/esha_ws/install/interfaces/lib/pkgconfig/interfaces.pc'
[1.805s] Level 1:colcon.colcon_core.environment:checking '/home/david/esha_ws/install/interfaces/lib/python3.12/site-packages'
[1.805s] Level 1:colcon.colcon_core.shell:create_environment_hook('interfaces', 'pythonpath')
[1.805s] INFO:colcon.colcon_core.shell:Creating environment hook '/home/david/esha_ws/install/interfaces/share/interfaces/hook/pythonpath.ps1'
[1.806s] INFO:colcon.colcon_core.shell:Creating environment descriptor '/home/david/esha_ws/install/interfaces/share/interfaces/hook/pythonpath.dsv'
[1.807s] INFO:colcon.colcon_core.shell:Creating environment hook '/home/david/esha_ws/install/interfaces/share/interfaces/hook/pythonpath.sh'
[1.808s] Level 1:colcon.colcon_core.environment:checking '/home/david/esha_ws/install/interfaces/bin'
[1.809s] INFO:colcon.colcon_core.shell:Creating package script '/home/david/esha_ws/install/interfaces/share/interfaces/package.ps1'
[1.810s] INFO:colcon.colcon_core.shell:Creating package descriptor '/home/david/esha_ws/install/interfaces/share/interfaces/package.dsv'
[1.812s] INFO:colcon.colcon_core.shell:Creating package script '/home/david/esha_ws/install/interfaces/share/interfaces/package.sh'
[1.813s] INFO:colcon.colcon_core.shell:Creating package script '/home/david/esha_ws/install/interfaces/share/interfaces/package.bash'
[1.813s] INFO:colcon.colcon_core.shell:Creating package script '/home/david/esha_ws/install/interfaces/share/interfaces/package.zsh'
[1.814s] Level 1:colcon.colcon_core.environment:create_file_with_runtime_dependencies(/home/david/esha_ws/install/interfaces/share/colcon-core/packages/interfaces)
[1.816s] INFO:colcon.colcon_ros.task.ament_python.build:Building ROS package in '/home/david/esha_ws/src/monitor' with build type 'ament_python'
[1.816s] Level 1:colcon.colcon_core.shell:create_environment_hook('monitor', 'ament_prefix_path')
[1.816s] INFO:colcon.colcon_core.shell:Creating environment hook '/home/david/esha_ws/install/monitor/share/monitor/hook/ament_prefix_path.ps1'
[1.817s] INFO:colcon.colcon_core.shell:Creating environment descriptor '/home/david/esha_ws/install/monitor/share/monitor/hook/ament_prefix_path.dsv'
[1.818s] INFO:colcon.colcon_core.shell:Creating environment hook '/home/david/esha_ws/install/monitor/share/monitor/hook/ament_prefix_path.sh'
[1.818s] INFO:colcon.colcon_core.shell:Skip shell extension 'powershell' for command environment: Not usable outside of PowerShell
[1.818s] DEBUG:colcon.colcon_core.shell:Skip shell extension 'dsv' for command environment
[2.333s] INFO:colcon.colcon_core.task.python.build:Building Python package in '/home/david/esha_ws/src/monitor'
[2.333s] INFO:colcon.colcon_core.shell:Skip shell extension 'powershell' for command environment: Not usable outside of PowerShell
[2.333s] DEBUG:colcon.colcon_core.shell:Skip shell extension 'dsv' for command environment
[2.343s] DEBUG:colcon.colcon_core.event_handler.log_command:Invoking command in '/home/david/esha_ws/src/inter_package': DEBUGINFOD_URLS=https://debuginfod.ubuntu.com PYTHONPATH=/home/david/esha_ws/build/inter_package/prefix_override:/usr/lib/python3/dist-packages/colcon_core/task/python/colcon_distutils_commands:/home/david/esha_ws/install/inter_package/lib/python3.12/site-packages:${PYTHONPATH} /usr/bin/python3 -W ignore:setup.py install is deprecated -W ignore:easy_install command is deprecated setup.py egg_info --egg-base ../../build/inter_package build --build-base /home/david/esha_ws/build/inter_package/build install --record /home/david/esha_ws/build/inter_package/install.log --single-version-externally-managed install_data
[3.416s] Level 1:colcon.colcon_core.environment:checking '/home/david/esha_ws/install/inter_package' for CMake module files
[3.417s] Level 1:colcon.colcon_core.environment:checking '/home/david/esha_ws/install/inter_package' for CMake config files
[3.418s] Level 1:colcon.colcon_core.environment:checking '/home/david/esha_ws/install/inter_package/lib'
[3.419s] Level 1:colcon.colcon_core.environment:checking '/home/david/esha_ws/install/inter_package/bin'
[3.419s] DEBUG:colcon.colcon_core.event_handler.log_command:Invoked command in '/home/david/esha_ws/src/inter_package' returned '0': DEBUGINFOD_URLS=https://debuginfod.ubuntu.com PYTHONPATH=/home/david/esha_ws/build/inter_package/prefix_override:/usr/lib/python3/dist-packages/colcon_core/task/python/colcon_distutils_commands:/home/david/esha_ws/install/inter_package/lib/python3.12/site-packages:${PYTHONPATH} /usr/bin/python3 -W ignore:setup.py install is deprecated -W ignore:easy_install command is deprecated setup.py egg_info --egg-base ../../build/inter_package build --build-base /home/david/esha_ws/build/inter_package/build install --record /home/david/esha_ws/build/inter_package/install.log --single-version-externally-managed install_data
[3.420s] Level 1:colcon.colcon_core.environment:checking '/home/david/esha_ws/install/inter_package/lib/pkgconfig/inter_package.pc'
[3.421s] Level 1:colcon.colcon_core.environment:checking '/home/david/esha_ws/install/inter_package/lib/python3.12/site-packages'
[3.421s] Level 1:colcon.colcon_core.shell:create_environment_hook('inter_package', 'pythonpath')
[3.422s] INFO:colcon.colcon_core.shell:Creating environment hook '/home/david/esha_ws/install/inter_package/share/inter_package/hook/pythonpath.ps1'
[3.422s] INFO:colcon.colcon_core.shell:Creating environment descriptor '/home/david/esha_ws/install/inter_package/share/inter_package/hook/pythonpath.dsv'
[3.423s] INFO:colcon.colcon_core.shell:Creating environment hook '/home/david/esha_ws/install/inter_package/share/inter_package/hook/pythonpath.sh'
[3.424s] Level 1:colcon.colcon_core.environment:checking '/home/david/esha_ws/install/inter_package/bin'
[3.424s] Level 1:colcon.colcon_core.environment:create_environment_scripts_only(inter_package)
[3.426s] INFO:colcon.colcon_core.shell:Creating package script '/home/david/esha_ws/install/inter_package/share/inter_package/package.ps1'
[3.427s] INFO:colcon.colcon_core.shell:Creating package descriptor '/home/david/esha_ws/install/inter_package/share/inter_package/package.dsv'
[3.427s] INFO:colcon.colcon_core.shell:Creating package script '/home/david/esha_ws/install/inter_package/share/inter_package/package.sh'
[3.428s] INFO:colcon.colcon_core.shell:Creating package script '/home/david/esha_ws/install/inter_package/share/inter_package/package.bash'
[3.429s] INFO:colcon.colcon_core.shell:Creating package script '/home/david/esha_ws/install/inter_package/share/inter_package/package.zsh'
[3.431s] Level 1:colcon.colcon_core.environment:create_file_with_runtime_dependencies(/home/david/esha_ws/install/inter_package/share/colcon-core/packages/inter_package)
[3.432s] INFO:colcon.colcon_ros.task.ament_cmake.build:Building ROS package in '/home/david/esha_ws/src/launch_esha' with build type 'ament_cmake'
[3.432s] INFO:colcon.colcon_cmake.task.cmake.build:Building CMake package in '/home/david/esha_ws/src/launch_esha'
[3.433s] INFO:colcon.colcon_core.shell:Skip shell extension 'powershell' for command environment: Not usable outside of PowerShell
[3.433s] DEBUG:colcon.colcon_core.shell:Skip shell extension 'dsv' for command environment
[3.452s] DEBUG:colcon.colcon_core.event_handler.log_command:Invoking command in '/home/david/esha_ws/src/monitor': CMAKE_PREFIX_PATH=/home/david/esha_ws/install/rosmonitoring_interfaces:/home/david/esha_ws/install/interfaces:/home/david/esha_ws/install/launch_esha:/opt/ros/jazzy/opt/gz_sim_vendor:/opt/ros/jazzy/opt/gz_sensors_vendor:/opt/ros/jazzy/opt/gz_physics_vendor:/opt/ros/jazzy/opt/sdformat_vendor:/opt/ros/jazzy/opt/gz_gui_vendor:/opt/ros/jazzy/opt/gz_transport_vendor:/opt/ros/jazzy/opt/gz_rendering_vendor:/opt/ros/jazzy/opt/gz_plugin_vendor:/opt/ros/jazzy/opt/gz_fuel_tools_vendor:/opt/ros/jazzy/opt/gz_msgs_vendor:/opt/ros/jazzy/opt/gz_common_vendor:/opt/ros/jazzy/opt/gz_math_vendor:/opt/ros/jazzy/opt/gz_utils_vendor:/opt/ros/jazzy/opt/gz_tools_vendor:/opt/ros/jazzy/opt/gz_ogre_next_vendor:/opt/ros/jazzy/opt/gz_dartsim_vendor:/opt/ros/jazzy/opt/gz_cmake_vendor DEBUGINFOD_URLS=https://debuginfod.ubuntu.com PYTHONPATH=/home/david/esha_ws/build/monitor/prefix_override:/usr/lib/python3/dist-packages/colcon_core/task/python/colcon_distutils_commands:/home/david/esha_ws/install/monitor/lib/python3.12/site-packages:/home/david/esha_ws/install/rosmonitoring_interfaces/lib/python3.12/site-packages:/home/david/esha_ws/install/interfaces/lib/python3.12/site-packages:/home/david/esha_ws/install/monitor/lib/python3.12/site-packages:/home/david/esha_ws/install/inter_package/lib/python3.12/site-packages:/opt/ros/jazzy/lib/python3.12/site-packages /usr/bin/python3 -W ignore:setup.py install is deprecated -W ignore:easy_install command is deprecated setup.py egg_info --egg-base ../../build/monitor build --build-base /home/david/esha_ws/build/monitor/build install --record /home/david/esha_ws/build/monitor/install.log --single-version-externally-managed install_data
[3.464s] DEBUG:colcon.colcon_core.event_handler.log_command:Invoking command in '/home/david/esha_ws/build/launch_esha': AMENT_PREFIX_PATH=/home/david/esha_ws/install/inter_package:/home/david/esha_ws/install/monitor:/home/david/esha_ws/install/rosmonitoring_interfaces:/home/david/esha_ws/install/launch_esha:/home/david/esha_ws/install/interfaces:/opt/ros/jazzy CMAKE_PREFIX_PATH=${CMAKE_PREFIX_PATH}:/home/david/esha_ws/install/monitor:/home/david/esha_ws/install/inter_package:/opt/ros/jazzy DEBUGINFOD_URLS=https://debuginfod.ubuntu.com PYTHONPATH=/home/david/esha_ws/install/inter_package/lib/python3.12/site-packages:/home/david/esha_ws/install/monitor/lib/python3.12/site-packages:/home/david/esha_ws/install/rosmonitoring_interfaces/lib/python3.12/site-packages:/home/david/esha_ws/install/interfaces/lib/python3.12/site-packages:/opt/ros/jazzy/lib/python3.12/site-packages /usr/bin/cmake --build /home/david/esha_ws/build/launch_esha -- -j8 -l8
[4.268s] DEBUG:colcon.colcon_core.event_handler.log_command:Invoked command in '/home/david/esha_ws/build/launch_esha' returned '0': AMENT_PREFIX_PATH=/home/david/esha_ws/install/inter_package:/home/david/esha_ws/install/monitor:/home/david/esha_ws/install/rosmonitoring_interfaces:/home/david/esha_ws/install/launch_esha:/home/david/esha_ws/install/interfaces:/opt/ros/jazzy CMAKE_PREFIX_PATH=${CMAKE_PREFIX_PATH}:/home/david/esha_ws/install/monitor:/home/david/esha_ws/install/inter_package:/opt/ros/jazzy DEBUGINFOD_URLS=https://debuginfod.ubuntu.com PYTHONPATH=/home/david/esha_ws/install/inter_package/lib/python3.12/site-packages:/home/david/esha_ws/install/monitor/lib/python3.12/site-packages:/home/david/esha_ws/install/rosmonitoring_interfaces/lib/python3.12/site-packages:/home/david/esha_ws/install/interfaces/lib/python3.12/site-packages:/opt/ros/jazzy/lib/python3.12/site-packages /usr/bin/cmake --build /home/david/esha_ws/build/launch_esha -- -j8 -l8
[4.270s] DEBUG:colcon.colcon_core.event_handler.log_command:Invoking command in '/home/david/esha_ws/build/launch_esha': AMENT_PREFIX_PATH=/home/david/esha_ws/install/inter_package:/home/david/esha_ws/install/monitor:/home/david/esha_ws/install/rosmonitoring_interfaces:/home/david/esha_ws/install/launch_esha:/home/david/esha_ws/install/interfaces:/opt/ros/jazzy CMAKE_PREFIX_PATH=${CMAKE_PREFIX_PATH}:/home/david/esha_ws/install/monitor:/home/david/esha_ws/install/inter_package:/opt/ros/jazzy DEBUGINFOD_URLS=https://debuginfod.ubuntu.com PYTHONPATH=/home/david/esha_ws/install/inter_package/lib/python3.12/site-packages:/home/david/esha_ws/install/monitor/lib/python3.12/site-packages:/home/david/esha_ws/install/rosmonitoring_interfaces/lib/python3.12/site-packages:/home/david/esha_ws/install/interfaces/lib/python3.12/site-packages:/opt/ros/jazzy/lib/python3.12/site-packages /usr/bin/cmake --install /home/david/esha_ws/build/launch_esha
[4.289s] Level 1:colcon.colcon_core.environment:create_environment_scripts_only(launch_esha)
[4.290s] Level 1:colcon.colcon_core.environment:checking '/home/david/esha_ws/install/launch_esha' for CMake module files
[4.291s] Level 1:colcon.colcon_core.environment:checking '/home/david/esha_ws/install/launch_esha' for CMake config files
[4.291s] Level 1:colcon.colcon_core.shell:create_environment_hook('launch_esha', 'cmake_prefix_path')
[4.291s] INFO:colcon.colcon_core.shell:Creating environment hook '/home/david/esha_ws/install/launch_esha/share/launch_esha/hook/cmake_prefix_path.ps1'
[4.292s] INFO:colcon.colcon_core.shell:Creating environment descriptor '/home/david/esha_ws/install/launch_esha/share/launch_esha/hook/cmake_prefix_path.dsv'
[4.293s] DEBUG:colcon.colcon_core.event_handler.log_command:Invoked command in '/home/david/esha_ws/build/launch_esha' returned '0': AMENT_PREFIX_PATH=/home/david/esha_ws/install/inter_package:/home/david/esha_ws/install/monitor:/home/david/esha_ws/install/rosmonitoring_interfaces:/home/david/esha_ws/install/launch_esha:/home/david/esha_ws/install/interfaces:/opt/ros/jazzy CMAKE_PREFIX_PATH=${CMAKE_PREFIX_PATH}:/home/david/esha_ws/install/monitor:/home/david/esha_ws/install/inter_package:/opt/ros/jazzy DEBUGINFOD_URLS=https://debuginfod.ubuntu.com PYTHONPATH=/home/david/esha_ws/install/inter_package/lib/python3.12/site-packages:/home/david/esha_ws/install/monitor/lib/python3.12/site-packages:/home/david/esha_ws/install/rosmonitoring_interfaces/lib/python3.12/site-packages:/home/david/esha_ws/install/interfaces/lib/python3.12/site-packages:/opt/ros/jazzy/lib/python3.12/site-packages /usr/bin/cmake --install /home/david/esha_ws/build/launch_esha
[4.294s] INFO:colcon.colcon_core.shell:Creating environment hook '/home/david/esha_ws/install/launch_esha/share/launch_esha/hook/cmake_prefix_path.sh'
[4.295s] Level 1:colcon.colcon_core.environment:checking '/home/david/esha_ws/install/launch_esha/bin'
[4.295s] Level 1:colcon.colcon_core.environment:checking '/home/david/esha_ws/install/launch_esha/lib/pkgconfig/launch_esha.pc'
[4.295s] Level 1:colcon.colcon_core.environment:checking '/home/david/esha_ws/install/launch_esha/lib/python3.12/site-packages'
[4.296s] Level 1:colcon.colcon_core.environment:checking '/home/david/esha_ws/install/launch_esha/bin'
[4.296s] INFO:colcon.colcon_core.shell:Creating package script '/home/david/esha_ws/install/launch_esha/share/launch_esha/package.ps1'
[4.297s] INFO:colcon.colcon_core.shell:Creating package descriptor '/home/david/esha_ws/install/launch_esha/share/launch_esha/package.dsv'
[4.297s] INFO:colcon.colcon_core.shell:Creating package script '/home/david/esha_ws/install/launch_esha/share/launch_esha/package.sh'
[4.298s] INFO:colcon.colcon_core.shell:Creating package script '/home/david/esha_ws/install/launch_esha/share/launch_esha/package.bash'
[4.299s] INFO:colcon.colcon_core.shell:Creating package script '/home/david/esha_ws/install/launch_esha/share/launch_esha/package.zsh'
[4.299s] Level 1:colcon.colcon_core.environment:create_file_with_runtime_dependencies(/home/david/esha_ws/install/launch_esha/share/colcon-core/packages/launch_esha)
[4.300s] Level 1:colcon.colcon_core.environment:create_environment_scripts_only(launch_esha)
[4.300s] Level 1:colcon.colcon_core.environment:checking '/home/david/esha_ws/install/launch_esha' for CMake module files
[4.301s] Level 1:colcon.colcon_core.environment:checking '/home/david/esha_ws/install/launch_esha' for CMake config files
[4.301s] Level 1:colcon.colcon_core.shell:create_environment_hook('launch_esha', 'cmake_prefix_path')
[4.301s] INFO:colcon.colcon_core.shell:Creating environment hook '/home/david/esha_ws/install/launch_esha/share/launch_esha/hook/cmake_prefix_path.ps1'
[4.302s] INFO:colcon.colcon_core.shell:Creating environment descriptor '/home/david/esha_ws/install/launch_esha/share/launch_esha/hook/cmake_prefix_path.dsv'
[4.303s] INFO:colcon.colcon_core.shell:Creating environment hook '/home/david/esha_ws/install/launch_esha/share/launch_esha/hook/cmake_prefix_path.sh'
[4.303s] Level 1:colcon.colcon_core.environment:checking '/home/david/esha_ws/install/launch_esha/bin'
[4.304s] Level 1:colcon.colcon_core.environment:checking '/home/david/esha_ws/install/launch_esha/lib/pkgconfig/launch_esha.pc'
[4.304s] Level 1:colcon.colcon_core.environment:checking '/home/david/esha_ws/install/launch_esha/lib/python3.12/site-packages'
[4.304s] Level 1:colcon.colcon_core.environment:checking '/home/david/esha_ws/install/launch_esha/bin'
[4.305s] INFO:colcon.colcon_core.shell:Creating package script '/home/david/esha_ws/install/launch_esha/share/launch_esha/package.ps1'
[4.305s] INFO:colcon.colcon_core.shell:Creating package descriptor '/home/david/esha_ws/install/launch_esha/share/launch_esha/package.dsv'
[4.306s] INFO:colcon.colcon_core.shell:Creating package script '/home/david/esha_ws/install/launch_esha/share/launch_esha/package.sh'
[4.307s] INFO:colcon.colcon_core.shell:Creating package script '/home/david/esha_ws/install/launch_esha/share/launch_esha/package.bash'
[4.308s] INFO:colcon.colcon_core.shell:Creating package script '/home/david/esha_ws/install/launch_esha/share/launch_esha/package.zsh'
[4.308s] Level 1:colcon.colcon_core.environment:create_file_with_runtime_dependencies(/home/david/esha_ws/install/launch_esha/share/colcon-core/packages/launch_esha)
[4.798s] Level 1:colcon.colcon_core.environment:checking '/home/david/esha_ws/install/monitor' for CMake module files
[4.798s] DEBUG:colcon.colcon_core.event_handler.log_command:Invoked command in '/home/david/esha_ws/src/monitor' returned '0': CMAKE_PREFIX_PATH=/home/david/esha_ws/install/rosmonitoring_interfaces:/home/david/esha_ws/install/interfaces:/home/david/esha_ws/install/launch_esha:/opt/ros/jazzy/opt/gz_sim_vendor:/opt/ros/jazzy/opt/gz_sensors_vendor:/opt/ros/jazzy/opt/gz_physics_vendor:/opt/ros/jazzy/opt/sdformat_vendor:/opt/ros/jazzy/opt/gz_gui_vendor:/opt/ros/jazzy/opt/gz_transport_vendor:/opt/ros/jazzy/opt/gz_rendering_vendor:/opt/ros/jazzy/opt/gz_plugin_vendor:/opt/ros/jazzy/opt/gz_fuel_tools_vendor:/opt/ros/jazzy/opt/gz_msgs_vendor:/opt/ros/jazzy/opt/gz_common_vendor:/opt/ros/jazzy/opt/gz_math_vendor:/opt/ros/jazzy/opt/gz_utils_vendor:/opt/ros/jazzy/opt/gz_tools_vendor:/opt/ros/jazzy/opt/gz_ogre_next_vendor:/opt/ros/jazzy/opt/gz_dartsim_vendor:/opt/ros/jazzy/opt/gz_cmake_vendor DEBUGINFOD_URLS=https://debuginfod.ubuntu.com PYTHONPATH=/home/david/esha_ws/build/monitor/prefix_override:/usr/lib/python3/dist-packages/colcon_core/task/python/colcon_distutils_commands:/home/david/esha_ws/install/monitor/lib/python3.12/site-packages:/home/david/esha_ws/install/rosmonitoring_interfaces/lib/python3.12/site-packages:/home/david/esha_ws/install/interfaces/lib/python3.12/site-packages:/home/david/esha_ws/install/monitor/lib/python3.12/site-packages:/home/david/esha_ws/install/inter_package/lib/python3.12/site-packages:/opt/ros/jazzy/lib/python3.12/site-packages /usr/bin/python3 -W ignore:setup.py install is deprecated -W ignore:easy_install command is deprecated setup.py egg_info --egg-base ../../build/monitor build --build-base /home/david/esha_ws/build/monitor/build install --record /home/david/esha_ws/build/monitor/install.log --single-version-externally-managed install_data
[4.799s] Level 1:colcon.colcon_core.environment:checking '/home/david/esha_ws/install/monitor' for CMake config files
[4.800s] Level 1:colcon.colcon_core.environment:checking '/home/david/esha_ws/install/monitor/lib'
[4.800s] Level 1:colcon.colcon_core.environment:checking '/home/david/esha_ws/install/monitor/bin'
[4.800s] Level 1:colcon.colcon_core.environment:checking '/home/david/esha_ws/install/monitor/lib/pkgconfig/monitor.pc'
[4.800s] Level 1:colcon.colcon_core.environment:checking '/home/david/esha_ws/install/monitor/lib/python3.12/site-packages'
[4.800s] Level 1:colcon.colcon_core.shell:create_environment_hook('monitor', 'pythonpath')
[4.801s] INFO:colcon.colcon_core.shell:Creating environment hook '/home/david/esha_ws/install/monitor/share/monitor/hook/pythonpath.ps1'
[4.801s] INFO:colcon.colcon_core.shell:Creating environment descriptor '/home/david/esha_ws/install/monitor/share/monitor/hook/pythonpath.dsv'
[4.802s] INFO:colcon.colcon_core.shell:Creating environment hook '/home/david/esha_ws/install/monitor/share/monitor/hook/pythonpath.sh'
[4.802s] Level 1:colcon.colcon_core.environment:checking '/home/david/esha_ws/install/monitor/bin'
[4.802s] Level 1:colcon.colcon_core.environment:create_environment_scripts_only(monitor)
[4.803s] INFO:colcon.colcon_core.shell:Creating package script '/home/david/esha_ws/install/monitor/share/monitor/package.ps1'
[4.803s] INFO:colcon.colcon_core.shell:Creating package descriptor '/home/david/esha_ws/install/monitor/share/monitor/package.dsv'
[4.804s] INFO:colcon.colcon_core.shell:Creating package script '/home/david/esha_ws/install/monitor/share/monitor/package.sh'
[4.804s] INFO:colcon.colcon_core.shell:Creating package script '/home/david/esha_ws/install/monitor/share/monitor/package.bash'
[4.805s] INFO:colcon.colcon_core.shell:Creating package script '/home/david/esha_ws/install/monitor/share/monitor/package.zsh'
[4.805s] Level 1:colcon.colcon_core.environment:create_file_with_runtime_dependencies(/home/david/esha_ws/install/monitor/share/colcon-core/packages/monitor)
[4.806s] DEBUG:colcon.colcon_parallel_executor.executor.parallel:closing loop
[4.806s] DEBUG:colcon.colcon_parallel_executor.executor.parallel:loop closed
[4.806s] DEBUG:colcon.colcon_parallel_executor.executor.parallel:run_until_complete finished with '0'
[4.806s] DEBUG:colcon.colcon_core.event_reactor:joining thread
[4.812s] INFO:colcon.colcon_core.plugin_system:Skipping extension 'colcon_notification.desktop_notification.terminal_notifier': Not used on non-Darwin systems
[4.812s] INFO:colcon.colcon_core.plugin_system:Skipping extension 'colcon_notification.desktop_notification.win32': Not used on non-Windows systems
[4.812s] INFO:colcon.colcon_notification.desktop_notification:Sending desktop notification using 'notify2'
[4.831s] DEBUG:colcon.colcon_core.event_reactor:joined thread
[4.832s] INFO:colcon.colcon_core.shell:Creating prefix script '/home/david/esha_ws/install/local_setup.ps1'
[4.833s] INFO:colcon.colcon_core.shell:Creating prefix util module '/home/david/esha_ws/install/_local_setup_util_ps1.py'
[4.836s] INFO:colcon.colcon_core.shell:Creating prefix chain script '/home/david/esha_ws/install/setup.ps1'
[4.838s] INFO:colcon.colcon_core.shell:Creating prefix script '/home/david/esha_ws/install/local_setup.sh'
[4.839s] INFO:colcon.colcon_core.shell:Creating prefix util module '/home/david/esha_ws/install/_local_setup_util_sh.py'
[4.840s] INFO:colcon.colcon_core.shell:Creating prefix chain script '/home/david/esha_ws/install/setup.sh'
[4.842s] INFO:colcon.colcon_core.shell:Creating prefix script '/home/david/esha_ws/install/local_setup.bash'
[4.843s] INFO:colcon.colcon_core.shell:Creating prefix chain script '/home/david/esha_ws/install/setup.bash'
[4.844s] INFO:colcon.colcon_core.shell:Creating prefix script '/home/david/esha_ws/install/local_setup.zsh'
[4.845s] INFO:colcon.colcon_core.shell:Creating prefix chain script '/home/david/esha_ws/install/setup.zsh'
