[0.121s] DEBUG:colcon:Command line arguments: ['/usr/bin/colcon', 'build']
[0.121s] DEBUG:colcon:Parsed command line arguments: Namespace(log_base=None, log_level=None, verb_name='build', build_base='build', install_base='install', merge_install=False, symlink_install=False, test_result_base=None, continue_on_error=False, executor='parallel', parallel_workers=8, event_handlers=None, ignore_user_meta=False, metas=['./colcon.meta'], base_paths=['.'], packages_ignore=None, packages_ignore_regex=None, paths=None, packages_up_to=None, packages_up_to_regex=None, packages_above=None, packages_above_and_dependencies=None, packages_above_depth=None, packages_select_by_dep=None, packages_skip_by_dep=None, packages_skip_up_to=None, packages_select_build_failed=False, packages_skip_build_finished=False, packages_select_test_failures=False, packages_skip_test_passed=False, packages_select=None, packages_skip=None, packages_select_regex=None, packages_skip_regex=None, packages_start=None, packages_end=None, allow_overriding=[], cmake_args=None, cmake_target=None, cmake_target_skip_unavailable=False, cmake_clean_cache=False, cmake_clean_first=False, cmake_force_configure=False, ament_cmake_args=None, catkin_cmake_args=None, catkin_skip_building_tests=False, mixin_files=None, mixin=None, verb_parser=<colcon_mixin.mixin.mixin_argument.MixinArgumentDecorator object at 0x7263eaa9f440>, verb_extension=<colcon_core.verb.build.BuildVerb object at 0x7263eabbdcd0>, main=<bound method BuildVerb.main of <colcon_core.verb.build.BuildVerb object at 0x7263eabbdcd0>>, mixin_verb=('build',))
[0.161s] Level 1:colcon.colcon_core.package_discovery:discover_packages(colcon_meta) check parameters
[0.162s] Level 1:colcon.colcon_core.package_discovery:discover_packages(recursive) check parameters
[0.162s] Level 1:colcon.colcon_core.package_discovery:discover_packages(ignore) check parameters
[0.162s] Level 1:colcon.colcon_core.package_discovery:discover_packages(path) check parameters
[0.162s] Level 1:colcon.colcon_core.package_discovery:discover_packages(colcon_meta) discover
[0.162s] Level 1:colcon.colcon_core.package_discovery:discover_packages(recursive) discover
[0.162s] INFO:colcon.colcon_core.package_discovery:Crawling recursively for packages in '/home/david/esha_ws'
[0.162s] Level 1:colcon.colcon_core.package_identification:_identify(.) by extensions ['ignore', 'ignore_ament_install']
[0.162s] Level 1:colcon.colcon_core.package_identification:_identify(.) by extension 'ignore'
[0.162s] Level 1:colcon.colcon_core.package_identification:_identify(.) by extension 'ignore_ament_install'
[0.162s] Level 1:colcon.colcon_core.package_identification:_identify(.) by extensions ['colcon_pkg']
[0.162s] Level 1:colcon.colcon_core.package_identification:_identify(.) by extension 'colcon_pkg'
[0.162s] Level 1:colcon.colcon_core.package_identification:_identify(.) by extensions ['colcon_meta']
[0.162s] Level 1:colcon.colcon_core.package_identification:_identify(.) by extension 'colcon_meta'
[0.162s] Level 1:colcon.colcon_core.package_identification:_identify(.) by extensions ['ros']
[0.162s] Level 1:colcon.colcon_core.package_identification:_identify(.) by extension 'ros'
[0.190s] Level 1:colcon.colcon_core.package_identification:_identify(.) by extensions ['cmake', 'python']
[0.190s] Level 1:colcon.colcon_core.package_identification:_identify(.) by extension 'cmake'
[0.190s] Level 1:colcon.colcon_core.package_identification:_identify(.) by extension 'python'
[0.190s] Level 1:colcon.colcon_core.package_identification:_identify(.) by extensions ['python_setup_py']
[0.190s] Level 1:colcon.colcon_core.package_identification:_identify(.) by extension 'python_setup_py'
[0.190s] Level 1:colcon.colcon_core.package_identification:_identify(build) by extensions ['ignore', 'ignore_ament_install']
[0.190s] Level 1:colcon.colcon_core.package_identification:_identify(build) by extension 'ignore'
[0.190s] Level 1:colcon.colcon_core.package_identification:_identify(build) ignored
[0.190s] Level 1:colcon.colcon_core.package_identification:_identify(install) by extensions ['ignore', 'ignore_ament_install']
[0.191s] Level 1:colcon.colcon_core.package_identification:_identify(install) by extension 'ignore'
[0.191s] Level 1:colcon.colcon_core.package_identification:_identify(install) ignored
[0.191s] Level 1:colcon.colcon_core.package_identification:_identify(log) by extensions ['ignore', 'ignore_ament_install']
[0.191s] Level 1:colcon.colcon_core.package_identification:_identify(log) by extension 'ignore'
[0.191s] Level 1:colcon.colcon_core.package_identification:_identify(log) ignored
[0.191s] Level 1:colcon.colcon_core.package_identification:_identify(src) by extensions ['ignore', 'ignore_ament_install']
[0.191s] Level 1:colcon.colcon_core.package_identification:_identify(src) by extension 'ignore'
[0.191s] Level 1:colcon.colcon_core.package_identification:_identify(src) by extension 'ignore_ament_install'
[0.191s] Level 1:colcon.colcon_core.package_identification:_identify(src) by extensions ['colcon_pkg']
[0.191s] Level 1:colcon.colcon_core.package_identification:_identify(src) by extension 'colcon_pkg'
[0.191s] Level 1:colcon.colcon_core.package_identification:_identify(src) by extensions ['colcon_meta']
[0.191s] Level 1:colcon.colcon_core.package_identification:_identify(src) by extension 'colcon_meta'
[0.191s] Level 1:colcon.colcon_core.package_identification:_identify(src) by extensions ['ros']
[0.191s] Level 1:colcon.colcon_core.package_identification:_identify(src) by extension 'ros'
[0.192s] Level 1:colcon.colcon_core.package_identification:_identify(src) by extensions ['cmake', 'python']
[0.192s] Level 1:colcon.colcon_core.package_identification:_identify(src) by extension 'cmake'
[0.192s] Level 1:colcon.colcon_core.package_identification:_identify(src) by extension 'python'
[0.192s] Level 1:colcon.colcon_core.package_identification:_identify(src) by extensions ['python_setup_py']
[0.192s] Level 1:colcon.colcon_core.package_identification:_identify(src) by extension 'python_setup_py'
[0.192s] Level 1:colcon.colcon_core.package_identification:_identify(src/inter_package) by extensions ['ignore', 'ignore_ament_install']
[0.192s] Level 1:colcon.colcon_core.package_identification:_identify(src/inter_package) by extension 'ignore'
[0.192s] Level 1:colcon.colcon_core.package_identification:_identify(src/inter_package) by extension 'ignore_ament_install'
[0.192s] Level 1:colcon.colcon_core.package_identification:_identify(src/inter_package) by extensions ['colcon_pkg']
[0.192s] Level 1:colcon.colcon_core.package_identification:_identify(src/inter_package) by extension 'colcon_pkg'
[0.192s] Level 1:colcon.colcon_core.package_identification:_identify(src/inter_package) by extensions ['colcon_meta']
[0.192s] Level 1:colcon.colcon_core.package_identification:_identify(src/inter_package) by extension 'colcon_meta'
[0.192s] Level 1:colcon.colcon_core.package_identification:_identify(src/inter_package) by extensions ['ros']
[0.192s] Level 1:colcon.colcon_core.package_identification:_identify(src/inter_package) by extension 'ros'
[0.194s] DEBUG:colcon.colcon_core.package_identification:Package 'src/inter_package' with type 'ros.ament_python' and name 'inter_package'
[0.195s] Level 1:colcon.colcon_core.package_identification:_identify(src/interfaces) by extensions ['ignore', 'ignore_ament_install']
[0.195s] Level 1:colcon.colcon_core.package_identification:_identify(src/interfaces) by extension 'ignore'
[0.195s] Level 1:colcon.colcon_core.package_identification:_identify(src/interfaces) by extension 'ignore_ament_install'
[0.195s] Level 1:colcon.colcon_core.package_identification:_identify(src/interfaces) by extensions ['colcon_pkg']
[0.195s] Level 1:colcon.colcon_core.package_identification:_identify(src/interfaces) by extension 'colcon_pkg'
[0.195s] Level 1:colcon.colcon_core.package_identification:_identify(src/interfaces) by extensions ['colcon_meta']
[0.195s] Level 1:colcon.colcon_core.package_identification:_identify(src/interfaces) by extension 'colcon_meta'
[0.195s] Level 1:colcon.colcon_core.package_identification:_identify(src/interfaces) by extensions ['ros']
[0.195s] Level 1:colcon.colcon_core.package_identification:_identify(src/interfaces) by extension 'ros'
[0.196s] DEBUG:colcon.colcon_core.package_identification:Package 'src/interfaces' with type 'ros.ament_cmake' and name 'interfaces'
[0.196s] Level 1:colcon.colcon_core.package_identification:_identify(src/launch_esha) by extensions ['ignore', 'ignore_ament_install']
[0.196s] Level 1:colcon.colcon_core.package_identification:_identify(src/launch_esha) by extension 'ignore'
[0.196s] Level 1:colcon.colcon_core.package_identification:_identify(src/launch_esha) by extension 'ignore_ament_install'
[0.196s] Level 1:colcon.colcon_core.package_identification:_identify(src/launch_esha) by extensions ['colcon_pkg']
[0.196s] Level 1:colcon.colcon_core.package_identification:_identify(src/launch_esha) by extension 'colcon_pkg'
[0.196s] Level 1:colcon.colcon_core.package_identification:_identify(src/launch_esha) by extensions ['colcon_meta']
[0.196s] Level 1:colcon.colcon_core.package_identification:_identify(src/launch_esha) by extension 'colcon_meta'
[0.196s] Level 1:colcon.colcon_core.package_identification:_identify(src/launch_esha) by extensions ['ros']
[0.196s] Level 1:colcon.colcon_core.package_identification:_identify(src/launch_esha) by extension 'ros'
[0.197s] DEBUG:colcon.colcon_core.package_identification:Package 'src/launch_esha' with type 'ros.ament_cmake' and name 'launch_esha'
[0.197s] Level 1:colcon.colcon_core.package_identification:_identify(src/monitor) by extensions ['ignore', 'ignore_ament_install']
[0.197s] Level 1:colcon.colcon_core.package_identification:_identify(src/monitor) by extension 'ignore'
[0.197s] Level 1:colcon.colcon_core.package_identification:_identify(src/monitor) by extension 'ignore_ament_install'
[0.197s] Level 1:colcon.colcon_core.package_identification:_identify(src/monitor) by extensions ['colcon_pkg']
[0.197s] Level 1:colcon.colcon_core.package_identification:_identify(src/monitor) by extension 'colcon_pkg'
[0.197s] Level 1:colcon.colcon_core.package_identification:_identify(src/monitor) by extensions ['colcon_meta']
[0.197s] Level 1:colcon.colcon_core.package_identification:_identify(src/monitor) by extension 'colcon_meta'
[0.197s] Level 1:colcon.colcon_core.package_identification:_identify(src/monitor) by extensions ['ros']
[0.197s] Level 1:colcon.colcon_core.package_identification:_identify(src/monitor) by extension 'ros'
[0.198s] DEBUG:colcon.colcon_core.package_identification:Package 'src/monitor' with type 'ros.ament_python' and name 'monitor'
[0.198s] Level 1:colcon.colcon_core.package_identification:_identify(src/rosmonitoring_interfaces) by extensions ['ignore', 'ignore_ament_install']
[0.198s] Level 1:colcon.colcon_core.package_identification:_identify(src/rosmonitoring_interfaces) by extension 'ignore'
[0.198s] Level 1:colcon.colcon_core.package_identification:_identify(src/rosmonitoring_interfaces) by extension 'ignore_ament_install'
[0.198s] Level 1:colcon.colcon_core.package_identification:_identify(src/rosmonitoring_interfaces) by extensions ['colcon_pkg']
[0.198s] Level 1:colcon.colcon_core.package_identification:_identify(src/rosmonitoring_interfaces) by extension 'colcon_pkg'
[0.198s] Level 1:colcon.colcon_core.package_identification:_identify(src/rosmonitoring_interfaces) by extensions ['colcon_meta']
[0.198s] Level 1:colcon.colcon_core.package_identification:_identify(src/rosmonitoring_interfaces) by extension 'colcon_meta'
[0.198s] Level 1:colcon.colcon_core.package_identification:_identify(src/rosmonitoring_interfaces) by extensions ['ros']
[0.198s] Level 1:colcon.colcon_core.package_identification:_identify(src/rosmonitoring_interfaces) by extension 'ros'
[0.199s] DEBUG:colcon.colcon_core.package_identification:Package 'src/rosmonitoring_interfaces' with type 'ros.ament_cmake' and name 'rosmonitoring_interfaces'
[0.199s] Level 1:colcon.colcon_core.package_discovery:discover_packages(recursive) using defaults
[0.199s] Level 1:colcon.colcon_core.package_discovery:discover_packages(ignore) discover
[0.199s] Level 1:colcon.colcon_core.package_discovery:discover_packages(ignore) using defaults
[0.199s] Level 1:colcon.colcon_core.package_discovery:discover_packages(path) discover
[0.199s] Level 1:colcon.colcon_core.package_discovery:discover_packages(path) using defaults
[0.216s] Level 1:colcon.colcon_core.package_discovery:discover_packages(prefix_path) check parameters
[0.216s] Level 1:colcon.colcon_core.package_discovery:discover_packages(prefix_path) discover
[0.218s] DEBUG:colcon.colcon_installed_package_information.package_discovery:Found 5 installed packages in /home/david/esha_ws/install
[0.221s] DEBUG:colcon.colcon_installed_package_information.package_discovery:Found 508 installed packages in /opt/ros/jazzy
[0.223s] Level 1:colcon.colcon_core.package_discovery:discover_packages(prefix_path) using defaults
[0.293s] Level 5:colcon.colcon_core.verb:set package 'inter_package' build argument 'cmake_args' from command line to 'None'
[0.293s] Level 5:colcon.colcon_core.verb:set package 'inter_package' build argument 'cmake_target' from command line to 'None'
[0.293s] Level 5:colcon.colcon_core.verb:set package 'inter_package' build argument 'cmake_target_skip_unavailable' from command line to 'False'
[0.293s] Level 5:colcon.colcon_core.verb:set package 'inter_package' build argument 'cmake_clean_cache' from command line to 'False'
[0.293s] Level 5:colcon.colcon_core.verb:set package 'inter_package' build argument 'cmake_clean_first' from command line to 'False'
[0.293s] Level 5:colcon.colcon_core.verb:set package 'inter_package' build argument 'cmake_force_configure' from command line to 'False'
[0.293s] Level 5:colcon.colcon_core.verb:set package 'inter_package' build argument 'ament_cmake_args' from command line to 'None'
[0.293s] Level 5:colcon.colcon_core.verb:set package 'inter_package' build argument 'catkin_cmake_args' from command line to 'None'
[0.293s] Level 5:colcon.colcon_core.verb:set package 'inter_package' build argument 'catkin_skip_building_tests' from command line to 'False'
[0.293s] DEBUG:colcon.colcon_core.verb:Building package 'inter_package' with the following arguments: {'ament_cmake_args': None, 'build_base': '/home/david/esha_ws/build/inter_package', 'catkin_cmake_args': None, 'catkin_skip_building_tests': False, 'cmake_args': None, 'cmake_clean_cache': False, 'cmake_clean_first': False, 'cmake_force_configure': False, 'cmake_target': None, 'cmake_target_skip_unavailable': False, 'install_base': '/home/david/esha_ws/install/inter_package', 'merge_install': False, 'path': '/home/david/esha_ws/src/inter_package', 'symlink_install': False, 'test_result_base': None}
[0.293s] Level 5:colcon.colcon_core.verb:set package 'interfaces' build argument 'cmake_args' from command line to 'None'
[0.294s] Level 5:colcon.colcon_core.verb:set package 'interfaces' build argument 'cmake_target' from command line to 'None'
[0.294s] Level 5:colcon.colcon_core.verb:set package 'interfaces' build argument 'cmake_target_skip_unavailable' from command line to 'False'
[0.294s] Level 5:colcon.colcon_core.verb:set package 'interfaces' build argument 'cmake_clean_cache' from command line to 'False'
[0.294s] Level 5:colcon.colcon_core.verb:set package 'interfaces' build argument 'cmake_clean_first' from command line to 'False'
[0.294s] Level 5:colcon.colcon_core.verb:set package 'interfaces' build argument 'cmake_force_configure' from command line to 'False'
[0.294s] Level 5:colcon.colcon_core.verb:set package 'interfaces' build argument 'ament_cmake_args' from command line to 'None'
[0.294s] Level 5:colcon.colcon_core.verb:set package 'interfaces' build argument 'catkin_cmake_args' from command line to 'None'
[0.294s] Level 5:colcon.colcon_core.verb:set package 'interfaces' build argument 'catkin_skip_building_tests' from command line to 'False'
[0.294s] DEBUG:colcon.colcon_core.verb:Building package 'interfaces' with the following arguments: {'ament_cmake_args': None, 'build_base': '/home/david/esha_ws/build/interfaces', 'catkin_cmake_args': None, 'catkin_skip_building_tests': False, 'cmake_args': None, 'cmake_clean_cache': False, 'cmake_clean_first': False, 'cmake_force_configure': False, 'cmake_target': None, 'cmake_target_skip_unavailable': False, 'install_base': '/home/david/esha_ws/install/interfaces', 'merge_install': False, 'path': '/home/david/esha_ws/src/interfaces', 'symlink_install': False, 'test_result_base': None}
[0.294s] Level 5:colcon.colcon_core.verb:set package 'rosmonitoring_interfaces' build argument 'cmake_args' from command line to 'None'
[0.294s] Level 5:colcon.colcon_core.verb:set package 'rosmonitoring_interfaces' build argument 'cmake_target' from command line to 'None'
[0.294s] Level 5:colcon.colcon_core.verb:set package 'rosmonitoring_interfaces' build argument 'cmake_target_skip_unavailable' from command line to 'False'
[0.294s] Level 5:colcon.colcon_core.verb:set package 'rosmonitoring_interfaces' build argument 'cmake_clean_cache' from command line to 'False'
[0.294s] Level 5:colcon.colcon_core.verb:set package 'rosmonitoring_interfaces' build argument 'cmake_clean_first' from command line to 'False'
[0.294s] Level 5:colcon.colcon_core.verb:set package 'rosmonitoring_interfaces' build argument 'cmake_force_configure' from command line to 'False'
[0.294s] Level 5:colcon.colcon_core.verb:set package 'rosmonitoring_interfaces' build argument 'ament_cmake_args' from command line to 'None'
[0.294s] Level 5:colcon.colcon_core.verb:set package 'rosmonitoring_interfaces' build argument 'catkin_cmake_args' from command line to 'None'
[0.294s] Level 5:colcon.colcon_core.verb:set package 'rosmonitoring_interfaces' build argument 'catkin_skip_building_tests' from command line to 'False'
[0.294s] DEBUG:colcon.colcon_core.verb:Building package 'rosmonitoring_interfaces' with the following arguments: {'ament_cmake_args': None, 'build_base': '/home/david/esha_ws/build/rosmonitoring_interfaces', 'catkin_cmake_args': None, 'catkin_skip_building_tests': False, 'cmake_args': None, 'cmake_clean_cache': False, 'cmake_clean_first': False, 'cmake_force_configure': False, 'cmake_target': None, 'cmake_target_skip_unavailable': False, 'install_base': '/home/david/esha_ws/install/rosmonitoring_interfaces', 'merge_install': False, 'path': '/home/david/esha_ws/src/rosmonitoring_interfaces', 'symlink_install': False, 'test_result_base': None}
[0.295s] Level 5:colcon.colcon_core.verb:set package 'launch_esha' build argument 'cmake_args' from command line to 'None'
[0.295s] Level 5:colcon.colcon_core.verb:set package 'launch_esha' build argument 'cmake_target' from command line to 'None'
[0.295s] Level 5:colcon.colcon_core.verb:set package 'launch_esha' build argument 'cmake_target_skip_unavailable' from command line to 'False'
[0.295s] Level 5:colcon.colcon_core.verb:set package 'launch_esha' build argument 'cmake_clean_cache' from command line to 'False'
[0.295s] Level 5:colcon.colcon_core.verb:set package 'launch_esha' build argument 'cmake_clean_first' from command line to 'False'
[0.295s] Level 5:colcon.colcon_core.verb:set package 'launch_esha' build argument 'cmake_force_configure' from command line to 'False'
[0.295s] Level 5:colcon.colcon_core.verb:set package 'launch_esha' build argument 'ament_cmake_args' from command line to 'None'
[0.295s] Level 5:colcon.colcon_core.verb:set package 'launch_esha' build argument 'catkin_cmake_args' from command line to 'None'
[0.295s] Level 5:colcon.colcon_core.verb:set package 'launch_esha' build argument 'catkin_skip_building_tests' from command line to 'False'
[0.295s] DEBUG:colcon.colcon_core.verb:Building package 'launch_esha' with the following arguments: {'ament_cmake_args': None, 'build_base': '/home/david/esha_ws/build/launch_esha', 'catkin_cmake_args': None, 'catkin_skip_building_tests': False, 'cmake_args': None, 'cmake_clean_cache': False, 'cmake_clean_first': False, 'cmake_force_configure': False, 'cmake_target': None, 'cmake_target_skip_unavailable': False, 'install_base': '/home/david/esha_ws/install/launch_esha', 'merge_install': False, 'path': '/home/david/esha_ws/src/launch_esha', 'symlink_install': False, 'test_result_base': None}
[0.295s] Level 5:colcon.colcon_core.verb:set package 'monitor' build argument 'cmake_args' from command line to 'None'
[0.295s] Level 5:colcon.colcon_core.verb:set package 'monitor' build argument 'cmake_target' from command line to 'None'
[0.295s] Level 5:colcon.colcon_core.verb:set package 'monitor' build argument 'cmake_target_skip_unavailable' from command line to 'False'
[0.295s] Level 5:colcon.colcon_core.verb:set package 'monitor' build argument 'cmake_clean_cache' from command line to 'False'
[0.295s] Level 5:colcon.colcon_core.verb:set package 'monitor' build argument 'cmake_clean_first' from command line to 'False'
[0.295s] Level 5:colcon.colcon_core.verb:set package 'monitor' build argument 'cmake_force_configure' from command line to 'False'
[0.295s] Level 5:colcon.colcon_core.verb:set package 'monitor' build argument 'ament_cmake_args' from command line to 'None'
[0.295s] Level 5:colcon.colcon_core.verb:set package 'monitor' build argument 'catkin_cmake_args' from command line to 'None'
[0.295s] Level 5:colcon.colcon_core.verb:set package 'monitor' build argument 'catkin_skip_building_tests' from command line to 'False'
[0.295s] DEBUG:colcon.colcon_core.verb:Building package 'monitor' with the following arguments: {'ament_cmake_args': None, 'build_base': '/home/david/esha_ws/build/monitor', 'catkin_cmake_args': None, 'catkin_skip_building_tests': False, 'cmake_args': None, 'cmake_clean_cache': False, 'cmake_clean_first': False, 'cmake_force_configure': False, 'cmake_target': None, 'cmake_target_skip_unavailable': False, 'install_base': '/home/david/esha_ws/install/monitor', 'merge_install': False, 'path': '/home/david/esha_ws/src/monitor', 'symlink_install': False, 'test_result_base': None}
[0.295s] INFO:colcon.colcon_core.executor:Executing jobs using 'parallel' executor
[0.297s] DEBUG:colcon.colcon_parallel_executor.executor.parallel:run_until_complete
[0.297s] INFO:colcon.colcon_ros.task.ament_python.build:Building ROS package in '/home/david/esha_ws/src/inter_package' with build type 'ament_python'
[0.297s] Level 1:colcon.colcon_core.shell:create_environment_hook('inter_package', 'ament_prefix_path')
[0.300s] INFO:colcon.colcon_core.plugin_system:Skipping extension 'colcon_core.shell.bat': Not used on non-Windows systems
[0.301s] INFO:colcon.colcon_core.shell:Creating environment hook '/home/david/esha_ws/install/inter_package/share/inter_package/hook/ament_prefix_path.ps1'
[0.301s] INFO:colcon.colcon_core.shell:Creating environment descriptor '/home/david/esha_ws/install/inter_package/share/inter_package/hook/ament_prefix_path.dsv'
[0.302s] INFO:colcon.colcon_core.shell:Creating environment hook '/home/david/esha_ws/install/inter_package/share/inter_package/hook/ament_prefix_path.sh'
[0.303s] INFO:colcon.colcon_core.shell:Skip shell extension 'powershell' for command environment: Not usable outside of PowerShell
[0.303s] DEBUG:colcon.colcon_core.shell:Skip shell extension 'dsv' for command environment
[0.308s] INFO:colcon.colcon_ros.task.ament_cmake.build:Building ROS package in '/home/david/esha_ws/src/interfaces' with build type 'ament_cmake'
[0.308s] INFO:colcon.colcon_cmake.task.cmake.build:Building CMake package in '/home/david/esha_ws/src/interfaces'
[0.309s] INFO:colcon.colcon_core.shell:Skip shell extension 'powershell' for command environment: Not usable outside of PowerShell
[0.309s] DEBUG:colcon.colcon_core.shell:Skip shell extension 'dsv' for command environment
[0.314s] INFO:colcon.colcon_ros.task.ament_cmake.build:Building ROS package in '/home/david/esha_ws/src/rosmonitoring_interfaces' with build type 'ament_cmake'
[0.314s] INFO:colcon.colcon_cmake.task.cmake.build:Building CMake package in '/home/david/esha_ws/src/rosmonitoring_interfaces'
[0.314s] INFO:colcon.colcon_core.shell:Skip shell extension 'powershell' for command environment: Not usable outside of PowerShell
[0.314s] DEBUG:colcon.colcon_core.shell:Skip shell extension 'dsv' for command environment
[0.588s] INFO:colcon.colcon_core.task.python.build:Building Python package in '/home/david/esha_ws/src/inter_package'
[0.588s] INFO:colcon.colcon_core.shell:Skip shell extension 'powershell' for command environment: Not usable outside of PowerShell
[0.589s] DEBUG:colcon.colcon_core.shell:Skip shell extension 'dsv' for command environment
[0.596s] DEBUG:colcon.colcon_core.event_handler.log_command:Invoking command in '/home/david/esha_ws/build/interfaces': CMAKE_PREFIX_PATH=${CMAKE_PREFIX_PATH}:/home/david/esha_ws/install/monitor:/home/david/esha_ws/install/inter_package:/opt/ros/jazzy DEBUGINFOD_URLS=https://debuginfod.ubuntu.com /usr/bin/cmake --build /home/david/esha_ws/build/interfaces -- -j8 -l8
[0.602s] DEBUG:colcon.colcon_core.event_handler.log_command:Invoking command in '/home/david/esha_ws/build/rosmonitoring_interfaces': CMAKE_PREFIX_PATH=${CMAKE_PREFIX_PATH}:/home/david/esha_ws/install/monitor:/home/david/esha_ws/install/inter_package:/opt/ros/jazzy DEBUGINFOD_URLS=https://debuginfod.ubuntu.com /usr/bin/cmake --build /home/david/esha_ws/build/rosmonitoring_interfaces -- -j8 -l8
[1.337s] DEBUG:colcon.colcon_core.event_handler.log_command:Invoked command in '/home/david/esha_ws/build/rosmonitoring_interfaces' returned '0': CMAKE_PREFIX_PATH=${CMAKE_PREFIX_PATH}:/home/david/esha_ws/install/monitor:/home/david/esha_ws/install/inter_package:/opt/ros/jazzy DEBUGINFOD_URLS=https://debuginfod.ubuntu.com /usr/bin/cmake --build /home/david/esha_ws/build/rosmonitoring_interfaces -- -j8 -l8
[1.351s] DEBUG:colcon.colcon_core.event_handler.log_command:Invoking command in '/home/david/esha_ws/build/rosmonitoring_interfaces': CMAKE_PREFIX_PATH=${CMAKE_PREFIX_PATH}:/home/david/esha_ws/install/monitor:/home/david/esha_ws/install/inter_package:/opt/ros/jazzy DEBUGINFOD_URLS=https://debuginfod.ubuntu.com /usr/bin/cmake --install /home/david/esha_ws/build/rosmonitoring_interfaces
[1.355s] DEBUG:colcon.colcon_core.event_handler.log_command:Invoked command in '/home/david/esha_ws/build/interfaces' returned '0': CMAKE_PREFIX_PATH=${CMAKE_PREFIX_PATH}:/home/david/esha_ws/install/monitor:/home/david/esha_ws/install/inter_package:/opt/ros/jazzy DEBUGINFOD_URLS=https://debuginfod.ubuntu.com /usr/bin/cmake --build /home/david/esha_ws/build/interfaces -- -j8 -l8
[1.356s] DEBUG:colcon.colcon_core.event_handler.log_command:Invoking command in '/home/david/esha_ws/build/interfaces': CMAKE_PREFIX_PATH=${CMAKE_PREFIX_PATH}:/home/david/esha_ws/install/monitor:/home/david/esha_ws/install/inter_package:/opt/ros/jazzy DEBUGINFOD_URLS=https://debuginfod.ubuntu.com /usr/bin/cmake --install /home/david/esha_ws/build/interfaces
[1.455s] Level 1:colcon.colcon_core.environment:create_environment_scripts_only(rosmonitoring_interfaces)
[1.456s] DEBUG:colcon.colcon_core.event_handler.log_command:Invoked command in '/home/david/esha_ws/build/rosmonitoring_interfaces' returned '0': CMAKE_PREFIX_PATH=${CMAKE_PREFIX_PATH}:/home/david/esha_ws/install/monitor:/home/david/esha_ws/install/inter_package:/opt/ros/jazzy DEBUGINFOD_URLS=https://debuginfod.ubuntu.com /usr/bin/cmake --install /home/david/esha_ws/build/rosmonitoring_interfaces
[1.459s] Level 1:colcon.colcon_core.environment:checking '/home/david/esha_ws/install/rosmonitoring_interfaces' for CMake module files
[1.459s] Level 1:colcon.colcon_core.environment:checking '/home/david/esha_ws/install/rosmonitoring_interfaces' for CMake config files
[1.460s] Level 1:colcon.colcon_core.shell:create_environment_hook('rosmonitoring_interfaces', 'cmake_prefix_path')
[1.460s] INFO:colcon.colcon_core.shell:Creating environment hook '/home/david/esha_ws/install/rosmonitoring_interfaces/share/rosmonitoring_interfaces/hook/cmake_prefix_path.ps1'
[1.461s] INFO:colcon.colcon_core.shell:Creating environment descriptor '/home/david/esha_ws/install/rosmonitoring_interfaces/share/rosmonitoring_interfaces/hook/cmake_prefix_path.dsv'
[1.462s] INFO:colcon.colcon_core.shell:Creating environment hook '/home/david/esha_ws/install/rosmonitoring_interfaces/share/rosmonitoring_interfaces/hook/cmake_prefix_path.sh'
[1.463s] Level 1:colcon.colcon_core.environment:checking '/home/david/esha_ws/install/rosmonitoring_interfaces/lib'
[1.463s] Level 1:colcon.colcon_core.shell:create_environment_hook('rosmonitoring_interfaces', 'ld_library_path_lib')
[1.463s] INFO:colcon.colcon_core.shell:Creating environment hook '/home/david/esha_ws/install/rosmonitoring_interfaces/share/rosmonitoring_interfaces/hook/ld_library_path_lib.ps1'
[1.464s] INFO:colcon.colcon_core.shell:Creating environment descriptor '/home/david/esha_ws/install/rosmonitoring_interfaces/share/rosmonitoring_interfaces/hook/ld_library_path_lib.dsv'
[1.464s] INFO:colcon.colcon_core.shell:Creating environment hook '/home/david/esha_ws/install/rosmonitoring_interfaces/share/rosmonitoring_interfaces/hook/ld_library_path_lib.sh'
[1.465s] Level 1:colcon.colcon_core.environment:checking '/home/david/esha_ws/install/rosmonitoring_interfaces/bin'
[1.465s] Level 1:colcon.colcon_core.environment:checking '/home/david/esha_ws/install/rosmonitoring_interfaces/lib/pkgconfig/rosmonitoring_interfaces.pc'
[1.465s] Level 1:colcon.colcon_core.environment:checking '/home/david/esha_ws/install/rosmonitoring_interfaces/lib/python3.12/site-packages'
[1.465s] Level 1:colcon.colcon_core.shell:create_environment_hook('rosmonitoring_interfaces', 'pythonpath')
[1.466s] INFO:colcon.colcon_core.shell:Creating environment hook '/home/david/esha_ws/install/rosmonitoring_interfaces/share/rosmonitoring_interfaces/hook/pythonpath.ps1'
[1.466s] INFO:colcon.colcon_core.shell:Creating environment descriptor '/home/david/esha_ws/install/rosmonitoring_interfaces/share/rosmonitoring_interfaces/hook/pythonpath.dsv'
[1.466s] INFO:colcon.colcon_core.shell:Creating environment hook '/home/david/esha_ws/install/rosmonitoring_interfaces/share/rosmonitoring_interfaces/hook/pythonpath.sh'
[1.468s] Level 1:colcon.colcon_core.environment:checking '/home/david/esha_ws/install/rosmonitoring_interfaces/bin'
[1.468s] INFO:colcon.colcon_core.shell:Creating package script '/home/david/esha_ws/install/rosmonitoring_interfaces/share/rosmonitoring_interfaces/package.ps1'
[1.471s] INFO:colcon.colcon_core.shell:Creating package descriptor '/home/david/esha_ws/install/rosmonitoring_interfaces/share/rosmonitoring_interfaces/package.dsv'
[1.475s] INFO:colcon.colcon_core.shell:Creating package script '/home/david/esha_ws/install/rosmonitoring_interfaces/share/rosmonitoring_interfaces/package.sh'
[1.480s] INFO:colcon.colcon_core.shell:Creating package script '/home/david/esha_ws/install/rosmonitoring_interfaces/share/rosmonitoring_interfaces/package.bash'
[1.483s] INFO:colcon.colcon_core.shell:Creating package script '/home/david/esha_ws/install/rosmonitoring_interfaces/share/rosmonitoring_interfaces/package.zsh'
[1.484s] Level 1:colcon.colcon_core.environment:create_file_with_runtime_dependencies(/home/david/esha_ws/install/rosmonitoring_interfaces/share/colcon-core/packages/rosmonitoring_interfaces)
[1.485s] Level 1:colcon.colcon_core.environment:create_environment_scripts_only(rosmonitoring_interfaces)
[1.486s] Level 1:colcon.colcon_core.environment:checking '/home/david/esha_ws/install/rosmonitoring_interfaces' for CMake module files
[1.487s] Level 1:colcon.colcon_core.environment:checking '/home/david/esha_ws/install/rosmonitoring_interfaces' for CMake config files
[1.488s] Level 1:colcon.colcon_core.shell:create_environment_hook('rosmonitoring_interfaces', 'cmake_prefix_path')
[1.488s] INFO:colcon.colcon_core.shell:Creating environment hook '/home/david/esha_ws/install/rosmonitoring_interfaces/share/rosmonitoring_interfaces/hook/cmake_prefix_path.ps1'
[1.489s] INFO:colcon.colcon_core.shell:Creating environment descriptor '/home/david/esha_ws/install/rosmonitoring_interfaces/share/rosmonitoring_interfaces/hook/cmake_prefix_path.dsv'
[1.490s] INFO:colcon.colcon_core.shell:Creating environment hook '/home/david/esha_ws/install/rosmonitoring_interfaces/share/rosmonitoring_interfaces/hook/cmake_prefix_path.sh'
[1.491s] Level 1:colcon.colcon_core.environment:checking '/home/david/esha_ws/install/rosmonitoring_interfaces/lib'
[1.491s] Level 1:colcon.colcon_core.shell:create_environment_hook('rosmonitoring_interfaces', 'ld_library_path_lib')
[1.491s] INFO:colcon.colcon_core.shell:Creating environment hook '/home/david/esha_ws/install/rosmonitoring_interfaces/share/rosmonitoring_interfaces/hook/ld_library_path_lib.ps1'
[1.492s] INFO:colcon.colcon_core.shell:Creating environment descriptor '/home/david/esha_ws/install/rosmonitoring_interfaces/share/rosmonitoring_interfaces/hook/ld_library_path_lib.dsv'
[1.493s] INFO:colcon.colcon_core.shell:Creating environment hook '/home/david/esha_ws/install/rosmonitoring_interfaces/share/rosmonitoring_interfaces/hook/ld_library_path_lib.sh'
[1.493s] Level 1:colcon.colcon_core.environment:checking '/home/david/esha_ws/install/rosmonitoring_interfaces/bin'
[1.494s] Level 1:colcon.colcon_core.environment:checking '/home/david/esha_ws/install/rosmonitoring_interfaces/lib/pkgconfig/rosmonitoring_interfaces.pc'
[1.494s] Level 1:colcon.colcon_core.environment:checking '/home/david/esha_ws/install/rosmonitoring_interfaces/lib/python3.12/site-packages'
[1.494s] Level 1:colcon.colcon_core.shell:create_environment_hook('rosmonitoring_interfaces', 'pythonpath')
[1.495s] INFO:colcon.colcon_core.shell:Creating environment hook '/home/david/esha_ws/install/rosmonitoring_interfaces/share/rosmonitoring_interfaces/hook/pythonpath.ps1'
[1.495s] INFO:colcon.colcon_core.shell:Creating environment descriptor '/home/david/esha_ws/install/rosmonitoring_interfaces/share/rosmonitoring_interfaces/hook/pythonpath.dsv'
[1.496s] INFO:colcon.colcon_core.shell:Creating environment hook '/home/david/esha_ws/install/rosmonitoring_interfaces/share/rosmonitoring_interfaces/hook/pythonpath.sh'
[1.497s] Level 1:colcon.colcon_core.environment:checking '/home/david/esha_ws/install/rosmonitoring_interfaces/bin'
[1.498s] INFO:colcon.colcon_core.shell:Creating package script '/home/david/esha_ws/install/rosmonitoring_interfaces/share/rosmonitoring_interfaces/package.ps1'
[1.499s] INFO:colcon.colcon_core.shell:Creating package descriptor '/home/david/esha_ws/install/rosmonitoring_interfaces/share/rosmonitoring_interfaces/package.dsv'
[1.500s] INFO:colcon.colcon_core.shell:Creating package script '/home/david/esha_ws/install/rosmonitoring_interfaces/share/rosmonitoring_interfaces/package.sh'
[1.502s] INFO:colcon.colcon_core.shell:Creating package script '/home/david/esha_ws/install/rosmonitoring_interfaces/share/rosmonitoring_interfaces/package.bash'
[1.503s] INFO:colcon.colcon_core.shell:Creating package script '/home/david/esha_ws/install/rosmonitoring_interfaces/share/rosmonitoring_interfaces/package.zsh'
[1.504s] Level 1:colcon.colcon_core.environment:create_file_with_runtime_dependencies(/home/david/esha_ws/install/rosmonitoring_interfaces/share/colcon-core/packages/rosmonitoring_interfaces)
[1.506s] Level 1:colcon.colcon_core.environment:create_environment_scripts_only(interfaces)
[1.506s] Level 1:colcon.colcon_core.environment:checking '/home/david/esha_ws/install/interfaces' for CMake module files
[1.507s] Level 1:colcon.colcon_core.environment:checking '/home/david/esha_ws/install/interfaces' for CMake config files
[1.508s] Level 1:colcon.colcon_core.shell:create_environment_hook('interfaces', 'cmake_prefix_path')
[1.508s] INFO:colcon.colcon_core.shell:Creating environment hook '/home/david/esha_ws/install/interfaces/share/interfaces/hook/cmake_prefix_path.ps1'
[1.509s] DEBUG:colcon.colcon_core.event_handler.log_command:Invoked command in '/home/david/esha_ws/build/interfaces' returned '0': CMAKE_PREFIX_PATH=${CMAKE_PREFIX_PATH}:/home/david/esha_ws/install/monitor:/home/david/esha_ws/install/inter_package:/opt/ros/jazzy DEBUGINFOD_URLS=https://debuginfod.ubuntu.com /usr/bin/cmake --install /home/david/esha_ws/build/interfaces
[1.510s] INFO:colcon.colcon_core.shell:Creating environment descriptor '/home/david/esha_ws/install/interfaces/share/interfaces/hook/cmake_prefix_path.dsv'
[1.511s] INFO:colcon.colcon_core.shell:Creating environment hook '/home/david/esha_ws/install/interfaces/share/interfaces/hook/cmake_prefix_path.sh'
[1.512s] Level 1:colcon.colcon_core.environment:checking '/home/david/esha_ws/install/interfaces/lib'
[1.512s] Level 1:colcon.colcon_core.shell:create_environment_hook('interfaces', 'ld_library_path_lib')
[1.512s] INFO:colcon.colcon_core.shell:Creating environment hook '/home/david/esha_ws/install/interfaces/share/interfaces/hook/ld_library_path_lib.ps1'
[1.513s] INFO:colcon.colcon_core.shell:Creating environment descriptor '/home/david/esha_ws/install/interfaces/share/interfaces/hook/ld_library_path_lib.dsv'
[1.513s] INFO:colcon.colcon_core.shell:Creating environment hook '/home/david/esha_ws/install/interfaces/share/interfaces/hook/ld_library_path_lib.sh'
[1.514s] Level 1:colcon.colcon_core.environment:checking '/home/david/esha_ws/install/interfaces/bin'
[1.514s] Level 1:colcon.colcon_core.environment:checking '/home/david/esha_ws/install/interfaces/lib/pkgconfig/interfaces.pc'
[1.515s] Level 1:colcon.colcon_core.environment:checking '/home/david/esha_ws/install/interfaces/lib/python3.12/site-packages'
[1.515s] Level 1:colcon.colcon_core.shell:create_environment_hook('interfaces', 'pythonpath')
[1.515s] INFO:colcon.colcon_core.shell:Creating environment hook '/home/david/esha_ws/install/interfaces/share/interfaces/hook/pythonpath.ps1'
[1.516s] INFO:colcon.colcon_core.shell:Creating environment descriptor '/home/david/esha_ws/install/interfaces/share/interfaces/hook/pythonpath.dsv'
[1.517s] INFO:colcon.colcon_core.shell:Creating environment hook '/home/david/esha_ws/install/interfaces/share/interfaces/hook/pythonpath.sh'
[1.518s] Level 1:colcon.colcon_core.environment:checking '/home/david/esha_ws/install/interfaces/bin'
[1.518s] INFO:colcon.colcon_core.shell:Creating package script '/home/david/esha_ws/install/interfaces/share/interfaces/package.ps1'
[1.519s] INFO:colcon.colcon_core.shell:Creating package descriptor '/home/david/esha_ws/install/interfaces/share/interfaces/package.dsv'
[1.520s] INFO:colcon.colcon_core.shell:Creating package script '/home/david/esha_ws/install/interfaces/share/interfaces/package.sh'
[1.521s] INFO:colcon.colcon_core.shell:Creating package script '/home/david/esha_ws/install/interfaces/share/interfaces/package.bash'
[1.522s] INFO:colcon.colcon_core.shell:Creating package script '/home/david/esha_ws/install/interfaces/share/interfaces/package.zsh'
[1.523s] Level 1:colcon.colcon_core.environment:create_file_with_runtime_dependencies(/home/david/esha_ws/install/interfaces/share/colcon-core/packages/interfaces)
[1.524s] Level 1:colcon.colcon_core.environment:create_environment_scripts_only(interfaces)
[1.524s] Level 1:colcon.colcon_core.environment:checking '/home/david/esha_ws/install/interfaces' for CMake module files
[1.526s] Level 1:colcon.colcon_core.environment:checking '/home/david/esha_ws/install/interfaces' for CMake config files
[1.526s] Level 1:colcon.colcon_core.shell:create_environment_hook('interfaces', 'cmake_prefix_path')
[1.526s] INFO:colcon.colcon_core.shell:Creating environment hook '/home/david/esha_ws/install/interfaces/share/interfaces/hook/cmake_prefix_path.ps1'
[1.527s] INFO:colcon.colcon_core.shell:Creating environment descriptor '/home/david/esha_ws/install/interfaces/share/interfaces/hook/cmake_prefix_path.dsv'
[1.528s] INFO:colcon.colcon_core.shell:Creating environment hook '/home/david/esha_ws/install/interfaces/share/interfaces/hook/cmake_prefix_path.sh'
[1.529s] Level 1:colcon.colcon_core.environment:checking '/home/david/esha_ws/install/interfaces/lib'
[1.529s] Level 1:colcon.colcon_core.shell:create_environment_hook('interfaces', 'ld_library_path_lib')
[1.529s] INFO:colcon.colcon_core.shell:Creating environment hook '/home/david/esha_ws/install/interfaces/share/interfaces/hook/ld_library_path_lib.ps1'
[1.530s] INFO:colcon.colcon_core.shell:Creating environment descriptor '/home/david/esha_ws/install/interfaces/share/interfaces/hook/ld_library_path_lib.dsv'
[1.531s] INFO:colcon.colcon_core.shell:Creating environment hook '/home/david/esha_ws/install/interfaces/share/interfaces/hook/ld_library_path_lib.sh'
[1.531s] Level 1:colcon.colcon_core.environment:checking '/home/david/esha_ws/install/interfaces/bin'
[1.531s] Level 1:colcon.colcon_core.environment:checking '/home/david/esha_ws/install/interfaces/lib/pkgconfig/interfaces.pc'
[1.532s] Level 1:colcon.colcon_core.environment:checking '/home/david/esha_ws/install/interfaces/lib/python3.12/site-packages'
[1.532s] Level 1:colcon.colcon_core.shell:create_environment_hook('interfaces', 'pythonpath')
[1.532s] INFO:colcon.colcon_core.shell:Creating environment hook '/home/david/esha_ws/install/interfaces/share/interfaces/hook/pythonpath.ps1'
[1.533s] INFO:colcon.colcon_core.shell:Creating environment descriptor '/home/david/esha_ws/install/interfaces/share/interfaces/hook/pythonpath.dsv'
[1.534s] INFO:colcon.colcon_core.shell:Creating environment hook '/home/david/esha_ws/install/interfaces/share/interfaces/hook/pythonpath.sh'
[1.535s] Level 1:colcon.colcon_core.environment:checking '/home/david/esha_ws/install/interfaces/bin'
[1.535s] INFO:colcon.colcon_core.shell:Creating package script '/home/david/esha_ws/install/interfaces/share/interfaces/package.ps1'
[1.536s] INFO:colcon.colcon_core.shell:Creating package descriptor '/home/david/esha_ws/install/interfaces/share/interfaces/package.dsv'
[1.538s] INFO:colcon.colcon_core.shell:Creating package script '/home/david/esha_ws/install/interfaces/share/interfaces/package.sh'
[1.539s] INFO:colcon.colcon_core.shell:Creating package script '/home/david/esha_ws/install/interfaces/share/interfaces/package.bash'
[1.539s] INFO:colcon.colcon_core.shell:Creating package script '/home/david/esha_ws/install/interfaces/share/interfaces/package.zsh'
[1.540s] Level 1:colcon.colcon_core.environment:create_file_with_runtime_dependencies(/home/david/esha_ws/install/interfaces/share/colcon-core/packages/interfaces)
[1.541s] INFO:colcon.colcon_ros.task.ament_python.build:Building ROS package in '/home/david/esha_ws/src/monitor' with build type 'ament_python'
[1.541s] Level 1:colcon.colcon_core.shell:create_environment_hook('monitor', 'ament_prefix_path')
[1.541s] INFO:colcon.colcon_core.shell:Creating environment hook '/home/david/esha_ws/install/monitor/share/monitor/hook/ament_prefix_path.ps1'
[1.542s] INFO:colcon.colcon_core.shell:Creating environment descriptor '/home/david/esha_ws/install/monitor/share/monitor/hook/ament_prefix_path.dsv'
[1.543s] INFO:colcon.colcon_core.shell:Creating environment hook '/home/david/esha_ws/install/monitor/share/monitor/hook/ament_prefix_path.sh'
[1.544s] INFO:colcon.colcon_core.shell:Skip shell extension 'powershell' for command environment: Not usable outside of PowerShell
[1.544s] DEBUG:colcon.colcon_core.shell:Skip shell extension 'dsv' for command environment
[1.909s] INFO:colcon.colcon_core.task.python.build:Building Python package in '/home/david/esha_ws/src/monitor'
[1.909s] INFO:colcon.colcon_core.shell:Skip shell extension 'powershell' for command environment: Not usable outside of PowerShell
[1.910s] DEBUG:colcon.colcon_core.shell:Skip shell extension 'dsv' for command environment
[2.025s] DEBUG:colcon.colcon_core.event_handler.log_command:Invoking command in '/home/david/esha_ws/src/inter_package': DEBUGINFOD_URLS=https://debuginfod.ubuntu.com PYTHONPATH=/home/david/esha_ws/build/inter_package/prefix_override:/usr/lib/python3/dist-packages/colcon_core/task/python/colcon_distutils_commands:/home/david/esha_ws/install/inter_package/lib/python3.12/site-packages:${PYTHONPATH} /usr/bin/python3 -W ignore:setup.py install is deprecated -W ignore:easy_install command is deprecated setup.py egg_info --egg-base ../../build/inter_package build --build-base /home/david/esha_ws/build/inter_package/build install --record /home/david/esha_ws/build/inter_package/install.log --single-version-externally-managed install_data
[2.864s] Level 1:colcon.colcon_core.environment:checking '/home/david/esha_ws/install/inter_package' for CMake module files
[2.865s] DEBUG:colcon.colcon_core.event_handler.log_command:Invoked command in '/home/david/esha_ws/src/inter_package' returned '0': DEBUGINFOD_URLS=https://debuginfod.ubuntu.com PYTHONPATH=/home/david/esha_ws/build/inter_package/prefix_override:/usr/lib/python3/dist-packages/colcon_core/task/python/colcon_distutils_commands:/home/david/esha_ws/install/inter_package/lib/python3.12/site-packages:${PYTHONPATH} /usr/bin/python3 -W ignore:setup.py install is deprecated -W ignore:easy_install command is deprecated setup.py egg_info --egg-base ../../build/inter_package build --build-base /home/david/esha_ws/build/inter_package/build install --record /home/david/esha_ws/build/inter_package/install.log --single-version-externally-managed install_data
[2.865s] Level 1:colcon.colcon_core.environment:checking '/home/david/esha_ws/install/inter_package' for CMake config files
[2.866s] Level 1:colcon.colcon_core.environment:checking '/home/david/esha_ws/install/inter_package/lib'
[2.866s] Level 1:colcon.colcon_core.environment:checking '/home/david/esha_ws/install/inter_package/bin'
[2.866s] Level 1:colcon.colcon_core.environment:checking '/home/david/esha_ws/install/inter_package/lib/pkgconfig/inter_package.pc'
[2.866s] Level 1:colcon.colcon_core.environment:checking '/home/david/esha_ws/install/inter_package/lib/python3.12/site-packages'
[2.866s] Level 1:colcon.colcon_core.shell:create_environment_hook('inter_package', 'pythonpath')
[2.866s] INFO:colcon.colcon_core.shell:Creating environment hook '/home/david/esha_ws/install/inter_package/share/inter_package/hook/pythonpath.ps1'
[2.867s] INFO:colcon.colcon_core.shell:Creating environment descriptor '/home/david/esha_ws/install/inter_package/share/inter_package/hook/pythonpath.dsv'
[2.867s] INFO:colcon.colcon_core.shell:Creating environment hook '/home/david/esha_ws/install/inter_package/share/inter_package/hook/pythonpath.sh'
[2.868s] Level 1:colcon.colcon_core.environment:checking '/home/david/esha_ws/install/inter_package/bin'
[2.868s] Level 1:colcon.colcon_core.environment:create_environment_scripts_only(inter_package)
[2.868s] INFO:colcon.colcon_core.shell:Creating package script '/home/david/esha_ws/install/inter_package/share/inter_package/package.ps1'
[2.869s] INFO:colcon.colcon_core.shell:Creating package descriptor '/home/david/esha_ws/install/inter_package/share/inter_package/package.dsv'
[2.869s] INFO:colcon.colcon_core.shell:Creating package script '/home/david/esha_ws/install/inter_package/share/inter_package/package.sh'
[2.870s] INFO:colcon.colcon_core.shell:Creating package script '/home/david/esha_ws/install/inter_package/share/inter_package/package.bash'
[2.871s] INFO:colcon.colcon_core.shell:Creating package script '/home/david/esha_ws/install/inter_package/share/inter_package/package.zsh'
[2.871s] Level 1:colcon.colcon_core.environment:create_file_with_runtime_dependencies(/home/david/esha_ws/install/inter_package/share/colcon-core/packages/inter_package)
[2.872s] INFO:colcon.colcon_ros.task.ament_cmake.build:Building ROS package in '/home/david/esha_ws/src/launch_esha' with build type 'ament_cmake'
[2.872s] INFO:colcon.colcon_cmake.task.cmake.build:Building CMake package in '/home/david/esha_ws/src/launch_esha'
[2.872s] INFO:colcon.colcon_core.shell:Skip shell extension 'powershell' for command environment: Not usable outside of PowerShell
[2.872s] DEBUG:colcon.colcon_core.shell:Skip shell extension 'dsv' for command environment
[2.886s] DEBUG:colcon.colcon_core.event_handler.log_command:Invoking command in '/home/david/esha_ws/build/launch_esha': AMENT_PREFIX_PATH=/home/david/esha_ws/install/inter_package:/home/david/esha_ws/install/monitor:/home/david/esha_ws/install/rosmonitoring_interfaces:/home/david/esha_ws/install/launch_esha:/home/david/esha_ws/install/interfaces:/opt/ros/jazzy CMAKE_PREFIX_PATH=${CMAKE_PREFIX_PATH}:/home/david/esha_ws/install/monitor:/home/david/esha_ws/install/inter_package:/opt/ros/jazzy DEBUGINFOD_URLS=https://debuginfod.ubuntu.com PYTHONPATH=/home/david/esha_ws/install/inter_package/lib/python3.12/site-packages:/home/david/esha_ws/install/monitor/lib/python3.12/site-packages:/home/david/esha_ws/install/rosmonitoring_interfaces/lib/python3.12/site-packages:/home/david/esha_ws/install/interfaces/lib/python3.12/site-packages:/opt/ros/jazzy/lib/python3.12/site-packages /usr/bin/cmake --build /home/david/esha_ws/build/launch_esha -- -j8 -l8
[2.936s] DEBUG:colcon.colcon_core.event_handler.log_command:Invoked command in '/home/david/esha_ws/build/launch_esha' returned '0': AMENT_PREFIX_PATH=/home/david/esha_ws/install/inter_package:/home/david/esha_ws/install/monitor:/home/david/esha_ws/install/rosmonitoring_interfaces:/home/david/esha_ws/install/launch_esha:/home/david/esha_ws/install/interfaces:/opt/ros/jazzy CMAKE_PREFIX_PATH=${CMAKE_PREFIX_PATH}:/home/david/esha_ws/install/monitor:/home/david/esha_ws/install/inter_package:/opt/ros/jazzy DEBUGINFOD_URLS=https://debuginfod.ubuntu.com PYTHONPATH=/home/david/esha_ws/install/inter_package/lib/python3.12/site-packages:/home/david/esha_ws/install/monitor/lib/python3.12/site-packages:/home/david/esha_ws/install/rosmonitoring_interfaces/lib/python3.12/site-packages:/home/david/esha_ws/install/interfaces/lib/python3.12/site-packages:/opt/ros/jazzy/lib/python3.12/site-packages /usr/bin/cmake --build /home/david/esha_ws/build/launch_esha -- -j8 -l8
[2.938s] DEBUG:colcon.colcon_core.event_handler.log_command:Invoking command in '/home/david/esha_ws/build/launch_esha': AMENT_PREFIX_PATH=/home/david/esha_ws/install/inter_package:/home/david/esha_ws/install/monitor:/home/david/esha_ws/install/rosmonitoring_interfaces:/home/david/esha_ws/install/launch_esha:/home/david/esha_ws/install/interfaces:/opt/ros/jazzy CMAKE_PREFIX_PATH=${CMAKE_PREFIX_PATH}:/home/david/esha_ws/install/monitor:/home/david/esha_ws/install/inter_package:/opt/ros/jazzy DEBUGINFOD_URLS=https://debuginfod.ubuntu.com PYTHONPATH=/home/david/esha_ws/install/inter_package/lib/python3.12/site-packages:/home/david/esha_ws/install/monitor/lib/python3.12/site-packages:/home/david/esha_ws/install/rosmonitoring_interfaces/lib/python3.12/site-packages:/home/david/esha_ws/install/interfaces/lib/python3.12/site-packages:/opt/ros/jazzy/lib/python3.12/site-packages /usr/bin/cmake --install /home/david/esha_ws/build/launch_esha
[2.952s] Level 1:colcon.colcon_core.environment:create_environment_scripts_only(launch_esha)
[2.953s] Level 1:colcon.colcon_core.environment:checking '/home/david/esha_ws/install/launch_esha' for CMake module files
[2.953s] DEBUG:colcon.colcon_core.event_handler.log_command:Invoked command in '/home/david/esha_ws/build/launch_esha' returned '0': AMENT_PREFIX_PATH=/home/david/esha_ws/install/inter_package:/home/david/esha_ws/install/monitor:/home/david/esha_ws/install/rosmonitoring_interfaces:/home/david/esha_ws/install/launch_esha:/home/david/esha_ws/install/interfaces:/opt/ros/jazzy CMAKE_PREFIX_PATH=${CMAKE_PREFIX_PATH}:/home/david/esha_ws/install/monitor:/home/david/esha_ws/install/inter_package:/opt/ros/jazzy DEBUGINFOD_URLS=https://debuginfod.ubuntu.com PYTHONPATH=/home/david/esha_ws/install/inter_package/lib/python3.12/site-packages:/home/david/esha_ws/install/monitor/lib/python3.12/site-packages:/home/david/esha_ws/install/rosmonitoring_interfaces/lib/python3.12/site-packages:/home/david/esha_ws/install/interfaces/lib/python3.12/site-packages:/opt/ros/jazzy/lib/python3.12/site-packages /usr/bin/cmake --install /home/david/esha_ws/build/launch_esha
[2.954s] Level 1:colcon.colcon_core.environment:checking '/home/david/esha_ws/install/launch_esha' for CMake config files
[2.954s] Level 1:colcon.colcon_core.shell:create_environment_hook('launch_esha', 'cmake_prefix_path')
[2.954s] INFO:colcon.colcon_core.shell:Creating environment hook '/home/david/esha_ws/install/launch_esha/share/launch_esha/hook/cmake_prefix_path.ps1'
[2.955s] INFO:colcon.colcon_core.shell:Creating environment descriptor '/home/david/esha_ws/install/launch_esha/share/launch_esha/hook/cmake_prefix_path.dsv'
[2.955s] INFO:colcon.colcon_core.shell:Creating environment hook '/home/david/esha_ws/install/launch_esha/share/launch_esha/hook/cmake_prefix_path.sh'
[2.956s] Level 1:colcon.colcon_core.environment:checking '/home/david/esha_ws/install/launch_esha/bin'
[2.956s] Level 1:colcon.colcon_core.environment:checking '/home/david/esha_ws/install/launch_esha/lib/pkgconfig/launch_esha.pc'
[2.956s] Level 1:colcon.colcon_core.environment:checking '/home/david/esha_ws/install/launch_esha/lib/python3.12/site-packages'
[2.956s] Level 1:colcon.colcon_core.environment:checking '/home/david/esha_ws/install/launch_esha/bin'
[2.957s] INFO:colcon.colcon_core.shell:Creating package script '/home/david/esha_ws/install/launch_esha/share/launch_esha/package.ps1'
[2.957s] INFO:colcon.colcon_core.shell:Creating package descriptor '/home/david/esha_ws/install/launch_esha/share/launch_esha/package.dsv'
[2.958s] INFO:colcon.colcon_core.shell:Creating package script '/home/david/esha_ws/install/launch_esha/share/launch_esha/package.sh'
[2.958s] INFO:colcon.colcon_core.shell:Creating package script '/home/david/esha_ws/install/launch_esha/share/launch_esha/package.bash'
[2.959s] INFO:colcon.colcon_core.shell:Creating package script '/home/david/esha_ws/install/launch_esha/share/launch_esha/package.zsh'
[2.959s] Level 1:colcon.colcon_core.environment:create_file_with_runtime_dependencies(/home/david/esha_ws/install/launch_esha/share/colcon-core/packages/launch_esha)
[2.960s] Level 1:colcon.colcon_core.environment:create_environment_scripts_only(launch_esha)
[2.960s] Level 1:colcon.colcon_core.environment:checking '/home/david/esha_ws/install/launch_esha' for CMake module files
[2.960s] Level 1:colcon.colcon_core.environment:checking '/home/david/esha_ws/install/launch_esha' for CMake config files
[2.961s] Level 1:colcon.colcon_core.shell:create_environment_hook('launch_esha', 'cmake_prefix_path')
[2.961s] INFO:colcon.colcon_core.shell:Creating environment hook '/home/david/esha_ws/install/launch_esha/share/launch_esha/hook/cmake_prefix_path.ps1'
[2.961s] INFO:colcon.colcon_core.shell:Creating environment descriptor '/home/david/esha_ws/install/launch_esha/share/launch_esha/hook/cmake_prefix_path.dsv'
[2.962s] INFO:colcon.colcon_core.shell:Creating environment hook '/home/david/esha_ws/install/launch_esha/share/launch_esha/hook/cmake_prefix_path.sh'
[2.962s] Level 1:colcon.colcon_core.environment:checking '/home/david/esha_ws/install/launch_esha/bin'
[2.962s] Level 1:colcon.colcon_core.environment:checking '/home/david/esha_ws/install/launch_esha/lib/pkgconfig/launch_esha.pc'
[2.963s] Level 1:colcon.colcon_core.environment:checking '/home/david/esha_ws/install/launch_esha/lib/python3.12/site-packages'
[2.963s] Level 1:colcon.colcon_core.environment:checking '/home/david/esha_ws/install/launch_esha/bin'
[2.963s] INFO:colcon.colcon_core.shell:Creating package script '/home/david/esha_ws/install/launch_esha/share/launch_esha/package.ps1'
[2.964s] INFO:colcon.colcon_core.shell:Creating package descriptor '/home/david/esha_ws/install/launch_esha/share/launch_esha/package.dsv'
[2.964s] INFO:colcon.colcon_core.shell:Creating package script '/home/david/esha_ws/install/launch_esha/share/launch_esha/package.sh'
[2.965s] INFO:colcon.colcon_core.shell:Creating package script '/home/david/esha_ws/install/launch_esha/share/launch_esha/package.bash'
[2.965s] INFO:colcon.colcon_core.shell:Creating package script '/home/david/esha_ws/install/launch_esha/share/launch_esha/package.zsh'
[2.966s] Level 1:colcon.colcon_core.environment:create_file_with_runtime_dependencies(/home/david/esha_ws/install/launch_esha/share/colcon-core/packages/launch_esha)
[3.056s] DEBUG:colcon.colcon_core.event_handler.log_command:Invoking command in '/home/david/esha_ws/src/monitor': CMAKE_PREFIX_PATH=/home/david/esha_ws/install/rosmonitoring_interfaces:/home/david/esha_ws/install/interfaces:/home/david/esha_ws/install/launch_esha:/opt/ros/jazzy/opt/gz_sim_vendor:/opt/ros/jazzy/opt/gz_sensors_vendor:/opt/ros/jazzy/opt/gz_physics_vendor:/opt/ros/jazzy/opt/sdformat_vendor:/opt/ros/jazzy/opt/gz_gui_vendor:/opt/ros/jazzy/opt/gz_transport_vendor:/opt/ros/jazzy/opt/gz_rendering_vendor:/opt/ros/jazzy/opt/gz_plugin_vendor:/opt/ros/jazzy/opt/gz_fuel_tools_vendor:/opt/ros/jazzy/opt/gz_msgs_vendor:/opt/ros/jazzy/opt/gz_common_vendor:/opt/ros/jazzy/opt/gz_math_vendor:/opt/ros/jazzy/opt/gz_utils_vendor:/opt/ros/jazzy/opt/gz_tools_vendor:/opt/ros/jazzy/opt/gz_ogre_next_vendor:/opt/ros/jazzy/opt/gz_dartsim_vendor:/opt/ros/jazzy/opt/gz_cmake_vendor DEBUGINFOD_URLS=https://debuginfod.ubuntu.com PYTHONPATH=/home/david/esha_ws/build/monitor/prefix_override:/usr/lib/python3/dist-packages/colcon_core/task/python/colcon_distutils_commands:/home/david/esha_ws/install/monitor/lib/python3.12/site-packages:/home/david/esha_ws/install/rosmonitoring_interfaces/lib/python3.12/site-packages:/home/david/esha_ws/install/interfaces/lib/python3.12/site-packages:/home/david/esha_ws/install/monitor/lib/python3.12/site-packages:/home/david/esha_ws/install/inter_package/lib/python3.12/site-packages:/opt/ros/jazzy/lib/python3.12/site-packages /usr/bin/python3 -W ignore:setup.py install is deprecated -W ignore:easy_install command is deprecated setup.py egg_info --egg-base ../../build/monitor build --build-base /home/david/esha_ws/build/monitor/build install --record /home/david/esha_ws/build/monitor/install.log --single-version-externally-managed install_data
[4.133s] Level 1:colcon.colcon_core.environment:checking '/home/david/esha_ws/install/monitor' for CMake module files
[4.135s] DEBUG:colcon.colcon_core.event_handler.log_command:Invoked command in '/home/david/esha_ws/src/monitor' returned '0': CMAKE_PREFIX_PATH=/home/david/esha_ws/install/rosmonitoring_interfaces:/home/david/esha_ws/install/interfaces:/home/david/esha_ws/install/launch_esha:/opt/ros/jazzy/opt/gz_sim_vendor:/opt/ros/jazzy/opt/gz_sensors_vendor:/opt/ros/jazzy/opt/gz_physics_vendor:/opt/ros/jazzy/opt/sdformat_vendor:/opt/ros/jazzy/opt/gz_gui_vendor:/opt/ros/jazzy/opt/gz_transport_vendor:/opt/ros/jazzy/opt/gz_rendering_vendor:/opt/ros/jazzy/opt/gz_plugin_vendor:/opt/ros/jazzy/opt/gz_fuel_tools_vendor:/opt/ros/jazzy/opt/gz_msgs_vendor:/opt/ros/jazzy/opt/gz_common_vendor:/opt/ros/jazzy/opt/gz_math_vendor:/opt/ros/jazzy/opt/gz_utils_vendor:/opt/ros/jazzy/opt/gz_tools_vendor:/opt/ros/jazzy/opt/gz_ogre_next_vendor:/opt/ros/jazzy/opt/gz_dartsim_vendor:/opt/ros/jazzy/opt/gz_cmake_vendor DEBUGINFOD_URLS=https://debuginfod.ubuntu.com PYTHONPATH=/home/david/esha_ws/build/monitor/prefix_override:/usr/lib/python3/dist-packages/colcon_core/task/python/colcon_distutils_commands:/home/david/esha_ws/install/monitor/lib/python3.12/site-packages:/home/david/esha_ws/install/rosmonitoring_interfaces/lib/python3.12/site-packages:/home/david/esha_ws/install/interfaces/lib/python3.12/site-packages:/home/david/esha_ws/install/monitor/lib/python3.12/site-packages:/home/david/esha_ws/install/inter_package/lib/python3.12/site-packages:/opt/ros/jazzy/lib/python3.12/site-packages /usr/bin/python3 -W ignore:setup.py install is deprecated -W ignore:easy_install command is deprecated setup.py egg_info --egg-base ../../build/monitor build --build-base /home/david/esha_ws/build/monitor/build install --record /home/david/esha_ws/build/monitor/install.log --single-version-externally-managed install_data
[4.135s] Level 1:colcon.colcon_core.environment:checking '/home/david/esha_ws/install/monitor' for CMake config files
[4.136s] Level 1:colcon.colcon_core.environment:checking '/home/david/esha_ws/install/monitor/lib'
[4.136s] Level 1:colcon.colcon_core.environment:checking '/home/david/esha_ws/install/monitor/bin'
[4.136s] Level 1:colcon.colcon_core.environment:checking '/home/david/esha_ws/install/monitor/lib/pkgconfig/monitor.pc'
[4.137s] Level 1:colcon.colcon_core.environment:checking '/home/david/esha_ws/install/monitor/lib/python3.12/site-packages'
[4.137s] Level 1:colcon.colcon_core.shell:create_environment_hook('monitor', 'pythonpath')
[4.137s] INFO:colcon.colcon_core.shell:Creating environment hook '/home/david/esha_ws/install/monitor/share/monitor/hook/pythonpath.ps1'
[4.138s] INFO:colcon.colcon_core.shell:Creating environment descriptor '/home/david/esha_ws/install/monitor/share/monitor/hook/pythonpath.dsv'
[4.139s] INFO:colcon.colcon_core.shell:Creating environment hook '/home/david/esha_ws/install/monitor/share/monitor/hook/pythonpath.sh'
[4.140s] Level 1:colcon.colcon_core.environment:checking '/home/david/esha_ws/install/monitor/bin'
[4.140s] Level 1:colcon.colcon_core.environment:create_environment_scripts_only(monitor)
[4.141s] INFO:colcon.colcon_core.shell:Creating package script '/home/david/esha_ws/install/monitor/share/monitor/package.ps1'
[4.142s] INFO:colcon.colcon_core.shell:Creating package descriptor '/home/david/esha_ws/install/monitor/share/monitor/package.dsv'
[4.142s] INFO:colcon.colcon_core.shell:Creating package script '/home/david/esha_ws/install/monitor/share/monitor/package.sh'
[4.143s] INFO:colcon.colcon_core.shell:Creating package script '/home/david/esha_ws/install/monitor/share/monitor/package.bash'
[4.143s] INFO:colcon.colcon_core.shell:Creating package script '/home/david/esha_ws/install/monitor/share/monitor/package.zsh'
[4.144s] Level 1:colcon.colcon_core.environment:create_file_with_runtime_dependencies(/home/david/esha_ws/install/monitor/share/colcon-core/packages/monitor)
[4.144s] DEBUG:colcon.colcon_parallel_executor.executor.parallel:closing loop
[4.145s] DEBUG:colcon.colcon_parallel_executor.executor.parallel:loop closed
[4.145s] DEBUG:colcon.colcon_parallel_executor.executor.parallel:run_until_complete finished with '0'
[4.145s] DEBUG:colcon.colcon_core.event_reactor:joining thread
[4.153s] INFO:colcon.colcon_core.plugin_system:Skipping extension 'colcon_notification.desktop_notification.terminal_notifier': Not used on non-Darwin systems
[4.153s] INFO:colcon.colcon_core.plugin_system:Skipping extension 'colcon_notification.desktop_notification.win32': Not used on non-Windows systems
[4.153s] INFO:colcon.colcon_notification.desktop_notification:Sending desktop notification using 'notify2'
[4.171s] DEBUG:colcon.colcon_core.event_reactor:joined thread
[4.172s] INFO:colcon.colcon_core.shell:Creating prefix script '/home/david/esha_ws/install/local_setup.ps1'
[4.173s] INFO:colcon.colcon_core.shell:Creating prefix util module '/home/david/esha_ws/install/_local_setup_util_ps1.py'
[4.174s] INFO:colcon.colcon_core.shell:Creating prefix chain script '/home/david/esha_ws/install/setup.ps1'
[4.176s] INFO:colcon.colcon_core.shell:Creating prefix script '/home/david/esha_ws/install/local_setup.sh'
[4.177s] INFO:colcon.colcon_core.shell:Creating prefix util module '/home/david/esha_ws/install/_local_setup_util_sh.py'
[4.177s] INFO:colcon.colcon_core.shell:Creating prefix chain script '/home/david/esha_ws/install/setup.sh'
[4.179s] INFO:colcon.colcon_core.shell:Creating prefix script '/home/david/esha_ws/install/local_setup.bash'
[4.179s] INFO:colcon.colcon_core.shell:Creating prefix chain script '/home/david/esha_ws/install/setup.bash'
[4.181s] INFO:colcon.colcon_core.shell:Creating prefix script '/home/david/esha_ws/install/local_setup.zsh'
[4.181s] INFO:colcon.colcon_core.shell:Creating prefix chain script '/home/david/esha_ws/install/setup.zsh'
