[2.088s] Invoking command in '/home/david/esha_ws/src/inter_package': DEBUGINFOD_URLS=https://debuginfod.ubuntu.com PYTHONPATH=/home/david/esha_ws/build/inter_package/prefix_override:/usr/lib/python3/dist-packages/colcon_core/task/python/colcon_distutils_commands:/home/david/esha_ws/install/inter_package/lib/python3.12/site-packages:${PYTHONPATH} /usr/bin/python3 -W ignore:setup.py install is deprecated -W ignore:easy_install command is deprecated setup.py egg_info --egg-base ../../build/inter_package build --build-base /home/david/esha_ws/build/inter_package/build install --record /home/david/esha_ws/build/inter_package/install.log --single-version-externally-managed install_data
[2.570s] running egg_info
[2.601s] writing ../../build/inter_package/inter_package.egg-info/PKG-INFO
[2.602s] writing dependency_links to ../../build/inter_package/inter_package.egg-info/dependency_links.txt
[2.602s] writing entry points to ../../build/inter_package/inter_package.egg-info/entry_points.txt
[2.602s] writing requirements to ../../build/inter_package/inter_package.egg-info/requires.txt
[2.602s] writing top-level names to ../../build/inter_package/inter_package.egg-info/top_level.txt
[2.682s] reading manifest file '../../build/inter_package/inter_package.egg-info/SOURCES.txt'
[2.683s] adding license file 'LICENSE'
[2.684s] writing manifest file '../../build/inter_package/inter_package.egg-info/SOURCES.txt'
[2.684s] running build
[2.685s] running build_py
[2.685s] running install
[2.694s] running install_lib
[2.736s] running install_data
[2.737s] running install_egg_info
[2.778s] removing '/home/david/esha_ws/install/inter_package/lib/python3.12/site-packages/inter_package-0.0.0-py3.12.egg-info' (and everything under it)
[2.779s] Copying ../../build/inter_package/inter_package.egg-info to /home/david/esha_ws/install/inter_package/lib/python3.12/site-packages/inter_package-0.0.0-py3.12.egg-info
[2.781s] running install_scripts
[3.029s] Installing arm_current_node script to /home/david/esha_ws/install/inter_package/lib/inter_package
[3.029s] Installing camera_node script to /home/david/esha_ws/install/inter_package/lib/inter_package
[3.030s] Installing co_node script to /home/david/esha_ws/install/inter_package/lib/inter_package
[3.030s] Installing imu_node script to /home/david/esha_ws/install/inter_package/lib/inter_package
[3.030s] Installing motor_current_node script to /home/david/esha_ws/install/inter_package/lib/inter_package
[3.031s] Installing temperature_node script to /home/david/esha_ws/install/inter_package/lib/inter_package
[3.031s] Installing ultrasonic_node script to /home/david/esha_ws/install/inter_package/lib/inter_package
[3.031s] Installing velocity_node script to /home/david/esha_ws/install/inter_package/lib/inter_package
[3.032s] writing list of installed files to '/home/david/esha_ws/build/inter_package/install.log'
[3.095s] Invoked command in '/home/david/esha_ws/src/inter_package' returned '0': DEBUGINFOD_URLS=https://debuginfod.ubuntu.com PYTHONPATH=/home/david/esha_ws/build/inter_package/prefix_override:/usr/lib/python3/dist-packages/colcon_core/task/python/colcon_distutils_commands:/home/david/esha_ws/install/inter_package/lib/python3.12/site-packages:${PYTHONPATH} /usr/bin/python3 -W ignore:setup.py install is deprecated -W ignore:easy_install command is deprecated setup.py egg_info --egg-base ../../build/inter_package build --build-base /home/david/esha_ws/build/inter_package/build install --record /home/david/esha_ws/build/inter_package/install.log --single-version-externally-managed install_data
