[0.320s] Invoking command in '/home/david/esha_ws/build/rosmonitoring_interfaces': CMAKE_PREFIX_PATH=${CMAKE_PREFIX_PATH}:/home/david/esha_ws/install/monitor:/home/david/esha_ws/install/inter_package:/opt/ros/jazzy DEBUGINFOD_URLS=https://debuginfod.ubuntu.com /usr/bin/cmake --build /home/david/esha_ws/build/rosmonitoring_interfaces -- -j8 -l8
[0.384s] [  2%] Built target rosmonitoring_interfaces__rosidl_generator_type_description
[0.399s] [  2%] Built target ament_cmake_python_copy_rosmonitoring_interfaces
[0.422s] [  5%] Built target rosmonitoring_interfaces__cpp
[0.422s] [ 20%] Built target rosmonitoring_interfaces__rosidl_generator_c
[0.473s] [ 29%] Built target rosmonitoring_interfaces__rosidl_typesupport_introspection_c
[0.486s] [ 38%] Built target rosmonitoring_interfaces__rosidl_typesupport_introspection_cpp
[0.499s] [ 55%] Built target rosmonitoring_interfaces__rosidl_typesupport_fastrtps_cpp
[0.499s] [ 55%] Built target rosmonitoring_interfaces__rosidl_typesupport_c
[0.499s] [ 64%] Built target rosmonitoring_interfaces__rosidl_typesupport_fastrtps_c
[0.500s] [ 73%] Built target rosmonitoring_interfaces__rosidl_typesupport_cpp
[0.541s] [ 73%] Built target rosmonitoring_interfaces
[0.577s] [ 76%] Built target rosmonitoring_interfaces__py
[0.619s] [ 82%] Built target rosmonitoring_interfaces__rosidl_generator_py
[0.684s] [ 88%] Built target rosmonitoring_interfaces_s__rosidl_typesupport_introspection_c
[0.687s] [ 94%] Built target rosmonitoring_interfaces_s__rosidl_typesupport_fastrtps_c
[0.690s] [100%] Built target rosmonitoring_interfaces_s__rosidl_typesupport_c
[0.881s] running egg_info
[0.935s] writing rosmonitoring_interfaces.egg-info/PKG-INFO
[0.936s] writing dependency_links to rosmonitoring_interfaces.egg-info/dependency_links.txt
[0.936s] writing top-level names to rosmonitoring_interfaces.egg-info/top_level.txt
[1.051s] reading manifest file 'rosmonitoring_interfaces.egg-info/SOURCES.txt'
[1.051s] writing manifest file 'rosmonitoring_interfaces.egg-info/SOURCES.txt'
[1.107s] [100%] Built target ament_cmake_python_build_rosmonitoring_interfaces_egg
[1.131s] Invoked command in '/home/david/esha_ws/build/rosmonitoring_interfaces' returned '0': CMAKE_PREFIX_PATH=${CMAKE_PREFIX_PATH}:/home/david/esha_ws/install/monitor:/home/david/esha_ws/install/inter_package:/opt/ros/jazzy DEBUGINFOD_URLS=https://debuginfod.ubuntu.com /usr/bin/cmake --build /home/david/esha_ws/build/rosmonitoring_interfaces -- -j8 -l8
[1.145s] Invoking command in '/home/david/esha_ws/build/rosmonitoring_interfaces': CMAKE_PREFIX_PATH=${CMAKE_PREFIX_PATH}:/home/david/esha_ws/install/monitor:/home/david/esha_ws/install/inter_package:/opt/ros/jazzy DEBUGINFOD_URLS=https://debuginfod.ubuntu.com /usr/bin/cmake --install /home/david/esha_ws/build/rosmonitoring_interfaces
[1.157s] -- Install configuration: ""
[1.157s] -- Up-to-date: /home/david/esha_ws/install/rosmonitoring_interfaces/share/ament_index/resource_index/rosidl_interfaces/rosmonitoring_interfaces
[1.157s] -- Up-to-date: /home/david/esha_ws/install/rosmonitoring_interfaces/share/rosmonitoring_interfaces/msg/MonitorError.json
[1.158s] -- Up-to-date: /home/david/esha_ws/install/rosmonitoring_interfaces/include/rosmonitoring_interfaces/rosmonitoring_interfaces
[1.158s] -- Up-to-date: /home/david/esha_ws/install/rosmonitoring_interfaces/include/rosmonitoring_interfaces/rosmonitoring_interfaces/msg
[1.158s] -- Up-to-date: /home/david/esha_ws/install/rosmonitoring_interfaces/include/rosmonitoring_interfaces/rosmonitoring_interfaces/msg/detail
[1.158s] -- Installing: /home/david/esha_ws/install/rosmonitoring_interfaces/include/rosmonitoring_interfaces/rosmonitoring_interfaces/msg/detail/monitor_error__type_support.c
[1.158s] -- Up-to-date: /home/david/esha_ws/install/rosmonitoring_interfaces/include/rosmonitoring_interfaces/rosmonitoring_interfaces/msg/detail/monitor_error__functions.h
[1.159s] -- Up-to-date: /home/david/esha_ws/install/rosmonitoring_interfaces/include/rosmonitoring_interfaces/rosmonitoring_interfaces/msg/detail/monitor_error__functions.c
[1.159s] -- Up-to-date: /home/david/esha_ws/install/rosmonitoring_interfaces/include/rosmonitoring_interfaces/rosmonitoring_interfaces/msg/detail/monitor_error__description.c
[1.159s] -- Up-to-date: /home/david/esha_ws/install/rosmonitoring_interfaces/include/rosmonitoring_interfaces/rosmonitoring_interfaces/msg/detail/monitor_error__type_support.h
[1.159s] -- Up-to-date: /home/david/esha_ws/install/rosmonitoring_interfaces/include/rosmonitoring_interfaces/rosmonitoring_interfaces/msg/detail/monitor_error__struct.h
[1.159s] -- Up-to-date: /home/david/esha_ws/install/rosmonitoring_interfaces/include/rosmonitoring_interfaces/rosmonitoring_interfaces/msg/monitor_error.h
[1.160s] -- Up-to-date: /home/david/esha_ws/install/rosmonitoring_interfaces/include/rosmonitoring_interfaces/rosmonitoring_interfaces/msg/rosidl_generator_c__visibility_control.h
[1.160s] -- Up-to-date: /home/david/esha_ws/install/rosmonitoring_interfaces/share/rosmonitoring_interfaces/environment/library_path.sh
[1.161s] -- Up-to-date: /home/david/esha_ws/install/rosmonitoring_interfaces/share/rosmonitoring_interfaces/environment/library_path.dsv
[1.161s] -- Up-to-date: /home/david/esha_ws/install/rosmonitoring_interfaces/lib/librosmonitoring_interfaces__rosidl_generator_c.so
[1.161s] -- Up-to-date: /home/david/esha_ws/install/rosmonitoring_interfaces/include/rosmonitoring_interfaces/rosmonitoring_interfaces
[1.161s] -- Up-to-date: /home/david/esha_ws/install/rosmonitoring_interfaces/include/rosmonitoring_interfaces/rosmonitoring_interfaces/msg
[1.162s] -- Up-to-date: /home/david/esha_ws/install/rosmonitoring_interfaces/include/rosmonitoring_interfaces/rosmonitoring_interfaces/msg/detail
[1.162s] -- Up-to-date: /home/david/esha_ws/install/rosmonitoring_interfaces/include/rosmonitoring_interfaces/rosmonitoring_interfaces/msg/detail/monitor_error__rosidl_typesupport_fastrtps_c.h
[1.162s] -- Up-to-date: /home/david/esha_ws/install/rosmonitoring_interfaces/include/rosmonitoring_interfaces/rosmonitoring_interfaces/msg/rosidl_typesupport_fastrtps_c__visibility_control.h
[1.163s] -- Up-to-date: /home/david/esha_ws/install/rosmonitoring_interfaces/lib/librosmonitoring_interfaces__rosidl_typesupport_fastrtps_c.so
[1.163s] -- Up-to-date: /home/david/esha_ws/install/rosmonitoring_interfaces/include/rosmonitoring_interfaces/rosmonitoring_interfaces
[1.163s] -- Up-to-date: /home/david/esha_ws/install/rosmonitoring_interfaces/include/rosmonitoring_interfaces/rosmonitoring_interfaces/msg
[1.164s] -- Up-to-date: /home/david/esha_ws/install/rosmonitoring_interfaces/include/rosmonitoring_interfaces/rosmonitoring_interfaces/msg/detail
[1.164s] -- Installing: /home/david/esha_ws/install/rosmonitoring_interfaces/include/rosmonitoring_interfaces/rosmonitoring_interfaces/msg/detail/monitor_error__type_support.c
[1.164s] -- Up-to-date: /home/david/esha_ws/install/rosmonitoring_interfaces/include/rosmonitoring_interfaces/rosmonitoring_interfaces/msg/detail/monitor_error__rosidl_typesupport_introspection_c.h
[1.164s] -- Up-to-date: /home/david/esha_ws/install/rosmonitoring_interfaces/include/rosmonitoring_interfaces/rosmonitoring_interfaces/msg/rosidl_typesupport_introspection_c__visibility_control.h
[1.164s] -- Up-to-date: /home/david/esha_ws/install/rosmonitoring_interfaces/lib/librosmonitoring_interfaces__rosidl_typesupport_introspection_c.so
[1.165s] -- Up-to-date: /home/david/esha_ws/install/rosmonitoring_interfaces/lib/librosmonitoring_interfaces__rosidl_typesupport_c.so
[1.165s] -- Up-to-date: /home/david/esha_ws/install/rosmonitoring_interfaces/include/rosmonitoring_interfaces/rosmonitoring_interfaces
[1.165s] -- Up-to-date: /home/david/esha_ws/install/rosmonitoring_interfaces/include/rosmonitoring_interfaces/rosmonitoring_interfaces/msg
[1.165s] -- Up-to-date: /home/david/esha_ws/install/rosmonitoring_interfaces/include/rosmonitoring_interfaces/rosmonitoring_interfaces/msg/detail
[1.165s] -- Up-to-date: /home/david/esha_ws/install/rosmonitoring_interfaces/include/rosmonitoring_interfaces/rosmonitoring_interfaces/msg/detail/monitor_error__traits.hpp
[1.166s] -- Up-to-date: /home/david/esha_ws/install/rosmonitoring_interfaces/include/rosmonitoring_interfaces/rosmonitoring_interfaces/msg/detail/monitor_error__builder.hpp
[1.166s] -- Up-to-date: /home/david/esha_ws/install/rosmonitoring_interfaces/include/rosmonitoring_interfaces/rosmonitoring_interfaces/msg/detail/monitor_error__struct.hpp
[1.166s] -- Up-to-date: /home/david/esha_ws/install/rosmonitoring_interfaces/include/rosmonitoring_interfaces/rosmonitoring_interfaces/msg/detail/monitor_error__type_support.hpp
[1.166s] -- Up-to-date: /home/david/esha_ws/install/rosmonitoring_interfaces/include/rosmonitoring_interfaces/rosmonitoring_interfaces/msg/rosidl_generator_cpp__visibility_control.hpp
[1.166s] -- Up-to-date: /home/david/esha_ws/install/rosmonitoring_interfaces/include/rosmonitoring_interfaces/rosmonitoring_interfaces/msg/monitor_error.hpp
[1.167s] -- Up-to-date: /home/david/esha_ws/install/rosmonitoring_interfaces/include/rosmonitoring_interfaces/rosmonitoring_interfaces
[1.167s] -- Up-to-date: /home/david/esha_ws/install/rosmonitoring_interfaces/include/rosmonitoring_interfaces/rosmonitoring_interfaces/msg
[1.167s] -- Up-to-date: /home/david/esha_ws/install/rosmonitoring_interfaces/include/rosmonitoring_interfaces/rosmonitoring_interfaces/msg/detail
[1.167s] -- Up-to-date: /home/david/esha_ws/install/rosmonitoring_interfaces/include/rosmonitoring_interfaces/rosmonitoring_interfaces/msg/detail/monitor_error__rosidl_typesupport_fastrtps_cpp.hpp
[1.167s] -- Up-to-date: /home/david/esha_ws/install/rosmonitoring_interfaces/include/rosmonitoring_interfaces/rosmonitoring_interfaces/msg/detail/dds_fastrtps
[1.168s] -- Up-to-date: /home/david/esha_ws/install/rosmonitoring_interfaces/include/rosmonitoring_interfaces/rosmonitoring_interfaces/msg/rosidl_typesupport_fastrtps_cpp__visibility_control.h
[1.168s] -- Up-to-date: /home/david/esha_ws/install/rosmonitoring_interfaces/lib/librosmonitoring_interfaces__rosidl_typesupport_fastrtps_cpp.so
[1.168s] -- Up-to-date: /home/david/esha_ws/install/rosmonitoring_interfaces/include/rosmonitoring_interfaces/rosmonitoring_interfaces
[1.168s] -- Up-to-date: /home/david/esha_ws/install/rosmonitoring_interfaces/include/rosmonitoring_interfaces/rosmonitoring_interfaces/msg
[1.168s] -- Up-to-date: /home/david/esha_ws/install/rosmonitoring_interfaces/include/rosmonitoring_interfaces/rosmonitoring_interfaces/msg/detail
[1.169s] -- Up-to-date: /home/david/esha_ws/install/rosmonitoring_interfaces/include/rosmonitoring_interfaces/rosmonitoring_interfaces/msg/detail/monitor_error__type_support.cpp
[1.169s] -- Up-to-date: /home/david/esha_ws/install/rosmonitoring_interfaces/include/rosmonitoring_interfaces/rosmonitoring_interfaces/msg/detail/monitor_error__rosidl_typesupport_introspection_cpp.hpp
[1.169s] -- Up-to-date: /home/david/esha_ws/install/rosmonitoring_interfaces/lib/librosmonitoring_interfaces__rosidl_typesupport_introspection_cpp.so
[1.169s] -- Up-to-date: /home/david/esha_ws/install/rosmonitoring_interfaces/lib/librosmonitoring_interfaces__rosidl_typesupport_cpp.so
[1.169s] -- Up-to-date: /home/david/esha_ws/install/rosmonitoring_interfaces/share/rosmonitoring_interfaces/environment/pythonpath.sh
[1.169s] -- Up-to-date: /home/david/esha_ws/install/rosmonitoring_interfaces/share/rosmonitoring_interfaces/environment/pythonpath.dsv
[1.170s] -- Up-to-date: /home/david/esha_ws/install/rosmonitoring_interfaces/lib/python3.12/site-packages/rosmonitoring_interfaces-0.0.0-py3.12.egg-info
[1.170s] -- Installing: /home/david/esha_ws/install/rosmonitoring_interfaces/lib/python3.12/site-packages/rosmonitoring_interfaces-0.0.0-py3.12.egg-info/PKG-INFO
[1.170s] -- Installing: /home/david/esha_ws/install/rosmonitoring_interfaces/lib/python3.12/site-packages/rosmonitoring_interfaces-0.0.0-py3.12.egg-info/SOURCES.txt
[1.170s] -- Installing: /home/david/esha_ws/install/rosmonitoring_interfaces/lib/python3.12/site-packages/rosmonitoring_interfaces-0.0.0-py3.12.egg-info/top_level.txt
[1.170s] -- Installing: /home/david/esha_ws/install/rosmonitoring_interfaces/lib/python3.12/site-packages/rosmonitoring_interfaces-0.0.0-py3.12.egg-info/dependency_links.txt
[1.171s] -- Up-to-date: /home/david/esha_ws/install/rosmonitoring_interfaces/lib/python3.12/site-packages/rosmonitoring_interfaces
[1.171s] -- Up-to-date: /home/david/esha_ws/install/rosmonitoring_interfaces/lib/python3.12/site-packages/rosmonitoring_interfaces/rosmonitoring_interfaces_s__rosidl_typesupport_introspection_c.so
[1.171s] -- Up-to-date: /home/david/esha_ws/install/rosmonitoring_interfaces/lib/python3.12/site-packages/rosmonitoring_interfaces/msg
[1.171s] -- Up-to-date: /home/david/esha_ws/install/rosmonitoring_interfaces/lib/python3.12/site-packages/rosmonitoring_interfaces/msg/_monitor_error_s.c
[1.171s] -- Up-to-date: /home/david/esha_ws/install/rosmonitoring_interfaces/lib/python3.12/site-packages/rosmonitoring_interfaces/msg/__init__.py
[1.172s] -- Up-to-date: /home/david/esha_ws/install/rosmonitoring_interfaces/lib/python3.12/site-packages/rosmonitoring_interfaces/msg/_monitor_error.py
[1.172s] -- Up-to-date: /home/david/esha_ws/install/rosmonitoring_interfaces/lib/python3.12/site-packages/rosmonitoring_interfaces/_rosmonitoring_interfaces_s.ep.rosidl_typesupport_c.c
[1.172s] -- Up-to-date: /home/david/esha_ws/install/rosmonitoring_interfaces/lib/python3.12/site-packages/rosmonitoring_interfaces/rosmonitoring_interfaces_s__rosidl_typesupport_c.so
[1.172s] -- Up-to-date: /home/david/esha_ws/install/rosmonitoring_interfaces/lib/python3.12/site-packages/rosmonitoring_interfaces/_rosmonitoring_interfaces_s.ep.rosidl_typesupport_fastrtps_c.c
[1.172s] -- Up-to-date: /home/david/esha_ws/install/rosmonitoring_interfaces/lib/python3.12/site-packages/rosmonitoring_interfaces/_rosmonitoring_interfaces_s.ep.rosidl_typesupport_introspection_c.c
[1.172s] -- Up-to-date: /home/david/esha_ws/install/rosmonitoring_interfaces/lib/python3.12/site-packages/rosmonitoring_interfaces/__init__.py
[1.173s] -- Up-to-date: /home/david/esha_ws/install/rosmonitoring_interfaces/lib/python3.12/site-packages/rosmonitoring_interfaces/rosmonitoring_interfaces_s__rosidl_typesupport_fastrtps_c.so
[1.227s] Listing '/home/david/esha_ws/install/rosmonitoring_interfaces/lib/python3.12/site-packages/rosmonitoring_interfaces'...
[1.227s] Listing '/home/david/esha_ws/install/rosmonitoring_interfaces/lib/python3.12/site-packages/rosmonitoring_interfaces/msg'...
[1.236s] -- Up-to-date: /home/david/esha_ws/install/rosmonitoring_interfaces/lib/python3.12/site-packages/rosmonitoring_interfaces/rosmonitoring_interfaces_s__rosidl_typesupport_fastrtps_c.so
[1.238s] -- Up-to-date: /home/david/esha_ws/install/rosmonitoring_interfaces/lib/python3.12/site-packages/rosmonitoring_interfaces/rosmonitoring_interfaces_s__rosidl_typesupport_introspection_c.so
[1.238s] -- Up-to-date: /home/david/esha_ws/install/rosmonitoring_interfaces/lib/python3.12/site-packages/rosmonitoring_interfaces/rosmonitoring_interfaces_s__rosidl_typesupport_c.so
[1.238s] -- Up-to-date: /home/david/esha_ws/install/rosmonitoring_interfaces/lib/librosmonitoring_interfaces__rosidl_generator_py.so
[1.240s] -- Up-to-date: /home/david/esha_ws/install/rosmonitoring_interfaces/share/rosmonitoring_interfaces/msg/MonitorError.idl
[1.240s] -- Up-to-date: /home/david/esha_ws/install/rosmonitoring_interfaces/share/rosmonitoring_interfaces/msg/MonitorError.msg
[1.240s] -- Up-to-date: /home/david/esha_ws/install/rosmonitoring_interfaces/share/ament_index/resource_index/package_run_dependencies/rosmonitoring_interfaces
[1.240s] -- Up-to-date: /home/david/esha_ws/install/rosmonitoring_interfaces/share/ament_index/resource_index/parent_prefix_path/rosmonitoring_interfaces
[1.241s] -- Up-to-date: /home/david/esha_ws/install/rosmonitoring_interfaces/share/rosmonitoring_interfaces/environment/ament_prefix_path.sh
[1.241s] -- Up-to-date: /home/david/esha_ws/install/rosmonitoring_interfaces/share/rosmonitoring_interfaces/environment/ament_prefix_path.dsv
[1.242s] -- Up-to-date: /home/david/esha_ws/install/rosmonitoring_interfaces/share/rosmonitoring_interfaces/environment/path.sh
[1.242s] -- Up-to-date: /home/david/esha_ws/install/rosmonitoring_interfaces/share/rosmonitoring_interfaces/environment/path.dsv
[1.242s] -- Up-to-date: /home/david/esha_ws/install/rosmonitoring_interfaces/share/rosmonitoring_interfaces/local_setup.bash
[1.242s] -- Up-to-date: /home/david/esha_ws/install/rosmonitoring_interfaces/share/rosmonitoring_interfaces/local_setup.sh
[1.242s] -- Up-to-date: /home/david/esha_ws/install/rosmonitoring_interfaces/share/rosmonitoring_interfaces/local_setup.zsh
[1.243s] -- Up-to-date: /home/david/esha_ws/install/rosmonitoring_interfaces/share/rosmonitoring_interfaces/local_setup.dsv
[1.243s] -- Installing: /home/david/esha_ws/install/rosmonitoring_interfaces/share/rosmonitoring_interfaces/package.dsv
[1.243s] -- Up-to-date: /home/david/esha_ws/install/rosmonitoring_interfaces/share/ament_index/resource_index/packages/rosmonitoring_interfaces
[1.243s] -- Up-to-date: /home/david/esha_ws/install/rosmonitoring_interfaces/share/rosmonitoring_interfaces/cmake/export_rosmonitoring_interfaces__rosidl_generator_cExport.cmake
[1.244s] -- Up-to-date: /home/david/esha_ws/install/rosmonitoring_interfaces/share/rosmonitoring_interfaces/cmake/export_rosmonitoring_interfaces__rosidl_generator_cExport-noconfig.cmake
[1.244s] -- Up-to-date: /home/david/esha_ws/install/rosmonitoring_interfaces/share/rosmonitoring_interfaces/cmake/export_rosmonitoring_interfaces__rosidl_typesupport_fastrtps_cExport.cmake
[1.244s] -- Up-to-date: /home/david/esha_ws/install/rosmonitoring_interfaces/share/rosmonitoring_interfaces/cmake/export_rosmonitoring_interfaces__rosidl_typesupport_fastrtps_cExport-noconfig.cmake
[1.244s] -- Up-to-date: /home/david/esha_ws/install/rosmonitoring_interfaces/share/rosmonitoring_interfaces/cmake/rosmonitoring_interfaces__rosidl_typesupport_introspection_cExport.cmake
[1.245s] -- Up-to-date: /home/david/esha_ws/install/rosmonitoring_interfaces/share/rosmonitoring_interfaces/cmake/rosmonitoring_interfaces__rosidl_typesupport_introspection_cExport-noconfig.cmake
[1.245s] -- Up-to-date: /home/david/esha_ws/install/rosmonitoring_interfaces/share/rosmonitoring_interfaces/cmake/rosmonitoring_interfaces__rosidl_typesupport_cExport.cmake
[1.245s] -- Up-to-date: /home/david/esha_ws/install/rosmonitoring_interfaces/share/rosmonitoring_interfaces/cmake/rosmonitoring_interfaces__rosidl_typesupport_cExport-noconfig.cmake
[1.245s] -- Up-to-date: /home/david/esha_ws/install/rosmonitoring_interfaces/share/rosmonitoring_interfaces/cmake/export_rosmonitoring_interfaces__rosidl_generator_cppExport.cmake
[1.245s] -- Up-to-date: /home/david/esha_ws/install/rosmonitoring_interfaces/share/rosmonitoring_interfaces/cmake/export_rosmonitoring_interfaces__rosidl_typesupport_fastrtps_cppExport.cmake
[1.246s] -- Up-to-date: /home/david/esha_ws/install/rosmonitoring_interfaces/share/rosmonitoring_interfaces/cmake/export_rosmonitoring_interfaces__rosidl_typesupport_fastrtps_cppExport-noconfig.cmake
[1.246s] -- Up-to-date: /home/david/esha_ws/install/rosmonitoring_interfaces/share/rosmonitoring_interfaces/cmake/rosmonitoring_interfaces__rosidl_typesupport_introspection_cppExport.cmake
[1.246s] -- Up-to-date: /home/david/esha_ws/install/rosmonitoring_interfaces/share/rosmonitoring_interfaces/cmake/rosmonitoring_interfaces__rosidl_typesupport_introspection_cppExport-noconfig.cmake
[1.247s] -- Up-to-date: /home/david/esha_ws/install/rosmonitoring_interfaces/share/rosmonitoring_interfaces/cmake/rosmonitoring_interfaces__rosidl_typesupport_cppExport.cmake
[1.247s] -- Up-to-date: /home/david/esha_ws/install/rosmonitoring_interfaces/share/rosmonitoring_interfaces/cmake/rosmonitoring_interfaces__rosidl_typesupport_cppExport-noconfig.cmake
[1.248s] -- Up-to-date: /home/david/esha_ws/install/rosmonitoring_interfaces/share/rosmonitoring_interfaces/cmake/export_rosmonitoring_interfaces__rosidl_generator_pyExport.cmake
[1.248s] -- Up-to-date: /home/david/esha_ws/install/rosmonitoring_interfaces/share/rosmonitoring_interfaces/cmake/export_rosmonitoring_interfaces__rosidl_generator_pyExport-noconfig.cmake
[1.248s] -- Up-to-date: /home/david/esha_ws/install/rosmonitoring_interfaces/share/rosmonitoring_interfaces/cmake/rosidl_cmake-extras.cmake
[1.249s] -- Up-to-date: /home/david/esha_ws/install/rosmonitoring_interfaces/share/rosmonitoring_interfaces/cmake/ament_cmake_export_include_directories-extras.cmake
[1.249s] -- Up-to-date: /home/david/esha_ws/install/rosmonitoring_interfaces/share/rosmonitoring_interfaces/cmake/ament_cmake_export_libraries-extras.cmake
[1.249s] -- Up-to-date: /home/david/esha_ws/install/rosmonitoring_interfaces/share/rosmonitoring_interfaces/cmake/ament_cmake_export_targets-extras.cmake
[1.250s] -- Up-to-date: /home/david/esha_ws/install/rosmonitoring_interfaces/share/rosmonitoring_interfaces/cmake/rosidl_cmake_export_typesupport_targets-extras.cmake
[1.250s] -- Up-to-date: /home/david/esha_ws/install/rosmonitoring_interfaces/share/rosmonitoring_interfaces/cmake/ament_cmake_export_dependencies-extras.cmake
[1.250s] -- Up-to-date: /home/david/esha_ws/install/rosmonitoring_interfaces/share/rosmonitoring_interfaces/cmake/rosidl_cmake_export_typesupport_libraries-extras.cmake
[1.251s] -- Up-to-date: /home/david/esha_ws/install/rosmonitoring_interfaces/share/rosmonitoring_interfaces/cmake/rosmonitoring_interfacesConfig.cmake
[1.251s] -- Up-to-date: /home/david/esha_ws/install/rosmonitoring_interfaces/share/rosmonitoring_interfaces/cmake/rosmonitoring_interfacesConfig-version.cmake
[1.251s] -- Up-to-date: /home/david/esha_ws/install/rosmonitoring_interfaces/share/rosmonitoring_interfaces/package.xml
[1.251s] Invoked command in '/home/david/esha_ws/build/rosmonitoring_interfaces' returned '0': CMAKE_PREFIX_PATH=${CMAKE_PREFIX_PATH}:/home/david/esha_ws/install/monitor:/home/david/esha_ws/install/inter_package:/opt/ros/jazzy DEBUGINFOD_URLS=https://debuginfod.ubuntu.com /usr/bin/cmake --install /home/david/esha_ws/build/rosmonitoring_interfaces
