[0.351s] Invoking command in '/home/david/esha_ws/build/interfaces': CMAKE_PREFIX_PATH=${CMAKE_PREFIX_PATH}:/home/david/esha_ws/install/monitor:/home/david/esha_ws/install/inter_package:/home/david/husky_ws/install/monitor:/home/david/husky_ws/install/data_sensor:/opt/ros/jazzy DEBUGINFOD_URLS=https://debuginfod.ubuntu.com /usr/bin/cmake --build /home/david/esha_ws/build/interfaces -- -j8 -l8
[0.427s] [  1%] Built target interfaces__rosidl_generator_type_description
[0.458s] [  1%] Built target ament_cmake_python_copy_interfaces
[0.490s] [  3%] Built target interfaces__cpp
[0.492s] [ 24%] Built target interfaces__rosidl_generator_c
[0.580s] [ 33%] Built target interfaces__rosidl_typesupport_fastrtps_c
[0.602s] [ 42%] Built target interfaces__rosidl_typesupport_fastrtps_cpp
[0.602s] [ 51%] Built target interfaces__rosidl_typesupport_introspection_cpp
[0.612s] [ 61%] Built target interfaces__rosidl_typesupport_cpp
[0.623s] [ 70%] Built target interfaces__rosidl_typesupport_c
[0.632s] [ 79%] Built target interfaces__rosidl_typesupport_introspection_c
[0.703s] [ 79%] Built target interfaces
[0.765s] [ 81%] Built target interfaces__py
[0.818s] [ 88%] Built target interfaces__rosidl_generator_py
[0.888s] [100%] Built target interfaces_s__rosidl_typesupport_c
[0.889s] [100%] Built target interfaces_s__rosidl_typesupport_fastrtps_c
[0.889s] [100%] Built target interfaces_s__rosidl_typesupport_introspection_c
[1.149s] running egg_info
[1.186s] writing interfaces.egg-info/PKG-INFO
[1.187s] writing dependency_links to interfaces.egg-info/dependency_links.txt
[1.188s] writing top-level names to interfaces.egg-info/top_level.txt
[1.315s] reading manifest file 'interfaces.egg-info/SOURCES.txt'
[1.316s] writing manifest file 'interfaces.egg-info/SOURCES.txt'
[1.379s] [100%] Built target ament_cmake_python_build_interfaces_egg
[1.403s] Invoked command in '/home/david/esha_ws/build/interfaces' returned '0': CMAKE_PREFIX_PATH=${CMAKE_PREFIX_PATH}:/home/david/esha_ws/install/monitor:/home/david/esha_ws/install/inter_package:/home/david/husky_ws/install/monitor:/home/david/husky_ws/install/data_sensor:/opt/ros/jazzy DEBUGINFOD_URLS=https://debuginfod.ubuntu.com /usr/bin/cmake --build /home/david/esha_ws/build/interfaces -- -j8 -l8
[1.405s] Invoking command in '/home/david/esha_ws/build/interfaces': CMAKE_PREFIX_PATH=${CMAKE_PREFIX_PATH}:/home/david/esha_ws/install/monitor:/home/david/esha_ws/install/inter_package:/home/david/husky_ws/install/monitor:/home/david/husky_ws/install/data_sensor:/opt/ros/jazzy DEBUGINFOD_URLS=https://debuginfod.ubuntu.com /usr/bin/cmake --install /home/david/esha_ws/build/interfaces
[1.431s] -- Install configuration: ""
[1.432s] -- Up-to-date: /home/david/esha_ws/install/interfaces/share/ament_index/resource_index/rosidl_interfaces/interfaces
[1.432s] -- Up-to-date: /home/david/esha_ws/install/interfaces/share/interfaces/msg/SensorData.json
[1.432s] -- Up-to-date: /home/david/esha_ws/install/interfaces/share/interfaces/msg/CurrentVelocityData.json
[1.433s] -- Up-to-date: /home/david/esha_ws/install/interfaces/share/interfaces/msg/ImuData.json
[1.433s] -- Up-to-date: /home/david/esha_ws/install/interfaces/include/interfaces/interfaces
[1.433s] -- Up-to-date: /home/david/esha_ws/install/interfaces/include/interfaces/interfaces/msg
[1.433s] -- Up-to-date: /home/david/esha_ws/install/interfaces/include/interfaces/interfaces/msg/detail
[1.434s] -- Up-to-date: /home/david/esha_ws/install/interfaces/include/interfaces/interfaces/msg/detail/imu_data__functions.c
[1.435s] -- Up-to-date: /home/david/esha_ws/install/interfaces/include/interfaces/interfaces/msg/detail/imu_data__struct.h
[1.435s] -- Up-to-date: /home/david/esha_ws/install/interfaces/include/interfaces/interfaces/msg/detail/imu_data__description.c
[1.435s] -- Up-to-date: /home/david/esha_ws/install/interfaces/include/interfaces/interfaces/msg/detail/sensor_data__struct.h
[1.435s] -- Up-to-date: /home/david/esha_ws/install/interfaces/include/interfaces/interfaces/msg/detail/sensor_data__functions.c
[1.436s] -- Installing: /home/david/esha_ws/install/interfaces/include/interfaces/interfaces/msg/detail/current_velocity_data__type_support.c
[1.443s] -- Up-to-date: /home/david/esha_ws/install/interfaces/include/interfaces/interfaces/msg/detail/current_velocity_data__type_support.h
[1.443s] -- Up-to-date: /home/david/esha_ws/install/interfaces/include/interfaces/interfaces/msg/detail/sensor_data__type_support.h
[1.444s] -- Installing: /home/david/esha_ws/install/interfaces/include/interfaces/interfaces/msg/detail/imu_data__type_support.c
[1.444s] -- Up-to-date: /home/david/esha_ws/install/interfaces/include/interfaces/interfaces/msg/detail/sensor_data__functions.h
[1.444s] -- Up-to-date: /home/david/esha_ws/install/interfaces/include/interfaces/interfaces/msg/detail/sensor_data__description.c
[1.444s] -- Installing: /home/david/esha_ws/install/interfaces/include/interfaces/interfaces/msg/detail/sensor_data__type_support.c
[1.445s] -- Up-to-date: /home/david/esha_ws/install/interfaces/include/interfaces/interfaces/msg/detail/current_velocity_data__functions.c
[1.445s] -- Up-to-date: /home/david/esha_ws/install/interfaces/include/interfaces/interfaces/msg/detail/current_velocity_data__functions.h
[1.445s] -- Up-to-date: /home/david/esha_ws/install/interfaces/include/interfaces/interfaces/msg/detail/imu_data__type_support.h
[1.445s] -- Up-to-date: /home/david/esha_ws/install/interfaces/include/interfaces/interfaces/msg/detail/current_velocity_data__struct.h
[1.446s] -- Up-to-date: /home/david/esha_ws/install/interfaces/include/interfaces/interfaces/msg/detail/imu_data__functions.h
[1.446s] -- Up-to-date: /home/david/esha_ws/install/interfaces/include/interfaces/interfaces/msg/detail/current_velocity_data__description.c
[1.446s] -- Up-to-date: /home/david/esha_ws/install/interfaces/include/interfaces/interfaces/msg/current_velocity_data.h
[1.446s] -- Up-to-date: /home/david/esha_ws/install/interfaces/include/interfaces/interfaces/msg/imu_data.h
[1.447s] -- Up-to-date: /home/david/esha_ws/install/interfaces/include/interfaces/interfaces/msg/rosidl_generator_c__visibility_control.h
[1.447s] -- Up-to-date: /home/david/esha_ws/install/interfaces/include/interfaces/interfaces/msg/sensor_data.h
[1.447s] -- Up-to-date: /home/david/esha_ws/install/interfaces/share/interfaces/environment/library_path.sh
[1.447s] -- Up-to-date: /home/david/esha_ws/install/interfaces/share/interfaces/environment/library_path.dsv
[1.448s] -- Up-to-date: /home/david/esha_ws/install/interfaces/lib/libinterfaces__rosidl_generator_c.so
[1.448s] -- Up-to-date: /home/david/esha_ws/install/interfaces/include/interfaces/interfaces
[1.448s] -- Up-to-date: /home/david/esha_ws/install/interfaces/include/interfaces/interfaces/msg
[1.448s] -- Up-to-date: /home/david/esha_ws/install/interfaces/include/interfaces/interfaces/msg/detail
[1.449s] -- Up-to-date: /home/david/esha_ws/install/interfaces/include/interfaces/interfaces/msg/detail/sensor_data__rosidl_typesupport_fastrtps_c.h
[1.449s] -- Up-to-date: /home/david/esha_ws/install/interfaces/include/interfaces/interfaces/msg/detail/imu_data__rosidl_typesupport_fastrtps_c.h
[1.449s] -- Up-to-date: /home/david/esha_ws/install/interfaces/include/interfaces/interfaces/msg/detail/current_velocity_data__rosidl_typesupport_fastrtps_c.h
[1.449s] -- Up-to-date: /home/david/esha_ws/install/interfaces/include/interfaces/interfaces/msg/rosidl_typesupport_fastrtps_c__visibility_control.h
[1.449s] -- Up-to-date: /home/david/esha_ws/install/interfaces/lib/libinterfaces__rosidl_typesupport_fastrtps_c.so
[1.451s] -- Up-to-date: /home/david/esha_ws/install/interfaces/include/interfaces/interfaces
[1.451s] -- Up-to-date: /home/david/esha_ws/install/interfaces/include/interfaces/interfaces/msg
[1.451s] -- Up-to-date: /home/david/esha_ws/install/interfaces/include/interfaces/interfaces/msg/detail
[1.452s] -- Up-to-date: /home/david/esha_ws/install/interfaces/include/interfaces/interfaces/msg/detail/imu_data__rosidl_typesupport_introspection_c.h
[1.452s] -- Installing: /home/david/esha_ws/install/interfaces/include/interfaces/interfaces/msg/detail/current_velocity_data__type_support.c
[1.453s] -- Installing: /home/david/esha_ws/install/interfaces/include/interfaces/interfaces/msg/detail/imu_data__type_support.c
[1.453s] -- Installing: /home/david/esha_ws/install/interfaces/include/interfaces/interfaces/msg/detail/sensor_data__type_support.c
[1.455s] -- Up-to-date: /home/david/esha_ws/install/interfaces/include/interfaces/interfaces/msg/detail/current_velocity_data__rosidl_typesupport_introspection_c.h
[1.458s] -- Up-to-date: /home/david/esha_ws/install/interfaces/include/interfaces/interfaces/msg/detail/sensor_data__rosidl_typesupport_introspection_c.h
[1.458s] -- Up-to-date: /home/david/esha_ws/install/interfaces/include/interfaces/interfaces/msg/rosidl_typesupport_introspection_c__visibility_control.h
[1.458s] -- Up-to-date: /home/david/esha_ws/install/interfaces/lib/libinterfaces__rosidl_typesupport_introspection_c.so
[1.458s] -- Up-to-date: /home/david/esha_ws/install/interfaces/lib/libinterfaces__rosidl_typesupport_c.so
[1.459s] -- Up-to-date: /home/david/esha_ws/install/interfaces/include/interfaces/interfaces
[1.459s] -- Up-to-date: /home/david/esha_ws/install/interfaces/include/interfaces/interfaces/msg
[1.459s] -- Up-to-date: /home/david/esha_ws/install/interfaces/include/interfaces/interfaces/msg/detail
[1.459s] -- Up-to-date: /home/david/esha_ws/install/interfaces/include/interfaces/interfaces/msg/detail/sensor_data__type_support.hpp
[1.460s] -- Up-to-date: /home/david/esha_ws/install/interfaces/include/interfaces/interfaces/msg/detail/sensor_data__builder.hpp
[1.460s] -- Up-to-date: /home/david/esha_ws/install/interfaces/include/interfaces/interfaces/msg/detail/sensor_data__struct.hpp
[1.460s] -- Up-to-date: /home/david/esha_ws/install/interfaces/include/interfaces/interfaces/msg/detail/current_velocity_data__traits.hpp
[1.460s] -- Up-to-date: /home/david/esha_ws/install/interfaces/include/interfaces/interfaces/msg/detail/current_velocity_data__builder.hpp
[1.460s] -- Up-to-date: /home/david/esha_ws/install/interfaces/include/interfaces/interfaces/msg/detail/imu_data__traits.hpp
[1.461s] -- Up-to-date: /home/david/esha_ws/install/interfaces/include/interfaces/interfaces/msg/detail/current_velocity_data__struct.hpp
[1.461s] -- Up-to-date: /home/david/esha_ws/install/interfaces/include/interfaces/interfaces/msg/detail/imu_data__struct.hpp
[1.461s] -- Up-to-date: /home/david/esha_ws/install/interfaces/include/interfaces/interfaces/msg/detail/sensor_data__traits.hpp
[1.461s] -- Up-to-date: /home/david/esha_ws/install/interfaces/include/interfaces/interfaces/msg/detail/imu_data__type_support.hpp
[1.461s] -- Up-to-date: /home/david/esha_ws/install/interfaces/include/interfaces/interfaces/msg/detail/imu_data__builder.hpp
[1.462s] -- Up-to-date: /home/david/esha_ws/install/interfaces/include/interfaces/interfaces/msg/detail/current_velocity_data__type_support.hpp
[1.462s] -- Up-to-date: /home/david/esha_ws/install/interfaces/include/interfaces/interfaces/msg/imu_data.hpp
[1.462s] -- Up-to-date: /home/david/esha_ws/install/interfaces/include/interfaces/interfaces/msg/current_velocity_data.hpp
[1.470s] -- Up-to-date: /home/david/esha_ws/install/interfaces/include/interfaces/interfaces/msg/rosidl_generator_cpp__visibility_control.hpp
[1.471s] -- Up-to-date: /home/david/esha_ws/install/interfaces/include/interfaces/interfaces/msg/sensor_data.hpp
[1.471s] -- Up-to-date: /home/david/esha_ws/install/interfaces/include/interfaces/interfaces
[1.471s] -- Up-to-date: /home/david/esha_ws/install/interfaces/include/interfaces/interfaces/msg
[1.471s] -- Up-to-date: /home/david/esha_ws/install/interfaces/include/interfaces/interfaces/msg/detail
[1.472s] -- Up-to-date: /home/david/esha_ws/install/interfaces/include/interfaces/interfaces/msg/detail/current_velocity_data__rosidl_typesupport_fastrtps_cpp.hpp
[1.472s] -- Up-to-date: /home/david/esha_ws/install/interfaces/include/interfaces/interfaces/msg/detail/dds_fastrtps
[1.472s] -- Up-to-date: /home/david/esha_ws/install/interfaces/include/interfaces/interfaces/msg/detail/imu_data__rosidl_typesupport_fastrtps_cpp.hpp
[1.472s] -- Up-to-date: /home/david/esha_ws/install/interfaces/include/interfaces/interfaces/msg/detail/sensor_data__rosidl_typesupport_fastrtps_cpp.hpp
[1.473s] -- Up-to-date: /home/david/esha_ws/install/interfaces/include/interfaces/interfaces/msg/rosidl_typesupport_fastrtps_cpp__visibility_control.h
[1.473s] -- Up-to-date: /home/david/esha_ws/install/interfaces/lib/libinterfaces__rosidl_typesupport_fastrtps_cpp.so
[1.473s] -- Up-to-date: /home/david/esha_ws/install/interfaces/include/interfaces/interfaces
[1.473s] -- Up-to-date: /home/david/esha_ws/install/interfaces/include/interfaces/interfaces/msg
[1.473s] -- Up-to-date: /home/david/esha_ws/install/interfaces/include/interfaces/interfaces/msg/detail
[1.474s] -- Up-to-date: /home/david/esha_ws/install/interfaces/include/interfaces/interfaces/msg/detail/imu_data__type_support.cpp
[1.474s] -- Up-to-date: /home/david/esha_ws/install/interfaces/include/interfaces/interfaces/msg/detail/imu_data__rosidl_typesupport_introspection_cpp.hpp
[1.474s] -- Up-to-date: /home/david/esha_ws/install/interfaces/include/interfaces/interfaces/msg/detail/current_velocity_data__rosidl_typesupport_introspection_cpp.hpp
[1.474s] -- Up-to-date: /home/david/esha_ws/install/interfaces/include/interfaces/interfaces/msg/detail/sensor_data__rosidl_typesupport_introspection_cpp.hpp
[1.474s] -- Up-to-date: /home/david/esha_ws/install/interfaces/include/interfaces/interfaces/msg/detail/sensor_data__type_support.cpp
[1.475s] -- Up-to-date: /home/david/esha_ws/install/interfaces/include/interfaces/interfaces/msg/detail/current_velocity_data__type_support.cpp
[1.475s] -- Up-to-date: /home/david/esha_ws/install/interfaces/lib/libinterfaces__rosidl_typesupport_introspection_cpp.so
[1.475s] -- Up-to-date: /home/david/esha_ws/install/interfaces/lib/libinterfaces__rosidl_typesupport_cpp.so
[1.475s] -- Up-to-date: /home/david/esha_ws/install/interfaces/share/interfaces/environment/pythonpath.sh
[1.476s] -- Up-to-date: /home/david/esha_ws/install/interfaces/share/interfaces/environment/pythonpath.dsv
[1.476s] -- Up-to-date: /home/david/esha_ws/install/interfaces/lib/python3.12/site-packages/interfaces-0.0.0-py3.12.egg-info
[1.476s] -- Installing: /home/david/esha_ws/install/interfaces/lib/python3.12/site-packages/interfaces-0.0.0-py3.12.egg-info/PKG-INFO
[1.476s] -- Installing: /home/david/esha_ws/install/interfaces/lib/python3.12/site-packages/interfaces-0.0.0-py3.12.egg-info/SOURCES.txt
[1.476s] -- Installing: /home/david/esha_ws/install/interfaces/lib/python3.12/site-packages/interfaces-0.0.0-py3.12.egg-info/top_level.txt
[1.477s] -- Installing: /home/david/esha_ws/install/interfaces/lib/python3.12/site-packages/interfaces-0.0.0-py3.12.egg-info/dependency_links.txt
[1.477s] -- Up-to-date: /home/david/esha_ws/install/interfaces/lib/python3.12/site-packages/interfaces
[1.477s] -- Up-to-date: /home/david/esha_ws/install/interfaces/lib/python3.12/site-packages/interfaces/interfaces_s__rosidl_typesupport_introspection_c.so
[1.477s] -- Up-to-date: /home/david/esha_ws/install/interfaces/lib/python3.12/site-packages/interfaces/interfaces_s__rosidl_typesupport_c.so
[1.477s] -- Up-to-date: /home/david/esha_ws/install/interfaces/lib/python3.12/site-packages/interfaces/msg
[1.478s] -- Up-to-date: /home/david/esha_ws/install/interfaces/lib/python3.12/site-packages/interfaces/msg/_current_velocity_data.py
[1.478s] -- Up-to-date: /home/david/esha_ws/install/interfaces/lib/python3.12/site-packages/interfaces/msg/_sensor_data_s.c
[1.478s] -- Up-to-date: /home/david/esha_ws/install/interfaces/lib/python3.12/site-packages/interfaces/msg/_current_velocity_data_s.c
[1.478s] -- Up-to-date: /home/david/esha_ws/install/interfaces/lib/python3.12/site-packages/interfaces/msg/_imu_data.py
[1.479s] -- Up-to-date: /home/david/esha_ws/install/interfaces/lib/python3.12/site-packages/interfaces/msg/_imu_data_s.c
[1.479s] -- Up-to-date: /home/david/esha_ws/install/interfaces/lib/python3.12/site-packages/interfaces/msg/_sensor_data.py
[1.479s] -- Up-to-date: /home/david/esha_ws/install/interfaces/lib/python3.12/site-packages/interfaces/msg/__init__.py
[1.479s] -- Up-to-date: /home/david/esha_ws/install/interfaces/lib/python3.12/site-packages/interfaces/interfaces_s__rosidl_typesupport_fastrtps_c.so
[1.480s] -- Up-to-date: /home/david/esha_ws/install/interfaces/lib/python3.12/site-packages/interfaces/_interfaces_s.ep.rosidl_typesupport_introspection_c.c
[1.480s] -- Up-to-date: /home/david/esha_ws/install/interfaces/lib/python3.12/site-packages/interfaces/__init__.py
[1.480s] -- Up-to-date: /home/david/esha_ws/install/interfaces/lib/python3.12/site-packages/interfaces/_interfaces_s.ep.rosidl_typesupport_c.c
[1.480s] -- Up-to-date: /home/david/esha_ws/install/interfaces/lib/python3.12/site-packages/interfaces/_interfaces_s.ep.rosidl_typesupport_fastrtps_c.c
[1.497s] Listing '/home/david/esha_ws/install/interfaces/lib/python3.12/site-packages/interfaces'...
[1.498s] Listing '/home/david/esha_ws/install/interfaces/lib/python3.12/site-packages/interfaces/msg'...
[1.506s] -- Up-to-date: /home/david/esha_ws/install/interfaces/lib/python3.12/site-packages/interfaces/interfaces_s__rosidl_typesupport_fastrtps_c.so
[1.506s] -- Up-to-date: /home/david/esha_ws/install/interfaces/lib/python3.12/site-packages/interfaces/interfaces_s__rosidl_typesupport_introspection_c.so
[1.507s] -- Up-to-date: /home/david/esha_ws/install/interfaces/lib/python3.12/site-packages/interfaces/interfaces_s__rosidl_typesupport_c.so
[1.508s] -- Up-to-date: /home/david/esha_ws/install/interfaces/lib/libinterfaces__rosidl_generator_py.so
[1.508s] -- Up-to-date: /home/david/esha_ws/install/interfaces/share/interfaces/msg/SensorData.idl
[1.508s] -- Up-to-date: /home/david/esha_ws/install/interfaces/share/interfaces/msg/CurrentVelocityData.idl
[1.509s] -- Up-to-date: /home/david/esha_ws/install/interfaces/share/interfaces/msg/ImuData.idl
[1.509s] -- Up-to-date: /home/david/esha_ws/install/interfaces/share/interfaces/msg/SensorData.msg
[1.509s] -- Up-to-date: /home/david/esha_ws/install/interfaces/share/interfaces/msg/CurrentVelocityData.msg
[1.509s] -- Up-to-date: /home/david/esha_ws/install/interfaces/share/interfaces/msg/ImuData.msg
[1.509s] -- Up-to-date: /home/david/esha_ws/install/interfaces/share/ament_index/resource_index/package_run_dependencies/interfaces
[1.510s] -- Up-to-date: /home/david/esha_ws/install/interfaces/share/ament_index/resource_index/parent_prefix_path/interfaces
[1.510s] -- Up-to-date: /home/david/esha_ws/install/interfaces/share/interfaces/environment/ament_prefix_path.sh
[1.510s] -- Up-to-date: /home/david/esha_ws/install/interfaces/share/interfaces/environment/ament_prefix_path.dsv
[1.510s] -- Up-to-date: /home/david/esha_ws/install/interfaces/share/interfaces/environment/path.sh
[1.510s] -- Up-to-date: /home/david/esha_ws/install/interfaces/share/interfaces/environment/path.dsv
[1.510s] -- Up-to-date: /home/david/esha_ws/install/interfaces/share/interfaces/local_setup.bash
[1.511s] -- Up-to-date: /home/david/esha_ws/install/interfaces/share/interfaces/local_setup.sh
[1.511s] -- Up-to-date: /home/david/esha_ws/install/interfaces/share/interfaces/local_setup.zsh
[1.511s] -- Up-to-date: /home/david/esha_ws/install/interfaces/share/interfaces/local_setup.dsv
[1.511s] -- Installing: /home/david/esha_ws/install/interfaces/share/interfaces/package.dsv
[1.512s] -- Up-to-date: /home/david/esha_ws/install/interfaces/share/ament_index/resource_index/packages/interfaces
[1.512s] -- Up-to-date: /home/david/esha_ws/install/interfaces/share/interfaces/cmake/export_interfaces__rosidl_generator_cExport.cmake
[1.512s] -- Up-to-date: /home/david/esha_ws/install/interfaces/share/interfaces/cmake/export_interfaces__rosidl_generator_cExport-noconfig.cmake
[1.512s] -- Up-to-date: /home/david/esha_ws/install/interfaces/share/interfaces/cmake/export_interfaces__rosidl_typesupport_fastrtps_cExport.cmake
[1.513s] -- Up-to-date: /home/david/esha_ws/install/interfaces/share/interfaces/cmake/export_interfaces__rosidl_typesupport_fastrtps_cExport-noconfig.cmake
[1.514s] -- Up-to-date: /home/david/esha_ws/install/interfaces/share/interfaces/cmake/interfaces__rosidl_typesupport_introspection_cExport.cmake
[1.514s] -- Up-to-date: /home/david/esha_ws/install/interfaces/share/interfaces/cmake/interfaces__rosidl_typesupport_introspection_cExport-noconfig.cmake
[1.514s] -- Up-to-date: /home/david/esha_ws/install/interfaces/share/interfaces/cmake/interfaces__rosidl_typesupport_cExport.cmake
[1.515s] -- Up-to-date: /home/david/esha_ws/install/interfaces/share/interfaces/cmake/interfaces__rosidl_typesupport_cExport-noconfig.cmake
[1.515s] -- Up-to-date: /home/david/esha_ws/install/interfaces/share/interfaces/cmake/export_interfaces__rosidl_generator_cppExport.cmake
[1.515s] -- Up-to-date: /home/david/esha_ws/install/interfaces/share/interfaces/cmake/export_interfaces__rosidl_typesupport_fastrtps_cppExport.cmake
[1.515s] -- Up-to-date: /home/david/esha_ws/install/interfaces/share/interfaces/cmake/export_interfaces__rosidl_typesupport_fastrtps_cppExport-noconfig.cmake
[1.515s] -- Up-to-date: /home/david/esha_ws/install/interfaces/share/interfaces/cmake/interfaces__rosidl_typesupport_introspection_cppExport.cmake
[1.515s] -- Up-to-date: /home/david/esha_ws/install/interfaces/share/interfaces/cmake/interfaces__rosidl_typesupport_introspection_cppExport-noconfig.cmake
[1.516s] -- Up-to-date: /home/david/esha_ws/install/interfaces/share/interfaces/cmake/interfaces__rosidl_typesupport_cppExport.cmake
[1.516s] -- Up-to-date: /home/david/esha_ws/install/interfaces/share/interfaces/cmake/interfaces__rosidl_typesupport_cppExport-noconfig.cmake
[1.516s] -- Up-to-date: /home/david/esha_ws/install/interfaces/share/interfaces/cmake/export_interfaces__rosidl_generator_pyExport.cmake
[1.517s] -- Up-to-date: /home/david/esha_ws/install/interfaces/share/interfaces/cmake/export_interfaces__rosidl_generator_pyExport-noconfig.cmake
[1.517s] -- Up-to-date: /home/david/esha_ws/install/interfaces/share/interfaces/cmake/rosidl_cmake-extras.cmake
[1.517s] -- Up-to-date: /home/david/esha_ws/install/interfaces/share/interfaces/cmake/ament_cmake_export_include_directories-extras.cmake
[1.517s] -- Up-to-date: /home/david/esha_ws/install/interfaces/share/interfaces/cmake/ament_cmake_export_libraries-extras.cmake
[1.517s] -- Up-to-date: /home/david/esha_ws/install/interfaces/share/interfaces/cmake/ament_cmake_export_targets-extras.cmake
[1.517s] -- Up-to-date: /home/david/esha_ws/install/interfaces/share/interfaces/cmake/rosidl_cmake_export_typesupport_targets-extras.cmake
[1.518s] -- Up-to-date: /home/david/esha_ws/install/interfaces/share/interfaces/cmake/ament_cmake_export_dependencies-extras.cmake
[1.518s] -- Up-to-date: /home/david/esha_ws/install/interfaces/share/interfaces/cmake/rosidl_cmake_export_typesupport_libraries-extras.cmake
[1.518s] -- Up-to-date: /home/david/esha_ws/install/interfaces/share/interfaces/cmake/interfacesConfig.cmake
[1.518s] -- Up-to-date: /home/david/esha_ws/install/interfaces/share/interfaces/cmake/interfacesConfig-version.cmake
[1.518s] -- Up-to-date: /home/david/esha_ws/install/interfaces/share/interfaces/package.xml
[1.521s] Invoked command in '/home/david/esha_ws/build/interfaces' returned '0': CMAKE_PREFIX_PATH=${CMAKE_PREFIX_PATH}:/home/david/esha_ws/install/monitor:/home/david/esha_ws/install/inter_package:/home/david/husky_ws/install/monitor:/home/david/husky_ws/install/data_sensor:/opt/ros/jazzy DEBUGINFOD_URLS=https://debuginfod.ubuntu.com /usr/bin/cmake --install /home/david/esha_ws/build/interfaces
