[0.045s] Invoking command in '/home/david/esha_ws/build/interfaces': CMAKE_PREFIX_PATH=${CMAKE_PREFIX_PATH}:/opt/ros/jazzy DEBUGINFOD_URLS=https://debuginfod.ubuntu.com /usr/bin/cmake /home/david/esha_ws/src/interfaces -DCMAKE_INSTALL_PREFIX=/home/david/esha_ws/install/interfaces
[0.117s] -- The C compiler identification is GNU 13.3.0
[0.183s] -- The CXX compiler identification is GNU 13.3.0
[0.201s] -- Detecting C compiler ABI info
[0.322s] -- Detecting C compiler ABI info - done
[0.340s] -- Check for working C compiler: /usr/bin/cc - skipped
[0.340s] -- Detecting C compile features
[0.341s] -- Detecting C compile features - done
[0.357s] -- Detecting CXX compiler ABI info
[0.502s] -- Detecting CXX compiler ABI info - done
[0.524s] -- Check for working CXX compiler: /usr/bin/c++ - skipped
[0.524s] -- Detecting CXX compile features
[0.524s] -- Detecting CXX compile features - done
[0.531s] -- Found ament_cmake: 2.5.4 (/opt/ros/jazzy/share/ament_cmake/cmake)
[0.746s] -- Found Python3: /usr/bin/python3 (found version "3.12.3") found components: Interpreter 
[0.929s] -- Found rosidl_default_generators: 1.6.0 (/opt/ros/jazzy/share/rosidl_default_generators/cmake)
[0.942s] -- Using all available rosidl_typesupport_c: rosidl_typesupport_fastrtps_c;rosidl_typesupport_introspection_c
[1.043s] -- Using all available rosidl_typesupport_cpp: rosidl_typesupport_fastrtps_cpp;rosidl_typesupport_introspection_cpp
[1.131s] -- Found rosidl_adapter: 4.6.5 (/opt/ros/jazzy/share/rosidl_adapter/cmake)
[1.963s] -- Found ament_cmake_ros: 0.12.0 (/opt/ros/jazzy/share/ament_cmake_ros/cmake)
[2.570s] -- Using all available rosidl_typesupport_c: rosidl_typesupport_fastrtps_c;rosidl_typesupport_introspection_c
[3.309s] -- Using all available rosidl_typesupport_cpp: rosidl_typesupport_fastrtps_cpp;rosidl_typesupport_introspection_cpp
[3.315s] -- Found python_cmake_module: 0.11.1 (/opt/ros/jazzy/share/python_cmake_module/cmake)
[3.494s] -- Found PythonExtra: /usr/bin/python3  
[4.122s] -- Found Python3: /usr/bin/python3 (found version "3.12.3") found components: Interpreter Development NumPy Development.Module Development.Embed 
[4.167s] -- Found ament_lint_auto: 0.17.2 (/opt/ros/jazzy/share/ament_lint_auto/cmake)
[4.208s] -- Added test 'lint_cmake' to check CMake code style
[4.210s] -- Added test 'xmllint' to check XML markup files
[4.214s] -- Configuring done (4.2s)
[4.264s] -- Generating done (0.0s)
[4.280s] -- Build files have been written to: /home/david/esha_ws/build/interfaces
[4.289s] Invoked command in '/home/david/esha_ws/build/interfaces' returned '0': CMAKE_PREFIX_PATH=${CMAKE_PREFIX_PATH}:/opt/ros/jazzy DEBUGINFOD_URLS=https://debuginfod.ubuntu.com /usr/bin/cmake /home/david/esha_ws/src/interfaces -DCMAKE_INSTALL_PREFIX=/home/david/esha_ws/install/interfaces
[4.291s] Invoking command in '/home/david/esha_ws/build/interfaces': CMAKE_PREFIX_PATH=${CMAKE_PREFIX_PATH}:/opt/ros/jazzy DEBUGINFOD_URLS=https://debuginfod.ubuntu.com /usr/bin/cmake --build /home/david/esha_ws/build/interfaces -- -j8 -l8
[4.373s] [  1%] [34m[1mGenerating type hashes for ROS interfaces[0m
[4.386s] [  1%] Built target ament_cmake_python_copy_interfaces
[4.761s] [  1%] Built target interfaces__rosidl_generator_type_description
[4.788s] [  3%] [34m[1mGenerating C code for ROS interfaces[0m
[4.810s] [  5%] [34m[1mGenerating C++ code for ROS interfaces[0m
[4.852s] running egg_info
[4.855s] creating interfaces.egg-info
[4.912s] writing interfaces.egg-info/PKG-INFO
[4.913s] writing dependency_links to interfaces.egg-info/dependency_links.txt
[4.913s] writing top-level names to interfaces.egg-info/top_level.txt
[4.914s] writing manifest file 'interfaces.egg-info/SOURCES.txt'
[5.085s] reading manifest file 'interfaces.egg-info/SOURCES.txt'
[5.085s] writing manifest file 'interfaces.egg-info/SOURCES.txt'
[5.144s] [  5%] Built target ament_cmake_python_build_interfaces_egg
[5.655s] [  5%] Built target interfaces__cpp
[5.819s] [  7%] [32mBuilding C object CMakeFiles/interfaces__rosidl_generator_c.dir/rosidl_generator_c/interfaces/msg/detail/sensor_data__description.c.o[0m
[5.822s] [  9%] [32mBuilding C object CMakeFiles/interfaces__rosidl_generator_c.dir/rosidl_generator_c/interfaces/msg/detail/sensor_data__functions.c.o[0m
[5.843s] [ 12%] [32mBuilding C object CMakeFiles/interfaces__rosidl_generator_c.dir/rosidl_generator_c/interfaces/msg/detail/current_velocity_data__type_support.c.o[0m
[5.845s] [ 12%] [32mBuilding C object CMakeFiles/interfaces__rosidl_generator_c.dir/rosidl_generator_c/interfaces/msg/detail/current_velocity_data__functions.c.o[0m
[5.850s] [ 14%] [32mBuilding C object CMakeFiles/interfaces__rosidl_generator_c.dir/rosidl_generator_c/interfaces/msg/detail/imu_data__functions.c.o[0m
[5.853s] [ 16%] [32mBuilding C object CMakeFiles/interfaces__rosidl_generator_c.dir/rosidl_generator_c/interfaces/msg/detail/sensor_data__type_support.c.o[0m
[5.859s] [ 18%] [32mBuilding C object CMakeFiles/interfaces__rosidl_generator_c.dir/rosidl_generator_c/interfaces/msg/detail/current_velocity_data__description.c.o[0m
[5.861s] [ 20%] [32mBuilding C object CMakeFiles/interfaces__rosidl_generator_c.dir/rosidl_generator_c/interfaces/msg/detail/imu_data__description.c.o[0m
[6.025s] [ 22%] [32mBuilding C object CMakeFiles/interfaces__rosidl_generator_c.dir/rosidl_generator_c/interfaces/msg/detail/imu_data__type_support.c.o[0m
[6.126s] [ 24%] [32m[1mLinking C shared library libinterfaces__rosidl_generator_c.so[0m
[6.209s] [ 24%] Built target interfaces__rosidl_generator_c
[6.261s] [ 25%] [34m[1mGenerating C type support dispatch for ROS interfaces[0m
[6.262s] [ 27%] [34m[1mGenerating C++ type support dispatch for ROS interfaces[0m
[6.266s] [ 29%] [34m[1mGenerating C type support for eProsima Fast-RTPS[0m
[6.270s] [ 31%] [34m[1mGenerating C++ type support for eProsima Fast-RTPS[0m
[6.273s] [ 33%] [34m[1mGenerating C introspection for ROS interfaces[0m
[6.275s] [ 35%] [34m[1mGenerating C++ introspection for ROS interfaces[0m
[7.423s] [ 37%] [32mBuilding CXX object CMakeFiles/interfaces__rosidl_typesupport_c.dir/rosidl_typesupport_c/interfaces/msg/sensor_data__type_support.cpp.o[0m
[7.423s] [ 38%] [32mBuilding CXX object CMakeFiles/interfaces__rosidl_typesupport_c.dir/rosidl_typesupport_c/interfaces/msg/current_velocity_data__type_support.cpp.o[0m
[7.435s] [ 40%] [32mBuilding CXX object CMakeFiles/interfaces__rosidl_typesupport_c.dir/rosidl_typesupport_c/interfaces/msg/imu_data__type_support.cpp.o[0m
[7.633s] [ 42%] [32mBuilding CXX object CMakeFiles/interfaces__rosidl_typesupport_cpp.dir/rosidl_typesupport_cpp/interfaces/msg/sensor_data__type_support.cpp.o[0m
[7.653s] [ 46%] [32mBuilding CXX object CMakeFiles/interfaces__rosidl_typesupport_cpp.dir/rosidl_typesupport_cpp/interfaces/msg/current_velocity_data__type_support.cpp.o[0m
[7.654s] [ 46%] [32mBuilding CXX object CMakeFiles/interfaces__rosidl_typesupport_cpp.dir/rosidl_typesupport_cpp/interfaces/msg/imu_data__type_support.cpp.o[0m
[7.675s] [ 48%] [32m[1mLinking CXX shared library libinterfaces__rosidl_typesupport_c.so[0m
[7.887s] [ 48%] Built target interfaces__rosidl_typesupport_c
[7.963s] [ 50%] [32mBuilding C object CMakeFiles/interfaces__rosidl_typesupport_introspection_c.dir/rosidl_typesupport_introspection_c/interfaces/msg/detail/sensor_data__type_support.c.o[0m
[8.004s] [ 51%] [32mBuilding C object CMakeFiles/interfaces__rosidl_typesupport_introspection_c.dir/rosidl_typesupport_introspection_c/interfaces/msg/detail/current_velocity_data__type_support.c.o[0m
[8.121s] [ 53%] [32mBuilding CXX object CMakeFiles/interfaces__rosidl_typesupport_fastrtps_cpp.dir/rosidl_typesupport_fastrtps_cpp/interfaces/msg/detail/dds_fastrtps/sensor_data__type_support.cpp.o[0m
[8.123s] [ 55%] [32mBuilding CXX object CMakeFiles/interfaces__rosidl_typesupport_fastrtps_c.dir/rosidl_typesupport_fastrtps_c/interfaces/msg/detail/sensor_data__type_support_c.cpp.o[0m
[8.140s] [ 57%] [32mBuilding C object CMakeFiles/interfaces__rosidl_typesupport_introspection_c.dir/rosidl_typesupport_introspection_c/interfaces/msg/detail/imu_data__type_support.c.o[0m
[8.191s] [ 59%] [32mBuilding CXX object CMakeFiles/interfaces__rosidl_typesupport_fastrtps_c.dir/rosidl_typesupport_fastrtps_c/interfaces/msg/detail/current_velocity_data__type_support_c.cpp.o[0m
[8.196s] [ 61%] [32mBuilding CXX object CMakeFiles/interfaces__rosidl_typesupport_introspection_cpp.dir/rosidl_typesupport_introspection_cpp/interfaces/msg/detail/sensor_data__type_support.cpp.o[0m
[8.335s] [ 62%] [32m[1mLinking C shared library libinterfaces__rosidl_typesupport_introspection_c.so[0m
[8.522s] [ 62%] Built target interfaces__rosidl_typesupport_introspection_c
[8.563s] [ 64%] [32mBuilding CXX object CMakeFiles/interfaces__rosidl_typesupport_introspection_cpp.dir/rosidl_typesupport_introspection_cpp/interfaces/msg/detail/current_velocity_data__type_support.cpp.o[0m
[8.971s] [ 66%] [32mBuilding CXX object CMakeFiles/interfaces__rosidl_typesupport_fastrtps_c.dir/rosidl_typesupport_fastrtps_c/interfaces/msg/detail/imu_data__type_support_c.cpp.o[0m
[9.060s] [ 68%] [32mBuilding CXX object CMakeFiles/interfaces__rosidl_typesupport_fastrtps_cpp.dir/rosidl_typesupport_fastrtps_cpp/interfaces/msg/detail/dds_fastrtps/current_velocity_data__type_support.cpp.o[0m
[9.359s] [ 70%] [32m[1mLinking CXX shared library libinterfaces__rosidl_typesupport_cpp.so[0m
[9.429s] [ 72%] [32mBuilding CXX object CMakeFiles/interfaces__rosidl_typesupport_introspection_cpp.dir/rosidl_typesupport_introspection_cpp/interfaces/msg/detail/imu_data__type_support.cpp.o[0m
[9.509s] [ 74%] [32mBuilding CXX object CMakeFiles/interfaces__rosidl_typesupport_fastrtps_cpp.dir/rosidl_typesupport_fastrtps_cpp/interfaces/msg/detail/dds_fastrtps/imu_data__type_support.cpp.o[0m
[9.515s] [ 74%] Built target interfaces__rosidl_typesupport_cpp
[10.310s] [ 75%] [32m[1mLinking CXX shared library libinterfaces__rosidl_typesupport_introspection_cpp.so[0m
[10.454s] [ 75%] Built target interfaces__rosidl_typesupport_introspection_cpp
[10.577s] [ 77%] [32m[1mLinking CXX shared library libinterfaces__rosidl_typesupport_fastrtps_c.so[0m
[10.708s] [ 79%] [32m[1mLinking CXX shared library libinterfaces__rosidl_typesupport_fastrtps_cpp.so[0m
[10.735s] [ 79%] Built target interfaces__rosidl_typesupport_fastrtps_c
[10.799s] [ 79%] Built target interfaces__rosidl_typesupport_fastrtps_cpp
[10.836s] [ 79%] Built target interfaces
[10.865s] [ 81%] [34m[1mGenerating Python code for ROS interfaces[0m
[11.584s] [ 81%] Built target interfaces__py
[11.610s] [ 85%] [32mBuilding C object CMakeFiles/interfaces__rosidl_generator_py.dir/rosidl_generator_py/interfaces/msg/_imu_data_s.c.o[0m
[11.610s] [ 85%] [32mBuilding C object CMakeFiles/interfaces__rosidl_generator_py.dir/rosidl_generator_py/interfaces/msg/_sensor_data_s.c.o[0m
[11.610s] [ 87%] [32mBuilding C object CMakeFiles/interfaces__rosidl_generator_py.dir/rosidl_generator_py/interfaces/msg/_current_velocity_data_s.c.o[0m
[11.799s] [ 88%] [32m[1mLinking C shared library libinterfaces__rosidl_generator_py.so[0m
[11.848s] [ 88%] Built target interfaces__rosidl_generator_py
[11.871s] [ 94%] [32mBuilding C object CMakeFiles/interfaces_s__rosidl_typesupport_c.dir/rosidl_generator_py/interfaces/_interfaces_s.ep.rosidl_typesupport_c.c.o[0m
[11.871s] [ 94%] [32mBuilding C object CMakeFiles/interfaces_s__rosidl_typesupport_introspection_c.dir/rosidl_generator_py/interfaces/_interfaces_s.ep.rosidl_typesupport_introspection_c.c.o[0m
[11.872s] [ 94%] [32mBuilding C object CMakeFiles/interfaces_s__rosidl_typesupport_fastrtps_c.dir/rosidl_generator_py/interfaces/_interfaces_s.ep.rosidl_typesupport_fastrtps_c.c.o[0m
[12.017s] [ 96%] [32m[1mLinking C shared module rosidl_generator_py/interfaces/interfaces_s__rosidl_typesupport_introspection_c.so[0m
[12.017s] [ 98%] [32m[1mLinking C shared module rosidl_generator_py/interfaces/interfaces_s__rosidl_typesupport_c.so[0m
[12.029s] [100%] [32m[1mLinking C shared module rosidl_generator_py/interfaces/interfaces_s__rosidl_typesupport_fastrtps_c.so[0m
[12.061s] [100%] Built target interfaces_s__rosidl_typesupport_introspection_c
[12.061s] [100%] Built target interfaces_s__rosidl_typesupport_c
[12.073s] [100%] Built target interfaces_s__rosidl_typesupport_fastrtps_c
[12.089s] Invoked command in '/home/david/esha_ws/build/interfaces' returned '0': CMAKE_PREFIX_PATH=${CMAKE_PREFIX_PATH}:/opt/ros/jazzy DEBUGINFOD_URLS=https://debuginfod.ubuntu.com /usr/bin/cmake --build /home/david/esha_ws/build/interfaces -- -j8 -l8
[12.091s] Invoking command in '/home/david/esha_ws/build/interfaces': CMAKE_PREFIX_PATH=${CMAKE_PREFIX_PATH}:/opt/ros/jazzy DEBUGINFOD_URLS=https://debuginfod.ubuntu.com /usr/bin/cmake --install /home/david/esha_ws/build/interfaces
[12.101s] -- Install configuration: ""
[12.101s] -- Installing: /home/david/esha_ws/install/interfaces/share/ament_index/resource_index/rosidl_interfaces/interfaces
[12.101s] -- Installing: /home/david/esha_ws/install/interfaces/share/interfaces/msg/SensorData.json
[12.101s] -- Installing: /home/david/esha_ws/install/interfaces/share/interfaces/msg/CurrentVelocityData.json
[12.101s] -- Installing: /home/david/esha_ws/install/interfaces/share/interfaces/msg/ImuData.json
[12.101s] -- Installing: /home/david/esha_ws/install/interfaces/include/interfaces/interfaces
[12.102s] -- Installing: /home/david/esha_ws/install/interfaces/include/interfaces/interfaces/msg
[12.102s] -- Installing: /home/david/esha_ws/install/interfaces/include/interfaces/interfaces/msg/detail
[12.102s] -- Installing: /home/david/esha_ws/install/interfaces/include/interfaces/interfaces/msg/detail/imu_data__functions.c
[12.102s] -- Installing: /home/david/esha_ws/install/interfaces/include/interfaces/interfaces/msg/detail/imu_data__struct.h
[12.102s] -- Installing: /home/david/esha_ws/install/interfaces/include/interfaces/interfaces/msg/detail/imu_data__description.c
[12.102s] -- Installing: /home/david/esha_ws/install/interfaces/include/interfaces/interfaces/msg/detail/sensor_data__struct.h
[12.102s] -- Installing: /home/david/esha_ws/install/interfaces/include/interfaces/interfaces/msg/detail/sensor_data__functions.c
[12.102s] -- Installing: /home/david/esha_ws/install/interfaces/include/interfaces/interfaces/msg/detail/current_velocity_data__type_support.c
[12.103s] -- Installing: /home/david/esha_ws/install/interfaces/include/interfaces/interfaces/msg/detail/current_velocity_data__type_support.h
[12.103s] -- Installing: /home/david/esha_ws/install/interfaces/include/interfaces/interfaces/msg/detail/sensor_data__type_support.h
[12.103s] -- Installing: /home/david/esha_ws/install/interfaces/include/interfaces/interfaces/msg/detail/imu_data__type_support.c
[12.103s] -- Installing: /home/david/esha_ws/install/interfaces/include/interfaces/interfaces/msg/detail/sensor_data__functions.h
[12.103s] -- Installing: /home/david/esha_ws/install/interfaces/include/interfaces/interfaces/msg/detail/sensor_data__description.c
[12.103s] -- Installing: /home/david/esha_ws/install/interfaces/include/interfaces/interfaces/msg/detail/sensor_data__type_support.c
[12.103s] -- Installing: /home/david/esha_ws/install/interfaces/include/interfaces/interfaces/msg/detail/current_velocity_data__functions.c
[12.103s] -- Installing: /home/david/esha_ws/install/interfaces/include/interfaces/interfaces/msg/detail/current_velocity_data__functions.h
[12.103s] -- Installing: /home/david/esha_ws/install/interfaces/include/interfaces/interfaces/msg/detail/imu_data__type_support.h
[12.103s] -- Installing: /home/david/esha_ws/install/interfaces/include/interfaces/interfaces/msg/detail/current_velocity_data__struct.h
[12.104s] -- Installing: /home/david/esha_ws/install/interfaces/include/interfaces/interfaces/msg/detail/imu_data__functions.h
[12.104s] -- Installing: /home/david/esha_ws/install/interfaces/include/interfaces/interfaces/msg/detail/current_velocity_data__description.c
[12.104s] -- Installing: /home/david/esha_ws/install/interfaces/include/interfaces/interfaces/msg/current_velocity_data.h
[12.104s] -- Installing: /home/david/esha_ws/install/interfaces/include/interfaces/interfaces/msg/imu_data.h
[12.104s] -- Installing: /home/david/esha_ws/install/interfaces/include/interfaces/interfaces/msg/rosidl_generator_c__visibility_control.h
[12.104s] -- Installing: /home/david/esha_ws/install/interfaces/include/interfaces/interfaces/msg/sensor_data.h
[12.104s] -- Installing: /home/david/esha_ws/install/interfaces/share/interfaces/environment/library_path.sh
[12.105s] -- Installing: /home/david/esha_ws/install/interfaces/share/interfaces/environment/library_path.dsv
[12.105s] -- Installing: /home/david/esha_ws/install/interfaces/lib/libinterfaces__rosidl_generator_c.so
[12.105s] -- Set non-toolchain portion of runtime path of "/home/david/esha_ws/install/interfaces/lib/libinterfaces__rosidl_generator_c.so" to ""
[12.105s] -- Up-to-date: /home/david/esha_ws/install/interfaces/include/interfaces/interfaces
[12.105s] -- Up-to-date: /home/david/esha_ws/install/interfaces/include/interfaces/interfaces/msg
[12.106s] -- Up-to-date: /home/david/esha_ws/install/interfaces/include/interfaces/interfaces/msg/detail
[12.106s] -- Installing: /home/david/esha_ws/install/interfaces/include/interfaces/interfaces/msg/detail/sensor_data__rosidl_typesupport_fastrtps_c.h
[12.106s] -- Installing: /home/david/esha_ws/install/interfaces/include/interfaces/interfaces/msg/detail/imu_data__rosidl_typesupport_fastrtps_c.h
[12.106s] -- Installing: /home/david/esha_ws/install/interfaces/include/interfaces/interfaces/msg/detail/current_velocity_data__rosidl_typesupport_fastrtps_c.h
[12.106s] -- Installing: /home/david/esha_ws/install/interfaces/include/interfaces/interfaces/msg/rosidl_typesupport_fastrtps_c__visibility_control.h
[12.106s] -- Installing: /home/david/esha_ws/install/interfaces/lib/libinterfaces__rosidl_typesupport_fastrtps_c.so
[12.106s] -- Set non-toolchain portion of runtime path of "/home/david/esha_ws/install/interfaces/lib/libinterfaces__rosidl_typesupport_fastrtps_c.so" to ""
[12.107s] -- Up-to-date: /home/david/esha_ws/install/interfaces/include/interfaces/interfaces
[12.107s] -- Up-to-date: /home/david/esha_ws/install/interfaces/include/interfaces/interfaces/msg
[12.107s] -- Up-to-date: /home/david/esha_ws/install/interfaces/include/interfaces/interfaces/msg/detail
[12.107s] -- Installing: /home/david/esha_ws/install/interfaces/include/interfaces/interfaces/msg/detail/imu_data__rosidl_typesupport_introspection_c.h
[12.107s] -- Installing: /home/david/esha_ws/install/interfaces/include/interfaces/interfaces/msg/detail/current_velocity_data__type_support.c
[12.107s] -- Installing: /home/david/esha_ws/install/interfaces/include/interfaces/interfaces/msg/detail/imu_data__type_support.c
[12.107s] -- Installing: /home/david/esha_ws/install/interfaces/include/interfaces/interfaces/msg/detail/sensor_data__type_support.c
[12.107s] -- Installing: /home/david/esha_ws/install/interfaces/include/interfaces/interfaces/msg/detail/current_velocity_data__rosidl_typesupport_introspection_c.h
[12.107s] -- Installing: /home/david/esha_ws/install/interfaces/include/interfaces/interfaces/msg/detail/sensor_data__rosidl_typesupport_introspection_c.h
[12.107s] -- Installing: /home/david/esha_ws/install/interfaces/include/interfaces/interfaces/msg/rosidl_typesupport_introspection_c__visibility_control.h
[12.108s] -- Installing: /home/david/esha_ws/install/interfaces/lib/libinterfaces__rosidl_typesupport_introspection_c.so
[12.108s] -- Set non-toolchain portion of runtime path of "/home/david/esha_ws/install/interfaces/lib/libinterfaces__rosidl_typesupport_introspection_c.so" to ""
[12.109s] -- Installing: /home/david/esha_ws/install/interfaces/lib/libinterfaces__rosidl_typesupport_c.so
[12.109s] -- Set non-toolchain portion of runtime path of "/home/david/esha_ws/install/interfaces/lib/libinterfaces__rosidl_typesupport_c.so" to ""
[12.109s] -- Up-to-date: /home/david/esha_ws/install/interfaces/include/interfaces/interfaces
[12.109s] -- Up-to-date: /home/david/esha_ws/install/interfaces/include/interfaces/interfaces/msg
[12.109s] -- Up-to-date: /home/david/esha_ws/install/interfaces/include/interfaces/interfaces/msg/detail
[12.109s] -- Installing: /home/david/esha_ws/install/interfaces/include/interfaces/interfaces/msg/detail/sensor_data__type_support.hpp
[12.110s] -- Installing: /home/david/esha_ws/install/interfaces/include/interfaces/interfaces/msg/detail/sensor_data__builder.hpp
[12.110s] -- Installing: /home/david/esha_ws/install/interfaces/include/interfaces/interfaces/msg/detail/sensor_data__struct.hpp
[12.110s] -- Installing: /home/david/esha_ws/install/interfaces/include/interfaces/interfaces/msg/detail/current_velocity_data__traits.hpp
[12.110s] -- Installing: /home/david/esha_ws/install/interfaces/include/interfaces/interfaces/msg/detail/current_velocity_data__builder.hpp
[12.111s] -- Installing: /home/david/esha_ws/install/interfaces/include/interfaces/interfaces/msg/detail/imu_data__traits.hpp
[12.111s] -- Installing: /home/david/esha_ws/install/interfaces/include/interfaces/interfaces/msg/detail/current_velocity_data__struct.hpp
[12.111s] -- Installing: /home/david/esha_ws/install/interfaces/include/interfaces/interfaces/msg/detail/imu_data__struct.hpp
[12.111s] -- Installing: /home/david/esha_ws/install/interfaces/include/interfaces/interfaces/msg/detail/sensor_data__traits.hpp
[12.111s] -- Installing: /home/david/esha_ws/install/interfaces/include/interfaces/interfaces/msg/detail/imu_data__type_support.hpp
[12.112s] -- Installing: /home/david/esha_ws/install/interfaces/include/interfaces/interfaces/msg/detail/imu_data__builder.hpp
[12.112s] -- Installing: /home/david/esha_ws/install/interfaces/include/interfaces/interfaces/msg/detail/current_velocity_data__type_support.hpp
[12.112s] -- Installing: /home/david/esha_ws/install/interfaces/include/interfaces/interfaces/msg/imu_data.hpp
[12.112s] -- Installing: /home/david/esha_ws/install/interfaces/include/interfaces/interfaces/msg/current_velocity_data.hpp
[12.112s] -- Installing: /home/david/esha_ws/install/interfaces/include/interfaces/interfaces/msg/rosidl_generator_cpp__visibility_control.hpp
[12.113s] -- Installing: /home/david/esha_ws/install/interfaces/include/interfaces/interfaces/msg/sensor_data.hpp
[12.113s] -- Up-to-date: /home/david/esha_ws/install/interfaces/include/interfaces/interfaces
[12.113s] -- Up-to-date: /home/david/esha_ws/install/interfaces/include/interfaces/interfaces/msg
[12.113s] -- Up-to-date: /home/david/esha_ws/install/interfaces/include/interfaces/interfaces/msg/detail
[12.113s] -- Installing: /home/david/esha_ws/install/interfaces/include/interfaces/interfaces/msg/detail/current_velocity_data__rosidl_typesupport_fastrtps_cpp.hpp
[12.114s] -- Installing: /home/david/esha_ws/install/interfaces/include/interfaces/interfaces/msg/detail/dds_fastrtps
[12.114s] -- Installing: /home/david/esha_ws/install/interfaces/include/interfaces/interfaces/msg/detail/imu_data__rosidl_typesupport_fastrtps_cpp.hpp
[12.114s] -- Installing: /home/david/esha_ws/install/interfaces/include/interfaces/interfaces/msg/detail/sensor_data__rosidl_typesupport_fastrtps_cpp.hpp
[12.114s] -- Installing: /home/david/esha_ws/install/interfaces/include/interfaces/interfaces/msg/rosidl_typesupport_fastrtps_cpp__visibility_control.h
[12.114s] -- Installing: /home/david/esha_ws/install/interfaces/lib/libinterfaces__rosidl_typesupport_fastrtps_cpp.so
[12.115s] -- Set non-toolchain portion of runtime path of "/home/david/esha_ws/install/interfaces/lib/libinterfaces__rosidl_typesupport_fastrtps_cpp.so" to ""
[12.115s] -- Up-to-date: /home/david/esha_ws/install/interfaces/include/interfaces/interfaces
[12.115s] -- Up-to-date: /home/david/esha_ws/install/interfaces/include/interfaces/interfaces/msg
[12.115s] -- Up-to-date: /home/david/esha_ws/install/interfaces/include/interfaces/interfaces/msg/detail
[12.115s] -- Installing: /home/david/esha_ws/install/interfaces/include/interfaces/interfaces/msg/detail/imu_data__type_support.cpp
[12.116s] -- Installing: /home/david/esha_ws/install/interfaces/include/interfaces/interfaces/msg/detail/imu_data__rosidl_typesupport_introspection_cpp.hpp
[12.116s] -- Installing: /home/david/esha_ws/install/interfaces/include/interfaces/interfaces/msg/detail/current_velocity_data__rosidl_typesupport_introspection_cpp.hpp
[12.116s] -- Installing: /home/david/esha_ws/install/interfaces/include/interfaces/interfaces/msg/detail/sensor_data__rosidl_typesupport_introspection_cpp.hpp
[12.116s] -- Installing: /home/david/esha_ws/install/interfaces/include/interfaces/interfaces/msg/detail/sensor_data__type_support.cpp
[12.116s] -- Installing: /home/david/esha_ws/install/interfaces/include/interfaces/interfaces/msg/detail/current_velocity_data__type_support.cpp
[12.116s] -- Installing: /home/david/esha_ws/install/interfaces/lib/libinterfaces__rosidl_typesupport_introspection_cpp.so
[12.117s] -- Set non-toolchain portion of runtime path of "/home/david/esha_ws/install/interfaces/lib/libinterfaces__rosidl_typesupport_introspection_cpp.so" to ""
[12.117s] -- Installing: /home/david/esha_ws/install/interfaces/lib/libinterfaces__rosidl_typesupport_cpp.so
[12.118s] -- Set non-toolchain portion of runtime path of "/home/david/esha_ws/install/interfaces/lib/libinterfaces__rosidl_typesupport_cpp.so" to ""
[12.118s] -- Installing: /home/david/esha_ws/install/interfaces/share/interfaces/environment/pythonpath.sh
[12.119s] -- Installing: /home/david/esha_ws/install/interfaces/share/interfaces/environment/pythonpath.dsv
[12.119s] -- Installing: /home/david/esha_ws/install/interfaces/lib/python3.12/site-packages/interfaces-0.0.0-py3.12.egg-info
[12.119s] -- Installing: /home/david/esha_ws/install/interfaces/lib/python3.12/site-packages/interfaces-0.0.0-py3.12.egg-info/PKG-INFO
[12.120s] -- Installing: /home/david/esha_ws/install/interfaces/lib/python3.12/site-packages/interfaces-0.0.0-py3.12.egg-info/SOURCES.txt
[12.120s] -- Installing: /home/david/esha_ws/install/interfaces/lib/python3.12/site-packages/interfaces-0.0.0-py3.12.egg-info/top_level.txt
[12.121s] -- Installing: /home/david/esha_ws/install/interfaces/lib/python3.12/site-packages/interfaces-0.0.0-py3.12.egg-info/dependency_links.txt
[12.121s] -- Installing: /home/david/esha_ws/install/interfaces/lib/python3.12/site-packages/interfaces
[12.121s] -- Installing: /home/david/esha_ws/install/interfaces/lib/python3.12/site-packages/interfaces/interfaces_s__rosidl_typesupport_introspection_c.so
[12.121s] -- Installing: /home/david/esha_ws/install/interfaces/lib/python3.12/site-packages/interfaces/interfaces_s__rosidl_typesupport_c.so
[12.121s] -- Installing: /home/david/esha_ws/install/interfaces/lib/python3.12/site-packages/interfaces/msg
[12.122s] -- Installing: /home/david/esha_ws/install/interfaces/lib/python3.12/site-packages/interfaces/msg/_current_velocity_data.py
[12.122s] -- Installing: /home/david/esha_ws/install/interfaces/lib/python3.12/site-packages/interfaces/msg/_sensor_data_s.c
[12.122s] -- Installing: /home/david/esha_ws/install/interfaces/lib/python3.12/site-packages/interfaces/msg/_current_velocity_data_s.c
[12.122s] -- Installing: /home/david/esha_ws/install/interfaces/lib/python3.12/site-packages/interfaces/msg/_imu_data.py
[12.123s] -- Installing: /home/david/esha_ws/install/interfaces/lib/python3.12/site-packages/interfaces/msg/_imu_data_s.c
[12.123s] -- Installing: /home/david/esha_ws/install/interfaces/lib/python3.12/site-packages/interfaces/msg/_sensor_data.py
[12.123s] -- Installing: /home/david/esha_ws/install/interfaces/lib/python3.12/site-packages/interfaces/msg/__init__.py
[12.123s] -- Installing: /home/david/esha_ws/install/interfaces/lib/python3.12/site-packages/interfaces/interfaces_s__rosidl_typesupport_fastrtps_c.so
[12.123s] -- Installing: /home/david/esha_ws/install/interfaces/lib/python3.12/site-packages/interfaces/_interfaces_s.ep.rosidl_typesupport_introspection_c.c
[12.123s] -- Installing: /home/david/esha_ws/install/interfaces/lib/python3.12/site-packages/interfaces/__init__.py
[12.124s] -- Installing: /home/david/esha_ws/install/interfaces/lib/python3.12/site-packages/interfaces/_interfaces_s.ep.rosidl_typesupport_c.c
[12.124s] -- Installing: /home/david/esha_ws/install/interfaces/lib/python3.12/site-packages/interfaces/_interfaces_s.ep.rosidl_typesupport_fastrtps_c.c
[12.177s] Listing '/home/david/esha_ws/install/interfaces/lib/python3.12/site-packages/interfaces'...
[12.177s] Compiling '/home/david/esha_ws/install/interfaces/lib/python3.12/site-packages/interfaces/__init__.py'...
[12.177s] Listing '/home/david/esha_ws/install/interfaces/lib/python3.12/site-packages/interfaces/msg'...
[12.177s] Compiling '/home/david/esha_ws/install/interfaces/lib/python3.12/site-packages/interfaces/msg/__init__.py'...
[12.177s] Compiling '/home/david/esha_ws/install/interfaces/lib/python3.12/site-packages/interfaces/msg/_current_velocity_data.py'...
[12.177s] Compiling '/home/david/esha_ws/install/interfaces/lib/python3.12/site-packages/interfaces/msg/_imu_data.py'...
[12.177s] Compiling '/home/david/esha_ws/install/interfaces/lib/python3.12/site-packages/interfaces/msg/_sensor_data.py'...
[12.185s] -- Installing: /home/david/esha_ws/install/interfaces/lib/python3.12/site-packages/interfaces/interfaces_s__rosidl_typesupport_fastrtps_c.so
[12.185s] -- Set non-toolchain portion of runtime path of "/home/david/esha_ws/install/interfaces/lib/python3.12/site-packages/interfaces/interfaces_s__rosidl_typesupport_fastrtps_c.so" to ""
[12.186s] -- Installing: /home/david/esha_ws/install/interfaces/lib/python3.12/site-packages/interfaces/interfaces_s__rosidl_typesupport_introspection_c.so
[12.186s] -- Set non-toolchain portion of runtime path of "/home/david/esha_ws/install/interfaces/lib/python3.12/site-packages/interfaces/interfaces_s__rosidl_typesupport_introspection_c.so" to ""
[12.186s] -- Installing: /home/david/esha_ws/install/interfaces/lib/python3.12/site-packages/interfaces/interfaces_s__rosidl_typesupport_c.so
[12.187s] -- Set non-toolchain portion of runtime path of "/home/david/esha_ws/install/interfaces/lib/python3.12/site-packages/interfaces/interfaces_s__rosidl_typesupport_c.so" to ""
[12.187s] -- Installing: /home/david/esha_ws/install/interfaces/lib/libinterfaces__rosidl_generator_py.so
[12.187s] -- Set non-toolchain portion of runtime path of "/home/david/esha_ws/install/interfaces/lib/libinterfaces__rosidl_generator_py.so" to ""
[12.188s] -- Installing: /home/david/esha_ws/install/interfaces/share/interfaces/msg/SensorData.idl
[12.188s] -- Installing: /home/david/esha_ws/install/interfaces/share/interfaces/msg/CurrentVelocityData.idl
[12.188s] -- Installing: /home/david/esha_ws/install/interfaces/share/interfaces/msg/ImuData.idl
[12.188s] -- Installing: /home/david/esha_ws/install/interfaces/share/interfaces/msg/SensorData.msg
[12.188s] -- Installing: /home/david/esha_ws/install/interfaces/share/interfaces/msg/CurrentVelocityData.msg
[12.188s] -- Installing: /home/david/esha_ws/install/interfaces/share/interfaces/msg/ImuData.msg
[12.188s] -- Installing: /home/david/esha_ws/install/interfaces/share/ament_index/resource_index/package_run_dependencies/interfaces
[12.189s] -- Installing: /home/david/esha_ws/install/interfaces/share/ament_index/resource_index/parent_prefix_path/interfaces
[12.189s] -- Installing: /home/david/esha_ws/install/interfaces/share/interfaces/environment/ament_prefix_path.sh
[12.189s] -- Installing: /home/david/esha_ws/install/interfaces/share/interfaces/environment/ament_prefix_path.dsv
[12.189s] -- Installing: /home/david/esha_ws/install/interfaces/share/interfaces/environment/path.sh
[12.189s] -- Installing: /home/david/esha_ws/install/interfaces/share/interfaces/environment/path.dsv
[12.190s] -- Installing: /home/david/esha_ws/install/interfaces/share/interfaces/local_setup.bash
[12.190s] -- Installing: /home/david/esha_ws/install/interfaces/share/interfaces/local_setup.sh
[12.190s] -- Installing: /home/david/esha_ws/install/interfaces/share/interfaces/local_setup.zsh
[12.190s] -- Installing: /home/david/esha_ws/install/interfaces/share/interfaces/local_setup.dsv
[12.190s] -- Installing: /home/david/esha_ws/install/interfaces/share/interfaces/package.dsv
[12.190s] -- Installing: /home/david/esha_ws/install/interfaces/share/ament_index/resource_index/packages/interfaces
[12.191s] -- Installing: /home/david/esha_ws/install/interfaces/share/interfaces/cmake/export_interfaces__rosidl_generator_cExport.cmake
[12.191s] -- Installing: /home/david/esha_ws/install/interfaces/share/interfaces/cmake/export_interfaces__rosidl_generator_cExport-noconfig.cmake
[12.191s] -- Installing: /home/david/esha_ws/install/interfaces/share/interfaces/cmake/export_interfaces__rosidl_typesupport_fastrtps_cExport.cmake
[12.191s] -- Installing: /home/david/esha_ws/install/interfaces/share/interfaces/cmake/export_interfaces__rosidl_typesupport_fastrtps_cExport-noconfig.cmake
[12.192s] -- Installing: /home/david/esha_ws/install/interfaces/share/interfaces/cmake/interfaces__rosidl_typesupport_introspection_cExport.cmake
[12.192s] -- Installing: /home/david/esha_ws/install/interfaces/share/interfaces/cmake/interfaces__rosidl_typesupport_introspection_cExport-noconfig.cmake
[12.192s] -- Installing: /home/david/esha_ws/install/interfaces/share/interfaces/cmake/interfaces__rosidl_typesupport_cExport.cmake
[12.192s] -- Installing: /home/david/esha_ws/install/interfaces/share/interfaces/cmake/interfaces__rosidl_typesupport_cExport-noconfig.cmake
[12.193s] -- Installing: /home/david/esha_ws/install/interfaces/share/interfaces/cmake/export_interfaces__rosidl_generator_cppExport.cmake
[12.193s] -- Installing: /home/david/esha_ws/install/interfaces/share/interfaces/cmake/export_interfaces__rosidl_typesupport_fastrtps_cppExport.cmake
[12.193s] -- Installing: /home/david/esha_ws/install/interfaces/share/interfaces/cmake/export_interfaces__rosidl_typesupport_fastrtps_cppExport-noconfig.cmake
[12.193s] -- Installing: /home/david/esha_ws/install/interfaces/share/interfaces/cmake/interfaces__rosidl_typesupport_introspection_cppExport.cmake
[12.194s] -- Installing: /home/david/esha_ws/install/interfaces/share/interfaces/cmake/interfaces__rosidl_typesupport_introspection_cppExport-noconfig.cmake
[12.194s] -- Installing: /home/david/esha_ws/install/interfaces/share/interfaces/cmake/interfaces__rosidl_typesupport_cppExport.cmake
[12.194s] -- Installing: /home/david/esha_ws/install/interfaces/share/interfaces/cmake/interfaces__rosidl_typesupport_cppExport-noconfig.cmake
[12.195s] -- Installing: /home/david/esha_ws/install/interfaces/share/interfaces/cmake/export_interfaces__rosidl_generator_pyExport.cmake
[12.195s] -- Installing: /home/david/esha_ws/install/interfaces/share/interfaces/cmake/export_interfaces__rosidl_generator_pyExport-noconfig.cmake
[12.195s] -- Installing: /home/david/esha_ws/install/interfaces/share/interfaces/cmake/rosidl_cmake-extras.cmake
[12.195s] -- Installing: /home/david/esha_ws/install/interfaces/share/interfaces/cmake/ament_cmake_export_include_directories-extras.cmake
[12.196s] -- Installing: /home/david/esha_ws/install/interfaces/share/interfaces/cmake/ament_cmake_export_libraries-extras.cmake
[12.196s] -- Installing: /home/david/esha_ws/install/interfaces/share/interfaces/cmake/ament_cmake_export_targets-extras.cmake
[12.196s] -- Installing: /home/david/esha_ws/install/interfaces/share/interfaces/cmake/rosidl_cmake_export_typesupport_targets-extras.cmake
[12.196s] -- Installing: /home/david/esha_ws/install/interfaces/share/interfaces/cmake/ament_cmake_export_dependencies-extras.cmake
[12.197s] -- Installing: /home/david/esha_ws/install/interfaces/share/interfaces/cmake/rosidl_cmake_export_typesupport_libraries-extras.cmake
[12.197s] -- Installing: /home/david/esha_ws/install/interfaces/share/interfaces/cmake/interfacesConfig.cmake
[12.197s] -- Installing: /home/david/esha_ws/install/interfaces/share/interfaces/cmake/interfacesConfig-version.cmake
[12.197s] -- Installing: /home/david/esha_ws/install/interfaces/share/interfaces/package.xml
[12.200s] Invoked command in '/home/david/esha_ws/build/interfaces' returned '0': CMAKE_PREFIX_PATH=${CMAKE_PREFIX_PATH}:/opt/ros/jazzy DEBUGINFOD_URLS=https://debuginfod.ubuntu.com /usr/bin/cmake --install /home/david/esha_ws/build/interfaces
