[0.555s] Invoking command in '/home/david/esha_ws/build/launch_esha': CMAKE_PREFIX_PATH=${CMAKE_PREFIX_PATH}:/opt/ros/jazzy DEBUGINFOD_URLS=https://debuginfod.ubuntu.com /usr/bin/cmake /home/david/esha_ws/src/launch_esha -DCMAKE_INSTALL_PREFIX=/home/david/esha_ws/install/launch_esha
[0.701s] -- The C compiler identification is GNU 13.3.0
[0.811s] -- The CXX compiler identification is GNU 13.3.0
[0.839s] -- Detecting C compiler ABI info
[1.021s] -- Detecting C compiler ABI info - done
[1.035s] -- Check for working C compiler: /usr/bin/cc - skipped
[1.036s] -- Detecting C compile features
[1.037s] -- Detecting C compile features - done
[1.058s] -- Detecting CXX compiler ABI info
[1.266s] -- Detecting CXX compiler ABI info - done
[1.291s] -- Check for working CXX compiler: /usr/bin/c++ - skipped
[1.292s] -- Detecting CXX compile features
[1.292s] -- Detecting CXX compile features - done
[1.303s] -- Found ament_cmake: 2.5.4 (/opt/ros/jazzy/share/ament_cmake/cmake)
[1.522s] -- Found Python3: /usr/bin/python3 (found version "3.12.3") found components: Interpreter 
[1.731s] -- Found ament_lint_auto: 0.17.2 (/opt/ros/jazzy/share/ament_lint_auto/cmake)
[1.906s] -- Added test 'lint_cmake' to check CMake code style
[1.910s] -- Added test 'xmllint' to check XML markup files
[1.914s] -- Configuring done (1.3s)
[1.920s] -- Generating done (0.0s)
[1.924s] -- Build files have been written to: /home/david/esha_ws/build/launch_esha
[1.932s] Invoked command in '/home/david/esha_ws/build/launch_esha' returned '0': CMAKE_PREFIX_PATH=${CMAKE_PREFIX_PATH}:/opt/ros/jazzy DEBUGINFOD_URLS=https://debuginfod.ubuntu.com /usr/bin/cmake /home/david/esha_ws/src/launch_esha -DCMAKE_INSTALL_PREFIX=/home/david/esha_ws/install/launch_esha
[1.934s] Invoking command in '/home/david/esha_ws/build/launch_esha': CMAKE_PREFIX_PATH=${CMAKE_PREFIX_PATH}:/opt/ros/jazzy DEBUGINFOD_URLS=https://debuginfod.ubuntu.com /usr/bin/cmake --build /home/david/esha_ws/build/launch_esha -- -j8 -l8
[1.990s] Invoked command in '/home/david/esha_ws/build/launch_esha' returned '0': CMAKE_PREFIX_PATH=${CMAKE_PREFIX_PATH}:/opt/ros/jazzy DEBUGINFOD_URLS=https://debuginfod.ubuntu.com /usr/bin/cmake --build /home/david/esha_ws/build/launch_esha -- -j8 -l8
[1.991s] Invoking command in '/home/david/esha_ws/build/launch_esha': CMAKE_PREFIX_PATH=${CMAKE_PREFIX_PATH}:/opt/ros/jazzy DEBUGINFOD_URLS=https://debuginfod.ubuntu.com /usr/bin/cmake --install /home/david/esha_ws/build/launch_esha
[2.004s] -- Install configuration: ""
[2.004s] -- Installing: /home/david/esha_ws/install/launch_esha/share/ament_index/resource_index/package_run_dependencies/launch_esha
[2.005s] -- Installing: /home/david/esha_ws/install/launch_esha/share/ament_index/resource_index/parent_prefix_path/launch_esha
[2.005s] -- Installing: /home/david/esha_ws/install/launch_esha/share/launch_esha/environment/ament_prefix_path.sh
[2.006s] -- Installing: /home/david/esha_ws/install/launch_esha/share/launch_esha/environment/ament_prefix_path.dsv
[2.007s] -- Installing: /home/david/esha_ws/install/launch_esha/share/launch_esha/environment/path.sh
[2.008s] -- Installing: /home/david/esha_ws/install/launch_esha/share/launch_esha/environment/path.dsv
[2.008s] -- Installing: /home/david/esha_ws/install/launch_esha/share/launch_esha/local_setup.bash
[2.008s] -- Installing: /home/david/esha_ws/install/launch_esha/share/launch_esha/local_setup.sh
[2.009s] -- Installing: /home/david/esha_ws/install/launch_esha/share/launch_esha/local_setup.zsh
[2.009s] -- Installing: /home/david/esha_ws/install/launch_esha/share/launch_esha/local_setup.dsv
[2.009s] -- Installing: /home/david/esha_ws/install/launch_esha/share/launch_esha/package.dsv
[2.009s] -- Installing: /home/david/esha_ws/install/launch_esha/share/ament_index/resource_index/packages/launch_esha
[2.009s] -- Installing: /home/david/esha_ws/install/launch_esha/share/launch_esha/cmake/launch_eshaConfig.cmake
[2.010s] -- Installing: /home/david/esha_ws/install/launch_esha/share/launch_esha/cmake/launch_eshaConfig-version.cmake
[2.011s] -- Installing: /home/david/esha_ws/install/launch_esha/share/launch_esha/package.xml
[2.012s] Invoked command in '/home/david/esha_ws/build/launch_esha' returned '0': CMAKE_PREFIX_PATH=${CMAKE_PREFIX_PATH}:/opt/ros/jazzy DEBUGINFOD_URLS=https://debuginfod.ubuntu.com /usr/bin/cmake --install /home/david/esha_ws/build/launch_esha
