[0.123s] DEBUG:colcon:Command line arguments: ['/usr/bin/colcon', 'build']
[0.123s] DEBUG:colcon:Parsed command line arguments: Namespace(log_base=None, log_level=None, verb_name='build', build_base='build', install_base='install', merge_install=False, symlink_install=False, test_result_base=None, continue_on_error=False, executor='parallel', parallel_workers=8, event_handlers=None, ignore_user_meta=False, metas=['./colcon.meta'], base_paths=['.'], packages_ignore=None, packages_ignore_regex=None, paths=None, packages_up_to=None, packages_up_to_regex=None, packages_above=None, packages_above_and_dependencies=None, packages_above_depth=None, packages_select_by_dep=None, packages_skip_by_dep=None, packages_skip_up_to=None, packages_select_build_failed=False, packages_skip_build_finished=False, packages_select_test_failures=False, packages_skip_test_passed=False, packages_select=None, packages_skip=None, packages_select_regex=None, packages_skip_regex=None, packages_start=None, packages_end=None, allow_overriding=[], cmake_args=None, cmake_target=None, cmake_target_skip_unavailable=False, cmake_clean_cache=False, cmake_clean_first=False, cmake_force_configure=False, ament_cmake_args=None, catkin_cmake_args=None, catkin_skip_building_tests=False, mixin_files=None, mixin=None, verb_parser=<colcon_mixin.mixin.mixin_argument.MixinArgumentDecorator object at 0x79f5904aed80>, verb_extension=<colcon_core.verb.build.BuildVerb object at 0x79f5904aeae0>, main=<bound method BuildVerb.main of <colcon_core.verb.build.BuildVerb object at 0x79f5904aeae0>>, mixin_verb=('build',))
[0.164s] Level 1:colcon.colcon_core.package_discovery:discover_packages(colcon_meta) check parameters
[0.164s] Level 1:colcon.colcon_core.package_discovery:discover_packages(recursive) check parameters
[0.164s] Level 1:colcon.colcon_core.package_discovery:discover_packages(ignore) check parameters
[0.164s] Level 1:colcon.colcon_core.package_discovery:discover_packages(path) check parameters
[0.164s] Level 1:colcon.colcon_core.package_discovery:discover_packages(colcon_meta) discover
[0.164s] Level 1:colcon.colcon_core.package_discovery:discover_packages(recursive) discover
[0.164s] INFO:colcon.colcon_core.package_discovery:Crawling recursively for packages in '/home/david/esha_ws'
[0.164s] Level 1:colcon.colcon_core.package_identification:_identify(.) by extensions ['ignore', 'ignore_ament_install']
[0.164s] Level 1:colcon.colcon_core.package_identification:_identify(.) by extension 'ignore'
[0.165s] Level 1:colcon.colcon_core.package_identification:_identify(.) by extension 'ignore_ament_install'
[0.165s] Level 1:colcon.colcon_core.package_identification:_identify(.) by extensions ['colcon_pkg']
[0.165s] Level 1:colcon.colcon_core.package_identification:_identify(.) by extension 'colcon_pkg'
[0.165s] Level 1:colcon.colcon_core.package_identification:_identify(.) by extensions ['colcon_meta']
[0.165s] Level 1:colcon.colcon_core.package_identification:_identify(.) by extension 'colcon_meta'
[0.165s] Level 1:colcon.colcon_core.package_identification:_identify(.) by extensions ['ros']
[0.165s] Level 1:colcon.colcon_core.package_identification:_identify(.) by extension 'ros'
[0.190s] Level 1:colcon.colcon_core.package_identification:_identify(.) by extensions ['cmake', 'python']
[0.190s] Level 1:colcon.colcon_core.package_identification:_identify(.) by extension 'cmake'
[0.190s] Level 1:colcon.colcon_core.package_identification:_identify(.) by extension 'python'
[0.190s] Level 1:colcon.colcon_core.package_identification:_identify(.) by extensions ['python_setup_py']
[0.190s] Level 1:colcon.colcon_core.package_identification:_identify(.) by extension 'python_setup_py'
[0.190s] Level 1:colcon.colcon_core.package_identification:_identify(build) by extensions ['ignore', 'ignore_ament_install']
[0.190s] Level 1:colcon.colcon_core.package_identification:_identify(build) by extension 'ignore'
[0.190s] Level 1:colcon.colcon_core.package_identification:_identify(build) ignored
[0.191s] Level 1:colcon.colcon_core.package_identification:_identify(install) by extensions ['ignore', 'ignore_ament_install']
[0.191s] Level 1:colcon.colcon_core.package_identification:_identify(install) by extension 'ignore'
[0.191s] Level 1:colcon.colcon_core.package_identification:_identify(install) ignored
[0.191s] Level 1:colcon.colcon_core.package_identification:_identify(log) by extensions ['ignore', 'ignore_ament_install']
[0.191s] Level 1:colcon.colcon_core.package_identification:_identify(log) by extension 'ignore'
[0.191s] Level 1:colcon.colcon_core.package_identification:_identify(log) ignored
[0.191s] Level 1:colcon.colcon_core.package_identification:_identify(src) by extensions ['ignore', 'ignore_ament_install']
[0.191s] Level 1:colcon.colcon_core.package_identification:_identify(src) by extension 'ignore'
[0.192s] Level 1:colcon.colcon_core.package_identification:_identify(src) by extension 'ignore_ament_install'
[0.192s] Level 1:colcon.colcon_core.package_identification:_identify(src) by extensions ['colcon_pkg']
[0.192s] Level 1:colcon.colcon_core.package_identification:_identify(src) by extension 'colcon_pkg'
[0.192s] Level 1:colcon.colcon_core.package_identification:_identify(src) by extensions ['colcon_meta']
[0.192s] Level 1:colcon.colcon_core.package_identification:_identify(src) by extension 'colcon_meta'
[0.192s] Level 1:colcon.colcon_core.package_identification:_identify(src) by extensions ['ros']
[0.192s] Level 1:colcon.colcon_core.package_identification:_identify(src) by extension 'ros'
[0.192s] Level 1:colcon.colcon_core.package_identification:_identify(src) by extensions ['cmake', 'python']
[0.192s] Level 1:colcon.colcon_core.package_identification:_identify(src) by extension 'cmake'
[0.192s] Level 1:colcon.colcon_core.package_identification:_identify(src) by extension 'python'
[0.192s] Level 1:colcon.colcon_core.package_identification:_identify(src) by extensions ['python_setup_py']
[0.192s] Level 1:colcon.colcon_core.package_identification:_identify(src) by extension 'python_setup_py'
[0.192s] Level 1:colcon.colcon_core.package_identification:_identify(src/inter_package) by extensions ['ignore', 'ignore_ament_install']
[0.192s] Level 1:colcon.colcon_core.package_identification:_identify(src/inter_package) by extension 'ignore'
[0.192s] Level 1:colcon.colcon_core.package_identification:_identify(src/inter_package) by extension 'ignore_ament_install'
[0.192s] Level 1:colcon.colcon_core.package_identification:_identify(src/inter_package) by extensions ['colcon_pkg']
[0.192s] Level 1:colcon.colcon_core.package_identification:_identify(src/inter_package) by extension 'colcon_pkg'
[0.192s] Level 1:colcon.colcon_core.package_identification:_identify(src/inter_package) by extensions ['colcon_meta']
[0.192s] Level 1:colcon.colcon_core.package_identification:_identify(src/inter_package) by extension 'colcon_meta'
[0.193s] Level 1:colcon.colcon_core.package_identification:_identify(src/inter_package) by extensions ['ros']
[0.193s] Level 1:colcon.colcon_core.package_identification:_identify(src/inter_package) by extension 'ros'
[0.195s] DEBUG:colcon.colcon_core.package_identification:Package 'src/inter_package' with type 'ros.ament_python' and name 'inter_package'
[0.195s] Level 1:colcon.colcon_core.package_identification:_identify(src/interfaces) by extensions ['ignore', 'ignore_ament_install']
[0.195s] Level 1:colcon.colcon_core.package_identification:_identify(src/interfaces) by extension 'ignore'
[0.195s] Level 1:colcon.colcon_core.package_identification:_identify(src/interfaces) by extension 'ignore_ament_install'
[0.195s] Level 1:colcon.colcon_core.package_identification:_identify(src/interfaces) by extensions ['colcon_pkg']
[0.195s] Level 1:colcon.colcon_core.package_identification:_identify(src/interfaces) by extension 'colcon_pkg'
[0.195s] Level 1:colcon.colcon_core.package_identification:_identify(src/interfaces) by extensions ['colcon_meta']
[0.195s] Level 1:colcon.colcon_core.package_identification:_identify(src/interfaces) by extension 'colcon_meta'
[0.196s] Level 1:colcon.colcon_core.package_identification:_identify(src/interfaces) by extensions ['ros']
[0.196s] Level 1:colcon.colcon_core.package_identification:_identify(src/interfaces) by extension 'ros'
[0.196s] DEBUG:colcon.colcon_core.package_identification:Package 'src/interfaces' with type 'ros.ament_cmake' and name 'interfaces'
[0.196s] Level 1:colcon.colcon_core.package_identification:_identify(src/launch_esha) by extensions ['ignore', 'ignore_ament_install']
[0.196s] Level 1:colcon.colcon_core.package_identification:_identify(src/launch_esha) by extension 'ignore'
[0.196s] Level 1:colcon.colcon_core.package_identification:_identify(src/launch_esha) by extension 'ignore_ament_install'
[0.197s] Level 1:colcon.colcon_core.package_identification:_identify(src/launch_esha) by extensions ['colcon_pkg']
[0.197s] Level 1:colcon.colcon_core.package_identification:_identify(src/launch_esha) by extension 'colcon_pkg'
[0.197s] Level 1:colcon.colcon_core.package_identification:_identify(src/launch_esha) by extensions ['colcon_meta']
[0.197s] Level 1:colcon.colcon_core.package_identification:_identify(src/launch_esha) by extension 'colcon_meta'
[0.197s] Level 1:colcon.colcon_core.package_identification:_identify(src/launch_esha) by extensions ['ros']
[0.197s] Level 1:colcon.colcon_core.package_identification:_identify(src/launch_esha) by extension 'ros'
[0.197s] DEBUG:colcon.colcon_core.package_identification:Package 'src/launch_esha' with type 'ros.ament_cmake' and name 'launch_esha'
[0.197s] Level 1:colcon.colcon_core.package_identification:_identify(src/monitor) by extensions ['ignore', 'ignore_ament_install']
[0.197s] Level 1:colcon.colcon_core.package_identification:_identify(src/monitor) by extension 'ignore'
[0.197s] Level 1:colcon.colcon_core.package_identification:_identify(src/monitor) by extension 'ignore_ament_install'
[0.198s] Level 1:colcon.colcon_core.package_identification:_identify(src/monitor) by extensions ['colcon_pkg']
[0.198s] Level 1:colcon.colcon_core.package_identification:_identify(src/monitor) by extension 'colcon_pkg'
[0.198s] Level 1:colcon.colcon_core.package_identification:_identify(src/monitor) by extensions ['colcon_meta']
[0.198s] Level 1:colcon.colcon_core.package_identification:_identify(src/monitor) by extension 'colcon_meta'
[0.198s] Level 1:colcon.colcon_core.package_identification:_identify(src/monitor) by extensions ['ros']
[0.198s] Level 1:colcon.colcon_core.package_identification:_identify(src/monitor) by extension 'ros'
[0.198s] DEBUG:colcon.colcon_core.package_identification:Package 'src/monitor' with type 'ros.ament_python' and name 'monitor'
[0.198s] Level 1:colcon.colcon_core.package_identification:_identify(src/rosmonitoring_interfaces) by extensions ['ignore', 'ignore_ament_install']
[0.198s] Level 1:colcon.colcon_core.package_identification:_identify(src/rosmonitoring_interfaces) by extension 'ignore'
[0.199s] Level 1:colcon.colcon_core.package_identification:_identify(src/rosmonitoring_interfaces) by extension 'ignore_ament_install'
[0.199s] Level 1:colcon.colcon_core.package_identification:_identify(src/rosmonitoring_interfaces) by extensions ['colcon_pkg']
[0.199s] Level 1:colcon.colcon_core.package_identification:_identify(src/rosmonitoring_interfaces) by extension 'colcon_pkg'
[0.199s] Level 1:colcon.colcon_core.package_identification:_identify(src/rosmonitoring_interfaces) by extensions ['colcon_meta']
[0.199s] Level 1:colcon.colcon_core.package_identification:_identify(src/rosmonitoring_interfaces) by extension 'colcon_meta'
[0.199s] Level 1:colcon.colcon_core.package_identification:_identify(src/rosmonitoring_interfaces) by extensions ['ros']
[0.199s] Level 1:colcon.colcon_core.package_identification:_identify(src/rosmonitoring_interfaces) by extension 'ros'
[0.199s] DEBUG:colcon.colcon_core.package_identification:Package 'src/rosmonitoring_interfaces' with type 'ros.ament_cmake' and name 'rosmonitoring_interfaces'
[0.200s] Level 1:colcon.colcon_core.package_discovery:discover_packages(recursive) using defaults
[0.200s] Level 1:colcon.colcon_core.package_discovery:discover_packages(ignore) discover
[0.200s] Level 1:colcon.colcon_core.package_discovery:discover_packages(ignore) using defaults
[0.200s] Level 1:colcon.colcon_core.package_discovery:discover_packages(path) discover
[0.200s] Level 1:colcon.colcon_core.package_discovery:discover_packages(path) using defaults
[0.217s] Level 1:colcon.colcon_core.package_discovery:discover_packages(prefix_path) check parameters
[0.217s] Level 1:colcon.colcon_core.package_discovery:discover_packages(prefix_path) discover
[0.219s] DEBUG:colcon.colcon_installed_package_information.package_discovery:Found 4 installed packages in /home/david/esha_ws/install
[0.222s] DEBUG:colcon.colcon_installed_package_information.package_discovery:Found 508 installed packages in /opt/ros/jazzy
[0.224s] Level 1:colcon.colcon_core.package_discovery:discover_packages(prefix_path) using defaults
[0.297s] Level 5:colcon.colcon_core.verb:set package 'inter_package' build argument 'cmake_args' from command line to 'None'
[0.297s] Level 5:colcon.colcon_core.verb:set package 'inter_package' build argument 'cmake_target' from command line to 'None'
[0.297s] Level 5:colcon.colcon_core.verb:set package 'inter_package' build argument 'cmake_target_skip_unavailable' from command line to 'False'
[0.297s] Level 5:colcon.colcon_core.verb:set package 'inter_package' build argument 'cmake_clean_cache' from command line to 'False'
[0.297s] Level 5:colcon.colcon_core.verb:set package 'inter_package' build argument 'cmake_clean_first' from command line to 'False'
[0.297s] Level 5:colcon.colcon_core.verb:set package 'inter_package' build argument 'cmake_force_configure' from command line to 'False'
[0.297s] Level 5:colcon.colcon_core.verb:set package 'inter_package' build argument 'ament_cmake_args' from command line to 'None'
[0.297s] Level 5:colcon.colcon_core.verb:set package 'inter_package' build argument 'catkin_cmake_args' from command line to 'None'
[0.297s] Level 5:colcon.colcon_core.verb:set package 'inter_package' build argument 'catkin_skip_building_tests' from command line to 'False'
[0.297s] DEBUG:colcon.colcon_core.verb:Building package 'inter_package' with the following arguments: {'ament_cmake_args': None, 'build_base': '/home/david/esha_ws/build/inter_package', 'catkin_cmake_args': None, 'catkin_skip_building_tests': False, 'cmake_args': None, 'cmake_clean_cache': False, 'cmake_clean_first': False, 'cmake_force_configure': False, 'cmake_target': None, 'cmake_target_skip_unavailable': False, 'install_base': '/home/david/esha_ws/install/inter_package', 'merge_install': False, 'path': '/home/david/esha_ws/src/inter_package', 'symlink_install': False, 'test_result_base': None}
[0.297s] Level 5:colcon.colcon_core.verb:set package 'interfaces' build argument 'cmake_args' from command line to 'None'
[0.297s] Level 5:colcon.colcon_core.verb:set package 'interfaces' build argument 'cmake_target' from command line to 'None'
[0.297s] Level 5:colcon.colcon_core.verb:set package 'interfaces' build argument 'cmake_target_skip_unavailable' from command line to 'False'
[0.297s] Level 5:colcon.colcon_core.verb:set package 'interfaces' build argument 'cmake_clean_cache' from command line to 'False'
[0.298s] Level 5:colcon.colcon_core.verb:set package 'interfaces' build argument 'cmake_clean_first' from command line to 'False'
[0.298s] Level 5:colcon.colcon_core.verb:set package 'interfaces' build argument 'cmake_force_configure' from command line to 'False'
[0.298s] Level 5:colcon.colcon_core.verb:set package 'interfaces' build argument 'ament_cmake_args' from command line to 'None'
[0.298s] Level 5:colcon.colcon_core.verb:set package 'interfaces' build argument 'catkin_cmake_args' from command line to 'None'
[0.298s] Level 5:colcon.colcon_core.verb:set package 'interfaces' build argument 'catkin_skip_building_tests' from command line to 'False'
[0.298s] DEBUG:colcon.colcon_core.verb:Building package 'interfaces' with the following arguments: {'ament_cmake_args': None, 'build_base': '/home/david/esha_ws/build/interfaces', 'catkin_cmake_args': None, 'catkin_skip_building_tests': False, 'cmake_args': None, 'cmake_clean_cache': False, 'cmake_clean_first': False, 'cmake_force_configure': False, 'cmake_target': None, 'cmake_target_skip_unavailable': False, 'install_base': '/home/david/esha_ws/install/interfaces', 'merge_install': False, 'path': '/home/david/esha_ws/src/interfaces', 'symlink_install': False, 'test_result_base': None}
[0.298s] Level 5:colcon.colcon_core.verb:set package 'launch_esha' build argument 'cmake_args' from command line to 'None'
[0.298s] Level 5:colcon.colcon_core.verb:set package 'launch_esha' build argument 'cmake_target' from command line to 'None'
[0.298s] Level 5:colcon.colcon_core.verb:set package 'launch_esha' build argument 'cmake_target_skip_unavailable' from command line to 'False'
[0.298s] Level 5:colcon.colcon_core.verb:set package 'launch_esha' build argument 'cmake_clean_cache' from command line to 'False'
[0.298s] Level 5:colcon.colcon_core.verb:set package 'launch_esha' build argument 'cmake_clean_first' from command line to 'False'
[0.298s] Level 5:colcon.colcon_core.verb:set package 'launch_esha' build argument 'cmake_force_configure' from command line to 'False'
[0.298s] Level 5:colcon.colcon_core.verb:set package 'launch_esha' build argument 'ament_cmake_args' from command line to 'None'
[0.298s] Level 5:colcon.colcon_core.verb:set package 'launch_esha' build argument 'catkin_cmake_args' from command line to 'None'
[0.298s] Level 5:colcon.colcon_core.verb:set package 'launch_esha' build argument 'catkin_skip_building_tests' from command line to 'False'
[0.298s] DEBUG:colcon.colcon_core.verb:Building package 'launch_esha' with the following arguments: {'ament_cmake_args': None, 'build_base': '/home/david/esha_ws/build/launch_esha', 'catkin_cmake_args': None, 'catkin_skip_building_tests': False, 'cmake_args': None, 'cmake_clean_cache': False, 'cmake_clean_first': False, 'cmake_force_configure': False, 'cmake_target': None, 'cmake_target_skip_unavailable': False, 'install_base': '/home/david/esha_ws/install/launch_esha', 'merge_install': False, 'path': '/home/david/esha_ws/src/launch_esha', 'symlink_install': False, 'test_result_base': None}
[0.298s] Level 5:colcon.colcon_core.verb:set package 'rosmonitoring_interfaces' build argument 'cmake_args' from command line to 'None'
[0.298s] Level 5:colcon.colcon_core.verb:set package 'rosmonitoring_interfaces' build argument 'cmake_target' from command line to 'None'
[0.299s] Level 5:colcon.colcon_core.verb:set package 'rosmonitoring_interfaces' build argument 'cmake_target_skip_unavailable' from command line to 'False'
[0.299s] Level 5:colcon.colcon_core.verb:set package 'rosmonitoring_interfaces' build argument 'cmake_clean_cache' from command line to 'False'
[0.299s] Level 5:colcon.colcon_core.verb:set package 'rosmonitoring_interfaces' build argument 'cmake_clean_first' from command line to 'False'
[0.299s] Level 5:colcon.colcon_core.verb:set package 'rosmonitoring_interfaces' build argument 'cmake_force_configure' from command line to 'False'
[0.299s] Level 5:colcon.colcon_core.verb:set package 'rosmonitoring_interfaces' build argument 'ament_cmake_args' from command line to 'None'
[0.299s] Level 5:colcon.colcon_core.verb:set package 'rosmonitoring_interfaces' build argument 'catkin_cmake_args' from command line to 'None'
[0.299s] Level 5:colcon.colcon_core.verb:set package 'rosmonitoring_interfaces' build argument 'catkin_skip_building_tests' from command line to 'False'
[0.299s] DEBUG:colcon.colcon_core.verb:Building package 'rosmonitoring_interfaces' with the following arguments: {'ament_cmake_args': None, 'build_base': '/home/david/esha_ws/build/rosmonitoring_interfaces', 'catkin_cmake_args': None, 'catkin_skip_building_tests': False, 'cmake_args': None, 'cmake_clean_cache': False, 'cmake_clean_first': False, 'cmake_force_configure': False, 'cmake_target': None, 'cmake_target_skip_unavailable': False, 'install_base': '/home/david/esha_ws/install/rosmonitoring_interfaces', 'merge_install': False, 'path': '/home/david/esha_ws/src/rosmonitoring_interfaces', 'symlink_install': False, 'test_result_base': None}
[0.299s] Level 5:colcon.colcon_core.verb:set package 'monitor' build argument 'cmake_args' from command line to 'None'
[0.299s] Level 5:colcon.colcon_core.verb:set package 'monitor' build argument 'cmake_target' from command line to 'None'
[0.299s] Level 5:colcon.colcon_core.verb:set package 'monitor' build argument 'cmake_target_skip_unavailable' from command line to 'False'
[0.299s] Level 5:colcon.colcon_core.verb:set package 'monitor' build argument 'cmake_clean_cache' from command line to 'False'
[0.299s] Level 5:colcon.colcon_core.verb:set package 'monitor' build argument 'cmake_clean_first' from command line to 'False'
[0.299s] Level 5:colcon.colcon_core.verb:set package 'monitor' build argument 'cmake_force_configure' from command line to 'False'
[0.299s] Level 5:colcon.colcon_core.verb:set package 'monitor' build argument 'ament_cmake_args' from command line to 'None'
[0.299s] Level 5:colcon.colcon_core.verb:set package 'monitor' build argument 'catkin_cmake_args' from command line to 'None'
[0.299s] Level 5:colcon.colcon_core.verb:set package 'monitor' build argument 'catkin_skip_building_tests' from command line to 'False'
[0.299s] DEBUG:colcon.colcon_core.verb:Building package 'monitor' with the following arguments: {'ament_cmake_args': None, 'build_base': '/home/david/esha_ws/build/monitor', 'catkin_cmake_args': None, 'catkin_skip_building_tests': False, 'cmake_args': None, 'cmake_clean_cache': False, 'cmake_clean_first': False, 'cmake_force_configure': False, 'cmake_target': None, 'cmake_target_skip_unavailable': False, 'install_base': '/home/david/esha_ws/install/monitor', 'merge_install': False, 'path': '/home/david/esha_ws/src/monitor', 'symlink_install': False, 'test_result_base': None}
[0.299s] INFO:colcon.colcon_core.executor:Executing jobs using 'parallel' executor
[0.300s] DEBUG:colcon.colcon_parallel_executor.executor.parallel:run_until_complete
[0.301s] INFO:colcon.colcon_ros.task.ament_cmake.build:Building ROS package in '/home/david/esha_ws/src/interfaces' with build type 'ament_cmake'
[0.301s] INFO:colcon.colcon_cmake.task.cmake.build:Building CMake package in '/home/david/esha_ws/src/interfaces'
[0.303s] INFO:colcon.colcon_core.plugin_system:Skipping extension 'colcon_core.shell.bat': Not used on non-Windows systems
[0.303s] INFO:colcon.colcon_core.shell:Skip shell extension 'powershell' for command environment: Not usable outside of PowerShell
[0.303s] DEBUG:colcon.colcon_core.shell:Skip shell extension 'dsv' for command environment
[0.308s] INFO:colcon.colcon_ros.task.ament_cmake.build:Building ROS package in '/home/david/esha_ws/src/rosmonitoring_interfaces' with build type 'ament_cmake'
[0.308s] INFO:colcon.colcon_cmake.task.cmake.build:Building CMake package in '/home/david/esha_ws/src/rosmonitoring_interfaces'
[0.308s] INFO:colcon.colcon_core.shell:Skip shell extension 'powershell' for command environment: Not usable outside of PowerShell
[0.309s] DEBUG:colcon.colcon_core.shell:Skip shell extension 'dsv' for command environment
[0.316s] INFO:colcon.colcon_ros.task.ament_python.build:Building ROS package in '/home/david/esha_ws/src/inter_package' with build type 'ament_python'
[0.317s] Level 1:colcon.colcon_core.shell:create_environment_hook('inter_package', 'ament_prefix_path')
[0.317s] INFO:colcon.colcon_core.shell:Creating environment hook '/home/david/esha_ws/install/inter_package/share/inter_package/hook/ament_prefix_path.ps1'
[0.318s] INFO:colcon.colcon_core.shell:Creating environment descriptor '/home/david/esha_ws/install/inter_package/share/inter_package/hook/ament_prefix_path.dsv'
[0.319s] INFO:colcon.colcon_core.shell:Creating environment hook '/home/david/esha_ws/install/inter_package/share/inter_package/hook/ament_prefix_path.sh'
[0.320s] INFO:colcon.colcon_core.shell:Skip shell extension 'powershell' for command environment: Not usable outside of PowerShell
[0.320s] DEBUG:colcon.colcon_core.shell:Skip shell extension 'dsv' for command environment
[0.325s] INFO:colcon.colcon_ros.task.ament_cmake.build:Building ROS package in '/home/david/esha_ws/src/launch_esha' with build type 'ament_cmake'
[0.325s] INFO:colcon.colcon_cmake.task.cmake.build:Building CMake package in '/home/david/esha_ws/src/launch_esha'
[0.326s] INFO:colcon.colcon_core.shell:Skip shell extension 'powershell' for command environment: Not usable outside of PowerShell
[0.326s] DEBUG:colcon.colcon_core.shell:Skip shell extension 'dsv' for command environment
[0.357s] DEBUG:colcon.colcon_core.event_handler.log_command:Invoking command in '/home/david/esha_ws/build/interfaces': CMAKE_PREFIX_PATH=${CMAKE_PREFIX_PATH}:/opt/ros/jazzy DEBUGINFOD_URLS=https://debuginfod.ubuntu.com /usr/bin/cmake --build /home/david/esha_ws/build/interfaces -- -j8 -l8
[0.362s] DEBUG:colcon.colcon_core.event_handler.log_command:Invoking command in '/home/david/esha_ws/build/rosmonitoring_interfaces': CMAKE_PREFIX_PATH=${CMAKE_PREFIX_PATH}:/opt/ros/jazzy DEBUGINFOD_URLS=https://debuginfod.ubuntu.com /usr/bin/cmake --build /home/david/esha_ws/build/rosmonitoring_interfaces -- -j8 -l8
[0.839s] INFO:colcon.colcon_core.task.python.build:Building Python package in '/home/david/esha_ws/src/inter_package'
[0.840s] INFO:colcon.colcon_core.shell:Skip shell extension 'powershell' for command environment: Not usable outside of PowerShell
[0.840s] DEBUG:colcon.colcon_core.shell:Skip shell extension 'dsv' for command environment
[0.880s] DEBUG:colcon.colcon_core.event_handler.log_command:Invoking command in '/home/david/esha_ws/build/launch_esha': CMAKE_PREFIX_PATH=${CMAKE_PREFIX_PATH}:/opt/ros/jazzy DEBUGINFOD_URLS=https://debuginfod.ubuntu.com /usr/bin/cmake /home/david/esha_ws/src/launch_esha -DCMAKE_INSTALL_PREFIX=/home/david/esha_ws/install/launch_esha
[1.245s] DEBUG:colcon.colcon_core.event_handler.log_command:Invoked command in '/home/david/esha_ws/build/rosmonitoring_interfaces' returned '0': CMAKE_PREFIX_PATH=${CMAKE_PREFIX_PATH}:/opt/ros/jazzy DEBUGINFOD_URLS=https://debuginfod.ubuntu.com /usr/bin/cmake --build /home/david/esha_ws/build/rosmonitoring_interfaces -- -j8 -l8
[1.260s] DEBUG:colcon.colcon_core.event_handler.log_command:Invoking command in '/home/david/esha_ws/build/rosmonitoring_interfaces': CMAKE_PREFIX_PATH=${CMAKE_PREFIX_PATH}:/opt/ros/jazzy DEBUGINFOD_URLS=https://debuginfod.ubuntu.com /usr/bin/cmake --install /home/david/esha_ws/build/rosmonitoring_interfaces
[1.293s] DEBUG:colcon.colcon_core.event_handler.log_command:Invoked command in '/home/david/esha_ws/build/interfaces' returned '0': CMAKE_PREFIX_PATH=${CMAKE_PREFIX_PATH}:/opt/ros/jazzy DEBUGINFOD_URLS=https://debuginfod.ubuntu.com /usr/bin/cmake --build /home/david/esha_ws/build/interfaces -- -j8 -l8
[1.296s] DEBUG:colcon.colcon_core.event_handler.log_command:Invoking command in '/home/david/esha_ws/build/interfaces': CMAKE_PREFIX_PATH=${CMAKE_PREFIX_PATH}:/opt/ros/jazzy DEBUGINFOD_URLS=https://debuginfod.ubuntu.com /usr/bin/cmake --install /home/david/esha_ws/build/interfaces
[1.375s] Level 1:colcon.colcon_core.environment:create_environment_scripts_only(rosmonitoring_interfaces)
[1.376s] DEBUG:colcon.colcon_core.event_handler.log_command:Invoked command in '/home/david/esha_ws/build/rosmonitoring_interfaces' returned '0': CMAKE_PREFIX_PATH=${CMAKE_PREFIX_PATH}:/opt/ros/jazzy DEBUGINFOD_URLS=https://debuginfod.ubuntu.com /usr/bin/cmake --install /home/david/esha_ws/build/rosmonitoring_interfaces
[1.381s] Level 1:colcon.colcon_core.environment:checking '/home/david/esha_ws/install/rosmonitoring_interfaces' for CMake module files
[1.382s] Level 1:colcon.colcon_core.environment:checking '/home/david/esha_ws/install/rosmonitoring_interfaces' for CMake config files
[1.384s] Level 1:colcon.colcon_core.shell:create_environment_hook('rosmonitoring_interfaces', 'cmake_prefix_path')
[1.384s] INFO:colcon.colcon_core.shell:Creating environment hook '/home/david/esha_ws/install/rosmonitoring_interfaces/share/rosmonitoring_interfaces/hook/cmake_prefix_path.ps1'
[1.385s] INFO:colcon.colcon_core.shell:Creating environment descriptor '/home/david/esha_ws/install/rosmonitoring_interfaces/share/rosmonitoring_interfaces/hook/cmake_prefix_path.dsv'
[1.386s] INFO:colcon.colcon_core.shell:Creating environment hook '/home/david/esha_ws/install/rosmonitoring_interfaces/share/rosmonitoring_interfaces/hook/cmake_prefix_path.sh'
[1.387s] Level 1:colcon.colcon_core.environment:checking '/home/david/esha_ws/install/rosmonitoring_interfaces/lib'
[1.387s] Level 1:colcon.colcon_core.shell:create_environment_hook('rosmonitoring_interfaces', 'ld_library_path_lib')
[1.388s] INFO:colcon.colcon_core.shell:Creating environment hook '/home/david/esha_ws/install/rosmonitoring_interfaces/share/rosmonitoring_interfaces/hook/ld_library_path_lib.ps1'
[1.388s] INFO:colcon.colcon_core.shell:Creating environment descriptor '/home/david/esha_ws/install/rosmonitoring_interfaces/share/rosmonitoring_interfaces/hook/ld_library_path_lib.dsv'
[1.389s] INFO:colcon.colcon_core.shell:Creating environment hook '/home/david/esha_ws/install/rosmonitoring_interfaces/share/rosmonitoring_interfaces/hook/ld_library_path_lib.sh'
[1.390s] Level 1:colcon.colcon_core.environment:checking '/home/david/esha_ws/install/rosmonitoring_interfaces/bin'
[1.390s] Level 1:colcon.colcon_core.environment:checking '/home/david/esha_ws/install/rosmonitoring_interfaces/lib/pkgconfig/rosmonitoring_interfaces.pc'
[1.390s] Level 1:colcon.colcon_core.environment:checking '/home/david/esha_ws/install/rosmonitoring_interfaces/lib/python3.12/site-packages'
[1.391s] Level 1:colcon.colcon_core.shell:create_environment_hook('rosmonitoring_interfaces', 'pythonpath')
[1.391s] INFO:colcon.colcon_core.shell:Creating environment hook '/home/david/esha_ws/install/rosmonitoring_interfaces/share/rosmonitoring_interfaces/hook/pythonpath.ps1'
[1.392s] INFO:colcon.colcon_core.shell:Creating environment descriptor '/home/david/esha_ws/install/rosmonitoring_interfaces/share/rosmonitoring_interfaces/hook/pythonpath.dsv'
[1.392s] INFO:colcon.colcon_core.shell:Creating environment hook '/home/david/esha_ws/install/rosmonitoring_interfaces/share/rosmonitoring_interfaces/hook/pythonpath.sh'
[1.393s] Level 1:colcon.colcon_core.environment:checking '/home/david/esha_ws/install/rosmonitoring_interfaces/bin'
[1.394s] INFO:colcon.colcon_core.shell:Creating package script '/home/david/esha_ws/install/rosmonitoring_interfaces/share/rosmonitoring_interfaces/package.ps1'
[1.395s] INFO:colcon.colcon_core.shell:Creating package descriptor '/home/david/esha_ws/install/rosmonitoring_interfaces/share/rosmonitoring_interfaces/package.dsv'
[1.396s] INFO:colcon.colcon_core.shell:Creating package script '/home/david/esha_ws/install/rosmonitoring_interfaces/share/rosmonitoring_interfaces/package.sh'
[1.398s] INFO:colcon.colcon_core.shell:Creating package script '/home/david/esha_ws/install/rosmonitoring_interfaces/share/rosmonitoring_interfaces/package.bash'
[1.399s] INFO:colcon.colcon_core.shell:Creating package script '/home/david/esha_ws/install/rosmonitoring_interfaces/share/rosmonitoring_interfaces/package.zsh'
[1.400s] Level 1:colcon.colcon_core.environment:create_file_with_runtime_dependencies(/home/david/esha_ws/install/rosmonitoring_interfaces/share/colcon-core/packages/rosmonitoring_interfaces)
[1.402s] Level 1:colcon.colcon_core.environment:create_environment_scripts_only(rosmonitoring_interfaces)
[1.402s] Level 1:colcon.colcon_core.environment:checking '/home/david/esha_ws/install/rosmonitoring_interfaces' for CMake module files
[1.404s] Level 1:colcon.colcon_core.environment:checking '/home/david/esha_ws/install/rosmonitoring_interfaces' for CMake config files
[1.405s] Level 1:colcon.colcon_core.shell:create_environment_hook('rosmonitoring_interfaces', 'cmake_prefix_path')
[1.405s] INFO:colcon.colcon_core.shell:Creating environment hook '/home/david/esha_ws/install/rosmonitoring_interfaces/share/rosmonitoring_interfaces/hook/cmake_prefix_path.ps1'
[1.407s] INFO:colcon.colcon_core.shell:Creating environment descriptor '/home/david/esha_ws/install/rosmonitoring_interfaces/share/rosmonitoring_interfaces/hook/cmake_prefix_path.dsv'
[1.407s] INFO:colcon.colcon_core.shell:Creating environment hook '/home/david/esha_ws/install/rosmonitoring_interfaces/share/rosmonitoring_interfaces/hook/cmake_prefix_path.sh'
[1.409s] Level 1:colcon.colcon_core.environment:checking '/home/david/esha_ws/install/rosmonitoring_interfaces/lib'
[1.410s] Level 1:colcon.colcon_core.shell:create_environment_hook('rosmonitoring_interfaces', 'ld_library_path_lib')
[1.410s] INFO:colcon.colcon_core.shell:Creating environment hook '/home/david/esha_ws/install/rosmonitoring_interfaces/share/rosmonitoring_interfaces/hook/ld_library_path_lib.ps1'
[1.412s] INFO:colcon.colcon_core.shell:Creating environment descriptor '/home/david/esha_ws/install/rosmonitoring_interfaces/share/rosmonitoring_interfaces/hook/ld_library_path_lib.dsv'
[1.413s] INFO:colcon.colcon_core.shell:Creating environment hook '/home/david/esha_ws/install/rosmonitoring_interfaces/share/rosmonitoring_interfaces/hook/ld_library_path_lib.sh'
[1.414s] Level 1:colcon.colcon_core.environment:checking '/home/david/esha_ws/install/rosmonitoring_interfaces/bin'
[1.415s] Level 1:colcon.colcon_core.environment:checking '/home/david/esha_ws/install/rosmonitoring_interfaces/lib/pkgconfig/rosmonitoring_interfaces.pc'
[1.415s] Level 1:colcon.colcon_core.environment:checking '/home/david/esha_ws/install/rosmonitoring_interfaces/lib/python3.12/site-packages'
[1.416s] Level 1:colcon.colcon_core.shell:create_environment_hook('rosmonitoring_interfaces', 'pythonpath')
[1.416s] INFO:colcon.colcon_core.shell:Creating environment hook '/home/david/esha_ws/install/rosmonitoring_interfaces/share/rosmonitoring_interfaces/hook/pythonpath.ps1'
[1.417s] INFO:colcon.colcon_core.shell:Creating environment descriptor '/home/david/esha_ws/install/rosmonitoring_interfaces/share/rosmonitoring_interfaces/hook/pythonpath.dsv'
[1.418s] INFO:colcon.colcon_core.shell:Creating environment hook '/home/david/esha_ws/install/rosmonitoring_interfaces/share/rosmonitoring_interfaces/hook/pythonpath.sh'
[1.419s] Level 1:colcon.colcon_core.environment:checking '/home/david/esha_ws/install/rosmonitoring_interfaces/bin'
[1.420s] INFO:colcon.colcon_core.shell:Creating package script '/home/david/esha_ws/install/rosmonitoring_interfaces/share/rosmonitoring_interfaces/package.ps1'
[1.421s] INFO:colcon.colcon_core.shell:Creating package descriptor '/home/david/esha_ws/install/rosmonitoring_interfaces/share/rosmonitoring_interfaces/package.dsv'
[1.422s] INFO:colcon.colcon_core.shell:Creating package script '/home/david/esha_ws/install/rosmonitoring_interfaces/share/rosmonitoring_interfaces/package.sh'
[1.425s] INFO:colcon.colcon_core.shell:Creating package script '/home/david/esha_ws/install/rosmonitoring_interfaces/share/rosmonitoring_interfaces/package.bash'
[1.427s] INFO:colcon.colcon_core.shell:Creating package script '/home/david/esha_ws/install/rosmonitoring_interfaces/share/rosmonitoring_interfaces/package.zsh'
[1.430s] Level 1:colcon.colcon_core.environment:create_file_with_runtime_dependencies(/home/david/esha_ws/install/rosmonitoring_interfaces/share/colcon-core/packages/rosmonitoring_interfaces)
[1.444s] Level 1:colcon.colcon_core.environment:create_environment_scripts_only(interfaces)
[1.445s] Level 1:colcon.colcon_core.environment:checking '/home/david/esha_ws/install/interfaces' for CMake module files
[1.449s] Level 1:colcon.colcon_core.environment:checking '/home/david/esha_ws/install/interfaces' for CMake config files
[1.450s] Level 1:colcon.colcon_core.shell:create_environment_hook('interfaces', 'cmake_prefix_path')
[1.450s] INFO:colcon.colcon_core.shell:Creating environment hook '/home/david/esha_ws/install/interfaces/share/interfaces/hook/cmake_prefix_path.ps1'
[1.451s] INFO:colcon.colcon_core.shell:Creating environment descriptor '/home/david/esha_ws/install/interfaces/share/interfaces/hook/cmake_prefix_path.dsv'
[1.458s] INFO:colcon.colcon_core.shell:Creating environment hook '/home/david/esha_ws/install/interfaces/share/interfaces/hook/cmake_prefix_path.sh'
[1.460s] Level 1:colcon.colcon_core.environment:checking '/home/david/esha_ws/install/interfaces/lib'
[1.461s] Level 1:colcon.colcon_core.shell:create_environment_hook('interfaces', 'ld_library_path_lib')
[1.461s] INFO:colcon.colcon_core.shell:Creating environment hook '/home/david/esha_ws/install/interfaces/share/interfaces/hook/ld_library_path_lib.ps1'
[1.464s] INFO:colcon.colcon_core.shell:Creating environment descriptor '/home/david/esha_ws/install/interfaces/share/interfaces/hook/ld_library_path_lib.dsv'
[1.465s] DEBUG:colcon.colcon_core.event_handler.log_command:Invoked command in '/home/david/esha_ws/build/interfaces' returned '0': CMAKE_PREFIX_PATH=${CMAKE_PREFIX_PATH}:/opt/ros/jazzy DEBUGINFOD_URLS=https://debuginfod.ubuntu.com /usr/bin/cmake --install /home/david/esha_ws/build/interfaces
[1.465s] INFO:colcon.colcon_core.shell:Creating environment hook '/home/david/esha_ws/install/interfaces/share/interfaces/hook/ld_library_path_lib.sh'
[1.466s] Level 1:colcon.colcon_core.environment:checking '/home/david/esha_ws/install/interfaces/bin'
[1.466s] Level 1:colcon.colcon_core.environment:checking '/home/david/esha_ws/install/interfaces/lib/pkgconfig/interfaces.pc'
[1.467s] Level 1:colcon.colcon_core.environment:checking '/home/david/esha_ws/install/interfaces/lib/python3.12/site-packages'
[1.467s] Level 1:colcon.colcon_core.shell:create_environment_hook('interfaces', 'pythonpath')
[1.468s] INFO:colcon.colcon_core.shell:Creating environment hook '/home/david/esha_ws/install/interfaces/share/interfaces/hook/pythonpath.ps1'
[1.468s] INFO:colcon.colcon_core.shell:Creating environment descriptor '/home/david/esha_ws/install/interfaces/share/interfaces/hook/pythonpath.dsv'
[1.469s] INFO:colcon.colcon_core.shell:Creating environment hook '/home/david/esha_ws/install/interfaces/share/interfaces/hook/pythonpath.sh'
[1.471s] Level 1:colcon.colcon_core.environment:checking '/home/david/esha_ws/install/interfaces/bin'
[1.471s] INFO:colcon.colcon_core.shell:Creating package script '/home/david/esha_ws/install/interfaces/share/interfaces/package.ps1'
[1.472s] INFO:colcon.colcon_core.shell:Creating package descriptor '/home/david/esha_ws/install/interfaces/share/interfaces/package.dsv'
[1.473s] INFO:colcon.colcon_core.shell:Creating package script '/home/david/esha_ws/install/interfaces/share/interfaces/package.sh'
[1.474s] INFO:colcon.colcon_core.shell:Creating package script '/home/david/esha_ws/install/interfaces/share/interfaces/package.bash'
[1.475s] INFO:colcon.colcon_core.shell:Creating package script '/home/david/esha_ws/install/interfaces/share/interfaces/package.zsh'
[1.476s] Level 1:colcon.colcon_core.environment:create_file_with_runtime_dependencies(/home/david/esha_ws/install/interfaces/share/colcon-core/packages/interfaces)
[1.476s] Level 1:colcon.colcon_core.environment:create_environment_scripts_only(interfaces)
[1.477s] Level 1:colcon.colcon_core.environment:checking '/home/david/esha_ws/install/interfaces' for CMake module files
[1.478s] Level 1:colcon.colcon_core.environment:checking '/home/david/esha_ws/install/interfaces' for CMake config files
[1.478s] Level 1:colcon.colcon_core.shell:create_environment_hook('interfaces', 'cmake_prefix_path')
[1.479s] INFO:colcon.colcon_core.shell:Creating environment hook '/home/david/esha_ws/install/interfaces/share/interfaces/hook/cmake_prefix_path.ps1'
[1.480s] INFO:colcon.colcon_core.shell:Creating environment descriptor '/home/david/esha_ws/install/interfaces/share/interfaces/hook/cmake_prefix_path.dsv'
[1.481s] INFO:colcon.colcon_core.shell:Creating environment hook '/home/david/esha_ws/install/interfaces/share/interfaces/hook/cmake_prefix_path.sh'
[1.482s] Level 1:colcon.colcon_core.environment:checking '/home/david/esha_ws/install/interfaces/lib'
[1.483s] Level 1:colcon.colcon_core.shell:create_environment_hook('interfaces', 'ld_library_path_lib')
[1.483s] INFO:colcon.colcon_core.shell:Creating environment hook '/home/david/esha_ws/install/interfaces/share/interfaces/hook/ld_library_path_lib.ps1'
[1.484s] INFO:colcon.colcon_core.shell:Creating environment descriptor '/home/david/esha_ws/install/interfaces/share/interfaces/hook/ld_library_path_lib.dsv'
[1.484s] INFO:colcon.colcon_core.shell:Creating environment hook '/home/david/esha_ws/install/interfaces/share/interfaces/hook/ld_library_path_lib.sh'
[1.485s] Level 1:colcon.colcon_core.environment:checking '/home/david/esha_ws/install/interfaces/bin'
[1.485s] Level 1:colcon.colcon_core.environment:checking '/home/david/esha_ws/install/interfaces/lib/pkgconfig/interfaces.pc'
[1.486s] Level 1:colcon.colcon_core.environment:checking '/home/david/esha_ws/install/interfaces/lib/python3.12/site-packages'
[1.486s] Level 1:colcon.colcon_core.shell:create_environment_hook('interfaces', 'pythonpath')
[1.486s] INFO:colcon.colcon_core.shell:Creating environment hook '/home/david/esha_ws/install/interfaces/share/interfaces/hook/pythonpath.ps1'
[1.487s] INFO:colcon.colcon_core.shell:Creating environment descriptor '/home/david/esha_ws/install/interfaces/share/interfaces/hook/pythonpath.dsv'
[1.488s] INFO:colcon.colcon_core.shell:Creating environment hook '/home/david/esha_ws/install/interfaces/share/interfaces/hook/pythonpath.sh'
[1.489s] Level 1:colcon.colcon_core.environment:checking '/home/david/esha_ws/install/interfaces/bin'
[1.489s] INFO:colcon.colcon_core.shell:Creating package script '/home/david/esha_ws/install/interfaces/share/interfaces/package.ps1'
[1.490s] INFO:colcon.colcon_core.shell:Creating package descriptor '/home/david/esha_ws/install/interfaces/share/interfaces/package.dsv'
[1.491s] INFO:colcon.colcon_core.shell:Creating package script '/home/david/esha_ws/install/interfaces/share/interfaces/package.sh'
[1.492s] INFO:colcon.colcon_core.shell:Creating package script '/home/david/esha_ws/install/interfaces/share/interfaces/package.bash'
[1.492s] INFO:colcon.colcon_core.shell:Creating package script '/home/david/esha_ws/install/interfaces/share/interfaces/package.zsh'
[1.493s] Level 1:colcon.colcon_core.environment:create_file_with_runtime_dependencies(/home/david/esha_ws/install/interfaces/share/colcon-core/packages/interfaces)
[1.494s] INFO:colcon.colcon_ros.task.ament_python.build:Building ROS package in '/home/david/esha_ws/src/monitor' with build type 'ament_python'
[1.494s] Level 1:colcon.colcon_core.shell:create_environment_hook('monitor', 'ament_prefix_path')
[1.496s] INFO:colcon.colcon_core.shell:Creating environment hook '/home/david/esha_ws/install/monitor/share/monitor/hook/ament_prefix_path.ps1'
[1.497s] INFO:colcon.colcon_core.shell:Creating environment descriptor '/home/david/esha_ws/install/monitor/share/monitor/hook/ament_prefix_path.dsv'
[1.497s] INFO:colcon.colcon_core.shell:Creating environment hook '/home/david/esha_ws/install/monitor/share/monitor/hook/ament_prefix_path.sh'
[1.499s] INFO:colcon.colcon_core.shell:Skip shell extension 'powershell' for command environment: Not usable outside of PowerShell
[1.499s] DEBUG:colcon.colcon_core.shell:Skip shell extension 'dsv' for command environment
[1.913s] INFO:colcon.colcon_core.task.python.build:Building Python package in '/home/david/esha_ws/src/monitor'
[1.913s] INFO:colcon.colcon_core.shell:Skip shell extension 'powershell' for command environment: Not usable outside of PowerShell
[1.913s] DEBUG:colcon.colcon_core.shell:Skip shell extension 'dsv' for command environment
[2.104s] DEBUG:colcon.colcon_core.event_handler.log_command:Invoking command in '/home/david/esha_ws/src/inter_package': DEBUGINFOD_URLS=https://debuginfod.ubuntu.com PYTHONPATH=/home/david/esha_ws/build/inter_package/prefix_override:/usr/lib/python3/dist-packages/colcon_core/task/python/colcon_distutils_commands:/home/david/esha_ws/install/inter_package/lib/python3.12/site-packages:${PYTHONPATH} /usr/bin/python3 -W ignore:setup.py install is deprecated -W ignore:easy_install command is deprecated setup.py egg_info --egg-base ../../build/inter_package build --build-base /home/david/esha_ws/build/inter_package/build install --record /home/david/esha_ws/build/inter_package/install.log --single-version-externally-managed install_data
[2.257s] DEBUG:colcon.colcon_core.event_handler.log_command:Invoked command in '/home/david/esha_ws/build/launch_esha' returned '0': CMAKE_PREFIX_PATH=${CMAKE_PREFIX_PATH}:/opt/ros/jazzy DEBUGINFOD_URLS=https://debuginfod.ubuntu.com /usr/bin/cmake /home/david/esha_ws/src/launch_esha -DCMAKE_INSTALL_PREFIX=/home/david/esha_ws/install/launch_esha
[2.259s] DEBUG:colcon.colcon_core.event_handler.log_command:Invoking command in '/home/david/esha_ws/build/launch_esha': CMAKE_PREFIX_PATH=${CMAKE_PREFIX_PATH}:/opt/ros/jazzy DEBUGINFOD_URLS=https://debuginfod.ubuntu.com /usr/bin/cmake --build /home/david/esha_ws/build/launch_esha -- -j8 -l8
[2.315s] DEBUG:colcon.colcon_core.event_handler.log_command:Invoked command in '/home/david/esha_ws/build/launch_esha' returned '0': CMAKE_PREFIX_PATH=${CMAKE_PREFIX_PATH}:/opt/ros/jazzy DEBUGINFOD_URLS=https://debuginfod.ubuntu.com /usr/bin/cmake --build /home/david/esha_ws/build/launch_esha -- -j8 -l8
[2.316s] DEBUG:colcon.colcon_core.event_handler.log_command:Invoking command in '/home/david/esha_ws/build/launch_esha': CMAKE_PREFIX_PATH=${CMAKE_PREFIX_PATH}:/opt/ros/jazzy DEBUGINFOD_URLS=https://debuginfod.ubuntu.com /usr/bin/cmake --install /home/david/esha_ws/build/launch_esha
[2.335s] Level 1:colcon.colcon_core.environment:create_environment_scripts_only(launch_esha)
[2.336s] Level 1:colcon.colcon_core.environment:checking '/home/david/esha_ws/install/launch_esha' for CMake module files
[2.337s] DEBUG:colcon.colcon_core.event_handler.log_command:Invoked command in '/home/david/esha_ws/build/launch_esha' returned '0': CMAKE_PREFIX_PATH=${CMAKE_PREFIX_PATH}:/opt/ros/jazzy DEBUGINFOD_URLS=https://debuginfod.ubuntu.com /usr/bin/cmake --install /home/david/esha_ws/build/launch_esha
[2.338s] Level 1:colcon.colcon_core.environment:checking '/home/david/esha_ws/install/launch_esha' for CMake config files
[2.338s] Level 1:colcon.colcon_core.shell:create_environment_hook('launch_esha', 'cmake_prefix_path')
[2.338s] INFO:colcon.colcon_core.shell:Creating environment hook '/home/david/esha_ws/install/launch_esha/share/launch_esha/hook/cmake_prefix_path.ps1'
[2.339s] INFO:colcon.colcon_core.shell:Creating environment descriptor '/home/david/esha_ws/install/launch_esha/share/launch_esha/hook/cmake_prefix_path.dsv'
[2.340s] INFO:colcon.colcon_core.shell:Creating environment hook '/home/david/esha_ws/install/launch_esha/share/launch_esha/hook/cmake_prefix_path.sh'
[2.343s] Level 1:colcon.colcon_core.environment:checking '/home/david/esha_ws/install/launch_esha/bin'
[2.343s] Level 1:colcon.colcon_core.environment:checking '/home/david/esha_ws/install/launch_esha/lib/pkgconfig/launch_esha.pc'
[2.343s] Level 1:colcon.colcon_core.environment:checking '/home/david/esha_ws/install/launch_esha/lib/python3.12/site-packages'
[2.344s] Level 1:colcon.colcon_core.environment:checking '/home/david/esha_ws/install/launch_esha/bin'
[2.344s] INFO:colcon.colcon_core.shell:Creating package script '/home/david/esha_ws/install/launch_esha/share/launch_esha/package.ps1'
[2.345s] INFO:colcon.colcon_core.shell:Creating package descriptor '/home/david/esha_ws/install/launch_esha/share/launch_esha/package.dsv'
[2.346s] INFO:colcon.colcon_core.shell:Creating package script '/home/david/esha_ws/install/launch_esha/share/launch_esha/package.sh'
[2.347s] INFO:colcon.colcon_core.shell:Creating package script '/home/david/esha_ws/install/launch_esha/share/launch_esha/package.bash'
[2.347s] INFO:colcon.colcon_core.shell:Creating package script '/home/david/esha_ws/install/launch_esha/share/launch_esha/package.zsh'
[2.348s] Level 1:colcon.colcon_core.environment:create_file_with_runtime_dependencies(/home/david/esha_ws/install/launch_esha/share/colcon-core/packages/launch_esha)
[2.349s] Level 1:colcon.colcon_core.environment:create_environment_scripts_only(launch_esha)
[2.349s] Level 1:colcon.colcon_core.environment:checking '/home/david/esha_ws/install/launch_esha' for CMake module files
[2.350s] Level 1:colcon.colcon_core.environment:checking '/home/david/esha_ws/install/launch_esha' for CMake config files
[2.350s] Level 1:colcon.colcon_core.shell:create_environment_hook('launch_esha', 'cmake_prefix_path')
[2.350s] INFO:colcon.colcon_core.shell:Creating environment hook '/home/david/esha_ws/install/launch_esha/share/launch_esha/hook/cmake_prefix_path.ps1'
[2.351s] INFO:colcon.colcon_core.shell:Creating environment descriptor '/home/david/esha_ws/install/launch_esha/share/launch_esha/hook/cmake_prefix_path.dsv'
[2.351s] INFO:colcon.colcon_core.shell:Creating environment hook '/home/david/esha_ws/install/launch_esha/share/launch_esha/hook/cmake_prefix_path.sh'
[2.352s] Level 1:colcon.colcon_core.environment:checking '/home/david/esha_ws/install/launch_esha/bin'
[2.352s] Level 1:colcon.colcon_core.environment:checking '/home/david/esha_ws/install/launch_esha/lib/pkgconfig/launch_esha.pc'
[2.353s] Level 1:colcon.colcon_core.environment:checking '/home/david/esha_ws/install/launch_esha/lib/python3.12/site-packages'
[2.353s] Level 1:colcon.colcon_core.environment:checking '/home/david/esha_ws/install/launch_esha/bin'
[2.353s] INFO:colcon.colcon_core.shell:Creating package script '/home/david/esha_ws/install/launch_esha/share/launch_esha/package.ps1'
[2.354s] INFO:colcon.colcon_core.shell:Creating package descriptor '/home/david/esha_ws/install/launch_esha/share/launch_esha/package.dsv'
[2.355s] INFO:colcon.colcon_core.shell:Creating package script '/home/david/esha_ws/install/launch_esha/share/launch_esha/package.sh'
[2.356s] INFO:colcon.colcon_core.shell:Creating package script '/home/david/esha_ws/install/launch_esha/share/launch_esha/package.bash'
[2.356s] INFO:colcon.colcon_core.shell:Creating package script '/home/david/esha_ws/install/launch_esha/share/launch_esha/package.zsh'
[2.357s] Level 1:colcon.colcon_core.environment:create_file_with_runtime_dependencies(/home/david/esha_ws/install/launch_esha/share/colcon-core/packages/launch_esha)
[2.978s] DEBUG:colcon.colcon_core.event_handler.log_command:Invoking command in '/home/david/esha_ws/src/monitor': AMENT_PREFIX_PATH=/home/david/esha_ws/install/rosmonitoring_interfaces:/home/david/esha_ws/install/interfaces:${AMENT_PREFIX_PATH} CMAKE_PREFIX_PATH=/home/david/esha_ws/install/rosmonitoring_interfaces:/home/david/esha_ws/install/interfaces:${CMAKE_PREFIX_PATH} DEBUGINFOD_URLS=https://debuginfod.ubuntu.com LD_LIBRARY_PATH=/home/david/esha_ws/install/rosmonitoring_interfaces/lib:/home/david/esha_ws/install/interfaces/lib:${LD_LIBRARY_PATH} PYTHONPATH=/home/david/esha_ws/build/monitor/prefix_override:/usr/lib/python3/dist-packages/colcon_core/task/python/colcon_distutils_commands:/home/david/esha_ws/install/monitor/lib/python3.12/site-packages:/home/david/esha_ws/install/rosmonitoring_interfaces/lib/python3.12/site-packages:/home/david/esha_ws/install/interfaces/lib/python3.12/site-packages:${PYTHONPATH} /usr/bin/python3 -W ignore:setup.py install is deprecated -W ignore:easy_install command is deprecated setup.py egg_info --egg-base ../../build/monitor build --build-base /home/david/esha_ws/build/monitor/build install --record /home/david/esha_ws/build/monitor/install.log --single-version-externally-managed install_data
[3.060s] Level 1:colcon.colcon_core.environment:checking '/home/david/esha_ws/install/inter_package' for CMake module files
[3.061s] DEBUG:colcon.colcon_core.event_handler.log_command:Invoked command in '/home/david/esha_ws/src/inter_package' returned '0': DEBUGINFOD_URLS=https://debuginfod.ubuntu.com PYTHONPATH=/home/david/esha_ws/build/inter_package/prefix_override:/usr/lib/python3/dist-packages/colcon_core/task/python/colcon_distutils_commands:/home/david/esha_ws/install/inter_package/lib/python3.12/site-packages:${PYTHONPATH} /usr/bin/python3 -W ignore:setup.py install is deprecated -W ignore:easy_install command is deprecated setup.py egg_info --egg-base ../../build/inter_package build --build-base /home/david/esha_ws/build/inter_package/build install --record /home/david/esha_ws/build/inter_package/install.log --single-version-externally-managed install_data
[3.061s] Level 1:colcon.colcon_core.environment:checking '/home/david/esha_ws/install/inter_package' for CMake config files
[3.062s] Level 1:colcon.colcon_core.environment:checking '/home/david/esha_ws/install/inter_package/lib'
[3.063s] Level 1:colcon.colcon_core.environment:checking '/home/david/esha_ws/install/inter_package/bin'
[3.063s] Level 1:colcon.colcon_core.environment:checking '/home/david/esha_ws/install/inter_package/lib/pkgconfig/inter_package.pc'
[3.063s] Level 1:colcon.colcon_core.environment:checking '/home/david/esha_ws/install/inter_package/lib/python3.12/site-packages'
[3.063s] Level 1:colcon.colcon_core.shell:create_environment_hook('inter_package', 'pythonpath')
[3.064s] INFO:colcon.colcon_core.shell:Creating environment hook '/home/david/esha_ws/install/inter_package/share/inter_package/hook/pythonpath.ps1'
[3.065s] INFO:colcon.colcon_core.shell:Creating environment descriptor '/home/david/esha_ws/install/inter_package/share/inter_package/hook/pythonpath.dsv'
[3.065s] INFO:colcon.colcon_core.shell:Creating environment hook '/home/david/esha_ws/install/inter_package/share/inter_package/hook/pythonpath.sh'
[3.066s] Level 1:colcon.colcon_core.environment:checking '/home/david/esha_ws/install/inter_package/bin'
[3.066s] Level 1:colcon.colcon_core.environment:create_environment_scripts_only(inter_package)
[3.067s] INFO:colcon.colcon_core.shell:Creating package script '/home/david/esha_ws/install/inter_package/share/inter_package/package.ps1'
[3.067s] INFO:colcon.colcon_core.shell:Creating package descriptor '/home/david/esha_ws/install/inter_package/share/inter_package/package.dsv'
[3.068s] INFO:colcon.colcon_core.shell:Creating package script '/home/david/esha_ws/install/inter_package/share/inter_package/package.sh'
[3.069s] INFO:colcon.colcon_core.shell:Creating package script '/home/david/esha_ws/install/inter_package/share/inter_package/package.bash'
[3.069s] INFO:colcon.colcon_core.shell:Creating package script '/home/david/esha_ws/install/inter_package/share/inter_package/package.zsh'
[3.070s] Level 1:colcon.colcon_core.environment:create_file_with_runtime_dependencies(/home/david/esha_ws/install/inter_package/share/colcon-core/packages/inter_package)
[3.896s] Level 1:colcon.colcon_core.environment:checking '/home/david/esha_ws/install/monitor' for CMake module files
[3.897s] DEBUG:colcon.colcon_core.event_handler.log_command:Invoked command in '/home/david/esha_ws/src/monitor' returned '0': AMENT_PREFIX_PATH=/home/david/esha_ws/install/rosmonitoring_interfaces:/home/david/esha_ws/install/interfaces:${AMENT_PREFIX_PATH} CMAKE_PREFIX_PATH=/home/david/esha_ws/install/rosmonitoring_interfaces:/home/david/esha_ws/install/interfaces:${CMAKE_PREFIX_PATH} DEBUGINFOD_URLS=https://debuginfod.ubuntu.com LD_LIBRARY_PATH=/home/david/esha_ws/install/rosmonitoring_interfaces/lib:/home/david/esha_ws/install/interfaces/lib:${LD_LIBRARY_PATH} PYTHONPATH=/home/david/esha_ws/build/monitor/prefix_override:/usr/lib/python3/dist-packages/colcon_core/task/python/colcon_distutils_commands:/home/david/esha_ws/install/monitor/lib/python3.12/site-packages:/home/david/esha_ws/install/rosmonitoring_interfaces/lib/python3.12/site-packages:/home/david/esha_ws/install/interfaces/lib/python3.12/site-packages:${PYTHONPATH} /usr/bin/python3 -W ignore:setup.py install is deprecated -W ignore:easy_install command is deprecated setup.py egg_info --egg-base ../../build/monitor build --build-base /home/david/esha_ws/build/monitor/build install --record /home/david/esha_ws/build/monitor/install.log --single-version-externally-managed install_data
[3.897s] Level 1:colcon.colcon_core.environment:checking '/home/david/esha_ws/install/monitor' for CMake config files
[3.898s] Level 1:colcon.colcon_core.environment:checking '/home/david/esha_ws/install/monitor/lib'
[3.898s] Level 1:colcon.colcon_core.environment:checking '/home/david/esha_ws/install/monitor/bin'
[3.898s] Level 1:colcon.colcon_core.environment:checking '/home/david/esha_ws/install/monitor/lib/pkgconfig/monitor.pc'
[3.898s] Level 1:colcon.colcon_core.environment:checking '/home/david/esha_ws/install/monitor/lib/python3.12/site-packages'
[3.898s] Level 1:colcon.colcon_core.shell:create_environment_hook('monitor', 'pythonpath')
[3.898s] INFO:colcon.colcon_core.shell:Creating environment hook '/home/david/esha_ws/install/monitor/share/monitor/hook/pythonpath.ps1'
[3.899s] INFO:colcon.colcon_core.shell:Creating environment descriptor '/home/david/esha_ws/install/monitor/share/monitor/hook/pythonpath.dsv'
[3.899s] INFO:colcon.colcon_core.shell:Creating environment hook '/home/david/esha_ws/install/monitor/share/monitor/hook/pythonpath.sh'
[3.900s] Level 1:colcon.colcon_core.environment:checking '/home/david/esha_ws/install/monitor/bin'
[3.900s] Level 1:colcon.colcon_core.environment:create_environment_scripts_only(monitor)
[3.900s] INFO:colcon.colcon_core.shell:Creating package script '/home/david/esha_ws/install/monitor/share/monitor/package.ps1'
[3.901s] INFO:colcon.colcon_core.shell:Creating package descriptor '/home/david/esha_ws/install/monitor/share/monitor/package.dsv'
[3.901s] INFO:colcon.colcon_core.shell:Creating package script '/home/david/esha_ws/install/monitor/share/monitor/package.sh'
[3.902s] INFO:colcon.colcon_core.shell:Creating package script '/home/david/esha_ws/install/monitor/share/monitor/package.bash'
[3.902s] INFO:colcon.colcon_core.shell:Creating package script '/home/david/esha_ws/install/monitor/share/monitor/package.zsh'
[3.902s] Level 1:colcon.colcon_core.environment:create_file_with_runtime_dependencies(/home/david/esha_ws/install/monitor/share/colcon-core/packages/monitor)
[3.903s] DEBUG:colcon.colcon_parallel_executor.executor.parallel:closing loop
[3.903s] DEBUG:colcon.colcon_parallel_executor.executor.parallel:loop closed
[3.903s] DEBUG:colcon.colcon_parallel_executor.executor.parallel:run_until_complete finished with '0'
[3.903s] DEBUG:colcon.colcon_core.event_reactor:joining thread
[3.909s] INFO:colcon.colcon_core.plugin_system:Skipping extension 'colcon_notification.desktop_notification.terminal_notifier': Not used on non-Darwin systems
[3.910s] INFO:colcon.colcon_core.plugin_system:Skipping extension 'colcon_notification.desktop_notification.win32': Not used on non-Windows systems
[3.910s] INFO:colcon.colcon_notification.desktop_notification:Sending desktop notification using 'notify2'
[3.929s] DEBUG:colcon.colcon_core.event_reactor:joined thread
[3.929s] INFO:colcon.colcon_core.shell:Creating prefix script '/home/david/esha_ws/install/local_setup.ps1'
[3.930s] INFO:colcon.colcon_core.shell:Creating prefix util module '/home/david/esha_ws/install/_local_setup_util_ps1.py'
[3.931s] INFO:colcon.colcon_core.shell:Creating prefix chain script '/home/david/esha_ws/install/setup.ps1'
[3.932s] INFO:colcon.colcon_core.shell:Creating prefix script '/home/david/esha_ws/install/local_setup.sh'
[3.933s] INFO:colcon.colcon_core.shell:Creating prefix util module '/home/david/esha_ws/install/_local_setup_util_sh.py'
[3.934s] INFO:colcon.colcon_core.shell:Creating prefix chain script '/home/david/esha_ws/install/setup.sh'
[3.935s] INFO:colcon.colcon_core.shell:Creating prefix script '/home/david/esha_ws/install/local_setup.bash'
[3.935s] INFO:colcon.colcon_core.shell:Creating prefix chain script '/home/david/esha_ws/install/setup.bash'
[3.937s] INFO:colcon.colcon_core.shell:Creating prefix script '/home/david/esha_ws/install/local_setup.zsh'
[3.937s] INFO:colcon.colcon_core.shell:Creating prefix chain script '/home/david/esha_ws/install/setup.zsh'
