-- Found ament_cmake: 2.5.4 (/opt/ros/jazzy/share/ament_cmake/cmake)
-- Found ament_lint_auto: 0.17.2 (/opt/ros/jazzy/share/ament_lint_auto/cmake)
-- Added test 'flake8' to check Python code syntax and style conventions
-- Configured 'flake8' exclude dirs and/or files: 
-- Added test 'lint_cmake' to check CMake code style
-- Added test 'pep257' to check Python code against some of the docstring style conventions in PEP 257
-- Added test 'xmllint' to check XML markup files
-- Configuring done (0.7s)
-- Generating done (0.0s)
-- Build files have been written to: /home/david/esha_ws/build/launch_esha
-- Install configuration: ""
-- Installing: /home/david/esha_ws/install/launch_esha/share/launch_esha/launch
-- Installing: /home/david/esha_ws/install/launch_esha/share/launch_esha/launch/esha.launch.py
-- Up-to-date: /home/david/esha_ws/install/launch_esha/share/ament_index/resource_index/package_run_dependencies/launch_esha
-- Up-to-date: /home/david/esha_ws/install/launch_esha/share/ament_index/resource_index/parent_prefix_path/launch_esha
-- Up-to-date: /home/david/esha_ws/install/launch_esha/share/launch_esha/environment/ament_prefix_path.sh
-- Up-to-date: /home/david/esha_ws/install/launch_esha/share/launch_esha/environment/ament_prefix_path.dsv
-- Up-to-date: /home/david/esha_ws/install/launch_esha/share/launch_esha/environment/path.sh
-- Up-to-date: /home/david/esha_ws/install/launch_esha/share/launch_esha/environment/path.dsv
-- Up-to-date: /home/david/esha_ws/install/launch_esha/share/launch_esha/local_setup.bash
-- Up-to-date: /home/david/esha_ws/install/launch_esha/share/launch_esha/local_setup.sh
-- Up-to-date: /home/david/esha_ws/install/launch_esha/share/launch_esha/local_setup.zsh
-- Up-to-date: /home/david/esha_ws/install/launch_esha/share/launch_esha/local_setup.dsv
-- Installing: /home/david/esha_ws/install/launch_esha/share/launch_esha/package.dsv
-- Up-to-date: /home/david/esha_ws/install/launch_esha/share/ament_index/resource_index/packages/launch_esha
-- Up-to-date: /home/david/esha_ws/install/launch_esha/share/launch_esha/cmake/launch_eshaConfig.cmake
-- Up-to-date: /home/david/esha_ws/install/launch_esha/share/launch_esha/cmake/launch_eshaConfig-version.cmake
-- Up-to-date: /home/david/esha_ws/install/launch_esha/share/launch_esha/package.xml
