[0.026s] Invoking command in '/home/david/esha_ws/build/launch_esha': AMENT_PREFIX_PATH=/home/david/esha_ws/install/inter_package:/home/david/esha_ws/install/monitor:/home/david/esha_ws/install/rosmonitoring_interfaces:/home/david/esha_ws/install/launch_esha:/home/david/esha_ws/install/interfaces:/opt/ros/jazzy CMAKE_PREFIX_PATH=${CMAKE_PREFIX_PATH}:/home/david/esha_ws/install/monitor:/home/david/esha_ws/install/inter_package:/opt/ros/jazzy DEBUGINFOD_URLS=https://debuginfod.ubuntu.com PYTHONPATH=/home/david/esha_ws/install/inter_package/lib/python3.12/site-packages:/home/david/esha_ws/install/monitor/lib/python3.12/site-packages:/home/david/esha_ws/install/rosmonitoring_interfaces/lib/python3.12/site-packages:/home/david/esha_ws/install/interfaces/lib/python3.12/site-packages:/opt/ros/jazzy/lib/python3.12/site-packages /usr/bin/cmake --build /home/david/esha_ws/build/launch_esha -- -j8 -l8
[0.075s] -- Found ament_cmake: 2.5.4 (/opt/ros/jazzy/share/ament_cmake/cmake)
[0.581s] -- Found ament_lint_auto: 0.17.2 (/opt/ros/jazzy/share/ament_lint_auto/cmake)
[0.766s] -- Added test 'flake8' to check Python code syntax and style conventions
[0.767s] -- Configured 'flake8' exclude dirs and/or files: 
[0.767s] -- Added test 'lint_cmake' to check CMake code style
[0.768s] -- Added test 'pep257' to check Python code against some of the docstring style conventions in PEP 257
[0.769s] -- Added test 'xmllint' to check XML markup files
[0.771s] -- Configuring done (0.7s)
[0.777s] -- Generating done (0.0s)
[0.781s] -- Build files have been written to: /home/david/esha_ws/build/launch_esha
[0.829s] Invoked command in '/home/david/esha_ws/build/launch_esha' returned '0': AMENT_PREFIX_PATH=/home/david/esha_ws/install/inter_package:/home/david/esha_ws/install/monitor:/home/david/esha_ws/install/rosmonitoring_interfaces:/home/david/esha_ws/install/launch_esha:/home/david/esha_ws/install/interfaces:/opt/ros/jazzy CMAKE_PREFIX_PATH=${CMAKE_PREFIX_PATH}:/home/david/esha_ws/install/monitor:/home/david/esha_ws/install/inter_package:/opt/ros/jazzy DEBUGINFOD_URLS=https://debuginfod.ubuntu.com PYTHONPATH=/home/david/esha_ws/install/inter_package/lib/python3.12/site-packages:/home/david/esha_ws/install/monitor/lib/python3.12/site-packages:/home/david/esha_ws/install/rosmonitoring_interfaces/lib/python3.12/site-packages:/home/david/esha_ws/install/interfaces/lib/python3.12/site-packages:/opt/ros/jazzy/lib/python3.12/site-packages /usr/bin/cmake --build /home/david/esha_ws/build/launch_esha -- -j8 -l8
[0.831s] Invoking command in '/home/david/esha_ws/build/launch_esha': AMENT_PREFIX_PATH=/home/david/esha_ws/install/inter_package:/home/david/esha_ws/install/monitor:/home/david/esha_ws/install/rosmonitoring_interfaces:/home/david/esha_ws/install/launch_esha:/home/david/esha_ws/install/interfaces:/opt/ros/jazzy CMAKE_PREFIX_PATH=${CMAKE_PREFIX_PATH}:/home/david/esha_ws/install/monitor:/home/david/esha_ws/install/inter_package:/opt/ros/jazzy DEBUGINFOD_URLS=https://debuginfod.ubuntu.com PYTHONPATH=/home/david/esha_ws/install/inter_package/lib/python3.12/site-packages:/home/david/esha_ws/install/monitor/lib/python3.12/site-packages:/home/david/esha_ws/install/rosmonitoring_interfaces/lib/python3.12/site-packages:/home/david/esha_ws/install/interfaces/lib/python3.12/site-packages:/opt/ros/jazzy/lib/python3.12/site-packages /usr/bin/cmake --install /home/david/esha_ws/build/launch_esha
[0.846s] -- Install configuration: ""
[0.846s] -- Installing: /home/david/esha_ws/install/launch_esha/share/launch_esha/launch
[0.847s] -- Installing: /home/david/esha_ws/install/launch_esha/share/launch_esha/launch/esha.launch.py
[0.847s] -- Up-to-date: /home/david/esha_ws/install/launch_esha/share/ament_index/resource_index/package_run_dependencies/launch_esha
[0.848s] -- Up-to-date: /home/david/esha_ws/install/launch_esha/share/ament_index/resource_index/parent_prefix_path/launch_esha
[0.848s] -- Up-to-date: /home/david/esha_ws/install/launch_esha/share/launch_esha/environment/ament_prefix_path.sh
[0.848s] -- Up-to-date: /home/david/esha_ws/install/launch_esha/share/launch_esha/environment/ament_prefix_path.dsv
[0.848s] -- Up-to-date: /home/david/esha_ws/install/launch_esha/share/launch_esha/environment/path.sh
[0.849s] -- Up-to-date: /home/david/esha_ws/install/launch_esha/share/launch_esha/environment/path.dsv
[0.849s] -- Up-to-date: /home/david/esha_ws/install/launch_esha/share/launch_esha/local_setup.bash
[0.849s] -- Up-to-date: /home/david/esha_ws/install/launch_esha/share/launch_esha/local_setup.sh
[0.849s] -- Up-to-date: /home/david/esha_ws/install/launch_esha/share/launch_esha/local_setup.zsh
[0.849s] -- Up-to-date: /home/david/esha_ws/install/launch_esha/share/launch_esha/local_setup.dsv
[0.850s] -- Installing: /home/david/esha_ws/install/launch_esha/share/launch_esha/package.dsv
[0.850s] -- Up-to-date: /home/david/esha_ws/install/launch_esha/share/ament_index/resource_index/packages/launch_esha
[0.850s] -- Up-to-date: /home/david/esha_ws/install/launch_esha/share/launch_esha/cmake/launch_eshaConfig.cmake
[0.850s] -- Up-to-date: /home/david/esha_ws/install/launch_esha/share/launch_esha/cmake/launch_eshaConfig-version.cmake
[0.850s] -- Up-to-date: /home/david/esha_ws/install/launch_esha/share/launch_esha/package.xml
[0.855s] Invoked command in '/home/david/esha_ws/build/launch_esha' returned '0': AMENT_PREFIX_PATH=/home/david/esha_ws/install/inter_package:/home/david/esha_ws/install/monitor:/home/david/esha_ws/install/rosmonitoring_interfaces:/home/david/esha_ws/install/launch_esha:/home/david/esha_ws/install/interfaces:/opt/ros/jazzy CMAKE_PREFIX_PATH=${CMAKE_PREFIX_PATH}:/home/david/esha_ws/install/monitor:/home/david/esha_ws/install/inter_package:/opt/ros/jazzy DEBUGINFOD_URLS=https://debuginfod.ubuntu.com PYTHONPATH=/home/david/esha_ws/install/inter_package/lib/python3.12/site-packages:/home/david/esha_ws/install/monitor/lib/python3.12/site-packages:/home/david/esha_ws/install/rosmonitoring_interfaces/lib/python3.12/site-packages:/home/david/esha_ws/install/interfaces/lib/python3.12/site-packages:/opt/ros/jazzy/lib/python3.12/site-packages /usr/bin/cmake --install /home/david/esha_ws/build/launch_esha
