[0.012s] Invoking command in '/home/david/esha_ws/build/launch_esha': AMENT_PREFIX_PATH=/home/david/esha_ws/install/inter_package:/home/david/esha_ws/install/monitor:/home/david/esha_ws/install/rosmonitoring_interfaces:/home/david/esha_ws/install/launch_esha:/home/david/esha_ws/install/interfaces:/opt/ros/jazzy CMAKE_PREFIX_PATH=${CMAKE_PREFIX_PATH}:/home/david/esha_ws/install/monitor:/home/david/esha_ws/install/inter_package:/opt/ros/jazzy DEBUGINFOD_URLS=https://debuginfod.ubuntu.com PYTHONPATH=/home/david/esha_ws/install/inter_package/lib/python3.12/site-packages:/home/david/esha_ws/install/monitor/lib/python3.12/site-packages:/home/david/esha_ws/install/rosmonitoring_interfaces/lib/python3.12/site-packages:/home/david/esha_ws/install/interfaces/lib/python3.12/site-packages:/opt/ros/jazzy/lib/python3.12/site-packages /usr/bin/cmake --build /home/david/esha_ws/build/launch_esha -- -j8 -l8
[0.063s] Invoked command in '/home/david/esha_ws/build/launch_esha' returned '0': AMENT_PREFIX_PATH=/home/david/esha_ws/install/inter_package:/home/david/esha_ws/install/monitor:/home/david/esha_ws/install/rosmonitoring_interfaces:/home/david/esha_ws/install/launch_esha:/home/david/esha_ws/install/interfaces:/opt/ros/jazzy CMAKE_PREFIX_PATH=${CMAKE_PREFIX_PATH}:/home/david/esha_ws/install/monitor:/home/david/esha_ws/install/inter_package:/opt/ros/jazzy DEBUGINFOD_URLS=https://debuginfod.ubuntu.com PYTHONPATH=/home/david/esha_ws/install/inter_package/lib/python3.12/site-packages:/home/david/esha_ws/install/monitor/lib/python3.12/site-packages:/home/david/esha_ws/install/rosmonitoring_interfaces/lib/python3.12/site-packages:/home/david/esha_ws/install/interfaces/lib/python3.12/site-packages:/opt/ros/jazzy/lib/python3.12/site-packages /usr/bin/cmake --build /home/david/esha_ws/build/launch_esha -- -j8 -l8
[0.065s] Invoking command in '/home/david/esha_ws/build/launch_esha': AMENT_PREFIX_PATH=/home/david/esha_ws/install/inter_package:/home/david/esha_ws/install/monitor:/home/david/esha_ws/install/rosmonitoring_interfaces:/home/david/esha_ws/install/launch_esha:/home/david/esha_ws/install/interfaces:/opt/ros/jazzy CMAKE_PREFIX_PATH=${CMAKE_PREFIX_PATH}:/home/david/esha_ws/install/monitor:/home/david/esha_ws/install/inter_package:/opt/ros/jazzy DEBUGINFOD_URLS=https://debuginfod.ubuntu.com PYTHONPATH=/home/david/esha_ws/install/inter_package/lib/python3.12/site-packages:/home/david/esha_ws/install/monitor/lib/python3.12/site-packages:/home/david/esha_ws/install/rosmonitoring_interfaces/lib/python3.12/site-packages:/home/david/esha_ws/install/interfaces/lib/python3.12/site-packages:/opt/ros/jazzy/lib/python3.12/site-packages /usr/bin/cmake --install /home/david/esha_ws/build/launch_esha
[0.075s] -- Install configuration: ""
[0.075s] -- Up-to-date: /home/david/esha_ws/install/launch_esha/share/launch_esha/launch
[0.075s] -- Up-to-date: /home/david/esha_ws/install/launch_esha/share/launch_esha/launch/esha.launch.py
[0.076s] -- Up-to-date: /home/david/esha_ws/install/launch_esha/share/ament_index/resource_index/package_run_dependencies/launch_esha
[0.076s] -- Up-to-date: /home/david/esha_ws/install/launch_esha/share/ament_index/resource_index/parent_prefix_path/launch_esha
[0.076s] -- Up-to-date: /home/david/esha_ws/install/launch_esha/share/launch_esha/environment/ament_prefix_path.sh
[0.077s] -- Up-to-date: /home/david/esha_ws/install/launch_esha/share/launch_esha/environment/ament_prefix_path.dsv
[0.077s] -- Up-to-date: /home/david/esha_ws/install/launch_esha/share/launch_esha/environment/path.sh
[0.077s] -- Up-to-date: /home/david/esha_ws/install/launch_esha/share/launch_esha/environment/path.dsv
[0.077s] -- Up-to-date: /home/david/esha_ws/install/launch_esha/share/launch_esha/local_setup.bash
[0.077s] -- Up-to-date: /home/david/esha_ws/install/launch_esha/share/launch_esha/local_setup.sh
[0.077s] -- Up-to-date: /home/david/esha_ws/install/launch_esha/share/launch_esha/local_setup.zsh
[0.077s] -- Up-to-date: /home/david/esha_ws/install/launch_esha/share/launch_esha/local_setup.dsv
[0.078s] -- Installing: /home/david/esha_ws/install/launch_esha/share/launch_esha/package.dsv
[0.078s] -- Up-to-date: /home/david/esha_ws/install/launch_esha/share/ament_index/resource_index/packages/launch_esha
[0.078s] -- Up-to-date: /home/david/esha_ws/install/launch_esha/share/launch_esha/cmake/launch_eshaConfig.cmake
[0.078s] -- Up-to-date: /home/david/esha_ws/install/launch_esha/share/launch_esha/cmake/launch_eshaConfig-version.cmake
[0.078s] -- Up-to-date: /home/david/esha_ws/install/launch_esha/share/launch_esha/package.xml
[0.080s] Invoked command in '/home/david/esha_ws/build/launch_esha' returned '0': AMENT_PREFIX_PATH=/home/david/esha_ws/install/inter_package:/home/david/esha_ws/install/monitor:/home/david/esha_ws/install/rosmonitoring_interfaces:/home/david/esha_ws/install/launch_esha:/home/david/esha_ws/install/interfaces:/opt/ros/jazzy CMAKE_PREFIX_PATH=${CMAKE_PREFIX_PATH}:/home/david/esha_ws/install/monitor:/home/david/esha_ws/install/inter_package:/opt/ros/jazzy DEBUGINFOD_URLS=https://debuginfod.ubuntu.com PYTHONPATH=/home/david/esha_ws/install/inter_package/lib/python3.12/site-packages:/home/david/esha_ws/install/monitor/lib/python3.12/site-packages:/home/david/esha_ws/install/rosmonitoring_interfaces/lib/python3.12/site-packages:/home/david/esha_ws/install/interfaces/lib/python3.12/site-packages:/opt/ros/jazzy/lib/python3.12/site-packages /usr/bin/cmake --install /home/david/esha_ws/build/launch_esha
