[0.029s] Invoking command in '/home/david/esha_ws/build/launch': AMENT_PREFIX_PATH=/home/david/esha_ws/install/inter_package:/home/david/esha_ws/install/monitor:/home/david/esha_ws/install/rosmonitoring_interfaces:/home/david/esha_ws/install/launch:/home/david/esha_ws/install/interfaces:/opt/ros/jazzy CMAKE_PREFIX_PATH=${CMAKE_PREFIX_PATH}:/home/david/esha_ws/install/monitor:/home/david/esha_ws/install/inter_package:/opt/ros/jazzy DEBUGINFOD_URLS=https://debuginfod.ubuntu.com PYTHONPATH=/home/david/esha_ws/install/inter_package/lib/python3.12/site-packages:/home/david/esha_ws/install/monitor/lib/python3.12/site-packages:/home/david/esha_ws/install/rosmonitoring_interfaces/lib/python3.12/site-packages:/home/david/esha_ws/install/interfaces/lib/python3.12/site-packages:/opt/ros/jazzy/lib/python3.12/site-packages /usr/bin/cmake --build /home/david/esha_ws/build/launch -- -j8 -l8
[0.114s] Invoked command in '/home/david/esha_ws/build/launch' returned '0': AMENT_PREFIX_PATH=/home/david/esha_ws/install/inter_package:/home/david/esha_ws/install/monitor:/home/david/esha_ws/install/rosmonitoring_interfaces:/home/david/esha_ws/install/launch:/home/david/esha_ws/install/interfaces:/opt/ros/jazzy CMAKE_PREFIX_PATH=${CMAKE_PREFIX_PATH}:/home/david/esha_ws/install/monitor:/home/david/esha_ws/install/inter_package:/opt/ros/jazzy DEBUGINFOD_URLS=https://debuginfod.ubuntu.com PYTHONPATH=/home/david/esha_ws/install/inter_package/lib/python3.12/site-packages:/home/david/esha_ws/install/monitor/lib/python3.12/site-packages:/home/david/esha_ws/install/rosmonitoring_interfaces/lib/python3.12/site-packages:/home/david/esha_ws/install/interfaces/lib/python3.12/site-packages:/opt/ros/jazzy/lib/python3.12/site-packages /usr/bin/cmake --build /home/david/esha_ws/build/launch -- -j8 -l8
[0.115s] Invoking command in '/home/david/esha_ws/build/launch': AMENT_PREFIX_PATH=/home/david/esha_ws/install/inter_package:/home/david/esha_ws/install/monitor:/home/david/esha_ws/install/rosmonitoring_interfaces:/home/david/esha_ws/install/launch:/home/david/esha_ws/install/interfaces:/opt/ros/jazzy CMAKE_PREFIX_PATH=${CMAKE_PREFIX_PATH}:/home/david/esha_ws/install/monitor:/home/david/esha_ws/install/inter_package:/opt/ros/jazzy DEBUGINFOD_URLS=https://debuginfod.ubuntu.com PYTHONPATH=/home/david/esha_ws/install/inter_package/lib/python3.12/site-packages:/home/david/esha_ws/install/monitor/lib/python3.12/site-packages:/home/david/esha_ws/install/rosmonitoring_interfaces/lib/python3.12/site-packages:/home/david/esha_ws/install/interfaces/lib/python3.12/site-packages:/opt/ros/jazzy/lib/python3.12/site-packages /usr/bin/cmake --install /home/david/esha_ws/build/launch
[0.138s] -- Install configuration: ""
[0.138s] -- Up-to-date: /home/david/esha_ws/install/launch/share/launch/launch
[0.139s] -- Up-to-date: /home/david/esha_ws/install/launch/share/launch/launch/esha.launch.py
[0.139s] -- Up-to-date: /home/david/esha_ws/install/launch/share/ament_index/resource_index/package_run_dependencies/launch
[0.139s] -- Up-to-date: /home/david/esha_ws/install/launch/share/ament_index/resource_index/parent_prefix_path/launch
[0.143s] -- Up-to-date: /home/david/esha_ws/install/launch/share/launch/environment/ament_prefix_path.sh
[0.143s] -- Up-to-date: /home/david/esha_ws/install/launch/share/launch/environment/ament_prefix_path.dsv
[0.144s] -- Up-to-date: /home/david/esha_ws/install/launch/share/launch/environment/path.sh
[0.144s] -- Up-to-date: /home/david/esha_ws/install/launch/share/launch/environment/path.dsv
[0.145s] -- Up-to-date: /home/david/esha_ws/install/launch/share/launch/local_setup.bash
[0.146s] -- Up-to-date: /home/david/esha_ws/install/launch/share/launch/local_setup.sh
[0.146s] -- Up-to-date: /home/david/esha_ws/install/launch/share/launch/local_setup.zsh
[0.146s] -- Up-to-date: /home/david/esha_ws/install/launch/share/launch/local_setup.dsv
[0.146s] -- Installing: /home/david/esha_ws/install/launch/share/launch/package.dsv
[0.146s] -- Up-to-date: /home/david/esha_ws/install/launch/share/ament_index/resource_index/packages/launch
[0.146s] -- Up-to-date: /home/david/esha_ws/install/launch/share/launch/cmake/launchConfig.cmake
[0.147s] -- Up-to-date: /home/david/esha_ws/install/launch/share/launch/cmake/launchConfig-version.cmake
[0.147s] -- Up-to-date: /home/david/esha_ws/install/launch/share/launch/package.xml
[0.147s] Invoked command in '/home/david/esha_ws/build/launch' returned '0': AMENT_PREFIX_PATH=/home/david/esha_ws/install/inter_package:/home/david/esha_ws/install/monitor:/home/david/esha_ws/install/rosmonitoring_interfaces:/home/david/esha_ws/install/launch:/home/david/esha_ws/install/interfaces:/opt/ros/jazzy CMAKE_PREFIX_PATH=${CMAKE_PREFIX_PATH}:/home/david/esha_ws/install/monitor:/home/david/esha_ws/install/inter_package:/opt/ros/jazzy DEBUGINFOD_URLS=https://debuginfod.ubuntu.com PYTHONPATH=/home/david/esha_ws/install/inter_package/lib/python3.12/site-packages:/home/david/esha_ws/install/monitor/lib/python3.12/site-packages:/home/david/esha_ws/install/rosmonitoring_interfaces/lib/python3.12/site-packages:/home/david/esha_ws/install/interfaces/lib/python3.12/site-packages:/opt/ros/jazzy/lib/python3.12/site-packages /usr/bin/cmake --install /home/david/esha_ws/build/launch
