[2.014s] Invoking command in '/home/david/esha_ws/src/inter_package': DEBUGINFOD_URLS=https://debuginfod.ubuntu.com PYTHONPATH=/home/david/esha_ws/build/inter_package/prefix_override:/usr/lib/python3/dist-packages/colcon_core/task/python/colcon_distutils_commands:/home/david/esha_ws/install/inter_package/lib/python3.12/site-packages:${PYTHONPATH} /usr/bin/python3 -W ignore:setup.py install is deprecated -W ignore:easy_install command is deprecated setup.py egg_info --egg-base ../../build/inter_package build --build-base /home/david/esha_ws/build/inter_package/build install --record /home/david/esha_ws/build/inter_package/install.log --single-version-externally-managed install_data
[2.537s] running egg_info
[2.585s] writing ../../build/inter_package/inter_package.egg-info/PKG-INFO
[2.586s] writing dependency_links to ../../build/inter_package/inter_package.egg-info/dependency_links.txt
[2.587s] writing entry points to ../../build/inter_package/inter_package.egg-info/entry_points.txt
[2.587s] writing requirements to ../../build/inter_package/inter_package.egg-info/requires.txt
[2.587s] writing top-level names to ../../build/inter_package/inter_package.egg-info/top_level.txt
[2.672s] reading manifest file '../../build/inter_package/inter_package.egg-info/SOURCES.txt'
[2.672s] adding license file 'LICENSE'
[2.673s] writing manifest file '../../build/inter_package/inter_package.egg-info/SOURCES.txt'
[2.673s] running build
[2.673s] running build_py
[2.674s] copying inter_package/motor_current_node_talker.py -> /home/david/esha_ws/build/inter_package/build/lib/inter_package
[2.674s] copying inter_package/camera_node_talker.py -> /home/david/esha_ws/build/inter_package/build/lib/inter_package
[2.674s] copying inter_package/imu_node_talker.py -> /home/david/esha_ws/build/inter_package/build/lib/inter_package
[2.674s] copying inter_package/temperature_node_talker.py -> /home/david/esha_ws/build/inter_package/build/lib/inter_package
[2.674s] copying inter_package/co_node_talker.py -> /home/david/esha_ws/build/inter_package/build/lib/inter_package
[2.675s] copying inter_package/arm_current_node_talker.py -> /home/david/esha_ws/build/inter_package/build/lib/inter_package
[2.675s] copying inter_package/ultrasonic_node_talker.py -> /home/david/esha_ws/build/inter_package/build/lib/inter_package
[2.675s] running install
[2.688s] running install_lib
[2.723s] copying /home/david/esha_ws/build/inter_package/build/lib/inter_package/motor_current_node_talker.py -> /home/david/esha_ws/install/inter_package/lib/python3.12/site-packages/inter_package
[2.723s] copying /home/david/esha_ws/build/inter_package/build/lib/inter_package/camera_node_talker.py -> /home/david/esha_ws/install/inter_package/lib/python3.12/site-packages/inter_package
[2.723s] copying /home/david/esha_ws/build/inter_package/build/lib/inter_package/imu_node_talker.py -> /home/david/esha_ws/install/inter_package/lib/python3.12/site-packages/inter_package
[2.724s] copying /home/david/esha_ws/build/inter_package/build/lib/inter_package/temperature_node_talker.py -> /home/david/esha_ws/install/inter_package/lib/python3.12/site-packages/inter_package
[2.724s] copying /home/david/esha_ws/build/inter_package/build/lib/inter_package/co_node_talker.py -> /home/david/esha_ws/install/inter_package/lib/python3.12/site-packages/inter_package
[2.724s] copying /home/david/esha_ws/build/inter_package/build/lib/inter_package/arm_current_node_talker.py -> /home/david/esha_ws/install/inter_package/lib/python3.12/site-packages/inter_package
[2.725s] copying /home/david/esha_ws/build/inter_package/build/lib/inter_package/ultrasonic_node_talker.py -> /home/david/esha_ws/install/inter_package/lib/python3.12/site-packages/inter_package
[2.726s] byte-compiling /home/david/esha_ws/install/inter_package/lib/python3.12/site-packages/inter_package/motor_current_node_talker.py to motor_current_node_talker.cpython-312.pyc
[2.727s] byte-compiling /home/david/esha_ws/install/inter_package/lib/python3.12/site-packages/inter_package/camera_node_talker.py to camera_node_talker.cpython-312.pyc
[2.729s] byte-compiling /home/david/esha_ws/install/inter_package/lib/python3.12/site-packages/inter_package/imu_node_talker.py to imu_node_talker.cpython-312.pyc
[2.730s] byte-compiling /home/david/esha_ws/install/inter_package/lib/python3.12/site-packages/inter_package/temperature_node_talker.py to temperature_node_talker.cpython-312.pyc
[2.734s] byte-compiling /home/david/esha_ws/install/inter_package/lib/python3.12/site-packages/inter_package/co_node_talker.py to co_node_talker.cpython-312.pyc
[2.734s] byte-compiling /home/david/esha_ws/install/inter_package/lib/python3.12/site-packages/inter_package/arm_current_node_talker.py to arm_current_node_talker.cpython-312.pyc
[2.735s] byte-compiling /home/david/esha_ws/install/inter_package/lib/python3.12/site-packages/inter_package/ultrasonic_node_talker.py to ultrasonic_node_talker.cpython-312.pyc
[2.736s] running install_data
[2.736s] running install_egg_info
[2.786s] removing '/home/david/esha_ws/install/inter_package/lib/python3.12/site-packages/inter_package-0.0.0-py3.12.egg-info' (and everything under it)
[2.786s] Copying ../../build/inter_package/inter_package.egg-info to /home/david/esha_ws/install/inter_package/lib/python3.12/site-packages/inter_package-0.0.0-py3.12.egg-info
[2.787s] running install_scripts
[3.025s] Installing arm_current_node script to /home/david/esha_ws/install/inter_package/lib/inter_package
[3.025s] Installing camera_node script to /home/david/esha_ws/install/inter_package/lib/inter_package
[3.025s] Installing co_node script to /home/david/esha_ws/install/inter_package/lib/inter_package
[3.026s] Installing imu_node script to /home/david/esha_ws/install/inter_package/lib/inter_package
[3.026s] Installing motor_current_node script to /home/david/esha_ws/install/inter_package/lib/inter_package
[3.026s] Installing temperature_node script to /home/david/esha_ws/install/inter_package/lib/inter_package
[3.026s] Installing ultrasonic_node script to /home/david/esha_ws/install/inter_package/lib/inter_package
[3.027s] Installing velocity_node script to /home/david/esha_ws/install/inter_package/lib/inter_package
[3.027s] writing list of installed files to '/home/david/esha_ws/build/inter_package/install.log'
[3.094s] Invoked command in '/home/david/esha_ws/src/inter_package' returned '0': DEBUGINFOD_URLS=https://debuginfod.ubuntu.com PYTHONPATH=/home/david/esha_ws/build/inter_package/prefix_override:/usr/lib/python3/dist-packages/colcon_core/task/python/colcon_distutils_commands:/home/david/esha_ws/install/inter_package/lib/python3.12/site-packages:${PYTHONPATH} /usr/bin/python3 -W ignore:setup.py install is deprecated -W ignore:easy_install command is deprecated setup.py egg_info --egg-base ../../build/inter_package build --build-base /home/david/esha_ws/build/inter_package/build install --record /home/david/esha_ws/build/inter_package/install.log --single-version-externally-managed install_data
