[1.571s] Invoking command in '/home/david/esha_ws/src/inter_package': DEBUGINFOD_URLS=https://debuginfod.ubuntu.com PYTHONPATH=/home/david/esha_ws/build/inter_package/prefix_override:/usr/lib/python3/dist-packages/colcon_core/task/python/colcon_distutils_commands:/home/david/esha_ws/install/inter_package/lib/python3.12/site-packages:${PYTHONPATH} /usr/bin/python3 -W ignore:setup.py install is deprecated -W ignore:easy_install command is deprecated setup.py egg_info --egg-base ../../build/inter_package build --build-base /home/david/esha_ws/build/inter_package/build install --record /home/david/esha_ws/build/inter_package/install.log --single-version-externally-managed install_data
[2.060s] running egg_info
[2.104s] writing ../../build/inter_package/inter_package.egg-info/PKG-INFO
[2.104s] writing dependency_links to ../../build/inter_package/inter_package.egg-info/dependency_links.txt
[2.104s] writing entry points to ../../build/inter_package/inter_package.egg-info/entry_points.txt
[2.105s] writing requirements to ../../build/inter_package/inter_package.egg-info/requires.txt
[2.105s] writing top-level names to ../../build/inter_package/inter_package.egg-info/top_level.txt
[2.196s] reading manifest file '../../build/inter_package/inter_package.egg-info/SOURCES.txt'
[2.196s] adding license file 'LICENSE'
[2.197s] writing manifest file '../../build/inter_package/inter_package.egg-info/SOURCES.txt'
[2.198s] running build
[2.198s] running build_py
[2.199s] running install
[2.207s] running install_lib
[2.259s] running install_data
[2.259s] running install_egg_info
[2.295s] removing '/home/david/esha_ws/install/inter_package/lib/python3.12/site-packages/inter_package-0.0.0-py3.12.egg-info' (and everything under it)
[2.295s] Copying ../../build/inter_package/inter_package.egg-info to /home/david/esha_ws/install/inter_package/lib/python3.12/site-packages/inter_package-0.0.0-py3.12.egg-info
[2.297s] running install_scripts
[2.547s] Installing arm_current_node script to /home/david/esha_ws/install/inter_package/lib/inter_package
[2.547s] Installing camera_node script to /home/david/esha_ws/install/inter_package/lib/inter_package
[2.548s] Installing co_node script to /home/david/esha_ws/install/inter_package/lib/inter_package
[2.548s] Installing imu_node script to /home/david/esha_ws/install/inter_package/lib/inter_package
[2.548s] Installing motor_current_node script to /home/david/esha_ws/install/inter_package/lib/inter_package
[2.549s] Installing temperature_node script to /home/david/esha_ws/install/inter_package/lib/inter_package
[2.549s] Installing ultrasonic_node script to /home/david/esha_ws/install/inter_package/lib/inter_package
[2.549s] Installing velocity_node script to /home/david/esha_ws/install/inter_package/lib/inter_package
[2.550s] writing list of installed files to '/home/david/esha_ws/build/inter_package/install.log'
[2.598s] Invoked command in '/home/david/esha_ws/src/inter_package' returned '0': DEBUGINFOD_URLS=https://debuginfod.ubuntu.com PYTHONPATH=/home/david/esha_ws/build/inter_package/prefix_override:/usr/lib/python3/dist-packages/colcon_core/task/python/colcon_distutils_commands:/home/david/esha_ws/install/inter_package/lib/python3.12/site-packages:${PYTHONPATH} /usr/bin/python3 -W ignore:setup.py install is deprecated -W ignore:easy_install command is deprecated setup.py egg_info --egg-base ../../build/inter_package build --build-base /home/david/esha_ws/build/inter_package/build install --record /home/david/esha_ws/build/inter_package/install.log --single-version-externally-managed install_data
