[0.287s] Invoking command in '/home/david/esha_ws/build/interfaces': CMAKE_PREFIX_PATH=${CMAKE_PREFIX_PATH}:/home/david/esha_ws/install/monitor:/home/david/esha_ws/install/inter_package:/opt/ros/jazzy DEBUGINFOD_URLS=https://debuginfod.ubuntu.com /usr/bin/cmake --build /home/david/esha_ws/build/interfaces -- -j8 -l8
[0.352s] [  1%] Built target interfaces__rosidl_generator_type_description
[0.363s] [  1%] Built target ament_cmake_python_copy_interfaces
[0.388s] [  3%] Built target interfaces__cpp
[0.388s] [ 24%] Built target interfaces__rosidl_generator_c
[0.467s] [ 33%] Built target interfaces__rosidl_typesupport_cpp
[0.493s] [ 42%] Built target interfaces__rosidl_typesupport_fastrtps_cpp
[0.493s] [ 51%] Built target interfaces__rosidl_typesupport_introspection_cpp
[0.493s] [ 61%] Built target interfaces__rosidl_typesupport_c
[0.493s] [ 70%] Built target interfaces__rosidl_typesupport_fastrtps_c
[0.500s] [ 79%] Built target interfaces__rosidl_typesupport_introspection_c
[0.535s] [ 79%] Built target interfaces
[0.575s] [ 81%] Built target interfaces__py
[0.619s] [ 88%] Built target interfaces__rosidl_generator_py
[0.664s] [ 92%] Built target interfaces_s__rosidl_typesupport_fastrtps_c
[0.668s] [ 96%] Built target interfaces_s__rosidl_typesupport_introspection_c
[0.670s] [100%] Built target interfaces_s__rosidl_typesupport_c
[0.829s] running egg_info
[0.879s] writing interfaces.egg-info/PKG-INFO
[0.879s] writing dependency_links to interfaces.egg-info/dependency_links.txt
[0.879s] writing top-level names to interfaces.egg-info/top_level.txt
[0.978s] reading manifest file 'interfaces.egg-info/SOURCES.txt'
[0.979s] writing manifest file 'interfaces.egg-info/SOURCES.txt'
[1.030s] [100%] Built target ament_cmake_python_build_interfaces_egg
[1.046s] Invoked command in '/home/david/esha_ws/build/interfaces' returned '0': CMAKE_PREFIX_PATH=${CMAKE_PREFIX_PATH}:/home/david/esha_ws/install/monitor:/home/david/esha_ws/install/inter_package:/opt/ros/jazzy DEBUGINFOD_URLS=https://debuginfod.ubuntu.com /usr/bin/cmake --build /home/david/esha_ws/build/interfaces -- -j8 -l8
[1.047s] Invoking command in '/home/david/esha_ws/build/interfaces': CMAKE_PREFIX_PATH=${CMAKE_PREFIX_PATH}:/home/david/esha_ws/install/monitor:/home/david/esha_ws/install/inter_package:/opt/ros/jazzy DEBUGINFOD_URLS=https://debuginfod.ubuntu.com /usr/bin/cmake --install /home/david/esha_ws/build/interfaces
[1.064s] -- Install configuration: ""
[1.064s] -- Up-to-date: /home/david/esha_ws/install/interfaces/share/ament_index/resource_index/rosidl_interfaces/interfaces
[1.065s] -- Up-to-date: /home/david/esha_ws/install/interfaces/share/interfaces/msg/SensorData.json
[1.065s] -- Up-to-date: /home/david/esha_ws/install/interfaces/share/interfaces/msg/CurrentVelocityData.json
[1.065s] -- Up-to-date: /home/david/esha_ws/install/interfaces/share/interfaces/msg/ImuData.json
[1.065s] -- Up-to-date: /home/david/esha_ws/install/interfaces/include/interfaces/interfaces
[1.066s] -- Up-to-date: /home/david/esha_ws/install/interfaces/include/interfaces/interfaces/msg
[1.066s] -- Up-to-date: /home/david/esha_ws/install/interfaces/include/interfaces/interfaces/msg/detail
[1.066s] -- Up-to-date: /home/david/esha_ws/install/interfaces/include/interfaces/interfaces/msg/detail/imu_data__functions.c
[1.066s] -- Up-to-date: /home/david/esha_ws/install/interfaces/include/interfaces/interfaces/msg/detail/imu_data__struct.h
[1.067s] -- Up-to-date: /home/david/esha_ws/install/interfaces/include/interfaces/interfaces/msg/detail/imu_data__description.c
[1.067s] -- Up-to-date: /home/david/esha_ws/install/interfaces/include/interfaces/interfaces/msg/detail/sensor_data__struct.h
[1.067s] -- Up-to-date: /home/david/esha_ws/install/interfaces/include/interfaces/interfaces/msg/detail/sensor_data__functions.c
[1.067s] -- Installing: /home/david/esha_ws/install/interfaces/include/interfaces/interfaces/msg/detail/current_velocity_data__type_support.c
[1.067s] -- Up-to-date: /home/david/esha_ws/install/interfaces/include/interfaces/interfaces/msg/detail/current_velocity_data__type_support.h
[1.068s] -- Up-to-date: /home/david/esha_ws/install/interfaces/include/interfaces/interfaces/msg/detail/sensor_data__type_support.h
[1.069s] -- Installing: /home/david/esha_ws/install/interfaces/include/interfaces/interfaces/msg/detail/imu_data__type_support.c
[1.070s] -- Up-to-date: /home/david/esha_ws/install/interfaces/include/interfaces/interfaces/msg/detail/sensor_data__functions.h
[1.071s] -- Up-to-date: /home/david/esha_ws/install/interfaces/include/interfaces/interfaces/msg/detail/sensor_data__description.c
[1.071s] -- Installing: /home/david/esha_ws/install/interfaces/include/interfaces/interfaces/msg/detail/sensor_data__type_support.c
[1.072s] -- Up-to-date: /home/david/esha_ws/install/interfaces/include/interfaces/interfaces/msg/detail/current_velocity_data__functions.c
[1.072s] -- Up-to-date: /home/david/esha_ws/install/interfaces/include/interfaces/interfaces/msg/detail/current_velocity_data__functions.h
[1.072s] -- Up-to-date: /home/david/esha_ws/install/interfaces/include/interfaces/interfaces/msg/detail/imu_data__type_support.h
[1.072s] -- Up-to-date: /home/david/esha_ws/install/interfaces/include/interfaces/interfaces/msg/detail/current_velocity_data__struct.h
[1.073s] -- Up-to-date: /home/david/esha_ws/install/interfaces/include/interfaces/interfaces/msg/detail/imu_data__functions.h
[1.073s] -- Up-to-date: /home/david/esha_ws/install/interfaces/include/interfaces/interfaces/msg/detail/current_velocity_data__description.c
[1.073s] -- Up-to-date: /home/david/esha_ws/install/interfaces/include/interfaces/interfaces/msg/current_velocity_data.h
[1.073s] -- Up-to-date: /home/david/esha_ws/install/interfaces/include/interfaces/interfaces/msg/imu_data.h
[1.073s] -- Up-to-date: /home/david/esha_ws/install/interfaces/include/interfaces/interfaces/msg/rosidl_generator_c__visibility_control.h
[1.074s] -- Up-to-date: /home/david/esha_ws/install/interfaces/include/interfaces/interfaces/msg/sensor_data.h
[1.076s] -- Up-to-date: /home/david/esha_ws/install/interfaces/share/interfaces/environment/library_path.sh
[1.076s] -- Up-to-date: /home/david/esha_ws/install/interfaces/share/interfaces/environment/library_path.dsv
[1.076s] -- Up-to-date: /home/david/esha_ws/install/interfaces/lib/libinterfaces__rosidl_generator_c.so
[1.076s] -- Up-to-date: /home/david/esha_ws/install/interfaces/include/interfaces/interfaces
[1.077s] -- Up-to-date: /home/david/esha_ws/install/interfaces/include/interfaces/interfaces/msg
[1.077s] -- Up-to-date: /home/david/esha_ws/install/interfaces/include/interfaces/interfaces/msg/detail
[1.077s] -- Up-to-date: /home/david/esha_ws/install/interfaces/include/interfaces/interfaces/msg/detail/sensor_data__rosidl_typesupport_fastrtps_c.h
[1.077s] -- Up-to-date: /home/david/esha_ws/install/interfaces/include/interfaces/interfaces/msg/detail/imu_data__rosidl_typesupport_fastrtps_c.h
[1.077s] -- Up-to-date: /home/david/esha_ws/install/interfaces/include/interfaces/interfaces/msg/detail/current_velocity_data__rosidl_typesupport_fastrtps_c.h
[1.077s] -- Up-to-date: /home/david/esha_ws/install/interfaces/include/interfaces/interfaces/msg/rosidl_typesupport_fastrtps_c__visibility_control.h
[1.078s] -- Up-to-date: /home/david/esha_ws/install/interfaces/lib/libinterfaces__rosidl_typesupport_fastrtps_c.so
[1.078s] -- Up-to-date: /home/david/esha_ws/install/interfaces/include/interfaces/interfaces
[1.078s] -- Up-to-date: /home/david/esha_ws/install/interfaces/include/interfaces/interfaces/msg
[1.078s] -- Up-to-date: /home/david/esha_ws/install/interfaces/include/interfaces/interfaces/msg/detail
[1.078s] -- Up-to-date: /home/david/esha_ws/install/interfaces/include/interfaces/interfaces/msg/detail/imu_data__rosidl_typesupport_introspection_c.h
[1.078s] -- Installing: /home/david/esha_ws/install/interfaces/include/interfaces/interfaces/msg/detail/current_velocity_data__type_support.c
[1.079s] -- Installing: /home/david/esha_ws/install/interfaces/include/interfaces/interfaces/msg/detail/imu_data__type_support.c
[1.079s] -- Installing: /home/david/esha_ws/install/interfaces/include/interfaces/interfaces/msg/detail/sensor_data__type_support.c
[1.079s] -- Up-to-date: /home/david/esha_ws/install/interfaces/include/interfaces/interfaces/msg/detail/current_velocity_data__rosidl_typesupport_introspection_c.h
[1.079s] -- Up-to-date: /home/david/esha_ws/install/interfaces/include/interfaces/interfaces/msg/detail/sensor_data__rosidl_typesupport_introspection_c.h
[1.079s] -- Up-to-date: /home/david/esha_ws/install/interfaces/include/interfaces/interfaces/msg/rosidl_typesupport_introspection_c__visibility_control.h
[1.079s] -- Up-to-date: /home/david/esha_ws/install/interfaces/lib/libinterfaces__rosidl_typesupport_introspection_c.so
[1.080s] -- Up-to-date: /home/david/esha_ws/install/interfaces/lib/libinterfaces__rosidl_typesupport_c.so
[1.080s] -- Up-to-date: /home/david/esha_ws/install/interfaces/include/interfaces/interfaces
[1.081s] -- Up-to-date: /home/david/esha_ws/install/interfaces/include/interfaces/interfaces/msg
[1.081s] -- Up-to-date: /home/david/esha_ws/install/interfaces/include/interfaces/interfaces/msg/detail
[1.082s] -- Up-to-date: /home/david/esha_ws/install/interfaces/include/interfaces/interfaces/msg/detail/sensor_data__type_support.hpp
[1.083s] -- Up-to-date: /home/david/esha_ws/install/interfaces/include/interfaces/interfaces/msg/detail/sensor_data__builder.hpp
[1.083s] -- Up-to-date: /home/david/esha_ws/install/interfaces/include/interfaces/interfaces/msg/detail/sensor_data__struct.hpp
[1.083s] -- Up-to-date: /home/david/esha_ws/install/interfaces/include/interfaces/interfaces/msg/detail/current_velocity_data__traits.hpp
[1.083s] -- Up-to-date: /home/david/esha_ws/install/interfaces/include/interfaces/interfaces/msg/detail/current_velocity_data__builder.hpp
[1.083s] -- Up-to-date: /home/david/esha_ws/install/interfaces/include/interfaces/interfaces/msg/detail/imu_data__traits.hpp
[1.083s] -- Up-to-date: /home/david/esha_ws/install/interfaces/include/interfaces/interfaces/msg/detail/current_velocity_data__struct.hpp
[1.084s] -- Up-to-date: /home/david/esha_ws/install/interfaces/include/interfaces/interfaces/msg/detail/imu_data__struct.hpp
[1.084s] -- Up-to-date: /home/david/esha_ws/install/interfaces/include/interfaces/interfaces/msg/detail/sensor_data__traits.hpp
[1.084s] -- Up-to-date: /home/david/esha_ws/install/interfaces/include/interfaces/interfaces/msg/detail/imu_data__type_support.hpp
[1.084s] -- Up-to-date: /home/david/esha_ws/install/interfaces/include/interfaces/interfaces/msg/detail/imu_data__builder.hpp
[1.084s] -- Up-to-date: /home/david/esha_ws/install/interfaces/include/interfaces/interfaces/msg/detail/current_velocity_data__type_support.hpp
[1.084s] -- Up-to-date: /home/david/esha_ws/install/interfaces/include/interfaces/interfaces/msg/imu_data.hpp
[1.085s] -- Up-to-date: /home/david/esha_ws/install/interfaces/include/interfaces/interfaces/msg/current_velocity_data.hpp
[1.085s] -- Up-to-date: /home/david/esha_ws/install/interfaces/include/interfaces/interfaces/msg/rosidl_generator_cpp__visibility_control.hpp
[1.085s] -- Up-to-date: /home/david/esha_ws/install/interfaces/include/interfaces/interfaces/msg/sensor_data.hpp
[1.085s] -- Up-to-date: /home/david/esha_ws/install/interfaces/include/interfaces/interfaces
[1.085s] -- Up-to-date: /home/david/esha_ws/install/interfaces/include/interfaces/interfaces/msg
[1.085s] -- Up-to-date: /home/david/esha_ws/install/interfaces/include/interfaces/interfaces/msg/detail
[1.086s] -- Up-to-date: /home/david/esha_ws/install/interfaces/include/interfaces/interfaces/msg/detail/current_velocity_data__rosidl_typesupport_fastrtps_cpp.hpp
[1.086s] -- Up-to-date: /home/david/esha_ws/install/interfaces/include/interfaces/interfaces/msg/detail/dds_fastrtps
[1.086s] -- Up-to-date: /home/david/esha_ws/install/interfaces/include/interfaces/interfaces/msg/detail/imu_data__rosidl_typesupport_fastrtps_cpp.hpp
[1.086s] -- Up-to-date: /home/david/esha_ws/install/interfaces/include/interfaces/interfaces/msg/detail/sensor_data__rosidl_typesupport_fastrtps_cpp.hpp
[1.086s] -- Up-to-date: /home/david/esha_ws/install/interfaces/include/interfaces/interfaces/msg/rosidl_typesupport_fastrtps_cpp__visibility_control.h
[1.086s] -- Up-to-date: /home/david/esha_ws/install/interfaces/lib/libinterfaces__rosidl_typesupport_fastrtps_cpp.so
[1.086s] -- Up-to-date: /home/david/esha_ws/install/interfaces/include/interfaces/interfaces
[1.087s] -- Up-to-date: /home/david/esha_ws/install/interfaces/include/interfaces/interfaces/msg
[1.087s] -- Up-to-date: /home/david/esha_ws/install/interfaces/include/interfaces/interfaces/msg/detail
[1.087s] -- Up-to-date: /home/david/esha_ws/install/interfaces/include/interfaces/interfaces/msg/detail/imu_data__type_support.cpp
[1.087s] -- Up-to-date: /home/david/esha_ws/install/interfaces/include/interfaces/interfaces/msg/detail/imu_data__rosidl_typesupport_introspection_cpp.hpp
[1.087s] -- Up-to-date: /home/david/esha_ws/install/interfaces/include/interfaces/interfaces/msg/detail/current_velocity_data__rosidl_typesupport_introspection_cpp.hpp
[1.087s] -- Up-to-date: /home/david/esha_ws/install/interfaces/include/interfaces/interfaces/msg/detail/sensor_data__rosidl_typesupport_introspection_cpp.hpp
[1.088s] -- Up-to-date: /home/david/esha_ws/install/interfaces/include/interfaces/interfaces/msg/detail/sensor_data__type_support.cpp
[1.088s] -- Up-to-date: /home/david/esha_ws/install/interfaces/include/interfaces/interfaces/msg/detail/current_velocity_data__type_support.cpp
[1.088s] -- Up-to-date: /home/david/esha_ws/install/interfaces/lib/libinterfaces__rosidl_typesupport_introspection_cpp.so
[1.088s] -- Up-to-date: /home/david/esha_ws/install/interfaces/lib/libinterfaces__rosidl_typesupport_cpp.so
[1.088s] -- Up-to-date: /home/david/esha_ws/install/interfaces/share/interfaces/environment/pythonpath.sh
[1.088s] -- Up-to-date: /home/david/esha_ws/install/interfaces/share/interfaces/environment/pythonpath.dsv
[1.089s] -- Up-to-date: /home/david/esha_ws/install/interfaces/lib/python3.12/site-packages/interfaces-0.0.0-py3.12.egg-info
[1.089s] -- Installing: /home/david/esha_ws/install/interfaces/lib/python3.12/site-packages/interfaces-0.0.0-py3.12.egg-info/PKG-INFO
[1.089s] -- Installing: /home/david/esha_ws/install/interfaces/lib/python3.12/site-packages/interfaces-0.0.0-py3.12.egg-info/SOURCES.txt
[1.089s] -- Installing: /home/david/esha_ws/install/interfaces/lib/python3.12/site-packages/interfaces-0.0.0-py3.12.egg-info/top_level.txt
[1.089s] -- Installing: /home/david/esha_ws/install/interfaces/lib/python3.12/site-packages/interfaces-0.0.0-py3.12.egg-info/dependency_links.txt
[1.090s] -- Up-to-date: /home/david/esha_ws/install/interfaces/lib/python3.12/site-packages/interfaces
[1.090s] -- Up-to-date: /home/david/esha_ws/install/interfaces/lib/python3.12/site-packages/interfaces/interfaces_s__rosidl_typesupport_introspection_c.so
[1.090s] -- Up-to-date: /home/david/esha_ws/install/interfaces/lib/python3.12/site-packages/interfaces/interfaces_s__rosidl_typesupport_c.so
[1.090s] -- Up-to-date: /home/david/esha_ws/install/interfaces/lib/python3.12/site-packages/interfaces/msg
[1.090s] -- Up-to-date: /home/david/esha_ws/install/interfaces/lib/python3.12/site-packages/interfaces/msg/_current_velocity_data.py
[1.091s] -- Up-to-date: /home/david/esha_ws/install/interfaces/lib/python3.12/site-packages/interfaces/msg/_sensor_data_s.c
[1.091s] -- Up-to-date: /home/david/esha_ws/install/interfaces/lib/python3.12/site-packages/interfaces/msg/_current_velocity_data_s.c
[1.091s] -- Up-to-date: /home/david/esha_ws/install/interfaces/lib/python3.12/site-packages/interfaces/msg/_imu_data.py
[1.091s] -- Up-to-date: /home/david/esha_ws/install/interfaces/lib/python3.12/site-packages/interfaces/msg/_imu_data_s.c
[1.091s] -- Up-to-date: /home/david/esha_ws/install/interfaces/lib/python3.12/site-packages/interfaces/msg/_sensor_data.py
[1.092s] -- Up-to-date: /home/david/esha_ws/install/interfaces/lib/python3.12/site-packages/interfaces/msg/__init__.py
[1.092s] -- Up-to-date: /home/david/esha_ws/install/interfaces/lib/python3.12/site-packages/interfaces/interfaces_s__rosidl_typesupport_fastrtps_c.so
[1.092s] -- Up-to-date: /home/david/esha_ws/install/interfaces/lib/python3.12/site-packages/interfaces/_interfaces_s.ep.rosidl_typesupport_introspection_c.c
[1.092s] -- Up-to-date: /home/david/esha_ws/install/interfaces/lib/python3.12/site-packages/interfaces/__init__.py
[1.092s] -- Up-to-date: /home/david/esha_ws/install/interfaces/lib/python3.12/site-packages/interfaces/_interfaces_s.ep.rosidl_typesupport_c.c
[1.093s] -- Up-to-date: /home/david/esha_ws/install/interfaces/lib/python3.12/site-packages/interfaces/_interfaces_s.ep.rosidl_typesupport_fastrtps_c.c
[1.145s] Listing '/home/david/esha_ws/install/interfaces/lib/python3.12/site-packages/interfaces'...
[1.145s] Listing '/home/david/esha_ws/install/interfaces/lib/python3.12/site-packages/interfaces/msg'...
[1.160s] -- Up-to-date: /home/david/esha_ws/install/interfaces/lib/python3.12/site-packages/interfaces/interfaces_s__rosidl_typesupport_fastrtps_c.so
[1.162s] -- Up-to-date: /home/david/esha_ws/install/interfaces/lib/python3.12/site-packages/interfaces/interfaces_s__rosidl_typesupport_introspection_c.so
[1.162s] -- Up-to-date: /home/david/esha_ws/install/interfaces/lib/python3.12/site-packages/interfaces/interfaces_s__rosidl_typesupport_c.so
[1.162s] -- Up-to-date: /home/david/esha_ws/install/interfaces/lib/libinterfaces__rosidl_generator_py.so
[1.163s] -- Up-to-date: /home/david/esha_ws/install/interfaces/share/interfaces/msg/SensorData.idl
[1.164s] -- Up-to-date: /home/david/esha_ws/install/interfaces/share/interfaces/msg/CurrentVelocityData.idl
[1.165s] -- Up-to-date: /home/david/esha_ws/install/interfaces/share/interfaces/msg/ImuData.idl
[1.165s] -- Up-to-date: /home/david/esha_ws/install/interfaces/share/interfaces/msg/SensorData.msg
[1.165s] -- Up-to-date: /home/david/esha_ws/install/interfaces/share/interfaces/msg/CurrentVelocityData.msg
[1.165s] -- Up-to-date: /home/david/esha_ws/install/interfaces/share/interfaces/msg/ImuData.msg
[1.165s] -- Up-to-date: /home/david/esha_ws/install/interfaces/share/ament_index/resource_index/package_run_dependencies/interfaces
[1.166s] -- Up-to-date: /home/david/esha_ws/install/interfaces/share/ament_index/resource_index/parent_prefix_path/interfaces
[1.166s] -- Up-to-date: /home/david/esha_ws/install/interfaces/share/interfaces/environment/ament_prefix_path.sh
[1.166s] -- Up-to-date: /home/david/esha_ws/install/interfaces/share/interfaces/environment/ament_prefix_path.dsv
[1.167s] -- Up-to-date: /home/david/esha_ws/install/interfaces/share/interfaces/environment/path.sh
[1.167s] -- Up-to-date: /home/david/esha_ws/install/interfaces/share/interfaces/environment/path.dsv
[1.167s] -- Up-to-date: /home/david/esha_ws/install/interfaces/share/interfaces/local_setup.bash
[1.167s] -- Up-to-date: /home/david/esha_ws/install/interfaces/share/interfaces/local_setup.sh
[1.167s] -- Up-to-date: /home/david/esha_ws/install/interfaces/share/interfaces/local_setup.zsh
[1.168s] -- Up-to-date: /home/david/esha_ws/install/interfaces/share/interfaces/local_setup.dsv
[1.168s] -- Installing: /home/david/esha_ws/install/interfaces/share/interfaces/package.dsv
[1.168s] -- Up-to-date: /home/david/esha_ws/install/interfaces/share/ament_index/resource_index/packages/interfaces
[1.168s] -- Up-to-date: /home/david/esha_ws/install/interfaces/share/interfaces/cmake/export_interfaces__rosidl_generator_cExport.cmake
[1.169s] -- Up-to-date: /home/david/esha_ws/install/interfaces/share/interfaces/cmake/export_interfaces__rosidl_generator_cExport-noconfig.cmake
[1.169s] -- Up-to-date: /home/david/esha_ws/install/interfaces/share/interfaces/cmake/export_interfaces__rosidl_typesupport_fastrtps_cExport.cmake
[1.169s] -- Up-to-date: /home/david/esha_ws/install/interfaces/share/interfaces/cmake/export_interfaces__rosidl_typesupport_fastrtps_cExport-noconfig.cmake
[1.169s] -- Up-to-date: /home/david/esha_ws/install/interfaces/share/interfaces/cmake/interfaces__rosidl_typesupport_introspection_cExport.cmake
[1.170s] -- Up-to-date: /home/david/esha_ws/install/interfaces/share/interfaces/cmake/interfaces__rosidl_typesupport_introspection_cExport-noconfig.cmake
[1.170s] -- Up-to-date: /home/david/esha_ws/install/interfaces/share/interfaces/cmake/interfaces__rosidl_typesupport_cExport.cmake
[1.170s] -- Up-to-date: /home/david/esha_ws/install/interfaces/share/interfaces/cmake/interfaces__rosidl_typesupport_cExport-noconfig.cmake
[1.170s] -- Up-to-date: /home/david/esha_ws/install/interfaces/share/interfaces/cmake/export_interfaces__rosidl_generator_cppExport.cmake
[1.170s] -- Up-to-date: /home/david/esha_ws/install/interfaces/share/interfaces/cmake/export_interfaces__rosidl_typesupport_fastrtps_cppExport.cmake
[1.170s] -- Up-to-date: /home/david/esha_ws/install/interfaces/share/interfaces/cmake/export_interfaces__rosidl_typesupport_fastrtps_cppExport-noconfig.cmake
[1.170s] -- Up-to-date: /home/david/esha_ws/install/interfaces/share/interfaces/cmake/interfaces__rosidl_typesupport_introspection_cppExport.cmake
[1.170s] -- Up-to-date: /home/david/esha_ws/install/interfaces/share/interfaces/cmake/interfaces__rosidl_typesupport_introspection_cppExport-noconfig.cmake
[1.170s] -- Up-to-date: /home/david/esha_ws/install/interfaces/share/interfaces/cmake/interfaces__rosidl_typesupport_cppExport.cmake
[1.171s] -- Up-to-date: /home/david/esha_ws/install/interfaces/share/interfaces/cmake/interfaces__rosidl_typesupport_cppExport-noconfig.cmake
[1.171s] -- Up-to-date: /home/david/esha_ws/install/interfaces/share/interfaces/cmake/export_interfaces__rosidl_generator_pyExport.cmake
[1.171s] -- Up-to-date: /home/david/esha_ws/install/interfaces/share/interfaces/cmake/export_interfaces__rosidl_generator_pyExport-noconfig.cmake
[1.171s] -- Up-to-date: /home/david/esha_ws/install/interfaces/share/interfaces/cmake/rosidl_cmake-extras.cmake
[1.171s] -- Up-to-date: /home/david/esha_ws/install/interfaces/share/interfaces/cmake/ament_cmake_export_include_directories-extras.cmake
[1.171s] -- Up-to-date: /home/david/esha_ws/install/interfaces/share/interfaces/cmake/ament_cmake_export_libraries-extras.cmake
[1.171s] -- Up-to-date: /home/david/esha_ws/install/interfaces/share/interfaces/cmake/ament_cmake_export_targets-extras.cmake
[1.172s] -- Up-to-date: /home/david/esha_ws/install/interfaces/share/interfaces/cmake/rosidl_cmake_export_typesupport_targets-extras.cmake
[1.172s] -- Up-to-date: /home/david/esha_ws/install/interfaces/share/interfaces/cmake/ament_cmake_export_dependencies-extras.cmake
[1.172s] -- Up-to-date: /home/david/esha_ws/install/interfaces/share/interfaces/cmake/rosidl_cmake_export_typesupport_libraries-extras.cmake
[1.172s] -- Up-to-date: /home/david/esha_ws/install/interfaces/share/interfaces/cmake/interfacesConfig.cmake
[1.172s] -- Up-to-date: /home/david/esha_ws/install/interfaces/share/interfaces/cmake/interfacesConfig-version.cmake
[1.173s] -- Up-to-date: /home/david/esha_ws/install/interfaces/share/interfaces/package.xml
[1.200s] Invoked command in '/home/david/esha_ws/build/interfaces' returned '0': CMAKE_PREFIX_PATH=${CMAKE_PREFIX_PATH}:/home/david/esha_ws/install/monitor:/home/david/esha_ws/install/inter_package:/opt/ros/jazzy DEBUGINFOD_URLS=https://debuginfod.ubuntu.com /usr/bin/cmake --install /home/david/esha_ws/build/interfaces
