[0.419s] Invoking command in '/home/david/esha_ws/build/interfaces': CMAKE_PREFIX_PATH=${CMAKE_PREFIX_PATH}:/home/david/esha_ws/install/monitor:/home/david/esha_ws/install/inter_package:/home/david/husky_ws/install/monitor:/home/david/husky_ws/install/data_sensor:/opt/ros/jazzy DEBUGINFOD_URLS=https://debuginfod.ubuntu.com /usr/bin/cmake --build /home/david/esha_ws/build/interfaces -- -j8 -l8
[0.510s] [  1%] Built target interfaces__rosidl_generator_type_description
[0.557s] [  1%] Built target ament_cmake_python_copy_interfaces
[0.581s] [  3%] Built target interfaces__cpp
[0.590s] [ 24%] Built target interfaces__rosidl_generator_c
[0.701s] [ 33%] Built target interfaces__rosidl_typesupport_fastrtps_cpp
[0.728s] [ 42%] Built target interfaces__rosidl_typesupport_fastrtps_c
[0.735s] [ 51%] Built target interfaces__rosidl_typesupport_c
[0.753s] [ 61%] Built target interfaces__rosidl_typesupport_cpp
[0.761s] [ 70%] Built target interfaces__rosidl_typesupport_introspection_cpp
[0.783s] [ 79%] Built target interfaces__rosidl_typesupport_introspection_c
[0.876s] [ 79%] Built target interfaces
[0.921s] [ 81%] Built target interfaces__py
[1.035s] [ 88%] Built target interfaces__rosidl_generator_py
[1.113s] [ 92%] Built target interfaces_s__rosidl_typesupport_introspection_c
[1.138s] [ 96%] Built target interfaces_s__rosidl_typesupport_fastrtps_c
[1.145s] [100%] Built target interfaces_s__rosidl_typesupport_c
[1.448s] running egg_info
[1.508s] writing interfaces.egg-info/PKG-INFO
[1.509s] writing dependency_links to interfaces.egg-info/dependency_links.txt
[1.509s] writing top-level names to interfaces.egg-info/top_level.txt
[1.741s] reading manifest file 'interfaces.egg-info/SOURCES.txt'
[1.744s] writing manifest file 'interfaces.egg-info/SOURCES.txt'
[1.844s] [100%] Built target ament_cmake_python_build_interfaces_egg
[1.915s] Invoked command in '/home/david/esha_ws/build/interfaces' returned '0': CMAKE_PREFIX_PATH=${CMAKE_PREFIX_PATH}:/home/david/esha_ws/install/monitor:/home/david/esha_ws/install/inter_package:/home/david/husky_ws/install/monitor:/home/david/husky_ws/install/data_sensor:/opt/ros/jazzy DEBUGINFOD_URLS=https://debuginfod.ubuntu.com /usr/bin/cmake --build /home/david/esha_ws/build/interfaces -- -j8 -l8
[1.918s] Invoking command in '/home/david/esha_ws/build/interfaces': CMAKE_PREFIX_PATH=${CMAKE_PREFIX_PATH}:/home/david/esha_ws/install/monitor:/home/david/esha_ws/install/inter_package:/home/david/husky_ws/install/monitor:/home/david/husky_ws/install/data_sensor:/opt/ros/jazzy DEBUGINFOD_URLS=https://debuginfod.ubuntu.com /usr/bin/cmake --install /home/david/esha_ws/build/interfaces
[1.942s] -- Install configuration: ""
[1.943s] -- Up-to-date: /home/david/esha_ws/install/interfaces/share/ament_index/resource_index/rosidl_interfaces/interfaces
[1.943s] -- Up-to-date: /home/david/esha_ws/install/interfaces/share/interfaces/msg/SensorData.json
[1.943s] -- Up-to-date: /home/david/esha_ws/install/interfaces/share/interfaces/msg/CurrentVelocityData.json
[1.944s] -- Up-to-date: /home/david/esha_ws/install/interfaces/share/interfaces/msg/ImuData.json
[1.944s] -- Up-to-date: /home/david/esha_ws/install/interfaces/include/interfaces/interfaces
[1.944s] -- Up-to-date: /home/david/esha_ws/install/interfaces/include/interfaces/interfaces/msg
[1.944s] -- Up-to-date: /home/david/esha_ws/install/interfaces/include/interfaces/interfaces/msg/detail
[1.944s] -- Up-to-date: /home/david/esha_ws/install/interfaces/include/interfaces/interfaces/msg/detail/imu_data__functions.c
[1.945s] -- Up-to-date: /home/david/esha_ws/install/interfaces/include/interfaces/interfaces/msg/detail/imu_data__struct.h
[1.945s] -- Up-to-date: /home/david/esha_ws/install/interfaces/include/interfaces/interfaces/msg/detail/imu_data__description.c
[1.945s] -- Up-to-date: /home/david/esha_ws/install/interfaces/include/interfaces/interfaces/msg/detail/sensor_data__struct.h
[1.945s] -- Up-to-date: /home/david/esha_ws/install/interfaces/include/interfaces/interfaces/msg/detail/sensor_data__functions.c
[1.946s] -- Installing: /home/david/esha_ws/install/interfaces/include/interfaces/interfaces/msg/detail/current_velocity_data__type_support.c
[1.946s] -- Up-to-date: /home/david/esha_ws/install/interfaces/include/interfaces/interfaces/msg/detail/current_velocity_data__type_support.h
[1.950s] -- Up-to-date: /home/david/esha_ws/install/interfaces/include/interfaces/interfaces/msg/detail/sensor_data__type_support.h
[1.953s] -- Installing: /home/david/esha_ws/install/interfaces/include/interfaces/interfaces/msg/detail/imu_data__type_support.c
[1.954s] -- Up-to-date: /home/david/esha_ws/install/interfaces/include/interfaces/interfaces/msg/detail/sensor_data__functions.h
[1.954s] -- Up-to-date: /home/david/esha_ws/install/interfaces/include/interfaces/interfaces/msg/detail/sensor_data__description.c
[1.954s] -- Installing: /home/david/esha_ws/install/interfaces/include/interfaces/interfaces/msg/detail/sensor_data__type_support.c
[1.954s] -- Up-to-date: /home/david/esha_ws/install/interfaces/include/interfaces/interfaces/msg/detail/current_velocity_data__functions.c
[1.955s] -- Up-to-date: /home/david/esha_ws/install/interfaces/include/interfaces/interfaces/msg/detail/current_velocity_data__functions.h
[1.956s] -- Up-to-date: /home/david/esha_ws/install/interfaces/include/interfaces/interfaces/msg/detail/imu_data__type_support.h
[1.958s] -- Up-to-date: /home/david/esha_ws/install/interfaces/include/interfaces/interfaces/msg/detail/current_velocity_data__struct.h
[1.959s] -- Up-to-date: /home/david/esha_ws/install/interfaces/include/interfaces/interfaces/msg/detail/imu_data__functions.h
[1.959s] -- Up-to-date: /home/david/esha_ws/install/interfaces/include/interfaces/interfaces/msg/detail/current_velocity_data__description.c
[1.959s] -- Up-to-date: /home/david/esha_ws/install/interfaces/include/interfaces/interfaces/msg/current_velocity_data.h
[1.961s] -- Up-to-date: /home/david/esha_ws/install/interfaces/include/interfaces/interfaces/msg/imu_data.h
[1.961s] -- Up-to-date: /home/david/esha_ws/install/interfaces/include/interfaces/interfaces/msg/rosidl_generator_c__visibility_control.h
[1.961s] -- Up-to-date: /home/david/esha_ws/install/interfaces/include/interfaces/interfaces/msg/sensor_data.h
[1.962s] -- Up-to-date: /home/david/esha_ws/install/interfaces/share/interfaces/environment/library_path.sh
[1.962s] -- Up-to-date: /home/david/esha_ws/install/interfaces/share/interfaces/environment/library_path.dsv
[1.962s] -- Up-to-date: /home/david/esha_ws/install/interfaces/lib/libinterfaces__rosidl_generator_c.so
[1.962s] -- Up-to-date: /home/david/esha_ws/install/interfaces/include/interfaces/interfaces
[1.962s] -- Up-to-date: /home/david/esha_ws/install/interfaces/include/interfaces/interfaces/msg
[1.963s] -- Up-to-date: /home/david/esha_ws/install/interfaces/include/interfaces/interfaces/msg/detail
[1.963s] -- Up-to-date: /home/david/esha_ws/install/interfaces/include/interfaces/interfaces/msg/detail/sensor_data__rosidl_typesupport_fastrtps_c.h
[1.967s] -- Up-to-date: /home/david/esha_ws/install/interfaces/include/interfaces/interfaces/msg/detail/imu_data__rosidl_typesupport_fastrtps_c.h
[1.967s] -- Up-to-date: /home/david/esha_ws/install/interfaces/include/interfaces/interfaces/msg/detail/current_velocity_data__rosidl_typesupport_fastrtps_c.h
[1.967s] -- Up-to-date: /home/david/esha_ws/install/interfaces/include/interfaces/interfaces/msg/rosidl_typesupport_fastrtps_c__visibility_control.h
[1.968s] -- Up-to-date: /home/david/esha_ws/install/interfaces/lib/libinterfaces__rosidl_typesupport_fastrtps_c.so
[1.968s] -- Up-to-date: /home/david/esha_ws/install/interfaces/include/interfaces/interfaces
[1.968s] -- Up-to-date: /home/david/esha_ws/install/interfaces/include/interfaces/interfaces/msg
[1.968s] -- Up-to-date: /home/david/esha_ws/install/interfaces/include/interfaces/interfaces/msg/detail
[1.969s] -- Up-to-date: /home/david/esha_ws/install/interfaces/include/interfaces/interfaces/msg/detail/imu_data__rosidl_typesupport_introspection_c.h
[1.969s] -- Installing: /home/david/esha_ws/install/interfaces/include/interfaces/interfaces/msg/detail/current_velocity_data__type_support.c
[1.969s] -- Installing: /home/david/esha_ws/install/interfaces/include/interfaces/interfaces/msg/detail/imu_data__type_support.c
[1.969s] -- Installing: /home/david/esha_ws/install/interfaces/include/interfaces/interfaces/msg/detail/sensor_data__type_support.c
[1.970s] -- Up-to-date: /home/david/esha_ws/install/interfaces/include/interfaces/interfaces/msg/detail/current_velocity_data__rosidl_typesupport_introspection_c.h
[1.970s] -- Up-to-date: /home/david/esha_ws/install/interfaces/include/interfaces/interfaces/msg/detail/sensor_data__rosidl_typesupport_introspection_c.h
[1.972s] -- Up-to-date: /home/david/esha_ws/install/interfaces/include/interfaces/interfaces/msg/rosidl_typesupport_introspection_c__visibility_control.h
[1.973s] -- Up-to-date: /home/david/esha_ws/install/interfaces/lib/libinterfaces__rosidl_typesupport_introspection_c.so
[1.973s] -- Up-to-date: /home/david/esha_ws/install/interfaces/lib/libinterfaces__rosidl_typesupport_c.so
[1.973s] -- Up-to-date: /home/david/esha_ws/install/interfaces/include/interfaces/interfaces
[1.973s] -- Up-to-date: /home/david/esha_ws/install/interfaces/include/interfaces/interfaces/msg
[1.974s] -- Up-to-date: /home/david/esha_ws/install/interfaces/include/interfaces/interfaces/msg/detail
[1.974s] -- Up-to-date: /home/david/esha_ws/install/interfaces/include/interfaces/interfaces/msg/detail/sensor_data__type_support.hpp
[1.974s] -- Up-to-date: /home/david/esha_ws/install/interfaces/include/interfaces/interfaces/msg/detail/sensor_data__builder.hpp
[1.974s] -- Up-to-date: /home/david/esha_ws/install/interfaces/include/interfaces/interfaces/msg/detail/sensor_data__struct.hpp
[1.975s] -- Up-to-date: /home/david/esha_ws/install/interfaces/include/interfaces/interfaces/msg/detail/current_velocity_data__traits.hpp
[1.975s] -- Up-to-date: /home/david/esha_ws/install/interfaces/include/interfaces/interfaces/msg/detail/current_velocity_data__builder.hpp
[1.975s] -- Up-to-date: /home/david/esha_ws/install/interfaces/include/interfaces/interfaces/msg/detail/imu_data__traits.hpp
[1.975s] -- Up-to-date: /home/david/esha_ws/install/interfaces/include/interfaces/interfaces/msg/detail/current_velocity_data__struct.hpp
[1.976s] -- Up-to-date: /home/david/esha_ws/install/interfaces/include/interfaces/interfaces/msg/detail/imu_data__struct.hpp
[1.976s] -- Up-to-date: /home/david/esha_ws/install/interfaces/include/interfaces/interfaces/msg/detail/sensor_data__traits.hpp
[1.977s] -- Up-to-date: /home/david/esha_ws/install/interfaces/include/interfaces/interfaces/msg/detail/imu_data__type_support.hpp
[1.977s] -- Up-to-date: /home/david/esha_ws/install/interfaces/include/interfaces/interfaces/msg/detail/imu_data__builder.hpp
[1.977s] -- Up-to-date: /home/david/esha_ws/install/interfaces/include/interfaces/interfaces/msg/detail/current_velocity_data__type_support.hpp
[1.977s] -- Up-to-date: /home/david/esha_ws/install/interfaces/include/interfaces/interfaces/msg/imu_data.hpp
[1.978s] -- Up-to-date: /home/david/esha_ws/install/interfaces/include/interfaces/interfaces/msg/current_velocity_data.hpp
[1.978s] -- Up-to-date: /home/david/esha_ws/install/interfaces/include/interfaces/interfaces/msg/rosidl_generator_cpp__visibility_control.hpp
[1.978s] -- Up-to-date: /home/david/esha_ws/install/interfaces/include/interfaces/interfaces/msg/sensor_data.hpp
[1.981s] -- Up-to-date: /home/david/esha_ws/install/interfaces/include/interfaces/interfaces
[1.981s] -- Up-to-date: /home/david/esha_ws/install/interfaces/include/interfaces/interfaces/msg
[1.982s] -- Up-to-date: /home/david/esha_ws/install/interfaces/include/interfaces/interfaces/msg/detail
[1.992s] -- Up-to-date: /home/david/esha_ws/install/interfaces/include/interfaces/interfaces/msg/detail/current_velocity_data__rosidl_typesupport_fastrtps_cpp.hpp
[1.993s] -- Up-to-date: /home/david/esha_ws/install/interfaces/include/interfaces/interfaces/msg/detail/dds_fastrtps
[1.993s] -- Up-to-date: /home/david/esha_ws/install/interfaces/include/interfaces/interfaces/msg/detail/imu_data__rosidl_typesupport_fastrtps_cpp.hpp
[1.994s] -- Up-to-date: /home/david/esha_ws/install/interfaces/include/interfaces/interfaces/msg/detail/sensor_data__rosidl_typesupport_fastrtps_cpp.hpp
[1.994s] -- Up-to-date: /home/david/esha_ws/install/interfaces/include/interfaces/interfaces/msg/rosidl_typesupport_fastrtps_cpp__visibility_control.h
[1.995s] -- Up-to-date: /home/david/esha_ws/install/interfaces/lib/libinterfaces__rosidl_typesupport_fastrtps_cpp.so
[1.996s] -- Up-to-date: /home/david/esha_ws/install/interfaces/include/interfaces/interfaces
[1.996s] -- Up-to-date: /home/david/esha_ws/install/interfaces/include/interfaces/interfaces/msg
[1.996s] -- Up-to-date: /home/david/esha_ws/install/interfaces/include/interfaces/interfaces/msg/detail
[1.996s] -- Up-to-date: /home/david/esha_ws/install/interfaces/include/interfaces/interfaces/msg/detail/imu_data__type_support.cpp
[1.997s] -- Up-to-date: /home/david/esha_ws/install/interfaces/include/interfaces/interfaces/msg/detail/imu_data__rosidl_typesupport_introspection_cpp.hpp
[1.997s] -- Up-to-date: /home/david/esha_ws/install/interfaces/include/interfaces/interfaces/msg/detail/current_velocity_data__rosidl_typesupport_introspection_cpp.hpp
[1.997s] -- Up-to-date: /home/david/esha_ws/install/interfaces/include/interfaces/interfaces/msg/detail/sensor_data__rosidl_typesupport_introspection_cpp.hpp
[1.998s] -- Up-to-date: /home/david/esha_ws/install/interfaces/include/interfaces/interfaces/msg/detail/sensor_data__type_support.cpp
[2.001s] -- Up-to-date: /home/david/esha_ws/install/interfaces/include/interfaces/interfaces/msg/detail/current_velocity_data__type_support.cpp
[2.002s] -- Up-to-date: /home/david/esha_ws/install/interfaces/lib/libinterfaces__rosidl_typesupport_introspection_cpp.so
[2.002s] -- Up-to-date: /home/david/esha_ws/install/interfaces/lib/libinterfaces__rosidl_typesupport_cpp.so
[2.002s] -- Up-to-date: /home/david/esha_ws/install/interfaces/share/interfaces/environment/pythonpath.sh
[2.002s] -- Up-to-date: /home/david/esha_ws/install/interfaces/share/interfaces/environment/pythonpath.dsv
[2.005s] -- Up-to-date: /home/david/esha_ws/install/interfaces/lib/python3.12/site-packages/interfaces-0.0.0-py3.12.egg-info
[2.006s] -- Installing: /home/david/esha_ws/install/interfaces/lib/python3.12/site-packages/interfaces-0.0.0-py3.12.egg-info/PKG-INFO
[2.007s] -- Installing: /home/david/esha_ws/install/interfaces/lib/python3.12/site-packages/interfaces-0.0.0-py3.12.egg-info/SOURCES.txt
[2.007s] -- Installing: /home/david/esha_ws/install/interfaces/lib/python3.12/site-packages/interfaces-0.0.0-py3.12.egg-info/top_level.txt
[2.007s] -- Installing: /home/david/esha_ws/install/interfaces/lib/python3.12/site-packages/interfaces-0.0.0-py3.12.egg-info/dependency_links.txt
[2.008s] -- Up-to-date: /home/david/esha_ws/install/interfaces/lib/python3.12/site-packages/interfaces
[2.008s] -- Up-to-date: /home/david/esha_ws/install/interfaces/lib/python3.12/site-packages/interfaces/interfaces_s__rosidl_typesupport_introspection_c.so
[2.010s] -- Up-to-date: /home/david/esha_ws/install/interfaces/lib/python3.12/site-packages/interfaces/interfaces_s__rosidl_typesupport_c.so
[2.011s] -- Up-to-date: /home/david/esha_ws/install/interfaces/lib/python3.12/site-packages/interfaces/msg
[2.011s] -- Up-to-date: /home/david/esha_ws/install/interfaces/lib/python3.12/site-packages/interfaces/msg/_current_velocity_data.py
[2.011s] -- Up-to-date: /home/david/esha_ws/install/interfaces/lib/python3.12/site-packages/interfaces/msg/_sensor_data_s.c
[2.011s] -- Up-to-date: /home/david/esha_ws/install/interfaces/lib/python3.12/site-packages/interfaces/msg/_current_velocity_data_s.c
[2.011s] -- Up-to-date: /home/david/esha_ws/install/interfaces/lib/python3.12/site-packages/interfaces/msg/_imu_data.py
[2.012s] -- Up-to-date: /home/david/esha_ws/install/interfaces/lib/python3.12/site-packages/interfaces/msg/_imu_data_s.c
[2.012s] -- Up-to-date: /home/david/esha_ws/install/interfaces/lib/python3.12/site-packages/interfaces/msg/_sensor_data.py
[2.012s] -- Up-to-date: /home/david/esha_ws/install/interfaces/lib/python3.12/site-packages/interfaces/msg/__init__.py
[2.012s] -- Up-to-date: /home/david/esha_ws/install/interfaces/lib/python3.12/site-packages/interfaces/interfaces_s__rosidl_typesupport_fastrtps_c.so
[2.013s] -- Up-to-date: /home/david/esha_ws/install/interfaces/lib/python3.12/site-packages/interfaces/_interfaces_s.ep.rosidl_typesupport_introspection_c.c
[2.013s] -- Up-to-date: /home/david/esha_ws/install/interfaces/lib/python3.12/site-packages/interfaces/__init__.py
[2.017s] -- Up-to-date: /home/david/esha_ws/install/interfaces/lib/python3.12/site-packages/interfaces/_interfaces_s.ep.rosidl_typesupport_c.c
[2.017s] -- Up-to-date: /home/david/esha_ws/install/interfaces/lib/python3.12/site-packages/interfaces/_interfaces_s.ep.rosidl_typesupport_fastrtps_c.c
[2.069s] Listing '/home/david/esha_ws/install/interfaces/lib/python3.12/site-packages/interfaces'...
[2.070s] Listing '/home/david/esha_ws/install/interfaces/lib/python3.12/site-packages/interfaces/msg'...
[2.084s] -- Up-to-date: /home/david/esha_ws/install/interfaces/lib/python3.12/site-packages/interfaces/interfaces_s__rosidl_typesupport_fastrtps_c.so
[2.085s] -- Up-to-date: /home/david/esha_ws/install/interfaces/lib/python3.12/site-packages/interfaces/interfaces_s__rosidl_typesupport_introspection_c.so
[2.087s] -- Up-to-date: /home/david/esha_ws/install/interfaces/lib/python3.12/site-packages/interfaces/interfaces_s__rosidl_typesupport_c.so
[2.090s] -- Up-to-date: /home/david/esha_ws/install/interfaces/lib/libinterfaces__rosidl_generator_py.so
[2.096s] -- Up-to-date: /home/david/esha_ws/install/interfaces/share/interfaces/msg/SensorData.idl
[2.097s] -- Up-to-date: /home/david/esha_ws/install/interfaces/share/interfaces/msg/CurrentVelocityData.idl
[2.097s] -- Up-to-date: /home/david/esha_ws/install/interfaces/share/interfaces/msg/ImuData.idl
[2.097s] -- Up-to-date: /home/david/esha_ws/install/interfaces/share/interfaces/msg/SensorData.msg
[2.097s] -- Up-to-date: /home/david/esha_ws/install/interfaces/share/interfaces/msg/CurrentVelocityData.msg
[2.097s] -- Up-to-date: /home/david/esha_ws/install/interfaces/share/interfaces/msg/ImuData.msg
[2.097s] -- Up-to-date: /home/david/esha_ws/install/interfaces/share/ament_index/resource_index/package_run_dependencies/interfaces
[2.098s] -- Up-to-date: /home/david/esha_ws/install/interfaces/share/ament_index/resource_index/parent_prefix_path/interfaces
[2.098s] -- Up-to-date: /home/david/esha_ws/install/interfaces/share/interfaces/environment/ament_prefix_path.sh
[2.098s] -- Up-to-date: /home/david/esha_ws/install/interfaces/share/interfaces/environment/ament_prefix_path.dsv
[2.098s] -- Up-to-date: /home/david/esha_ws/install/interfaces/share/interfaces/environment/path.sh
[2.098s] -- Up-to-date: /home/david/esha_ws/install/interfaces/share/interfaces/environment/path.dsv
[2.099s] -- Up-to-date: /home/david/esha_ws/install/interfaces/share/interfaces/local_setup.bash
[2.099s] -- Up-to-date: /home/david/esha_ws/install/interfaces/share/interfaces/local_setup.sh
[2.099s] -- Up-to-date: /home/david/esha_ws/install/interfaces/share/interfaces/local_setup.zsh
[2.104s] -- Up-to-date: /home/david/esha_ws/install/interfaces/share/interfaces/local_setup.dsv
[2.105s] -- Installing: /home/david/esha_ws/install/interfaces/share/interfaces/package.dsv
[2.105s] -- Up-to-date: /home/david/esha_ws/install/interfaces/share/ament_index/resource_index/packages/interfaces
[2.106s] -- Up-to-date: /home/david/esha_ws/install/interfaces/share/interfaces/cmake/export_interfaces__rosidl_generator_cExport.cmake
[2.106s] -- Up-to-date: /home/david/esha_ws/install/interfaces/share/interfaces/cmake/export_interfaces__rosidl_generator_cExport-noconfig.cmake
[2.106s] -- Up-to-date: /home/david/esha_ws/install/interfaces/share/interfaces/cmake/export_interfaces__rosidl_typesupport_fastrtps_cExport.cmake
[2.106s] -- Up-to-date: /home/david/esha_ws/install/interfaces/share/interfaces/cmake/export_interfaces__rosidl_typesupport_fastrtps_cExport-noconfig.cmake
[2.106s] -- Up-to-date: /home/david/esha_ws/install/interfaces/share/interfaces/cmake/interfaces__rosidl_typesupport_introspection_cExport.cmake
[2.107s] -- Up-to-date: /home/david/esha_ws/install/interfaces/share/interfaces/cmake/interfaces__rosidl_typesupport_introspection_cExport-noconfig.cmake
[2.107s] -- Up-to-date: /home/david/esha_ws/install/interfaces/share/interfaces/cmake/interfaces__rosidl_typesupport_cExport.cmake
[2.107s] -- Up-to-date: /home/david/esha_ws/install/interfaces/share/interfaces/cmake/interfaces__rosidl_typesupport_cExport-noconfig.cmake
[2.107s] -- Up-to-date: /home/david/esha_ws/install/interfaces/share/interfaces/cmake/export_interfaces__rosidl_generator_cppExport.cmake
[2.107s] -- Up-to-date: /home/david/esha_ws/install/interfaces/share/interfaces/cmake/export_interfaces__rosidl_typesupport_fastrtps_cppExport.cmake
[2.108s] -- Up-to-date: /home/david/esha_ws/install/interfaces/share/interfaces/cmake/export_interfaces__rosidl_typesupport_fastrtps_cppExport-noconfig.cmake
[2.108s] -- Up-to-date: /home/david/esha_ws/install/interfaces/share/interfaces/cmake/interfaces__rosidl_typesupport_introspection_cppExport.cmake
[2.108s] -- Up-to-date: /home/david/esha_ws/install/interfaces/share/interfaces/cmake/interfaces__rosidl_typesupport_introspection_cppExport-noconfig.cmake
[2.116s] -- Up-to-date: /home/david/esha_ws/install/interfaces/share/interfaces/cmake/interfaces__rosidl_typesupport_cppExport.cmake
[2.117s] -- Up-to-date: /home/david/esha_ws/install/interfaces/share/interfaces/cmake/interfaces__rosidl_typesupport_cppExport-noconfig.cmake
[2.117s] -- Up-to-date: /home/david/esha_ws/install/interfaces/share/interfaces/cmake/export_interfaces__rosidl_generator_pyExport.cmake
[2.117s] -- Up-to-date: /home/david/esha_ws/install/interfaces/share/interfaces/cmake/export_interfaces__rosidl_generator_pyExport-noconfig.cmake
[2.117s] -- Up-to-date: /home/david/esha_ws/install/interfaces/share/interfaces/cmake/rosidl_cmake-extras.cmake
[2.118s] -- Up-to-date: /home/david/esha_ws/install/interfaces/share/interfaces/cmake/ament_cmake_export_include_directories-extras.cmake
[2.118s] -- Up-to-date: /home/david/esha_ws/install/interfaces/share/interfaces/cmake/ament_cmake_export_libraries-extras.cmake
[2.118s] -- Up-to-date: /home/david/esha_ws/install/interfaces/share/interfaces/cmake/ament_cmake_export_targets-extras.cmake
[2.118s] -- Up-to-date: /home/david/esha_ws/install/interfaces/share/interfaces/cmake/rosidl_cmake_export_typesupport_targets-extras.cmake
[2.118s] -- Up-to-date: /home/david/esha_ws/install/interfaces/share/interfaces/cmake/ament_cmake_export_dependencies-extras.cmake
[2.119s] -- Up-to-date: /home/david/esha_ws/install/interfaces/share/interfaces/cmake/rosidl_cmake_export_typesupport_libraries-extras.cmake
[2.119s] -- Up-to-date: /home/david/esha_ws/install/interfaces/share/interfaces/cmake/interfacesConfig.cmake
[2.119s] -- Up-to-date: /home/david/esha_ws/install/interfaces/share/interfaces/cmake/interfacesConfig-version.cmake
[2.119s] -- Up-to-date: /home/david/esha_ws/install/interfaces/share/interfaces/package.xml
[2.120s] Invoked command in '/home/david/esha_ws/build/interfaces' returned '0': CMAKE_PREFIX_PATH=${CMAKE_PREFIX_PATH}:/home/david/esha_ws/install/monitor:/home/david/esha_ws/install/inter_package:/home/david/husky_ws/install/monitor:/home/david/husky_ws/install/data_sensor:/opt/ros/jazzy DEBUGINFOD_URLS=https://debuginfod.ubuntu.com /usr/bin/cmake --install /home/david/esha_ws/build/interfaces
