[0.342s] Invoking command in '/home/david/esha_ws/build/rosmonitoring_interfaces': CMAKE_PREFIX_PATH=${CMAKE_PREFIX_PATH}:/home/david/esha_ws/install/monitor:/home/david/esha_ws/install/inter_package:/home/david/husky_ws/install/monitor:/home/david/husky_ws/install/data_sensor:/opt/ros/jazzy DEBUGINFOD_URLS=https://debuginfod.ubuntu.com /usr/bin/cmake --build /home/david/esha_ws/build/rosmonitoring_interfaces -- -j8 -l8
[0.421s] [  2%] Built target rosmonitoring_interfaces__rosidl_generator_type_description
[0.441s] [  2%] Built target ament_cmake_python_copy_rosmonitoring_interfaces
[0.482s] [ 17%] Built target rosmonitoring_interfaces__rosidl_generator_c
[0.494s] [ 20%] Built target rosmonitoring_interfaces__cpp
[0.589s] [ 38%] Built target rosmonitoring_interfaces__rosidl_typesupport_c
[0.591s] [ 38%] Built target rosmonitoring_interfaces__rosidl_typesupport_introspection_c
[0.600s] [ 47%] Built target rosmonitoring_interfaces__rosidl_typesupport_introspection_cpp
[0.605s] [ 55%] Built target rosmonitoring_interfaces__rosidl_typesupport_fastrtps_cpp
[0.624s] [ 64%] Built target rosmonitoring_interfaces__rosidl_typesupport_fastrtps_c
[0.689s] [ 73%] Built target rosmonitoring_interfaces__rosidl_typesupport_cpp
[0.732s] [ 73%] Built target rosmonitoring_interfaces
[0.775s] [ 76%] Built target rosmonitoring_interfaces__py
[0.865s] [ 82%] Built target rosmonitoring_interfaces__rosidl_generator_py
[0.931s] [ 88%] Built target rosmonitoring_interfaces_s__rosidl_typesupport_introspection_c
[0.944s] [ 94%] Built target rosmonitoring_interfaces_s__rosidl_typesupport_fastrtps_c
[0.948s] [100%] Built target rosmonitoring_interfaces_s__rosidl_typesupport_c
[1.119s] running egg_info
[1.180s] writing rosmonitoring_interfaces.egg-info/PKG-INFO
[1.180s] writing dependency_links to rosmonitoring_interfaces.egg-info/dependency_links.txt
[1.181s] writing top-level names to rosmonitoring_interfaces.egg-info/top_level.txt
[1.378s] reading manifest file 'rosmonitoring_interfaces.egg-info/SOURCES.txt'
[1.379s] writing manifest file 'rosmonitoring_interfaces.egg-info/SOURCES.txt'
[1.444s] [100%] Built target ament_cmake_python_build_rosmonitoring_interfaces_egg
[1.468s] Invoked command in '/home/david/esha_ws/build/rosmonitoring_interfaces' returned '0': CMAKE_PREFIX_PATH=${CMAKE_PREFIX_PATH}:/home/david/esha_ws/install/monitor:/home/david/esha_ws/install/inter_package:/home/david/husky_ws/install/monitor:/home/david/husky_ws/install/data_sensor:/opt/ros/jazzy DEBUGINFOD_URLS=https://debuginfod.ubuntu.com /usr/bin/cmake --build /home/david/esha_ws/build/rosmonitoring_interfaces -- -j8 -l8
[1.470s] Invoking command in '/home/david/esha_ws/build/rosmonitoring_interfaces': CMAKE_PREFIX_PATH=${CMAKE_PREFIX_PATH}:/home/david/esha_ws/install/monitor:/home/david/esha_ws/install/inter_package:/home/david/husky_ws/install/monitor:/home/david/husky_ws/install/data_sensor:/opt/ros/jazzy DEBUGINFOD_URLS=https://debuginfod.ubuntu.com /usr/bin/cmake --install /home/david/esha_ws/build/rosmonitoring_interfaces
[1.488s] -- Install configuration: ""
[1.488s] -- Up-to-date: /home/david/esha_ws/install/rosmonitoring_interfaces/share/ament_index/resource_index/rosidl_interfaces/rosmonitoring_interfaces
[1.488s] -- Up-to-date: /home/david/esha_ws/install/rosmonitoring_interfaces/share/rosmonitoring_interfaces/msg/MonitorError.json
[1.488s] -- Up-to-date: /home/david/esha_ws/install/rosmonitoring_interfaces/include/rosmonitoring_interfaces/rosmonitoring_interfaces
[1.488s] -- Up-to-date: /home/david/esha_ws/install/rosmonitoring_interfaces/include/rosmonitoring_interfaces/rosmonitoring_interfaces/msg
[1.488s] -- Up-to-date: /home/david/esha_ws/install/rosmonitoring_interfaces/include/rosmonitoring_interfaces/rosmonitoring_interfaces/msg/detail
[1.489s] -- Up-to-date: /home/david/esha_ws/install/rosmonitoring_interfaces/include/rosmonitoring_interfaces/rosmonitoring_interfaces/msg/detail/monitor_error__type_support.c
[1.489s] -- Up-to-date: /home/david/esha_ws/install/rosmonitoring_interfaces/include/rosmonitoring_interfaces/rosmonitoring_interfaces/msg/detail/monitor_error__functions.h
[1.489s] -- Up-to-date: /home/david/esha_ws/install/rosmonitoring_interfaces/include/rosmonitoring_interfaces/rosmonitoring_interfaces/msg/detail/monitor_error__functions.c
[1.489s] -- Up-to-date: /home/david/esha_ws/install/rosmonitoring_interfaces/include/rosmonitoring_interfaces/rosmonitoring_interfaces/msg/detail/monitor_error__description.c
[1.490s] -- Up-to-date: /home/david/esha_ws/install/rosmonitoring_interfaces/include/rosmonitoring_interfaces/rosmonitoring_interfaces/msg/detail/monitor_error__type_support.h
[1.491s] -- Up-to-date: /home/david/esha_ws/install/rosmonitoring_interfaces/include/rosmonitoring_interfaces/rosmonitoring_interfaces/msg/detail/monitor_error__struct.h
[1.491s] -- Up-to-date: /home/david/esha_ws/install/rosmonitoring_interfaces/include/rosmonitoring_interfaces/rosmonitoring_interfaces/msg/monitor_error.h
[1.492s] -- Up-to-date: /home/david/esha_ws/install/rosmonitoring_interfaces/include/rosmonitoring_interfaces/rosmonitoring_interfaces/msg/rosidl_generator_c__visibility_control.h
[1.492s] -- Up-to-date: /home/david/esha_ws/install/rosmonitoring_interfaces/share/rosmonitoring_interfaces/environment/library_path.sh
[1.492s] -- Up-to-date: /home/david/esha_ws/install/rosmonitoring_interfaces/share/rosmonitoring_interfaces/environment/library_path.dsv
[1.492s] -- Up-to-date: /home/david/esha_ws/install/rosmonitoring_interfaces/lib/librosmonitoring_interfaces__rosidl_generator_c.so
[1.494s] -- Up-to-date: /home/david/esha_ws/install/rosmonitoring_interfaces/include/rosmonitoring_interfaces/rosmonitoring_interfaces
[1.494s] -- Up-to-date: /home/david/esha_ws/install/rosmonitoring_interfaces/include/rosmonitoring_interfaces/rosmonitoring_interfaces/msg
[1.494s] -- Up-to-date: /home/david/esha_ws/install/rosmonitoring_interfaces/include/rosmonitoring_interfaces/rosmonitoring_interfaces/msg/detail
[1.495s] -- Up-to-date: /home/david/esha_ws/install/rosmonitoring_interfaces/include/rosmonitoring_interfaces/rosmonitoring_interfaces/msg/detail/monitor_error__rosidl_typesupport_fastrtps_c.h
[1.495s] -- Up-to-date: /home/david/esha_ws/install/rosmonitoring_interfaces/include/rosmonitoring_interfaces/rosmonitoring_interfaces/msg/rosidl_typesupport_fastrtps_c__visibility_control.h
[1.497s] -- Up-to-date: /home/david/esha_ws/install/rosmonitoring_interfaces/lib/librosmonitoring_interfaces__rosidl_typesupport_fastrtps_c.so
[1.497s] -- Up-to-date: /home/david/esha_ws/install/rosmonitoring_interfaces/include/rosmonitoring_interfaces/rosmonitoring_interfaces
[1.497s] -- Up-to-date: /home/david/esha_ws/install/rosmonitoring_interfaces/include/rosmonitoring_interfaces/rosmonitoring_interfaces/msg
[1.497s] -- Up-to-date: /home/david/esha_ws/install/rosmonitoring_interfaces/include/rosmonitoring_interfaces/rosmonitoring_interfaces/msg/detail
[1.498s] -- Up-to-date: /home/david/esha_ws/install/rosmonitoring_interfaces/include/rosmonitoring_interfaces/rosmonitoring_interfaces/msg/detail/monitor_error__type_support.c
[1.498s] -- Up-to-date: /home/david/esha_ws/install/rosmonitoring_interfaces/include/rosmonitoring_interfaces/rosmonitoring_interfaces/msg/detail/monitor_error__rosidl_typesupport_introspection_c.h
[1.498s] -- Up-to-date: /home/david/esha_ws/install/rosmonitoring_interfaces/include/rosmonitoring_interfaces/rosmonitoring_interfaces/msg/rosidl_typesupport_introspection_c__visibility_control.h
[1.499s] -- Up-to-date: /home/david/esha_ws/install/rosmonitoring_interfaces/lib/librosmonitoring_interfaces__rosidl_typesupport_introspection_c.so
[1.500s] -- Up-to-date: /home/david/esha_ws/install/rosmonitoring_interfaces/lib/librosmonitoring_interfaces__rosidl_typesupport_c.so
[1.501s] -- Up-to-date: /home/david/esha_ws/install/rosmonitoring_interfaces/include/rosmonitoring_interfaces/rosmonitoring_interfaces
[1.501s] -- Up-to-date: /home/david/esha_ws/install/rosmonitoring_interfaces/include/rosmonitoring_interfaces/rosmonitoring_interfaces/msg
[1.501s] -- Up-to-date: /home/david/esha_ws/install/rosmonitoring_interfaces/include/rosmonitoring_interfaces/rosmonitoring_interfaces/msg/detail
[1.501s] -- Up-to-date: /home/david/esha_ws/install/rosmonitoring_interfaces/include/rosmonitoring_interfaces/rosmonitoring_interfaces/msg/detail/monitor_error__traits.hpp
[1.501s] -- Up-to-date: /home/david/esha_ws/install/rosmonitoring_interfaces/include/rosmonitoring_interfaces/rosmonitoring_interfaces/msg/detail/monitor_error__builder.hpp
[1.502s] -- Up-to-date: /home/david/esha_ws/install/rosmonitoring_interfaces/include/rosmonitoring_interfaces/rosmonitoring_interfaces/msg/detail/monitor_error__struct.hpp
[1.502s] -- Up-to-date: /home/david/esha_ws/install/rosmonitoring_interfaces/include/rosmonitoring_interfaces/rosmonitoring_interfaces/msg/detail/monitor_error__type_support.hpp
[1.502s] -- Up-to-date: /home/david/esha_ws/install/rosmonitoring_interfaces/include/rosmonitoring_interfaces/rosmonitoring_interfaces/msg/rosidl_generator_cpp__visibility_control.hpp
[1.502s] -- Up-to-date: /home/david/esha_ws/install/rosmonitoring_interfaces/include/rosmonitoring_interfaces/rosmonitoring_interfaces/msg/monitor_error.hpp
[1.502s] -- Up-to-date: /home/david/esha_ws/install/rosmonitoring_interfaces/include/rosmonitoring_interfaces/rosmonitoring_interfaces
[1.503s] -- Up-to-date: /home/david/esha_ws/install/rosmonitoring_interfaces/include/rosmonitoring_interfaces/rosmonitoring_interfaces/msg
[1.503s] -- Up-to-date: /home/david/esha_ws/install/rosmonitoring_interfaces/include/rosmonitoring_interfaces/rosmonitoring_interfaces/msg/detail
[1.503s] -- Up-to-date: /home/david/esha_ws/install/rosmonitoring_interfaces/include/rosmonitoring_interfaces/rosmonitoring_interfaces/msg/detail/monitor_error__rosidl_typesupport_fastrtps_cpp.hpp
[1.503s] -- Up-to-date: /home/david/esha_ws/install/rosmonitoring_interfaces/include/rosmonitoring_interfaces/rosmonitoring_interfaces/msg/detail/dds_fastrtps
[1.503s] -- Up-to-date: /home/david/esha_ws/install/rosmonitoring_interfaces/include/rosmonitoring_interfaces/rosmonitoring_interfaces/msg/rosidl_typesupport_fastrtps_cpp__visibility_control.h
[1.504s] -- Up-to-date: /home/david/esha_ws/install/rosmonitoring_interfaces/lib/librosmonitoring_interfaces__rosidl_typesupport_fastrtps_cpp.so
[1.504s] -- Up-to-date: /home/david/esha_ws/install/rosmonitoring_interfaces/include/rosmonitoring_interfaces/rosmonitoring_interfaces
[1.504s] -- Up-to-date: /home/david/esha_ws/install/rosmonitoring_interfaces/include/rosmonitoring_interfaces/rosmonitoring_interfaces/msg
[1.504s] -- Up-to-date: /home/david/esha_ws/install/rosmonitoring_interfaces/include/rosmonitoring_interfaces/rosmonitoring_interfaces/msg/detail
[1.504s] -- Up-to-date: /home/david/esha_ws/install/rosmonitoring_interfaces/include/rosmonitoring_interfaces/rosmonitoring_interfaces/msg/detail/monitor_error__type_support.cpp
[1.505s] -- Up-to-date: /home/david/esha_ws/install/rosmonitoring_interfaces/include/rosmonitoring_interfaces/rosmonitoring_interfaces/msg/detail/monitor_error__rosidl_typesupport_introspection_cpp.hpp
[1.505s] -- Up-to-date: /home/david/esha_ws/install/rosmonitoring_interfaces/lib/librosmonitoring_interfaces__rosidl_typesupport_introspection_cpp.so
[1.505s] -- Up-to-date: /home/david/esha_ws/install/rosmonitoring_interfaces/lib/librosmonitoring_interfaces__rosidl_typesupport_cpp.so
[1.505s] -- Up-to-date: /home/david/esha_ws/install/rosmonitoring_interfaces/share/rosmonitoring_interfaces/environment/pythonpath.sh
[1.505s] -- Up-to-date: /home/david/esha_ws/install/rosmonitoring_interfaces/share/rosmonitoring_interfaces/environment/pythonpath.dsv
[1.505s] -- Up-to-date: /home/david/esha_ws/install/rosmonitoring_interfaces/lib/python3.12/site-packages/rosmonitoring_interfaces-0.0.0-py3.12.egg-info
[1.506s] -- Installing: /home/david/esha_ws/install/rosmonitoring_interfaces/lib/python3.12/site-packages/rosmonitoring_interfaces-0.0.0-py3.12.egg-info/PKG-INFO
[1.506s] -- Installing: /home/david/esha_ws/install/rosmonitoring_interfaces/lib/python3.12/site-packages/rosmonitoring_interfaces-0.0.0-py3.12.egg-info/SOURCES.txt
[1.506s] -- Installing: /home/david/esha_ws/install/rosmonitoring_interfaces/lib/python3.12/site-packages/rosmonitoring_interfaces-0.0.0-py3.12.egg-info/top_level.txt
[1.517s] -- Installing: /home/david/esha_ws/install/rosmonitoring_interfaces/lib/python3.12/site-packages/rosmonitoring_interfaces-0.0.0-py3.12.egg-info/dependency_links.txt
[1.518s] -- Up-to-date: /home/david/esha_ws/install/rosmonitoring_interfaces/lib/python3.12/site-packages/rosmonitoring_interfaces
[1.518s] -- Up-to-date: /home/david/esha_ws/install/rosmonitoring_interfaces/lib/python3.12/site-packages/rosmonitoring_interfaces/rosmonitoring_interfaces_s__rosidl_typesupport_introspection_c.so
[1.518s] -- Up-to-date: /home/david/esha_ws/install/rosmonitoring_interfaces/lib/python3.12/site-packages/rosmonitoring_interfaces/msg
[1.522s] -- Up-to-date: /home/david/esha_ws/install/rosmonitoring_interfaces/lib/python3.12/site-packages/rosmonitoring_interfaces/msg/_monitor_error_s.c
[1.523s] -- Up-to-date: /home/david/esha_ws/install/rosmonitoring_interfaces/lib/python3.12/site-packages/rosmonitoring_interfaces/msg/__init__.py
[1.524s] -- Up-to-date: /home/david/esha_ws/install/rosmonitoring_interfaces/lib/python3.12/site-packages/rosmonitoring_interfaces/msg/_monitor_error.py
[1.524s] -- Up-to-date: /home/david/esha_ws/install/rosmonitoring_interfaces/lib/python3.12/site-packages/rosmonitoring_interfaces/_rosmonitoring_interfaces_s.ep.rosidl_typesupport_c.c
[1.539s] -- Up-to-date: /home/david/esha_ws/install/rosmonitoring_interfaces/lib/python3.12/site-packages/rosmonitoring_interfaces/rosmonitoring_interfaces_s__rosidl_typesupport_c.so
[1.539s] -- Up-to-date: /home/david/esha_ws/install/rosmonitoring_interfaces/lib/python3.12/site-packages/rosmonitoring_interfaces/_rosmonitoring_interfaces_s.ep.rosidl_typesupport_fastrtps_c.c
[1.539s] -- Up-to-date: /home/david/esha_ws/install/rosmonitoring_interfaces/lib/python3.12/site-packages/rosmonitoring_interfaces/_rosmonitoring_interfaces_s.ep.rosidl_typesupport_introspection_c.c
[1.539s] -- Up-to-date: /home/david/esha_ws/install/rosmonitoring_interfaces/lib/python3.12/site-packages/rosmonitoring_interfaces/__init__.py
[1.540s] -- Up-to-date: /home/david/esha_ws/install/rosmonitoring_interfaces/lib/python3.12/site-packages/rosmonitoring_interfaces/rosmonitoring_interfaces_s__rosidl_typesupport_fastrtps_c.so
[1.572s] Listing '/home/david/esha_ws/install/rosmonitoring_interfaces/lib/python3.12/site-packages/rosmonitoring_interfaces'...
[1.573s] Listing '/home/david/esha_ws/install/rosmonitoring_interfaces/lib/python3.12/site-packages/rosmonitoring_interfaces/msg'...
[1.577s] -- Up-to-date: /home/david/esha_ws/install/rosmonitoring_interfaces/lib/python3.12/site-packages/rosmonitoring_interfaces/rosmonitoring_interfaces_s__rosidl_typesupport_fastrtps_c.so
[1.578s] -- Up-to-date: /home/david/esha_ws/install/rosmonitoring_interfaces/lib/python3.12/site-packages/rosmonitoring_interfaces/rosmonitoring_interfaces_s__rosidl_typesupport_introspection_c.so
[1.578s] -- Up-to-date: /home/david/esha_ws/install/rosmonitoring_interfaces/lib/python3.12/site-packages/rosmonitoring_interfaces/rosmonitoring_interfaces_s__rosidl_typesupport_c.so
[1.579s] -- Up-to-date: /home/david/esha_ws/install/rosmonitoring_interfaces/lib/librosmonitoring_interfaces__rosidl_generator_py.so
[1.579s] -- Up-to-date: /home/david/esha_ws/install/rosmonitoring_interfaces/share/rosmonitoring_interfaces/msg/MonitorError.idl
[1.580s] -- Up-to-date: /home/david/esha_ws/install/rosmonitoring_interfaces/share/rosmonitoring_interfaces/msg/MonitorError.msg
[1.580s] -- Up-to-date: /home/david/esha_ws/install/rosmonitoring_interfaces/share/ament_index/resource_index/package_run_dependencies/rosmonitoring_interfaces
[1.580s] -- Up-to-date: /home/david/esha_ws/install/rosmonitoring_interfaces/share/ament_index/resource_index/parent_prefix_path/rosmonitoring_interfaces
[1.580s] -- Up-to-date: /home/david/esha_ws/install/rosmonitoring_interfaces/share/rosmonitoring_interfaces/environment/ament_prefix_path.sh
[1.581s] -- Up-to-date: /home/david/esha_ws/install/rosmonitoring_interfaces/share/rosmonitoring_interfaces/environment/ament_prefix_path.dsv
[1.581s] -- Up-to-date: /home/david/esha_ws/install/rosmonitoring_interfaces/share/rosmonitoring_interfaces/environment/path.sh
[1.581s] -- Up-to-date: /home/david/esha_ws/install/rosmonitoring_interfaces/share/rosmonitoring_interfaces/environment/path.dsv
[1.581s] -- Up-to-date: /home/david/esha_ws/install/rosmonitoring_interfaces/share/rosmonitoring_interfaces/local_setup.bash
[1.582s] -- Up-to-date: /home/david/esha_ws/install/rosmonitoring_interfaces/share/rosmonitoring_interfaces/local_setup.sh
[1.582s] -- Up-to-date: /home/david/esha_ws/install/rosmonitoring_interfaces/share/rosmonitoring_interfaces/local_setup.zsh
[1.582s] -- Up-to-date: /home/david/esha_ws/install/rosmonitoring_interfaces/share/rosmonitoring_interfaces/local_setup.dsv
[1.582s] -- Installing: /home/david/esha_ws/install/rosmonitoring_interfaces/share/rosmonitoring_interfaces/package.dsv
[1.583s] -- Up-to-date: /home/david/esha_ws/install/rosmonitoring_interfaces/share/ament_index/resource_index/packages/rosmonitoring_interfaces
[1.583s] -- Up-to-date: /home/david/esha_ws/install/rosmonitoring_interfaces/share/rosmonitoring_interfaces/cmake/export_rosmonitoring_interfaces__rosidl_generator_cExport.cmake
[1.584s] -- Up-to-date: /home/david/esha_ws/install/rosmonitoring_interfaces/share/rosmonitoring_interfaces/cmake/export_rosmonitoring_interfaces__rosidl_generator_cExport-noconfig.cmake
[1.584s] -- Up-to-date: /home/david/esha_ws/install/rosmonitoring_interfaces/share/rosmonitoring_interfaces/cmake/export_rosmonitoring_interfaces__rosidl_typesupport_fastrtps_cExport.cmake
[1.584s] -- Up-to-date: /home/david/esha_ws/install/rosmonitoring_interfaces/share/rosmonitoring_interfaces/cmake/export_rosmonitoring_interfaces__rosidl_typesupport_fastrtps_cExport-noconfig.cmake
[1.585s] -- Up-to-date: /home/david/esha_ws/install/rosmonitoring_interfaces/share/rosmonitoring_interfaces/cmake/rosmonitoring_interfaces__rosidl_typesupport_introspection_cExport.cmake
[1.585s] -- Up-to-date: /home/david/esha_ws/install/rosmonitoring_interfaces/share/rosmonitoring_interfaces/cmake/rosmonitoring_interfaces__rosidl_typesupport_introspection_cExport-noconfig.cmake
[1.585s] -- Up-to-date: /home/david/esha_ws/install/rosmonitoring_interfaces/share/rosmonitoring_interfaces/cmake/rosmonitoring_interfaces__rosidl_typesupport_cExport.cmake
[1.585s] -- Up-to-date: /home/david/esha_ws/install/rosmonitoring_interfaces/share/rosmonitoring_interfaces/cmake/rosmonitoring_interfaces__rosidl_typesupport_cExport-noconfig.cmake
[1.585s] -- Up-to-date: /home/david/esha_ws/install/rosmonitoring_interfaces/share/rosmonitoring_interfaces/cmake/export_rosmonitoring_interfaces__rosidl_generator_cppExport.cmake
[1.586s] -- Up-to-date: /home/david/esha_ws/install/rosmonitoring_interfaces/share/rosmonitoring_interfaces/cmake/export_rosmonitoring_interfaces__rosidl_typesupport_fastrtps_cppExport.cmake
[1.586s] -- Up-to-date: /home/david/esha_ws/install/rosmonitoring_interfaces/share/rosmonitoring_interfaces/cmake/export_rosmonitoring_interfaces__rosidl_typesupport_fastrtps_cppExport-noconfig.cmake
[1.586s] -- Up-to-date: /home/david/esha_ws/install/rosmonitoring_interfaces/share/rosmonitoring_interfaces/cmake/rosmonitoring_interfaces__rosidl_typesupport_introspection_cppExport.cmake
[1.586s] -- Up-to-date: /home/david/esha_ws/install/rosmonitoring_interfaces/share/rosmonitoring_interfaces/cmake/rosmonitoring_interfaces__rosidl_typesupport_introspection_cppExport-noconfig.cmake
[1.586s] -- Up-to-date: /home/david/esha_ws/install/rosmonitoring_interfaces/share/rosmonitoring_interfaces/cmake/rosmonitoring_interfaces__rosidl_typesupport_cppExport.cmake
[1.587s] -- Up-to-date: /home/david/esha_ws/install/rosmonitoring_interfaces/share/rosmonitoring_interfaces/cmake/rosmonitoring_interfaces__rosidl_typesupport_cppExport-noconfig.cmake
[1.587s] -- Up-to-date: /home/david/esha_ws/install/rosmonitoring_interfaces/share/rosmonitoring_interfaces/cmake/export_rosmonitoring_interfaces__rosidl_generator_pyExport.cmake
[1.587s] -- Up-to-date: /home/david/esha_ws/install/rosmonitoring_interfaces/share/rosmonitoring_interfaces/cmake/export_rosmonitoring_interfaces__rosidl_generator_pyExport-noconfig.cmake
[1.587s] -- Up-to-date: /home/david/esha_ws/install/rosmonitoring_interfaces/share/rosmonitoring_interfaces/cmake/rosidl_cmake-extras.cmake
[1.591s] -- Up-to-date: /home/david/esha_ws/install/rosmonitoring_interfaces/share/rosmonitoring_interfaces/cmake/ament_cmake_export_include_directories-extras.cmake
[1.593s] -- Up-to-date: /home/david/esha_ws/install/rosmonitoring_interfaces/share/rosmonitoring_interfaces/cmake/ament_cmake_export_libraries-extras.cmake
[1.593s] -- Up-to-date: /home/david/esha_ws/install/rosmonitoring_interfaces/share/rosmonitoring_interfaces/cmake/ament_cmake_export_targets-extras.cmake
[1.593s] -- Up-to-date: /home/david/esha_ws/install/rosmonitoring_interfaces/share/rosmonitoring_interfaces/cmake/rosidl_cmake_export_typesupport_targets-extras.cmake
[1.593s] -- Up-to-date: /home/david/esha_ws/install/rosmonitoring_interfaces/share/rosmonitoring_interfaces/cmake/ament_cmake_export_dependencies-extras.cmake
[1.594s] -- Up-to-date: /home/david/esha_ws/install/rosmonitoring_interfaces/share/rosmonitoring_interfaces/cmake/rosidl_cmake_export_typesupport_libraries-extras.cmake
[1.594s] -- Up-to-date: /home/david/esha_ws/install/rosmonitoring_interfaces/share/rosmonitoring_interfaces/cmake/rosmonitoring_interfacesConfig.cmake
[1.594s] -- Up-to-date: /home/david/esha_ws/install/rosmonitoring_interfaces/share/rosmonitoring_interfaces/cmake/rosmonitoring_interfacesConfig-version.cmake
[1.598s] -- Up-to-date: /home/david/esha_ws/install/rosmonitoring_interfaces/share/rosmonitoring_interfaces/package.xml
[1.599s] Invoked command in '/home/david/esha_ws/build/rosmonitoring_interfaces' returned '0': CMAKE_PREFIX_PATH=${CMAKE_PREFIX_PATH}:/home/david/esha_ws/install/monitor:/home/david/esha_ws/install/inter_package:/home/david/husky_ws/install/monitor:/home/david/husky_ws/install/data_sensor:/opt/ros/jazzy DEBUGINFOD_URLS=https://debuginfod.ubuntu.com /usr/bin/cmake --install /home/david/esha_ws/build/rosmonitoring_interfaces
