[2.042s] Invoking command in '/home/david/esha_ws/src/inter_package': DEBUGINFOD_URLS=https://debuginfod.ubuntu.com PYTHONPATH=/home/david/esha_ws/build/inter_package/prefix_override:/usr/lib/python3/dist-packages/colcon_core/task/python/colcon_distutils_commands:/home/david/esha_ws/install/inter_package/lib/python3.12/site-packages:${PYTHONPATH} /usr/bin/python3 -W ignore:setup.py install is deprecated -W ignore:easy_install command is deprecated setup.py egg_info --egg-base ../../build/inter_package build --build-base /home/david/esha_ws/build/inter_package/build install --record /home/david/esha_ws/build/inter_package/install.log --single-version-externally-managed install_data
[2.497s] running egg_info
[2.532s] writing ../../build/inter_package/inter_package.egg-info/PKG-INFO
[2.533s] writing dependency_links to ../../build/inter_package/inter_package.egg-info/dependency_links.txt
[2.533s] writing entry points to ../../build/inter_package/inter_package.egg-info/entry_points.txt
[2.533s] writing requirements to ../../build/inter_package/inter_package.egg-info/requires.txt
[2.534s] writing top-level names to ../../build/inter_package/inter_package.egg-info/top_level.txt
[2.612s] reading manifest file '../../build/inter_package/inter_package.egg-info/SOURCES.txt'
[2.613s] adding license file 'LICENSE'
[2.614s] writing manifest file '../../build/inter_package/inter_package.egg-info/SOURCES.txt'
[2.614s] running build
[2.614s] running build_py
[2.615s] running install
[2.624s] running install_lib
[2.677s] running install_data
[2.677s] running install_egg_info
[2.720s] removing '/home/david/esha_ws/install/inter_package/lib/python3.12/site-packages/inter_package-0.0.0-py3.12.egg-info' (and everything under it)
[2.721s] Copying ../../build/inter_package/inter_package.egg-info to /home/david/esha_ws/install/inter_package/lib/python3.12/site-packages/inter_package-0.0.0-py3.12.egg-info
[2.722s] running install_scripts
[2.987s] Installing arm_current_node script to /home/david/esha_ws/install/inter_package/lib/inter_package
[2.987s] Installing camera_node script to /home/david/esha_ws/install/inter_package/lib/inter_package
[2.987s] Installing co_node script to /home/david/esha_ws/install/inter_package/lib/inter_package
[2.987s] Installing imu_node script to /home/david/esha_ws/install/inter_package/lib/inter_package
[2.987s] Installing motor_current_node script to /home/david/esha_ws/install/inter_package/lib/inter_package
[2.988s] Installing temperature_node script to /home/david/esha_ws/install/inter_package/lib/inter_package
[2.988s] Installing ultrasonic_node script to /home/david/esha_ws/install/inter_package/lib/inter_package
[2.988s] Installing velocity_node script to /home/david/esha_ws/install/inter_package/lib/inter_package
[2.988s] writing list of installed files to '/home/david/esha_ws/build/inter_package/install.log'
[3.049s] Invoked command in '/home/david/esha_ws/src/inter_package' returned '0': DEBUGINFOD_URLS=https://debuginfod.ubuntu.com PYTHONPATH=/home/david/esha_ws/build/inter_package/prefix_override:/usr/lib/python3/dist-packages/colcon_core/task/python/colcon_distutils_commands:/home/david/esha_ws/install/inter_package/lib/python3.12/site-packages:${PYTHONPATH} /usr/bin/python3 -W ignore:setup.py install is deprecated -W ignore:easy_install command is deprecated setup.py egg_info --egg-base ../../build/inter_package build --build-base /home/david/esha_ws/build/inter_package/build install --record /home/david/esha_ws/build/inter_package/install.log --single-version-externally-managed install_data
