[2.608s] Invoking command in '/home/david/esha_ws/src/inter_package': DEBUGINFOD_URLS=https://debuginfod.ubuntu.com PYTHONPATH=/home/david/esha_ws/build/inter_package/prefix_override:/usr/lib/python3/dist-packages/colcon_core/task/python/colcon_distutils_commands:/home/david/esha_ws/install/inter_package/lib/python3.12/site-packages:${PYTHONPATH} /usr/bin/python3 -W ignore:setup.py install is deprecated -W ignore:easy_install command is deprecated setup.py egg_info --egg-base ../../build/inter_package build --build-base /home/david/esha_ws/build/inter_package/build install --record /home/david/esha_ws/build/inter_package/install.log --single-version-externally-managed install_data
[3.564s] running egg_info
[3.618s] writing ../../build/inter_package/inter_package.egg-info/PKG-INFO
[3.621s] writing dependency_links to ../../build/inter_package/inter_package.egg-info/dependency_links.txt
[3.621s] writing entry points to ../../build/inter_package/inter_package.egg-info/entry_points.txt
[3.621s] writing requirements to ../../build/inter_package/inter_package.egg-info/requires.txt
[3.622s] writing top-level names to ../../build/inter_package/inter_package.egg-info/top_level.txt
[3.747s] reading manifest file '../../build/inter_package/inter_package.egg-info/SOURCES.txt'
[3.748s] adding license file 'LICENSE'
[3.749s] writing manifest file '../../build/inter_package/inter_package.egg-info/SOURCES.txt'
[3.749s] running build
[3.749s] running build_py
[3.752s] running install
[3.767s] running install_lib
[3.823s] running install_data
[3.823s] running install_egg_info
[3.872s] removing '/home/david/esha_ws/install/inter_package/lib/python3.12/site-packages/inter_package-0.0.0-py3.12.egg-info' (and everything under it)
[3.872s] Copying ../../build/inter_package/inter_package.egg-info to /home/david/esha_ws/install/inter_package/lib/python3.12/site-packages/inter_package-0.0.0-py3.12.egg-info
[3.874s] running install_scripts
[4.144s] Installing arm_current_node script to /home/david/esha_ws/install/inter_package/lib/inter_package
[4.144s] Installing camera_node script to /home/david/esha_ws/install/inter_package/lib/inter_package
[4.144s] Installing co_node script to /home/david/esha_ws/install/inter_package/lib/inter_package
[4.145s] Installing imu_node script to /home/david/esha_ws/install/inter_package/lib/inter_package
[4.145s] Installing motor_current_node script to /home/david/esha_ws/install/inter_package/lib/inter_package
[4.145s] Installing temperature_node script to /home/david/esha_ws/install/inter_package/lib/inter_package
[4.145s] Installing ultrasonic_node script to /home/david/esha_ws/install/inter_package/lib/inter_package
[4.146s] Installing velocity_node script to /home/david/esha_ws/install/inter_package/lib/inter_package
[4.150s] writing list of installed files to '/home/david/esha_ws/build/inter_package/install.log'
[4.217s] Invoked command in '/home/david/esha_ws/src/inter_package' returned '0': DEBUGINFOD_URLS=https://debuginfod.ubuntu.com PYTHONPATH=/home/david/esha_ws/build/inter_package/prefix_override:/usr/lib/python3/dist-packages/colcon_core/task/python/colcon_distutils_commands:/home/david/esha_ws/install/inter_package/lib/python3.12/site-packages:${PYTHONPATH} /usr/bin/python3 -W ignore:setup.py install is deprecated -W ignore:easy_install command is deprecated setup.py egg_info --egg-base ../../build/inter_package build --build-base /home/david/esha_ws/build/inter_package/build install --record /home/david/esha_ws/build/inter_package/install.log --single-version-externally-managed install_data
