[1.482s] Invoking command in '/home/david/esha_ws/src/monitor': AMENT_PREFIX_PATH=/home/david/esha_ws/install/rosmonitoring_interfaces:/home/david/esha_ws/install/interfaces:${AMENT_PREFIX_PATH} CMAKE_PREFIX_PATH=/home/david/esha_ws/install/rosmonitoring_interfaces:/home/david/esha_ws/install/interfaces:${CMAKE_PREFIX_PATH} DEBUGINFOD_URLS=https://debuginfod.ubuntu.com LD_LIBRARY_PATH=/home/david/esha_ws/install/rosmonitoring_interfaces/lib:/home/david/esha_ws/install/interfaces/lib:${LD_LIBRARY_PATH} PYTHONPATH=/home/david/esha_ws/build/monitor/prefix_override:/usr/lib/python3/dist-packages/colcon_core/task/python/colcon_distutils_commands:/home/david/esha_ws/install/monitor/lib/python3.12/site-packages:/home/david/esha_ws/install/rosmonitoring_interfaces/lib/python3.12/site-packages:/home/david/esha_ws/install/interfaces/lib/python3.12/site-packages:${PYTHONPATH} /usr/bin/python3 -W ignore:setup.py install is deprecated -W ignore:easy_install command is deprecated setup.py egg_info --egg-base ../../build/monitor build --build-base /home/david/esha_ws/build/monitor/build install --record /home/david/esha_ws/build/monitor/install.log --single-version-externally-managed install_data
[1.917s] running egg_info
[1.954s] writing ../../build/monitor/monitor.egg-info/PKG-INFO
[1.955s] writing dependency_links to ../../build/monitor/monitor.egg-info/dependency_links.txt
[1.955s] writing entry points to ../../build/monitor/monitor.egg-info/entry_points.txt
[1.955s] writing requirements to ../../build/monitor/monitor.egg-info/requires.txt
[1.955s] writing top-level names to ../../build/monitor/monitor.egg-info/top_level.txt
[2.020s] reading manifest file '../../build/monitor/monitor.egg-info/SOURCES.txt'
[2.022s] writing manifest file '../../build/monitor/monitor.egg-info/SOURCES.txt'
[2.032s] running build
[2.032s] running build_py
[2.033s] running install
[2.042s] running install_lib
[2.076s] running install_data
[2.076s] running install_egg_info
[2.110s] removing '/home/david/esha_ws/install/monitor/lib/python3.12/site-packages/monitor-0.0.0-py3.12.egg-info' (and everything under it)
[2.110s] Copying ../../build/monitor/monitor.egg-info to /home/david/esha_ws/install/monitor/lib/python3.12/site-packages/monitor-0.0.0-py3.12.egg-info
[2.111s] running install_scripts
[2.361s] Installing arm_monitor script to /home/david/esha_ws/install/monitor/lib/monitor
[2.361s] Installing camera_monitor script to /home/david/esha_ws/install/monitor/lib/monitor
[2.361s] Installing carbon_monoxide_monitor script to /home/david/esha_ws/install/monitor/lib/monitor
[2.361s] Installing distance_monitor script to /home/david/esha_ws/install/monitor/lib/monitor
[2.361s] Installing monitor script to /home/david/esha_ws/install/monitor/lib/monitor
[2.362s] Installing motor_monitor script to /home/david/esha_ws/install/monitor/lib/monitor
[2.362s] Installing temperature_monitor script to /home/david/esha_ws/install/monitor/lib/monitor
[2.362s] Installing tip_out_monitor script to /home/david/esha_ws/install/monitor/lib/monitor
[2.362s] writing list of installed files to '/home/david/esha_ws/build/monitor/install.log'
[2.401s] Invoked command in '/home/david/esha_ws/src/monitor' returned '0': AMENT_PREFIX_PATH=/home/david/esha_ws/install/rosmonitoring_interfaces:/home/david/esha_ws/install/interfaces:${AMENT_PREFIX_PATH} CMAKE_PREFIX_PATH=/home/david/esha_ws/install/rosmonitoring_interfaces:/home/david/esha_ws/install/interfaces:${CMAKE_PREFIX_PATH} DEBUGINFOD_URLS=https://debuginfod.ubuntu.com LD_LIBRARY_PATH=/home/david/esha_ws/install/rosmonitoring_interfaces/lib:/home/david/esha_ws/install/interfaces/lib:${LD_LIBRARY_PATH} PYTHONPATH=/home/david/esha_ws/build/monitor/prefix_override:/usr/lib/python3/dist-packages/colcon_core/task/python/colcon_distutils_commands:/home/david/esha_ws/install/monitor/lib/python3.12/site-packages:/home/david/esha_ws/install/rosmonitoring_interfaces/lib/python3.12/site-packages:/home/david/esha_ws/install/interfaces/lib/python3.12/site-packages:${PYTHONPATH} /usr/bin/python3 -W ignore:setup.py install is deprecated -W ignore:easy_install command is deprecated setup.py egg_info --egg-base ../../build/monitor build --build-base /home/david/esha_ws/build/monitor/build install --record /home/david/esha_ws/build/monitor/install.log --single-version-externally-managed install_data
