[0.126s] DEBUG:colcon:Command line arguments: ['/usr/bin/colcon', 'build']
[0.126s] DEBUG:colcon:Parsed command line arguments: Namespace(log_base=None, log_level=None, verb_name='build', build_base='build', install_base='install', merge_install=False, symlink_install=False, test_result_base=None, continue_on_error=False, executor='parallel', parallel_workers=8, event_handlers=None, ignore_user_meta=False, metas=['./colcon.meta'], base_paths=['.'], packages_ignore=None, packages_ignore_regex=None, paths=None, packages_up_to=None, packages_up_to_regex=None, packages_above=None, packages_above_and_dependencies=None, packages_above_depth=None, packages_select_by_dep=None, packages_skip_by_dep=None, packages_skip_up_to=None, packages_select_build_failed=False, packages_skip_build_finished=False, packages_select_test_failures=False, packages_skip_test_passed=False, packages_select=None, packages_skip=None, packages_select_regex=None, packages_skip_regex=None, packages_start=None, packages_end=None, allow_overriding=[], cmake_args=None, cmake_target=None, cmake_target_skip_unavailable=False, cmake_clean_cache=False, cmake_clean_first=False, cmake_force_configure=False, ament_cmake_args=None, catkin_cmake_args=None, catkin_skip_building_tests=False, mixin_files=None, mixin=None, verb_parser=<colcon_mixin.mixin.mixin_argument.MixinArgumentDecorator object at 0x7aaac8f9b170>, verb_extension=<colcon_core.verb.build.BuildVerb object at 0x7aaac8f9ae70>, main=<bound method BuildVerb.main of <colcon_core.verb.build.BuildVerb object at 0x7aaac8f9ae70>>, mixin_verb=('build',))
[0.166s] Level 1:colcon.colcon_core.package_discovery:discover_packages(colcon_meta) check parameters
[0.166s] Level 1:colcon.colcon_core.package_discovery:discover_packages(recursive) check parameters
[0.166s] Level 1:colcon.colcon_core.package_discovery:discover_packages(ignore) check parameters
[0.166s] Level 1:colcon.colcon_core.package_discovery:discover_packages(path) check parameters
[0.166s] Level 1:colcon.colcon_core.package_discovery:discover_packages(colcon_meta) discover
[0.167s] Level 1:colcon.colcon_core.package_discovery:discover_packages(recursive) discover
[0.167s] INFO:colcon.colcon_core.package_discovery:Crawling recursively for packages in '/home/david/esha_ws'
[0.167s] Level 1:colcon.colcon_core.package_identification:_identify(.) by extensions ['ignore', 'ignore_ament_install']
[0.167s] Level 1:colcon.colcon_core.package_identification:_identify(.) by extension 'ignore'
[0.167s] Level 1:colcon.colcon_core.package_identification:_identify(.) by extension 'ignore_ament_install'
[0.167s] Level 1:colcon.colcon_core.package_identification:_identify(.) by extensions ['colcon_pkg']
[0.167s] Level 1:colcon.colcon_core.package_identification:_identify(.) by extension 'colcon_pkg'
[0.167s] Level 1:colcon.colcon_core.package_identification:_identify(.) by extensions ['colcon_meta']
[0.167s] Level 1:colcon.colcon_core.package_identification:_identify(.) by extension 'colcon_meta'
[0.167s] Level 1:colcon.colcon_core.package_identification:_identify(.) by extensions ['ros']
[0.167s] Level 1:colcon.colcon_core.package_identification:_identify(.) by extension 'ros'
[0.193s] Level 1:colcon.colcon_core.package_identification:_identify(.) by extensions ['cmake', 'python']
[0.193s] Level 1:colcon.colcon_core.package_identification:_identify(.) by extension 'cmake'
[0.193s] Level 1:colcon.colcon_core.package_identification:_identify(.) by extension 'python'
[0.193s] Level 1:colcon.colcon_core.package_identification:_identify(.) by extensions ['python_setup_py']
[0.193s] Level 1:colcon.colcon_core.package_identification:_identify(.) by extension 'python_setup_py'
[0.194s] Level 1:colcon.colcon_core.package_identification:_identify(build) by extensions ['ignore', 'ignore_ament_install']
[0.194s] Level 1:colcon.colcon_core.package_identification:_identify(build) by extension 'ignore'
[0.194s] Level 1:colcon.colcon_core.package_identification:_identify(build) ignored
[0.194s] Level 1:colcon.colcon_core.package_identification:_identify(install) by extensions ['ignore', 'ignore_ament_install']
[0.194s] Level 1:colcon.colcon_core.package_identification:_identify(install) by extension 'ignore'
[0.194s] Level 1:colcon.colcon_core.package_identification:_identify(install) ignored
[0.194s] Level 1:colcon.colcon_core.package_identification:_identify(log) by extensions ['ignore', 'ignore_ament_install']
[0.195s] Level 1:colcon.colcon_core.package_identification:_identify(log) by extension 'ignore'
[0.195s] Level 1:colcon.colcon_core.package_identification:_identify(log) ignored
[0.195s] Level 1:colcon.colcon_core.package_identification:_identify(src) by extensions ['ignore', 'ignore_ament_install']
[0.195s] Level 1:colcon.colcon_core.package_identification:_identify(src) by extension 'ignore'
[0.195s] Level 1:colcon.colcon_core.package_identification:_identify(src) by extension 'ignore_ament_install'
[0.195s] Level 1:colcon.colcon_core.package_identification:_identify(src) by extensions ['colcon_pkg']
[0.195s] Level 1:colcon.colcon_core.package_identification:_identify(src) by extension 'colcon_pkg'
[0.195s] Level 1:colcon.colcon_core.package_identification:_identify(src) by extensions ['colcon_meta']
[0.195s] Level 1:colcon.colcon_core.package_identification:_identify(src) by extension 'colcon_meta'
[0.195s] Level 1:colcon.colcon_core.package_identification:_identify(src) by extensions ['ros']
[0.195s] Level 1:colcon.colcon_core.package_identification:_identify(src) by extension 'ros'
[0.196s] Level 1:colcon.colcon_core.package_identification:_identify(src) by extensions ['cmake', 'python']
[0.196s] Level 1:colcon.colcon_core.package_identification:_identify(src) by extension 'cmake'
[0.196s] Level 1:colcon.colcon_core.package_identification:_identify(src) by extension 'python'
[0.196s] Level 1:colcon.colcon_core.package_identification:_identify(src) by extensions ['python_setup_py']
[0.196s] Level 1:colcon.colcon_core.package_identification:_identify(src) by extension 'python_setup_py'
[0.196s] Level 1:colcon.colcon_core.package_identification:_identify(src/inter_package) by extensions ['ignore', 'ignore_ament_install']
[0.196s] Level 1:colcon.colcon_core.package_identification:_identify(src/inter_package) by extension 'ignore'
[0.196s] Level 1:colcon.colcon_core.package_identification:_identify(src/inter_package) by extension 'ignore_ament_install'
[0.196s] Level 1:colcon.colcon_core.package_identification:_identify(src/inter_package) by extensions ['colcon_pkg']
[0.196s] Level 1:colcon.colcon_core.package_identification:_identify(src/inter_package) by extension 'colcon_pkg'
[0.197s] Level 1:colcon.colcon_core.package_identification:_identify(src/inter_package) by extensions ['colcon_meta']
[0.197s] Level 1:colcon.colcon_core.package_identification:_identify(src/inter_package) by extension 'colcon_meta'
[0.197s] Level 1:colcon.colcon_core.package_identification:_identify(src/inter_package) by extensions ['ros']
[0.197s] Level 1:colcon.colcon_core.package_identification:_identify(src/inter_package) by extension 'ros'
[0.199s] DEBUG:colcon.colcon_core.package_identification:Package 'src/inter_package' with type 'ros.ament_python' and name 'inter_package'
[0.199s] Level 1:colcon.colcon_core.package_identification:_identify(src/interfaces) by extensions ['ignore', 'ignore_ament_install']
[0.199s] Level 1:colcon.colcon_core.package_identification:_identify(src/interfaces) by extension 'ignore'
[0.199s] Level 1:colcon.colcon_core.package_identification:_identify(src/interfaces) by extension 'ignore_ament_install'
[0.200s] Level 1:colcon.colcon_core.package_identification:_identify(src/interfaces) by extensions ['colcon_pkg']
[0.200s] Level 1:colcon.colcon_core.package_identification:_identify(src/interfaces) by extension 'colcon_pkg'
[0.200s] Level 1:colcon.colcon_core.package_identification:_identify(src/interfaces) by extensions ['colcon_meta']
[0.200s] Level 1:colcon.colcon_core.package_identification:_identify(src/interfaces) by extension 'colcon_meta'
[0.200s] Level 1:colcon.colcon_core.package_identification:_identify(src/interfaces) by extensions ['ros']
[0.200s] Level 1:colcon.colcon_core.package_identification:_identify(src/interfaces) by extension 'ros'
[0.200s] DEBUG:colcon.colcon_core.package_identification:Package 'src/interfaces' with type 'ros.ament_cmake' and name 'interfaces'
[0.201s] Level 1:colcon.colcon_core.package_identification:_identify(src/monitor) by extensions ['ignore', 'ignore_ament_install']
[0.201s] Level 1:colcon.colcon_core.package_identification:_identify(src/monitor) by extension 'ignore'
[0.201s] Level 1:colcon.colcon_core.package_identification:_identify(src/monitor) by extension 'ignore_ament_install'
[0.201s] Level 1:colcon.colcon_core.package_identification:_identify(src/monitor) by extensions ['colcon_pkg']
[0.201s] Level 1:colcon.colcon_core.package_identification:_identify(src/monitor) by extension 'colcon_pkg'
[0.201s] Level 1:colcon.colcon_core.package_identification:_identify(src/monitor) by extensions ['colcon_meta']
[0.201s] Level 1:colcon.colcon_core.package_identification:_identify(src/monitor) by extension 'colcon_meta'
[0.201s] Level 1:colcon.colcon_core.package_identification:_identify(src/monitor) by extensions ['ros']
[0.201s] Level 1:colcon.colcon_core.package_identification:_identify(src/monitor) by extension 'ros'
[0.202s] DEBUG:colcon.colcon_core.package_identification:Package 'src/monitor' with type 'ros.ament_python' and name 'monitor'
[0.202s] Level 1:colcon.colcon_core.package_identification:_identify(src/rosmonitoring_interfaces) by extensions ['ignore', 'ignore_ament_install']
[0.202s] Level 1:colcon.colcon_core.package_identification:_identify(src/rosmonitoring_interfaces) by extension 'ignore'
[0.202s] Level 1:colcon.colcon_core.package_identification:_identify(src/rosmonitoring_interfaces) by extension 'ignore_ament_install'
[0.202s] Level 1:colcon.colcon_core.package_identification:_identify(src/rosmonitoring_interfaces) by extensions ['colcon_pkg']
[0.202s] Level 1:colcon.colcon_core.package_identification:_identify(src/rosmonitoring_interfaces) by extension 'colcon_pkg'
[0.203s] Level 1:colcon.colcon_core.package_identification:_identify(src/rosmonitoring_interfaces) by extensions ['colcon_meta']
[0.203s] Level 1:colcon.colcon_core.package_identification:_identify(src/rosmonitoring_interfaces) by extension 'colcon_meta'
[0.203s] Level 1:colcon.colcon_core.package_identification:_identify(src/rosmonitoring_interfaces) by extensions ['ros']
[0.203s] Level 1:colcon.colcon_core.package_identification:_identify(src/rosmonitoring_interfaces) by extension 'ros'
[0.203s] DEBUG:colcon.colcon_core.package_identification:Package 'src/rosmonitoring_interfaces' with type 'ros.ament_cmake' and name 'rosmonitoring_interfaces'
[0.203s] Level 1:colcon.colcon_core.package_discovery:discover_packages(recursive) using defaults
[0.203s] Level 1:colcon.colcon_core.package_discovery:discover_packages(ignore) discover
[0.204s] Level 1:colcon.colcon_core.package_discovery:discover_packages(ignore) using defaults
[0.204s] Level 1:colcon.colcon_core.package_discovery:discover_packages(path) discover
[0.204s] Level 1:colcon.colcon_core.package_discovery:discover_packages(path) using defaults
[0.223s] Level 1:colcon.colcon_core.package_discovery:discover_packages(prefix_path) check parameters
[0.223s] Level 1:colcon.colcon_core.package_discovery:discover_packages(prefix_path) discover
[0.224s] DEBUG:colcon.colcon_installed_package_information.package_discovery:Found 4 installed packages in /home/david/esha_ws/install
[0.227s] DEBUG:colcon.colcon_installed_package_information.package_discovery:Found 508 installed packages in /opt/ros/jazzy
[0.229s] Level 1:colcon.colcon_core.package_discovery:discover_packages(prefix_path) using defaults
[0.303s] Level 5:colcon.colcon_core.verb:set package 'inter_package' build argument 'cmake_args' from command line to 'None'
[0.304s] Level 5:colcon.colcon_core.verb:set package 'inter_package' build argument 'cmake_target' from command line to 'None'
[0.304s] Level 5:colcon.colcon_core.verb:set package 'inter_package' build argument 'cmake_target_skip_unavailable' from command line to 'False'
[0.304s] Level 5:colcon.colcon_core.verb:set package 'inter_package' build argument 'cmake_clean_cache' from command line to 'False'
[0.304s] Level 5:colcon.colcon_core.verb:set package 'inter_package' build argument 'cmake_clean_first' from command line to 'False'
[0.304s] Level 5:colcon.colcon_core.verb:set package 'inter_package' build argument 'cmake_force_configure' from command line to 'False'
[0.304s] Level 5:colcon.colcon_core.verb:set package 'inter_package' build argument 'ament_cmake_args' from command line to 'None'
[0.304s] Level 5:colcon.colcon_core.verb:set package 'inter_package' build argument 'catkin_cmake_args' from command line to 'None'
[0.304s] Level 5:colcon.colcon_core.verb:set package 'inter_package' build argument 'catkin_skip_building_tests' from command line to 'False'
[0.304s] DEBUG:colcon.colcon_core.verb:Building package 'inter_package' with the following arguments: {'ament_cmake_args': None, 'build_base': '/home/david/esha_ws/build/inter_package', 'catkin_cmake_args': None, 'catkin_skip_building_tests': False, 'cmake_args': None, 'cmake_clean_cache': False, 'cmake_clean_first': False, 'cmake_force_configure': False, 'cmake_target': None, 'cmake_target_skip_unavailable': False, 'install_base': '/home/david/esha_ws/install/inter_package', 'merge_install': False, 'path': '/home/david/esha_ws/src/inter_package', 'symlink_install': False, 'test_result_base': None}
[0.304s] Level 5:colcon.colcon_core.verb:set package 'interfaces' build argument 'cmake_args' from command line to 'None'
[0.304s] Level 5:colcon.colcon_core.verb:set package 'interfaces' build argument 'cmake_target' from command line to 'None'
[0.304s] Level 5:colcon.colcon_core.verb:set package 'interfaces' build argument 'cmake_target_skip_unavailable' from command line to 'False'
[0.304s] Level 5:colcon.colcon_core.verb:set package 'interfaces' build argument 'cmake_clean_cache' from command line to 'False'
[0.305s] Level 5:colcon.colcon_core.verb:set package 'interfaces' build argument 'cmake_clean_first' from command line to 'False'
[0.305s] Level 5:colcon.colcon_core.verb:set package 'interfaces' build argument 'cmake_force_configure' from command line to 'False'
[0.305s] Level 5:colcon.colcon_core.verb:set package 'interfaces' build argument 'ament_cmake_args' from command line to 'None'
[0.305s] Level 5:colcon.colcon_core.verb:set package 'interfaces' build argument 'catkin_cmake_args' from command line to 'None'
[0.305s] Level 5:colcon.colcon_core.verb:set package 'interfaces' build argument 'catkin_skip_building_tests' from command line to 'False'
[0.305s] DEBUG:colcon.colcon_core.verb:Building package 'interfaces' with the following arguments: {'ament_cmake_args': None, 'build_base': '/home/david/esha_ws/build/interfaces', 'catkin_cmake_args': None, 'catkin_skip_building_tests': False, 'cmake_args': None, 'cmake_clean_cache': False, 'cmake_clean_first': False, 'cmake_force_configure': False, 'cmake_target': None, 'cmake_target_skip_unavailable': False, 'install_base': '/home/david/esha_ws/install/interfaces', 'merge_install': False, 'path': '/home/david/esha_ws/src/interfaces', 'symlink_install': False, 'test_result_base': None}
[0.305s] Level 5:colcon.colcon_core.verb:set package 'rosmonitoring_interfaces' build argument 'cmake_args' from command line to 'None'
[0.305s] Level 5:colcon.colcon_core.verb:set package 'rosmonitoring_interfaces' build argument 'cmake_target' from command line to 'None'
[0.305s] Level 5:colcon.colcon_core.verb:set package 'rosmonitoring_interfaces' build argument 'cmake_target_skip_unavailable' from command line to 'False'
[0.305s] Level 5:colcon.colcon_core.verb:set package 'rosmonitoring_interfaces' build argument 'cmake_clean_cache' from command line to 'False'
[0.305s] Level 5:colcon.colcon_core.verb:set package 'rosmonitoring_interfaces' build argument 'cmake_clean_first' from command line to 'False'
[0.305s] Level 5:colcon.colcon_core.verb:set package 'rosmonitoring_interfaces' build argument 'cmake_force_configure' from command line to 'False'
[0.305s] Level 5:colcon.colcon_core.verb:set package 'rosmonitoring_interfaces' build argument 'ament_cmake_args' from command line to 'None'
[0.305s] Level 5:colcon.colcon_core.verb:set package 'rosmonitoring_interfaces' build argument 'catkin_cmake_args' from command line to 'None'
[0.305s] Level 5:colcon.colcon_core.verb:set package 'rosmonitoring_interfaces' build argument 'catkin_skip_building_tests' from command line to 'False'
[0.305s] DEBUG:colcon.colcon_core.verb:Building package 'rosmonitoring_interfaces' with the following arguments: {'ament_cmake_args': None, 'build_base': '/home/david/esha_ws/build/rosmonitoring_interfaces', 'catkin_cmake_args': None, 'catkin_skip_building_tests': False, 'cmake_args': None, 'cmake_clean_cache': False, 'cmake_clean_first': False, 'cmake_force_configure': False, 'cmake_target': None, 'cmake_target_skip_unavailable': False, 'install_base': '/home/david/esha_ws/install/rosmonitoring_interfaces', 'merge_install': False, 'path': '/home/david/esha_ws/src/rosmonitoring_interfaces', 'symlink_install': False, 'test_result_base': None}
[0.306s] Level 5:colcon.colcon_core.verb:set package 'monitor' build argument 'cmake_args' from command line to 'None'
[0.306s] Level 5:colcon.colcon_core.verb:set package 'monitor' build argument 'cmake_target' from command line to 'None'
[0.306s] Level 5:colcon.colcon_core.verb:set package 'monitor' build argument 'cmake_target_skip_unavailable' from command line to 'False'
[0.306s] Level 5:colcon.colcon_core.verb:set package 'monitor' build argument 'cmake_clean_cache' from command line to 'False'
[0.306s] Level 5:colcon.colcon_core.verb:set package 'monitor' build argument 'cmake_clean_first' from command line to 'False'
[0.306s] Level 5:colcon.colcon_core.verb:set package 'monitor' build argument 'cmake_force_configure' from command line to 'False'
[0.306s] Level 5:colcon.colcon_core.verb:set package 'monitor' build argument 'ament_cmake_args' from command line to 'None'
[0.306s] Level 5:colcon.colcon_core.verb:set package 'monitor' build argument 'catkin_cmake_args' from command line to 'None'
[0.306s] Level 5:colcon.colcon_core.verb:set package 'monitor' build argument 'catkin_skip_building_tests' from command line to 'False'
[0.306s] DEBUG:colcon.colcon_core.verb:Building package 'monitor' with the following arguments: {'ament_cmake_args': None, 'build_base': '/home/david/esha_ws/build/monitor', 'catkin_cmake_args': None, 'catkin_skip_building_tests': False, 'cmake_args': None, 'cmake_clean_cache': False, 'cmake_clean_first': False, 'cmake_force_configure': False, 'cmake_target': None, 'cmake_target_skip_unavailable': False, 'install_base': '/home/david/esha_ws/install/monitor', 'merge_install': False, 'path': '/home/david/esha_ws/src/monitor', 'symlink_install': False, 'test_result_base': None}
[0.306s] INFO:colcon.colcon_core.executor:Executing jobs using 'parallel' executor
[0.307s] DEBUG:colcon.colcon_parallel_executor.executor.parallel:run_until_complete
[0.308s] INFO:colcon.colcon_ros.task.ament_cmake.build:Building ROS package in '/home/david/esha_ws/src/interfaces' with build type 'ament_cmake'
[0.308s] INFO:colcon.colcon_cmake.task.cmake.build:Building CMake package in '/home/david/esha_ws/src/interfaces'
[0.310s] INFO:colcon.colcon_core.plugin_system:Skipping extension 'colcon_core.shell.bat': Not used on non-Windows systems
[0.310s] INFO:colcon.colcon_core.shell:Skip shell extension 'powershell' for command environment: Not usable outside of PowerShell
[0.310s] DEBUG:colcon.colcon_core.shell:Skip shell extension 'dsv' for command environment
[0.316s] INFO:colcon.colcon_ros.task.ament_cmake.build:Building ROS package in '/home/david/esha_ws/src/rosmonitoring_interfaces' with build type 'ament_cmake'
[0.316s] INFO:colcon.colcon_cmake.task.cmake.build:Building CMake package in '/home/david/esha_ws/src/rosmonitoring_interfaces'
[0.316s] INFO:colcon.colcon_core.shell:Skip shell extension 'powershell' for command environment: Not usable outside of PowerShell
[0.316s] DEBUG:colcon.colcon_core.shell:Skip shell extension 'dsv' for command environment
[0.324s] INFO:colcon.colcon_ros.task.ament_python.build:Building ROS package in '/home/david/esha_ws/src/inter_package' with build type 'ament_python'
[0.324s] Level 1:colcon.colcon_core.shell:create_environment_hook('inter_package', 'ament_prefix_path')
[0.324s] INFO:colcon.colcon_core.shell:Creating environment hook '/home/david/esha_ws/install/inter_package/share/inter_package/hook/ament_prefix_path.ps1'
[0.325s] INFO:colcon.colcon_core.shell:Creating environment descriptor '/home/david/esha_ws/install/inter_package/share/inter_package/hook/ament_prefix_path.dsv'
[0.326s] INFO:colcon.colcon_core.shell:Creating environment hook '/home/david/esha_ws/install/inter_package/share/inter_package/hook/ament_prefix_path.sh'
[0.327s] INFO:colcon.colcon_core.shell:Skip shell extension 'powershell' for command environment: Not usable outside of PowerShell
[0.327s] DEBUG:colcon.colcon_core.shell:Skip shell extension 'dsv' for command environment
[0.363s] DEBUG:colcon.colcon_core.event_handler.log_command:Invoking command in '/home/david/esha_ws/build/interfaces': CMAKE_PREFIX_PATH=${CMAKE_PREFIX_PATH}:/opt/ros/jazzy DEBUGINFOD_URLS=https://debuginfod.ubuntu.com /usr/bin/cmake --build /home/david/esha_ws/build/interfaces -- -j8 -l8
[0.367s] DEBUG:colcon.colcon_core.event_handler.log_command:Invoking command in '/home/david/esha_ws/build/rosmonitoring_interfaces': CMAKE_PREFIX_PATH=${CMAKE_PREFIX_PATH}:/opt/ros/jazzy DEBUGINFOD_URLS=https://debuginfod.ubuntu.com /usr/bin/cmake --build /home/david/esha_ws/build/rosmonitoring_interfaces -- -j8 -l8
[0.956s] INFO:colcon.colcon_core.task.python.build:Building Python package in '/home/david/esha_ws/src/inter_package'
[0.957s] INFO:colcon.colcon_core.shell:Skip shell extension 'powershell' for command environment: Not usable outside of PowerShell
[0.957s] DEBUG:colcon.colcon_core.shell:Skip shell extension 'dsv' for command environment
[1.233s] DEBUG:colcon.colcon_core.event_handler.log_command:Invoked command in '/home/david/esha_ws/build/interfaces' returned '0': CMAKE_PREFIX_PATH=${CMAKE_PREFIX_PATH}:/opt/ros/jazzy DEBUGINFOD_URLS=https://debuginfod.ubuntu.com /usr/bin/cmake --build /home/david/esha_ws/build/interfaces -- -j8 -l8
[1.256s] DEBUG:colcon.colcon_core.event_handler.log_command:Invoking command in '/home/david/esha_ws/build/interfaces': CMAKE_PREFIX_PATH=${CMAKE_PREFIX_PATH}:/opt/ros/jazzy DEBUGINFOD_URLS=https://debuginfod.ubuntu.com /usr/bin/cmake --install /home/david/esha_ws/build/interfaces
[1.290s] DEBUG:colcon.colcon_core.event_handler.log_command:Invoked command in '/home/david/esha_ws/build/rosmonitoring_interfaces' returned '0': CMAKE_PREFIX_PATH=${CMAKE_PREFIX_PATH}:/opt/ros/jazzy DEBUGINFOD_URLS=https://debuginfod.ubuntu.com /usr/bin/cmake --build /home/david/esha_ws/build/rosmonitoring_interfaces -- -j8 -l8
[1.291s] DEBUG:colcon.colcon_core.event_handler.log_command:Invoking command in '/home/david/esha_ws/build/rosmonitoring_interfaces': CMAKE_PREFIX_PATH=${CMAKE_PREFIX_PATH}:/opt/ros/jazzy DEBUGINFOD_URLS=https://debuginfod.ubuntu.com /usr/bin/cmake --install /home/david/esha_ws/build/rosmonitoring_interfaces
[1.367s] Level 1:colcon.colcon_core.environment:create_environment_scripts_only(interfaces)
[1.369s] DEBUG:colcon.colcon_core.event_handler.log_command:Invoked command in '/home/david/esha_ws/build/interfaces' returned '0': CMAKE_PREFIX_PATH=${CMAKE_PREFIX_PATH}:/opt/ros/jazzy DEBUGINFOD_URLS=https://debuginfod.ubuntu.com /usr/bin/cmake --install /home/david/esha_ws/build/interfaces
[1.376s] Level 1:colcon.colcon_core.environment:checking '/home/david/esha_ws/install/interfaces' for CMake module files
[1.380s] Level 1:colcon.colcon_core.environment:checking '/home/david/esha_ws/install/interfaces' for CMake config files
[1.381s] Level 1:colcon.colcon_core.shell:create_environment_hook('interfaces', 'cmake_prefix_path')
[1.381s] INFO:colcon.colcon_core.shell:Creating environment hook '/home/david/esha_ws/install/interfaces/share/interfaces/hook/cmake_prefix_path.ps1'
[1.382s] INFO:colcon.colcon_core.shell:Creating environment descriptor '/home/david/esha_ws/install/interfaces/share/interfaces/hook/cmake_prefix_path.dsv'
[1.382s] INFO:colcon.colcon_core.shell:Creating environment hook '/home/david/esha_ws/install/interfaces/share/interfaces/hook/cmake_prefix_path.sh'
[1.383s] Level 1:colcon.colcon_core.environment:checking '/home/david/esha_ws/install/interfaces/lib'
[1.384s] Level 1:colcon.colcon_core.shell:create_environment_hook('interfaces', 'ld_library_path_lib')
[1.384s] INFO:colcon.colcon_core.shell:Creating environment hook '/home/david/esha_ws/install/interfaces/share/interfaces/hook/ld_library_path_lib.ps1'
[1.385s] INFO:colcon.colcon_core.shell:Creating environment descriptor '/home/david/esha_ws/install/interfaces/share/interfaces/hook/ld_library_path_lib.dsv'
[1.385s] INFO:colcon.colcon_core.shell:Creating environment hook '/home/david/esha_ws/install/interfaces/share/interfaces/hook/ld_library_path_lib.sh'
[1.386s] Level 1:colcon.colcon_core.environment:checking '/home/david/esha_ws/install/interfaces/bin'
[1.386s] Level 1:colcon.colcon_core.environment:checking '/home/david/esha_ws/install/interfaces/lib/pkgconfig/interfaces.pc'
[1.386s] Level 1:colcon.colcon_core.environment:checking '/home/david/esha_ws/install/interfaces/lib/python3.12/site-packages'
[1.387s] Level 1:colcon.colcon_core.shell:create_environment_hook('interfaces', 'pythonpath')
[1.387s] INFO:colcon.colcon_core.shell:Creating environment hook '/home/david/esha_ws/install/interfaces/share/interfaces/hook/pythonpath.ps1'
[1.387s] INFO:colcon.colcon_core.shell:Creating environment descriptor '/home/david/esha_ws/install/interfaces/share/interfaces/hook/pythonpath.dsv'
[1.388s] INFO:colcon.colcon_core.shell:Creating environment hook '/home/david/esha_ws/install/interfaces/share/interfaces/hook/pythonpath.sh'
[1.389s] Level 1:colcon.colcon_core.environment:checking '/home/david/esha_ws/install/interfaces/bin'
[1.389s] INFO:colcon.colcon_core.shell:Creating package script '/home/david/esha_ws/install/interfaces/share/interfaces/package.ps1'
[1.391s] INFO:colcon.colcon_core.shell:Creating package descriptor '/home/david/esha_ws/install/interfaces/share/interfaces/package.dsv'
[1.392s] INFO:colcon.colcon_core.shell:Creating package script '/home/david/esha_ws/install/interfaces/share/interfaces/package.sh'
[1.393s] INFO:colcon.colcon_core.shell:Creating package script '/home/david/esha_ws/install/interfaces/share/interfaces/package.bash'
[1.394s] INFO:colcon.colcon_core.shell:Creating package script '/home/david/esha_ws/install/interfaces/share/interfaces/package.zsh'
[1.395s] Level 1:colcon.colcon_core.environment:create_file_with_runtime_dependencies(/home/david/esha_ws/install/interfaces/share/colcon-core/packages/interfaces)
[1.396s] Level 1:colcon.colcon_core.environment:create_environment_scripts_only(interfaces)
[1.396s] Level 1:colcon.colcon_core.environment:checking '/home/david/esha_ws/install/interfaces' for CMake module files
[1.398s] Level 1:colcon.colcon_core.environment:checking '/home/david/esha_ws/install/interfaces' for CMake config files
[1.398s] Level 1:colcon.colcon_core.shell:create_environment_hook('interfaces', 'cmake_prefix_path')
[1.399s] INFO:colcon.colcon_core.shell:Creating environment hook '/home/david/esha_ws/install/interfaces/share/interfaces/hook/cmake_prefix_path.ps1'
[1.399s] INFO:colcon.colcon_core.shell:Creating environment descriptor '/home/david/esha_ws/install/interfaces/share/interfaces/hook/cmake_prefix_path.dsv'
[1.400s] INFO:colcon.colcon_core.shell:Creating environment hook '/home/david/esha_ws/install/interfaces/share/interfaces/hook/cmake_prefix_path.sh'
[1.401s] Level 1:colcon.colcon_core.environment:checking '/home/david/esha_ws/install/interfaces/lib'
[1.401s] Level 1:colcon.colcon_core.shell:create_environment_hook('interfaces', 'ld_library_path_lib')
[1.401s] INFO:colcon.colcon_core.shell:Creating environment hook '/home/david/esha_ws/install/interfaces/share/interfaces/hook/ld_library_path_lib.ps1'
[1.402s] INFO:colcon.colcon_core.shell:Creating environment descriptor '/home/david/esha_ws/install/interfaces/share/interfaces/hook/ld_library_path_lib.dsv'
[1.402s] INFO:colcon.colcon_core.shell:Creating environment hook '/home/david/esha_ws/install/interfaces/share/interfaces/hook/ld_library_path_lib.sh'
[1.403s] Level 1:colcon.colcon_core.environment:checking '/home/david/esha_ws/install/interfaces/bin'
[1.403s] Level 1:colcon.colcon_core.environment:checking '/home/david/esha_ws/install/interfaces/lib/pkgconfig/interfaces.pc'
[1.403s] Level 1:colcon.colcon_core.environment:checking '/home/david/esha_ws/install/interfaces/lib/python3.12/site-packages'
[1.404s] Level 1:colcon.colcon_core.shell:create_environment_hook('interfaces', 'pythonpath')
[1.404s] INFO:colcon.colcon_core.shell:Creating environment hook '/home/david/esha_ws/install/interfaces/share/interfaces/hook/pythonpath.ps1'
[1.404s] INFO:colcon.colcon_core.shell:Creating environment descriptor '/home/david/esha_ws/install/interfaces/share/interfaces/hook/pythonpath.dsv'
[1.405s] INFO:colcon.colcon_core.shell:Creating environment hook '/home/david/esha_ws/install/interfaces/share/interfaces/hook/pythonpath.sh'
[1.406s] Level 1:colcon.colcon_core.environment:checking '/home/david/esha_ws/install/interfaces/bin'
[1.406s] INFO:colcon.colcon_core.shell:Creating package script '/home/david/esha_ws/install/interfaces/share/interfaces/package.ps1'
[1.407s] INFO:colcon.colcon_core.shell:Creating package descriptor '/home/david/esha_ws/install/interfaces/share/interfaces/package.dsv'
[1.408s] INFO:colcon.colcon_core.shell:Creating package script '/home/david/esha_ws/install/interfaces/share/interfaces/package.sh'
[1.409s] INFO:colcon.colcon_core.shell:Creating package script '/home/david/esha_ws/install/interfaces/share/interfaces/package.bash'
[1.410s] INFO:colcon.colcon_core.shell:Creating package script '/home/david/esha_ws/install/interfaces/share/interfaces/package.zsh'
[1.410s] Level 1:colcon.colcon_core.environment:create_file_with_runtime_dependencies(/home/david/esha_ws/install/interfaces/share/colcon-core/packages/interfaces)
[1.412s] Level 1:colcon.colcon_core.environment:create_environment_scripts_only(rosmonitoring_interfaces)
[1.412s] Level 1:colcon.colcon_core.environment:checking '/home/david/esha_ws/install/rosmonitoring_interfaces' for CMake module files
[1.413s] DEBUG:colcon.colcon_core.event_handler.log_command:Invoked command in '/home/david/esha_ws/build/rosmonitoring_interfaces' returned '0': CMAKE_PREFIX_PATH=${CMAKE_PREFIX_PATH}:/opt/ros/jazzy DEBUGINFOD_URLS=https://debuginfod.ubuntu.com /usr/bin/cmake --install /home/david/esha_ws/build/rosmonitoring_interfaces
[1.414s] Level 1:colcon.colcon_core.environment:checking '/home/david/esha_ws/install/rosmonitoring_interfaces' for CMake config files
[1.415s] Level 1:colcon.colcon_core.shell:create_environment_hook('rosmonitoring_interfaces', 'cmake_prefix_path')
[1.415s] INFO:colcon.colcon_core.shell:Creating environment hook '/home/david/esha_ws/install/rosmonitoring_interfaces/share/rosmonitoring_interfaces/hook/cmake_prefix_path.ps1'
[1.416s] INFO:colcon.colcon_core.shell:Creating environment descriptor '/home/david/esha_ws/install/rosmonitoring_interfaces/share/rosmonitoring_interfaces/hook/cmake_prefix_path.dsv'
[1.416s] INFO:colcon.colcon_core.shell:Creating environment hook '/home/david/esha_ws/install/rosmonitoring_interfaces/share/rosmonitoring_interfaces/hook/cmake_prefix_path.sh'
[1.417s] Level 1:colcon.colcon_core.environment:checking '/home/david/esha_ws/install/rosmonitoring_interfaces/lib'
[1.417s] Level 1:colcon.colcon_core.shell:create_environment_hook('rosmonitoring_interfaces', 'ld_library_path_lib')
[1.418s] INFO:colcon.colcon_core.shell:Creating environment hook '/home/david/esha_ws/install/rosmonitoring_interfaces/share/rosmonitoring_interfaces/hook/ld_library_path_lib.ps1'
[1.418s] INFO:colcon.colcon_core.shell:Creating environment descriptor '/home/david/esha_ws/install/rosmonitoring_interfaces/share/rosmonitoring_interfaces/hook/ld_library_path_lib.dsv'
[1.419s] INFO:colcon.colcon_core.shell:Creating environment hook '/home/david/esha_ws/install/rosmonitoring_interfaces/share/rosmonitoring_interfaces/hook/ld_library_path_lib.sh'
[1.420s] Level 1:colcon.colcon_core.environment:checking '/home/david/esha_ws/install/rosmonitoring_interfaces/bin'
[1.420s] Level 1:colcon.colcon_core.environment:checking '/home/david/esha_ws/install/rosmonitoring_interfaces/lib/pkgconfig/rosmonitoring_interfaces.pc'
[1.420s] Level 1:colcon.colcon_core.environment:checking '/home/david/esha_ws/install/rosmonitoring_interfaces/lib/python3.12/site-packages'
[1.420s] Level 1:colcon.colcon_core.shell:create_environment_hook('rosmonitoring_interfaces', 'pythonpath')
[1.421s] INFO:colcon.colcon_core.shell:Creating environment hook '/home/david/esha_ws/install/rosmonitoring_interfaces/share/rosmonitoring_interfaces/hook/pythonpath.ps1'
[1.421s] INFO:colcon.colcon_core.shell:Creating environment descriptor '/home/david/esha_ws/install/rosmonitoring_interfaces/share/rosmonitoring_interfaces/hook/pythonpath.dsv'
[1.422s] INFO:colcon.colcon_core.shell:Creating environment hook '/home/david/esha_ws/install/rosmonitoring_interfaces/share/rosmonitoring_interfaces/hook/pythonpath.sh'
[1.423s] Level 1:colcon.colcon_core.environment:checking '/home/david/esha_ws/install/rosmonitoring_interfaces/bin'
[1.423s] INFO:colcon.colcon_core.shell:Creating package script '/home/david/esha_ws/install/rosmonitoring_interfaces/share/rosmonitoring_interfaces/package.ps1'
[1.424s] INFO:colcon.colcon_core.shell:Creating package descriptor '/home/david/esha_ws/install/rosmonitoring_interfaces/share/rosmonitoring_interfaces/package.dsv'
[1.425s] INFO:colcon.colcon_core.shell:Creating package script '/home/david/esha_ws/install/rosmonitoring_interfaces/share/rosmonitoring_interfaces/package.sh'
[1.426s] INFO:colcon.colcon_core.shell:Creating package script '/home/david/esha_ws/install/rosmonitoring_interfaces/share/rosmonitoring_interfaces/package.bash'
[1.426s] INFO:colcon.colcon_core.shell:Creating package script '/home/david/esha_ws/install/rosmonitoring_interfaces/share/rosmonitoring_interfaces/package.zsh'
[1.427s] Level 1:colcon.colcon_core.environment:create_file_with_runtime_dependencies(/home/david/esha_ws/install/rosmonitoring_interfaces/share/colcon-core/packages/rosmonitoring_interfaces)
[1.428s] Level 1:colcon.colcon_core.environment:create_environment_scripts_only(rosmonitoring_interfaces)
[1.428s] Level 1:colcon.colcon_core.environment:checking '/home/david/esha_ws/install/rosmonitoring_interfaces' for CMake module files
[1.429s] Level 1:colcon.colcon_core.environment:checking '/home/david/esha_ws/install/rosmonitoring_interfaces' for CMake config files
[1.430s] Level 1:colcon.colcon_core.shell:create_environment_hook('rosmonitoring_interfaces', 'cmake_prefix_path')
[1.430s] INFO:colcon.colcon_core.shell:Creating environment hook '/home/david/esha_ws/install/rosmonitoring_interfaces/share/rosmonitoring_interfaces/hook/cmake_prefix_path.ps1'
[1.431s] INFO:colcon.colcon_core.shell:Creating environment descriptor '/home/david/esha_ws/install/rosmonitoring_interfaces/share/rosmonitoring_interfaces/hook/cmake_prefix_path.dsv'
[1.431s] INFO:colcon.colcon_core.shell:Creating environment hook '/home/david/esha_ws/install/rosmonitoring_interfaces/share/rosmonitoring_interfaces/hook/cmake_prefix_path.sh'
[1.432s] Level 1:colcon.colcon_core.environment:checking '/home/david/esha_ws/install/rosmonitoring_interfaces/lib'
[1.432s] Level 1:colcon.colcon_core.shell:create_environment_hook('rosmonitoring_interfaces', 'ld_library_path_lib')
[1.433s] INFO:colcon.colcon_core.shell:Creating environment hook '/home/david/esha_ws/install/rosmonitoring_interfaces/share/rosmonitoring_interfaces/hook/ld_library_path_lib.ps1'
[1.433s] INFO:colcon.colcon_core.shell:Creating environment descriptor '/home/david/esha_ws/install/rosmonitoring_interfaces/share/rosmonitoring_interfaces/hook/ld_library_path_lib.dsv'
[1.434s] INFO:colcon.colcon_core.shell:Creating environment hook '/home/david/esha_ws/install/rosmonitoring_interfaces/share/rosmonitoring_interfaces/hook/ld_library_path_lib.sh'
[1.434s] Level 1:colcon.colcon_core.environment:checking '/home/david/esha_ws/install/rosmonitoring_interfaces/bin'
[1.434s] Level 1:colcon.colcon_core.environment:checking '/home/david/esha_ws/install/rosmonitoring_interfaces/lib/pkgconfig/rosmonitoring_interfaces.pc'
[1.435s] Level 1:colcon.colcon_core.environment:checking '/home/david/esha_ws/install/rosmonitoring_interfaces/lib/python3.12/site-packages'
[1.435s] Level 1:colcon.colcon_core.shell:create_environment_hook('rosmonitoring_interfaces', 'pythonpath')
[1.435s] INFO:colcon.colcon_core.shell:Creating environment hook '/home/david/esha_ws/install/rosmonitoring_interfaces/share/rosmonitoring_interfaces/hook/pythonpath.ps1'
[1.436s] INFO:colcon.colcon_core.shell:Creating environment descriptor '/home/david/esha_ws/install/rosmonitoring_interfaces/share/rosmonitoring_interfaces/hook/pythonpath.dsv'
[1.436s] INFO:colcon.colcon_core.shell:Creating environment hook '/home/david/esha_ws/install/rosmonitoring_interfaces/share/rosmonitoring_interfaces/hook/pythonpath.sh'
[1.437s] Level 1:colcon.colcon_core.environment:checking '/home/david/esha_ws/install/rosmonitoring_interfaces/bin'
[1.438s] INFO:colcon.colcon_core.shell:Creating package script '/home/david/esha_ws/install/rosmonitoring_interfaces/share/rosmonitoring_interfaces/package.ps1'
[1.439s] INFO:colcon.colcon_core.shell:Creating package descriptor '/home/david/esha_ws/install/rosmonitoring_interfaces/share/rosmonitoring_interfaces/package.dsv'
[1.440s] INFO:colcon.colcon_core.shell:Creating package script '/home/david/esha_ws/install/rosmonitoring_interfaces/share/rosmonitoring_interfaces/package.sh'
[1.441s] INFO:colcon.colcon_core.shell:Creating package script '/home/david/esha_ws/install/rosmonitoring_interfaces/share/rosmonitoring_interfaces/package.bash'
[1.441s] INFO:colcon.colcon_core.shell:Creating package script '/home/david/esha_ws/install/rosmonitoring_interfaces/share/rosmonitoring_interfaces/package.zsh'
[1.442s] Level 1:colcon.colcon_core.environment:create_file_with_runtime_dependencies(/home/david/esha_ws/install/rosmonitoring_interfaces/share/colcon-core/packages/rosmonitoring_interfaces)
[1.442s] INFO:colcon.colcon_ros.task.ament_python.build:Building ROS package in '/home/david/esha_ws/src/monitor' with build type 'ament_python'
[1.443s] Level 1:colcon.colcon_core.shell:create_environment_hook('monitor', 'ament_prefix_path')
[1.443s] INFO:colcon.colcon_core.shell:Creating environment hook '/home/david/esha_ws/install/monitor/share/monitor/hook/ament_prefix_path.ps1'
[1.444s] INFO:colcon.colcon_core.shell:Creating environment descriptor '/home/david/esha_ws/install/monitor/share/monitor/hook/ament_prefix_path.dsv'
[1.444s] INFO:colcon.colcon_core.shell:Creating environment hook '/home/david/esha_ws/install/monitor/share/monitor/hook/ament_prefix_path.sh'
[1.445s] INFO:colcon.colcon_core.shell:Skip shell extension 'powershell' for command environment: Not usable outside of PowerShell
[1.445s] DEBUG:colcon.colcon_core.shell:Skip shell extension 'dsv' for command environment
[1.918s] INFO:colcon.colcon_core.task.python.build:Building Python package in '/home/david/esha_ws/src/monitor'
[1.919s] INFO:colcon.colcon_core.shell:Skip shell extension 'powershell' for command environment: Not usable outside of PowerShell
[1.919s] DEBUG:colcon.colcon_core.shell:Skip shell extension 'dsv' for command environment
[2.105s] DEBUG:colcon.colcon_core.event_handler.log_command:Invoking command in '/home/david/esha_ws/src/inter_package': DEBUGINFOD_URLS=https://debuginfod.ubuntu.com PYTHONPATH=/home/david/esha_ws/build/inter_package/prefix_override:/usr/lib/python3/dist-packages/colcon_core/task/python/colcon_distutils_commands:/home/david/esha_ws/install/inter_package/lib/python3.12/site-packages:${PYTHONPATH} /usr/bin/python3 -W ignore:setup.py install is deprecated -W ignore:easy_install command is deprecated setup.py egg_info --egg-base ../../build/inter_package build --build-base /home/david/esha_ws/build/inter_package/build install --record /home/david/esha_ws/build/inter_package/install.log --single-version-externally-managed install_data
[2.881s] DEBUG:colcon.colcon_core.event_handler.log_command:Invoking command in '/home/david/esha_ws/src/monitor': AMENT_PREFIX_PATH=/home/david/esha_ws/install/rosmonitoring_interfaces:/home/david/esha_ws/install/interfaces:${AMENT_PREFIX_PATH} CMAKE_PREFIX_PATH=/home/david/esha_ws/install/rosmonitoring_interfaces:/home/david/esha_ws/install/interfaces:${CMAKE_PREFIX_PATH} DEBUGINFOD_URLS=https://debuginfod.ubuntu.com LD_LIBRARY_PATH=/home/david/esha_ws/install/rosmonitoring_interfaces/lib:/home/david/esha_ws/install/interfaces/lib:${LD_LIBRARY_PATH} PYTHONPATH=/home/david/esha_ws/build/monitor/prefix_override:/usr/lib/python3/dist-packages/colcon_core/task/python/colcon_distutils_commands:/home/david/esha_ws/install/monitor/lib/python3.12/site-packages:/home/david/esha_ws/install/rosmonitoring_interfaces/lib/python3.12/site-packages:/home/david/esha_ws/install/interfaces/lib/python3.12/site-packages:${PYTHONPATH} /usr/bin/python3 -W ignore:setup.py install is deprecated -W ignore:easy_install command is deprecated setup.py egg_info --egg-base ../../build/monitor build --build-base /home/david/esha_ws/build/monitor/build install --record /home/david/esha_ws/build/monitor/install.log --single-version-externally-managed install_data
[2.968s] Level 1:colcon.colcon_core.environment:checking '/home/david/esha_ws/install/inter_package' for CMake module files
[2.969s] DEBUG:colcon.colcon_core.event_handler.log_command:Invoked command in '/home/david/esha_ws/src/inter_package' returned '0': DEBUGINFOD_URLS=https://debuginfod.ubuntu.com PYTHONPATH=/home/david/esha_ws/build/inter_package/prefix_override:/usr/lib/python3/dist-packages/colcon_core/task/python/colcon_distutils_commands:/home/david/esha_ws/install/inter_package/lib/python3.12/site-packages:${PYTHONPATH} /usr/bin/python3 -W ignore:setup.py install is deprecated -W ignore:easy_install command is deprecated setup.py egg_info --egg-base ../../build/inter_package build --build-base /home/david/esha_ws/build/inter_package/build install --record /home/david/esha_ws/build/inter_package/install.log --single-version-externally-managed install_data
[2.970s] Level 1:colcon.colcon_core.environment:checking '/home/david/esha_ws/install/inter_package' for CMake config files
[2.970s] Level 1:colcon.colcon_core.environment:checking '/home/david/esha_ws/install/inter_package/lib'
[2.970s] Level 1:colcon.colcon_core.environment:checking '/home/david/esha_ws/install/inter_package/bin'
[2.970s] Level 1:colcon.colcon_core.environment:checking '/home/david/esha_ws/install/inter_package/lib/pkgconfig/inter_package.pc'
[2.971s] Level 1:colcon.colcon_core.environment:checking '/home/david/esha_ws/install/inter_package/lib/python3.12/site-packages'
[2.971s] Level 1:colcon.colcon_core.shell:create_environment_hook('inter_package', 'pythonpath')
[2.971s] INFO:colcon.colcon_core.shell:Creating environment hook '/home/david/esha_ws/install/inter_package/share/inter_package/hook/pythonpath.ps1'
[2.972s] INFO:colcon.colcon_core.shell:Creating environment descriptor '/home/david/esha_ws/install/inter_package/share/inter_package/hook/pythonpath.dsv'
[2.972s] INFO:colcon.colcon_core.shell:Creating environment hook '/home/david/esha_ws/install/inter_package/share/inter_package/hook/pythonpath.sh'
[2.973s] Level 1:colcon.colcon_core.environment:checking '/home/david/esha_ws/install/inter_package/bin'
[2.973s] Level 1:colcon.colcon_core.environment:create_environment_scripts_only(inter_package)
[2.973s] INFO:colcon.colcon_core.shell:Creating package script '/home/david/esha_ws/install/inter_package/share/inter_package/package.ps1'
[2.974s] INFO:colcon.colcon_core.shell:Creating package descriptor '/home/david/esha_ws/install/inter_package/share/inter_package/package.dsv'
[2.974s] INFO:colcon.colcon_core.shell:Creating package script '/home/david/esha_ws/install/inter_package/share/inter_package/package.sh'
[2.975s] INFO:colcon.colcon_core.shell:Creating package script '/home/david/esha_ws/install/inter_package/share/inter_package/package.bash'
[2.975s] INFO:colcon.colcon_core.shell:Creating package script '/home/david/esha_ws/install/inter_package/share/inter_package/package.zsh'
[2.976s] Level 1:colcon.colcon_core.environment:create_file_with_runtime_dependencies(/home/david/esha_ws/install/inter_package/share/colcon-core/packages/inter_package)
[3.727s] Level 1:colcon.colcon_core.environment:checking '/home/david/esha_ws/install/monitor' for CMake module files
[3.728s] Level 1:colcon.colcon_core.environment:checking '/home/david/esha_ws/install/monitor' for CMake config files
[3.729s] DEBUG:colcon.colcon_core.event_handler.log_command:Invoked command in '/home/david/esha_ws/src/monitor' returned '0': AMENT_PREFIX_PATH=/home/david/esha_ws/install/rosmonitoring_interfaces:/home/david/esha_ws/install/interfaces:${AMENT_PREFIX_PATH} CMAKE_PREFIX_PATH=/home/david/esha_ws/install/rosmonitoring_interfaces:/home/david/esha_ws/install/interfaces:${CMAKE_PREFIX_PATH} DEBUGINFOD_URLS=https://debuginfod.ubuntu.com LD_LIBRARY_PATH=/home/david/esha_ws/install/rosmonitoring_interfaces/lib:/home/david/esha_ws/install/interfaces/lib:${LD_LIBRARY_PATH} PYTHONPATH=/home/david/esha_ws/build/monitor/prefix_override:/usr/lib/python3/dist-packages/colcon_core/task/python/colcon_distutils_commands:/home/david/esha_ws/install/monitor/lib/python3.12/site-packages:/home/david/esha_ws/install/rosmonitoring_interfaces/lib/python3.12/site-packages:/home/david/esha_ws/install/interfaces/lib/python3.12/site-packages:${PYTHONPATH} /usr/bin/python3 -W ignore:setup.py install is deprecated -W ignore:easy_install command is deprecated setup.py egg_info --egg-base ../../build/monitor build --build-base /home/david/esha_ws/build/monitor/build install --record /home/david/esha_ws/build/monitor/install.log --single-version-externally-managed install_data
[3.729s] Level 1:colcon.colcon_core.environment:checking '/home/david/esha_ws/install/monitor/lib'
[3.730s] Level 1:colcon.colcon_core.environment:checking '/home/david/esha_ws/install/monitor/bin'
[3.730s] Level 1:colcon.colcon_core.environment:checking '/home/david/esha_ws/install/monitor/lib/pkgconfig/monitor.pc'
[3.730s] Level 1:colcon.colcon_core.environment:checking '/home/david/esha_ws/install/monitor/lib/python3.12/site-packages'
[3.730s] Level 1:colcon.colcon_core.shell:create_environment_hook('monitor', 'pythonpath')
[3.731s] INFO:colcon.colcon_core.shell:Creating environment hook '/home/david/esha_ws/install/monitor/share/monitor/hook/pythonpath.ps1'
[3.731s] INFO:colcon.colcon_core.shell:Creating environment descriptor '/home/david/esha_ws/install/monitor/share/monitor/hook/pythonpath.dsv'
[3.732s] INFO:colcon.colcon_core.shell:Creating environment hook '/home/david/esha_ws/install/monitor/share/monitor/hook/pythonpath.sh'
[3.733s] Level 1:colcon.colcon_core.environment:checking '/home/david/esha_ws/install/monitor/bin'
[3.733s] Level 1:colcon.colcon_core.environment:create_environment_scripts_only(monitor)
[3.733s] INFO:colcon.colcon_core.shell:Creating package script '/home/david/esha_ws/install/monitor/share/monitor/package.ps1'
[3.734s] INFO:colcon.colcon_core.shell:Creating package descriptor '/home/david/esha_ws/install/monitor/share/monitor/package.dsv'
[3.734s] INFO:colcon.colcon_core.shell:Creating package script '/home/david/esha_ws/install/monitor/share/monitor/package.sh'
[3.735s] INFO:colcon.colcon_core.shell:Creating package script '/home/david/esha_ws/install/monitor/share/monitor/package.bash'
[3.735s] INFO:colcon.colcon_core.shell:Creating package script '/home/david/esha_ws/install/monitor/share/monitor/package.zsh'
[3.736s] Level 1:colcon.colcon_core.environment:create_file_with_runtime_dependencies(/home/david/esha_ws/install/monitor/share/colcon-core/packages/monitor)
[3.736s] DEBUG:colcon.colcon_parallel_executor.executor.parallel:closing loop
[3.736s] DEBUG:colcon.colcon_parallel_executor.executor.parallel:loop closed
[3.737s] DEBUG:colcon.colcon_parallel_executor.executor.parallel:run_until_complete finished with '0'
[3.737s] DEBUG:colcon.colcon_core.event_reactor:joining thread
[3.745s] INFO:colcon.colcon_core.plugin_system:Skipping extension 'colcon_notification.desktop_notification.terminal_notifier': Not used on non-Darwin systems
[3.745s] INFO:colcon.colcon_core.plugin_system:Skipping extension 'colcon_notification.desktop_notification.win32': Not used on non-Windows systems
[3.745s] INFO:colcon.colcon_notification.desktop_notification:Sending desktop notification using 'notify2'
[3.762s] DEBUG:colcon.colcon_core.event_reactor:joined thread
[3.762s] INFO:colcon.colcon_core.shell:Creating prefix script '/home/david/esha_ws/install/local_setup.ps1'
[3.764s] INFO:colcon.colcon_core.shell:Creating prefix util module '/home/david/esha_ws/install/_local_setup_util_ps1.py'
[3.766s] INFO:colcon.colcon_core.shell:Creating prefix chain script '/home/david/esha_ws/install/setup.ps1'
[3.767s] INFO:colcon.colcon_core.shell:Creating prefix script '/home/david/esha_ws/install/local_setup.sh'
[3.768s] INFO:colcon.colcon_core.shell:Creating prefix util module '/home/david/esha_ws/install/_local_setup_util_sh.py'
[3.769s] INFO:colcon.colcon_core.shell:Creating prefix chain script '/home/david/esha_ws/install/setup.sh'
[3.771s] INFO:colcon.colcon_core.shell:Creating prefix script '/home/david/esha_ws/install/local_setup.bash'
[3.771s] INFO:colcon.colcon_core.shell:Creating prefix chain script '/home/david/esha_ws/install/setup.bash'
[3.773s] INFO:colcon.colcon_core.shell:Creating prefix script '/home/david/esha_ws/install/local_setup.zsh'
[3.774s] INFO:colcon.colcon_core.shell:Creating prefix chain script '/home/david/esha_ws/install/setup.zsh'
