/home/david/esha_ws/install/inter_package/lib/python3.12/site-packages/inter_package/motor_current_node_talker.py
/home/david/esha_ws/install/inter_package/lib/python3.12/site-packages/inter_package/camera_node_talker.py
/home/david/esha_ws/install/inter_package/lib/python3.12/site-packages/inter_package/velocity_node_talker.py
/home/david/esha_ws/install/inter_package/lib/python3.12/site-packages/inter_package/imu_node_talker.py
/home/david/esha_ws/install/inter_package/lib/python3.12/site-packages/inter_package/temperature_node_talker.py
/home/david/esha_ws/install/inter_package/lib/python3.12/site-packages/inter_package/__init__.py
/home/david/esha_ws/install/inter_package/lib/python3.12/site-packages/inter_package/co_node_talker.py
/home/david/esha_ws/install/inter_package/lib/python3.12/site-packages/inter_package/arm_current_node_talker.py
/home/david/esha_ws/install/inter_package/lib/python3.12/site-packages/inter_package/ultrasonic_node_talker.py
/home/david/esha_ws/install/inter_package/lib/python3.12/site-packages/inter_package/__pycache__/motor_current_node_talker.cpython-312.pyc
/home/david/esha_ws/install/inter_package/lib/python3.12/site-packages/inter_package/__pycache__/camera_node_talker.cpython-312.pyc
/home/david/esha_ws/install/inter_package/lib/python3.12/site-packages/inter_package/__pycache__/velocity_node_talker.cpython-312.pyc
/home/david/esha_ws/install/inter_package/lib/python3.12/site-packages/inter_package/__pycache__/imu_node_talker.cpython-312.pyc
/home/david/esha_ws/install/inter_package/lib/python3.12/site-packages/inter_package/__pycache__/temperature_node_talker.cpython-312.pyc
/home/david/esha_ws/install/inter_package/lib/python3.12/site-packages/inter_package/__pycache__/__init__.cpython-312.pyc
/home/david/esha_ws/install/inter_package/lib/python3.12/site-packages/inter_package/__pycache__/co_node_talker.cpython-312.pyc
/home/david/esha_ws/install/inter_package/lib/python3.12/site-packages/inter_package/__pycache__/arm_current_node_talker.cpython-312.pyc
/home/david/esha_ws/install/inter_package/lib/python3.12/site-packages/inter_package/__pycache__/ultrasonic_node_talker.cpython-312.pyc
/home/david/esha_ws/install/inter_package/share/ament_index/resource_index/packages/inter_package
/home/david/esha_ws/install/inter_package/share/inter_package/package.xml
/home/david/esha_ws/install/inter_package/lib/python3.12/site-packages/inter_package-0.0.0-py3.12.egg-info/requires.txt
/home/david/esha_ws/install/inter_package/lib/python3.12/site-packages/inter_package-0.0.0-py3.12.egg-info/PKG-INFO
/home/david/esha_ws/install/inter_package/lib/python3.12/site-packages/inter_package-0.0.0-py3.12.egg-info/SOURCES.txt
/home/david/esha_ws/install/inter_package/lib/python3.12/site-packages/inter_package-0.0.0-py3.12.egg-info/top_level.txt
/home/david/esha_ws/install/inter_package/lib/python3.12/site-packages/inter_package-0.0.0-py3.12.egg-info/dependency_links.txt
/home/david/esha_ws/install/inter_package/lib/python3.12/site-packages/inter_package-0.0.0-py3.12.egg-info/zip-safe
/home/david/esha_ws/install/inter_package/lib/python3.12/site-packages/inter_package-0.0.0-py3.12.egg-info/entry_points.txt
/home/david/esha_ws/install/inter_package/lib/inter_package/arm_current_node
/home/david/esha_ws/install/inter_package/lib/inter_package/camera_node
/home/david/esha_ws/install/inter_package/lib/inter_package/co_node
/home/david/esha_ws/install/inter_package/lib/inter_package/imu_node
/home/david/esha_ws/install/inter_package/lib/inter_package/motor_current_node
/home/david/esha_ws/install/inter_package/lib/inter_package/temperature_node
/home/david/esha_ws/install/inter_package/lib/inter_package/ultrasonic_node
/home/david/esha_ws/install/inter_package/lib/inter_package/velocity_node
