[0.332s] Invoking command in '/home/david/esha_ws/build/rosmonitoring_interfaces': CMAKE_PREFIX_PATH=${CMAKE_PREFIX_PATH}:/opt/ros/jazzy DEBUGINFOD_URLS=https://debuginfod.ubuntu.com /usr/bin/cmake --build /home/david/esha_ws/build/rosmonitoring_interfaces -- -j8 -l8
[3.046s] [  2%] Built target rosmonitoring_interfaces__rosidl_generator_type_description
[3.667s] [  2%] Built target ament_cmake_python_copy_rosmonitoring_interfaces
[4.459s] [ 17%] Built target rosmonitoring_interfaces__rosidl_generator_c
[6.225s] running egg_info
[6.261s] writing rosmonitoring_interfaces.egg-info/PKG-INFO
[6.262s] writing dependency_links to rosmonitoring_interfaces.egg-info/dependency_links.txt
[6.262s] writing top-level names to rosmonitoring_interfaces.egg-info/top_level.txt
[6.352s] reading manifest file 'rosmonitoring_interfaces.egg-info/SOURCES.txt'
[6.367s] writing manifest file 'rosmonitoring_interfaces.egg-info/SOURCES.txt'
[6.405s] [ 17%] Built target ament_cmake_python_build_rosmonitoring_interfaces_egg
[6.757s] [ 26%] Built target rosmonitoring_interfaces__rosidl_typesupport_c
[6.978s] [ 35%] Built target rosmonitoring_interfaces__rosidl_typesupport_introspection_c
[7.262s] [ 44%] Built target rosmonitoring_interfaces__rosidl_typesupport_fastrtps_c
[7.348s] [ 47%] Built target rosmonitoring_interfaces__cpp
[7.530s] [ 55%] Built target rosmonitoring_interfaces__rosidl_typesupport_cpp
[8.426s] [ 64%] Built target rosmonitoring_interfaces__rosidl_typesupport_introspection_cpp
[9.473s] [ 73%] Built target rosmonitoring_interfaces__rosidl_typesupport_fastrtps_cpp
[9.660s] [ 73%] Built target rosmonitoring_interfaces
[9.934s] [ 76%] Built target rosmonitoring_interfaces__py
[10.137s] [ 82%] Built target rosmonitoring_interfaces__rosidl_generator_py
[10.412s] [ 88%] Built target rosmonitoring_interfaces_s__rosidl_typesupport_fastrtps_c
[10.505s] [ 94%] Built target rosmonitoring_interfaces_s__rosidl_typesupport_c
[10.822s] [100%] Built target rosmonitoring_interfaces_s__rosidl_typesupport_introspection_c
[10.838s] Invoked command in '/home/david/esha_ws/build/rosmonitoring_interfaces' returned '0': CMAKE_PREFIX_PATH=${CMAKE_PREFIX_PATH}:/opt/ros/jazzy DEBUGINFOD_URLS=https://debuginfod.ubuntu.com /usr/bin/cmake --build /home/david/esha_ws/build/rosmonitoring_interfaces -- -j8 -l8
[11.690s] Invoking command in '/home/david/esha_ws/build/rosmonitoring_interfaces': CMAKE_PREFIX_PATH=${CMAKE_PREFIX_PATH}:/opt/ros/jazzy DEBUGINFOD_URLS=https://debuginfod.ubuntu.com /usr/bin/cmake --install /home/david/esha_ws/build/rosmonitoring_interfaces
[11.758s] -- Install configuration: ""
[11.758s] -- Up-to-date: /home/david/esha_ws/install/rosmonitoring_interfaces/share/ament_index/resource_index/rosidl_interfaces/rosmonitoring_interfaces
[11.759s] -- Up-to-date: /home/david/esha_ws/install/rosmonitoring_interfaces/share/rosmonitoring_interfaces/msg/MonitorError.json
[11.759s] -- Up-to-date: /home/david/esha_ws/install/rosmonitoring_interfaces/include/rosmonitoring_interfaces/rosmonitoring_interfaces
[11.759s] -- Up-to-date: /home/david/esha_ws/install/rosmonitoring_interfaces/include/rosmonitoring_interfaces/rosmonitoring_interfaces/msg
[11.759s] -- Up-to-date: /home/david/esha_ws/install/rosmonitoring_interfaces/include/rosmonitoring_interfaces/rosmonitoring_interfaces/msg/detail
[11.759s] -- Up-to-date: /home/david/esha_ws/install/rosmonitoring_interfaces/include/rosmonitoring_interfaces/rosmonitoring_interfaces/msg/detail/monitor_error__type_support.c
[11.759s] -- Up-to-date: /home/david/esha_ws/install/rosmonitoring_interfaces/include/rosmonitoring_interfaces/rosmonitoring_interfaces/msg/detail/monitor_error__functions.h
[11.759s] -- Up-to-date: /home/david/esha_ws/install/rosmonitoring_interfaces/include/rosmonitoring_interfaces/rosmonitoring_interfaces/msg/detail/monitor_error__functions.c
[11.760s] -- Up-to-date: /home/david/esha_ws/install/rosmonitoring_interfaces/include/rosmonitoring_interfaces/rosmonitoring_interfaces/msg/detail/monitor_error__description.c
[11.760s] -- Up-to-date: /home/david/esha_ws/install/rosmonitoring_interfaces/include/rosmonitoring_interfaces/rosmonitoring_interfaces/msg/detail/monitor_error__type_support.h
[11.760s] -- Up-to-date: /home/david/esha_ws/install/rosmonitoring_interfaces/include/rosmonitoring_interfaces/rosmonitoring_interfaces/msg/detail/monitor_error__struct.h
[11.760s] -- Up-to-date: /home/david/esha_ws/install/rosmonitoring_interfaces/include/rosmonitoring_interfaces/rosmonitoring_interfaces/msg/monitor_error.h
[11.760s] -- Up-to-date: /home/david/esha_ws/install/rosmonitoring_interfaces/include/rosmonitoring_interfaces/rosmonitoring_interfaces/msg/rosidl_generator_c__visibility_control.h
[11.760s] -- Up-to-date: /home/david/esha_ws/install/rosmonitoring_interfaces/share/rosmonitoring_interfaces/environment/library_path.sh
[11.760s] -- Up-to-date: /home/david/esha_ws/install/rosmonitoring_interfaces/share/rosmonitoring_interfaces/environment/library_path.dsv
[11.793s] -- Up-to-date: /home/david/esha_ws/install/rosmonitoring_interfaces/lib/librosmonitoring_interfaces__rosidl_generator_c.so
[11.793s] -- Up-to-date: /home/david/esha_ws/install/rosmonitoring_interfaces/include/rosmonitoring_interfaces/rosmonitoring_interfaces
[11.793s] -- Up-to-date: /home/david/esha_ws/install/rosmonitoring_interfaces/include/rosmonitoring_interfaces/rosmonitoring_interfaces/msg
[11.793s] -- Up-to-date: /home/david/esha_ws/install/rosmonitoring_interfaces/include/rosmonitoring_interfaces/rosmonitoring_interfaces/msg/detail
[11.793s] -- Up-to-date: /home/david/esha_ws/install/rosmonitoring_interfaces/include/rosmonitoring_interfaces/rosmonitoring_interfaces/msg/detail/monitor_error__rosidl_typesupport_fastrtps_c.h
[11.793s] -- Up-to-date: /home/david/esha_ws/install/rosmonitoring_interfaces/include/rosmonitoring_interfaces/rosmonitoring_interfaces/msg/rosidl_typesupport_fastrtps_c__visibility_control.h
[12.026s] -- Up-to-date: /home/david/esha_ws/install/rosmonitoring_interfaces/lib/librosmonitoring_interfaces__rosidl_typesupport_fastrtps_c.so
[12.026s] -- Up-to-date: /home/david/esha_ws/install/rosmonitoring_interfaces/include/rosmonitoring_interfaces/rosmonitoring_interfaces
[12.026s] -- Up-to-date: /home/david/esha_ws/install/rosmonitoring_interfaces/include/rosmonitoring_interfaces/rosmonitoring_interfaces/msg
[12.027s] -- Up-to-date: /home/david/esha_ws/install/rosmonitoring_interfaces/include/rosmonitoring_interfaces/rosmonitoring_interfaces/msg/detail
[12.027s] -- Up-to-date: /home/david/esha_ws/install/rosmonitoring_interfaces/include/rosmonitoring_interfaces/rosmonitoring_interfaces/msg/detail/monitor_error__type_support.c
[12.027s] -- Up-to-date: /home/david/esha_ws/install/rosmonitoring_interfaces/include/rosmonitoring_interfaces/rosmonitoring_interfaces/msg/detail/monitor_error__rosidl_typesupport_introspection_c.h
[12.027s] -- Up-to-date: /home/david/esha_ws/install/rosmonitoring_interfaces/include/rosmonitoring_interfaces/rosmonitoring_interfaces/msg/rosidl_typesupport_introspection_c__visibility_control.h
[12.038s] -- Up-to-date: /home/david/esha_ws/install/rosmonitoring_interfaces/lib/librosmonitoring_interfaces__rosidl_typesupport_introspection_c.so
[12.039s] -- Up-to-date: /home/david/esha_ws/install/rosmonitoring_interfaces/lib/librosmonitoring_interfaces__rosidl_typesupport_c.so
[12.039s] -- Up-to-date: /home/david/esha_ws/install/rosmonitoring_interfaces/include/rosmonitoring_interfaces/rosmonitoring_interfaces
[12.039s] -- Up-to-date: /home/david/esha_ws/install/rosmonitoring_interfaces/include/rosmonitoring_interfaces/rosmonitoring_interfaces/msg
[12.039s] -- Up-to-date: /home/david/esha_ws/install/rosmonitoring_interfaces/include/rosmonitoring_interfaces/rosmonitoring_interfaces/msg/detail
[12.039s] -- Up-to-date: /home/david/esha_ws/install/rosmonitoring_interfaces/include/rosmonitoring_interfaces/rosmonitoring_interfaces/msg/detail/monitor_error__traits.hpp
[12.039s] -- Up-to-date: /home/david/esha_ws/install/rosmonitoring_interfaces/include/rosmonitoring_interfaces/rosmonitoring_interfaces/msg/detail/monitor_error__builder.hpp
[12.040s] -- Up-to-date: /home/david/esha_ws/install/rosmonitoring_interfaces/include/rosmonitoring_interfaces/rosmonitoring_interfaces/msg/detail/monitor_error__struct.hpp
[12.040s] -- Up-to-date: /home/david/esha_ws/install/rosmonitoring_interfaces/include/rosmonitoring_interfaces/rosmonitoring_interfaces/msg/detail/monitor_error__type_support.hpp
[12.040s] -- Up-to-date: /home/david/esha_ws/install/rosmonitoring_interfaces/include/rosmonitoring_interfaces/rosmonitoring_interfaces/msg/rosidl_generator_cpp__visibility_control.hpp
[12.040s] -- Up-to-date: /home/david/esha_ws/install/rosmonitoring_interfaces/include/rosmonitoring_interfaces/rosmonitoring_interfaces/msg/monitor_error.hpp
[12.040s] -- Up-to-date: /home/david/esha_ws/install/rosmonitoring_interfaces/include/rosmonitoring_interfaces/rosmonitoring_interfaces
[12.040s] -- Up-to-date: /home/david/esha_ws/install/rosmonitoring_interfaces/include/rosmonitoring_interfaces/rosmonitoring_interfaces/msg
[12.040s] -- Up-to-date: /home/david/esha_ws/install/rosmonitoring_interfaces/include/rosmonitoring_interfaces/rosmonitoring_interfaces/msg/detail
[12.040s] -- Up-to-date: /home/david/esha_ws/install/rosmonitoring_interfaces/include/rosmonitoring_interfaces/rosmonitoring_interfaces/msg/detail/monitor_error__rosidl_typesupport_fastrtps_cpp.hpp
[12.040s] -- Up-to-date: /home/david/esha_ws/install/rosmonitoring_interfaces/include/rosmonitoring_interfaces/rosmonitoring_interfaces/msg/detail/dds_fastrtps
[12.040s] -- Up-to-date: /home/david/esha_ws/install/rosmonitoring_interfaces/include/rosmonitoring_interfaces/rosmonitoring_interfaces/msg/rosidl_typesupport_fastrtps_cpp__visibility_control.h
[12.086s] -- Up-to-date: /home/david/esha_ws/install/rosmonitoring_interfaces/lib/librosmonitoring_interfaces__rosidl_typesupport_fastrtps_cpp.so
[12.087s] -- Up-to-date: /home/david/esha_ws/install/rosmonitoring_interfaces/include/rosmonitoring_interfaces/rosmonitoring_interfaces
[12.087s] -- Up-to-date: /home/david/esha_ws/install/rosmonitoring_interfaces/include/rosmonitoring_interfaces/rosmonitoring_interfaces/msg
[12.087s] -- Up-to-date: /home/david/esha_ws/install/rosmonitoring_interfaces/include/rosmonitoring_interfaces/rosmonitoring_interfaces/msg/detail
[12.088s] -- Up-to-date: /home/david/esha_ws/install/rosmonitoring_interfaces/include/rosmonitoring_interfaces/rosmonitoring_interfaces/msg/detail/monitor_error__type_support.cpp
[12.088s] -- Up-to-date: /home/david/esha_ws/install/rosmonitoring_interfaces/include/rosmonitoring_interfaces/rosmonitoring_interfaces/msg/detail/monitor_error__rosidl_typesupport_introspection_cpp.hpp
[12.108s] -- Up-to-date: /home/david/esha_ws/install/rosmonitoring_interfaces/lib/librosmonitoring_interfaces__rosidl_typesupport_introspection_cpp.so
[12.110s] -- Up-to-date: /home/david/esha_ws/install/rosmonitoring_interfaces/lib/librosmonitoring_interfaces__rosidl_typesupport_cpp.so
[12.111s] -- Up-to-date: /home/david/esha_ws/install/rosmonitoring_interfaces/share/rosmonitoring_interfaces/environment/pythonpath.sh
[12.111s] -- Up-to-date: /home/david/esha_ws/install/rosmonitoring_interfaces/share/rosmonitoring_interfaces/environment/pythonpath.dsv
[12.112s] -- Up-to-date: /home/david/esha_ws/install/rosmonitoring_interfaces/lib/python3.12/site-packages/rosmonitoring_interfaces-0.0.0-py3.12.egg-info
[12.113s] -- Installing: /home/david/esha_ws/install/rosmonitoring_interfaces/lib/python3.12/site-packages/rosmonitoring_interfaces-0.0.0-py3.12.egg-info/PKG-INFO
[12.113s] -- Installing: /home/david/esha_ws/install/rosmonitoring_interfaces/lib/python3.12/site-packages/rosmonitoring_interfaces-0.0.0-py3.12.egg-info/SOURCES.txt
[12.114s] -- Installing: /home/david/esha_ws/install/rosmonitoring_interfaces/lib/python3.12/site-packages/rosmonitoring_interfaces-0.0.0-py3.12.egg-info/top_level.txt
[12.114s] -- Installing: /home/david/esha_ws/install/rosmonitoring_interfaces/lib/python3.12/site-packages/rosmonitoring_interfaces-0.0.0-py3.12.egg-info/dependency_links.txt
[12.118s] -- Up-to-date: /home/david/esha_ws/install/rosmonitoring_interfaces/lib/python3.12/site-packages/rosmonitoring_interfaces
[12.119s] -- Up-to-date: /home/david/esha_ws/install/rosmonitoring_interfaces/lib/python3.12/site-packages/rosmonitoring_interfaces/rosmonitoring_interfaces_s__rosidl_typesupport_introspection_c.so
[12.119s] -- Up-to-date: /home/david/esha_ws/install/rosmonitoring_interfaces/lib/python3.12/site-packages/rosmonitoring_interfaces/msg
[12.119s] -- Up-to-date: /home/david/esha_ws/install/rosmonitoring_interfaces/lib/python3.12/site-packages/rosmonitoring_interfaces/msg/_monitor_error_s.c
[12.119s] -- Up-to-date: /home/david/esha_ws/install/rosmonitoring_interfaces/lib/python3.12/site-packages/rosmonitoring_interfaces/msg/__init__.py
[12.120s] -- Up-to-date: /home/david/esha_ws/install/rosmonitoring_interfaces/lib/python3.12/site-packages/rosmonitoring_interfaces/msg/_monitor_error.py
[12.120s] -- Up-to-date: /home/david/esha_ws/install/rosmonitoring_interfaces/lib/python3.12/site-packages/rosmonitoring_interfaces/_rosmonitoring_interfaces_s.ep.rosidl_typesupport_c.c
[12.120s] -- Up-to-date: /home/david/esha_ws/install/rosmonitoring_interfaces/lib/python3.12/site-packages/rosmonitoring_interfaces/rosmonitoring_interfaces_s__rosidl_typesupport_c.so
[12.120s] -- Up-to-date: /home/david/esha_ws/install/rosmonitoring_interfaces/lib/python3.12/site-packages/rosmonitoring_interfaces/_rosmonitoring_interfaces_s.ep.rosidl_typesupport_fastrtps_c.c
[12.121s] -- Up-to-date: /home/david/esha_ws/install/rosmonitoring_interfaces/lib/python3.12/site-packages/rosmonitoring_interfaces/_rosmonitoring_interfaces_s.ep.rosidl_typesupport_introspection_c.c
[12.121s] -- Up-to-date: /home/david/esha_ws/install/rosmonitoring_interfaces/lib/python3.12/site-packages/rosmonitoring_interfaces/__init__.py
[12.121s] -- Up-to-date: /home/david/esha_ws/install/rosmonitoring_interfaces/lib/python3.12/site-packages/rosmonitoring_interfaces/rosmonitoring_interfaces_s__rosidl_typesupport_fastrtps_c.so
[12.294s] Listing '/home/david/esha_ws/install/rosmonitoring_interfaces/lib/python3.12/site-packages/rosmonitoring_interfaces'...
[12.294s] Listing '/home/david/esha_ws/install/rosmonitoring_interfaces/lib/python3.12/site-packages/rosmonitoring_interfaces/msg'...
[12.376s] -- Up-to-date: /home/david/esha_ws/install/rosmonitoring_interfaces/lib/python3.12/site-packages/rosmonitoring_interfaces/rosmonitoring_interfaces_s__rosidl_typesupport_fastrtps_c.so
[12.377s] -- Up-to-date: /home/david/esha_ws/install/rosmonitoring_interfaces/lib/python3.12/site-packages/rosmonitoring_interfaces/rosmonitoring_interfaces_s__rosidl_typesupport_introspection_c.so
[12.379s] -- Up-to-date: /home/david/esha_ws/install/rosmonitoring_interfaces/lib/python3.12/site-packages/rosmonitoring_interfaces/rosmonitoring_interfaces_s__rosidl_typesupport_c.so
[12.379s] -- Up-to-date: /home/david/esha_ws/install/rosmonitoring_interfaces/lib/librosmonitoring_interfaces__rosidl_generator_py.so
[12.380s] -- Up-to-date: /home/david/esha_ws/install/rosmonitoring_interfaces/share/rosmonitoring_interfaces/msg/MonitorError.idl
[12.380s] -- Up-to-date: /home/david/esha_ws/install/rosmonitoring_interfaces/share/rosmonitoring_interfaces/msg/MonitorError.msg
[12.380s] -- Up-to-date: /home/david/esha_ws/install/rosmonitoring_interfaces/share/ament_index/resource_index/package_run_dependencies/rosmonitoring_interfaces
[12.381s] -- Up-to-date: /home/david/esha_ws/install/rosmonitoring_interfaces/share/ament_index/resource_index/parent_prefix_path/rosmonitoring_interfaces
[12.381s] -- Up-to-date: /home/david/esha_ws/install/rosmonitoring_interfaces/share/rosmonitoring_interfaces/environment/ament_prefix_path.sh
[12.382s] -- Up-to-date: /home/david/esha_ws/install/rosmonitoring_interfaces/share/rosmonitoring_interfaces/environment/ament_prefix_path.dsv
[12.382s] -- Up-to-date: /home/david/esha_ws/install/rosmonitoring_interfaces/share/rosmonitoring_interfaces/environment/path.sh
[12.383s] -- Up-to-date: /home/david/esha_ws/install/rosmonitoring_interfaces/share/rosmonitoring_interfaces/environment/path.dsv
[12.383s] -- Up-to-date: /home/david/esha_ws/install/rosmonitoring_interfaces/share/rosmonitoring_interfaces/local_setup.bash
[12.383s] -- Up-to-date: /home/david/esha_ws/install/rosmonitoring_interfaces/share/rosmonitoring_interfaces/local_setup.sh
[12.383s] -- Up-to-date: /home/david/esha_ws/install/rosmonitoring_interfaces/share/rosmonitoring_interfaces/local_setup.zsh
[12.384s] -- Up-to-date: /home/david/esha_ws/install/rosmonitoring_interfaces/share/rosmonitoring_interfaces/local_setup.dsv
[12.384s] -- Installing: /home/david/esha_ws/install/rosmonitoring_interfaces/share/rosmonitoring_interfaces/package.dsv
[12.430s] -- Up-to-date: /home/david/esha_ws/install/rosmonitoring_interfaces/share/ament_index/resource_index/packages/rosmonitoring_interfaces
[12.500s] -- Up-to-date: /home/david/esha_ws/install/rosmonitoring_interfaces/share/rosmonitoring_interfaces/cmake/export_rosmonitoring_interfaces__rosidl_generator_cExport.cmake
[12.500s] -- Up-to-date: /home/david/esha_ws/install/rosmonitoring_interfaces/share/rosmonitoring_interfaces/cmake/export_rosmonitoring_interfaces__rosidl_generator_cExport-noconfig.cmake
[12.522s] -- Up-to-date: /home/david/esha_ws/install/rosmonitoring_interfaces/share/rosmonitoring_interfaces/cmake/export_rosmonitoring_interfaces__rosidl_typesupport_fastrtps_cExport.cmake
[12.522s] -- Up-to-date: /home/david/esha_ws/install/rosmonitoring_interfaces/share/rosmonitoring_interfaces/cmake/export_rosmonitoring_interfaces__rosidl_typesupport_fastrtps_cExport-noconfig.cmake
[12.523s] -- Up-to-date: /home/david/esha_ws/install/rosmonitoring_interfaces/share/rosmonitoring_interfaces/cmake/rosmonitoring_interfaces__rosidl_typesupport_introspection_cExport.cmake
[12.523s] -- Up-to-date: /home/david/esha_ws/install/rosmonitoring_interfaces/share/rosmonitoring_interfaces/cmake/rosmonitoring_interfaces__rosidl_typesupport_introspection_cExport-noconfig.cmake
[12.523s] -- Up-to-date: /home/david/esha_ws/install/rosmonitoring_interfaces/share/rosmonitoring_interfaces/cmake/rosmonitoring_interfaces__rosidl_typesupport_cExport.cmake
[12.523s] -- Up-to-date: /home/david/esha_ws/install/rosmonitoring_interfaces/share/rosmonitoring_interfaces/cmake/rosmonitoring_interfaces__rosidl_typesupport_cExport-noconfig.cmake
[12.589s] -- Up-to-date: /home/david/esha_ws/install/rosmonitoring_interfaces/share/rosmonitoring_interfaces/cmake/export_rosmonitoring_interfaces__rosidl_generator_cppExport.cmake
[12.589s] -- Up-to-date: /home/david/esha_ws/install/rosmonitoring_interfaces/share/rosmonitoring_interfaces/cmake/export_rosmonitoring_interfaces__rosidl_typesupport_fastrtps_cppExport.cmake
[12.589s] -- Up-to-date: /home/david/esha_ws/install/rosmonitoring_interfaces/share/rosmonitoring_interfaces/cmake/export_rosmonitoring_interfaces__rosidl_typesupport_fastrtps_cppExport-noconfig.cmake
[12.590s] -- Up-to-date: /home/david/esha_ws/install/rosmonitoring_interfaces/share/rosmonitoring_interfaces/cmake/rosmonitoring_interfaces__rosidl_typesupport_introspection_cppExport.cmake
[12.590s] -- Up-to-date: /home/david/esha_ws/install/rosmonitoring_interfaces/share/rosmonitoring_interfaces/cmake/rosmonitoring_interfaces__rosidl_typesupport_introspection_cppExport-noconfig.cmake
[12.590s] -- Up-to-date: /home/david/esha_ws/install/rosmonitoring_interfaces/share/rosmonitoring_interfaces/cmake/rosmonitoring_interfaces__rosidl_typesupport_cppExport.cmake
[12.591s] -- Up-to-date: /home/david/esha_ws/install/rosmonitoring_interfaces/share/rosmonitoring_interfaces/cmake/rosmonitoring_interfaces__rosidl_typesupport_cppExport-noconfig.cmake
[12.591s] -- Up-to-date: /home/david/esha_ws/install/rosmonitoring_interfaces/share/rosmonitoring_interfaces/cmake/export_rosmonitoring_interfaces__rosidl_generator_pyExport.cmake
[12.591s] -- Up-to-date: /home/david/esha_ws/install/rosmonitoring_interfaces/share/rosmonitoring_interfaces/cmake/export_rosmonitoring_interfaces__rosidl_generator_pyExport-noconfig.cmake
[12.591s] -- Up-to-date: /home/david/esha_ws/install/rosmonitoring_interfaces/share/rosmonitoring_interfaces/cmake/rosidl_cmake-extras.cmake
[12.591s] -- Up-to-date: /home/david/esha_ws/install/rosmonitoring_interfaces/share/rosmonitoring_interfaces/cmake/ament_cmake_export_include_directories-extras.cmake
[12.591s] -- Up-to-date: /home/david/esha_ws/install/rosmonitoring_interfaces/share/rosmonitoring_interfaces/cmake/ament_cmake_export_libraries-extras.cmake
[12.592s] -- Up-to-date: /home/david/esha_ws/install/rosmonitoring_interfaces/share/rosmonitoring_interfaces/cmake/ament_cmake_export_targets-extras.cmake
[12.592s] -- Up-to-date: /home/david/esha_ws/install/rosmonitoring_interfaces/share/rosmonitoring_interfaces/cmake/rosidl_cmake_export_typesupport_targets-extras.cmake
[12.592s] -- Up-to-date: /home/david/esha_ws/install/rosmonitoring_interfaces/share/rosmonitoring_interfaces/cmake/ament_cmake_export_dependencies-extras.cmake
[12.592s] -- Up-to-date: /home/david/esha_ws/install/rosmonitoring_interfaces/share/rosmonitoring_interfaces/cmake/rosidl_cmake_export_typesupport_libraries-extras.cmake
[12.592s] -- Up-to-date: /home/david/esha_ws/install/rosmonitoring_interfaces/share/rosmonitoring_interfaces/cmake/rosmonitoring_interfacesConfig.cmake
[12.592s] -- Up-to-date: /home/david/esha_ws/install/rosmonitoring_interfaces/share/rosmonitoring_interfaces/cmake/rosmonitoring_interfacesConfig-version.cmake
[12.592s] -- Up-to-date: /home/david/esha_ws/install/rosmonitoring_interfaces/share/rosmonitoring_interfaces/package.xml
[12.616s] Invoked command in '/home/david/esha_ws/build/rosmonitoring_interfaces' returned '0': CMAKE_PREFIX_PATH=${CMAKE_PREFIX_PATH}:/opt/ros/jazzy DEBUGINFOD_URLS=https://debuginfod.ubuntu.com /usr/bin/cmake --install /home/david/esha_ws/build/rosmonitoring_interfaces
