[2.054s] Invoking command in '/home/david/esha_ws/src/inter_package': DEBUGINFOD_URLS=https://debuginfod.ubuntu.com PYTHONPATH=/home/david/esha_ws/build/inter_package/prefix_override:/usr/lib/python3/dist-packages/colcon_core/task/python/colcon_distutils_commands:/home/david/esha_ws/install/inter_package/lib/python3.12/site-packages:${PYTHONPATH} /usr/bin/python3 -W ignore:setup.py install is deprecated -W ignore:easy_install command is deprecated setup.py egg_info --egg-base ../../build/inter_package build --build-base /home/david/esha_ws/build/inter_package/build install --record /home/david/esha_ws/build/inter_package/install.log --single-version-externally-managed install_data
[2.516s] running egg_info
[2.560s] writing ../../build/inter_package/inter_package.egg-info/PKG-INFO
[2.560s] writing dependency_links to ../../build/inter_package/inter_package.egg-info/dependency_links.txt
[2.560s] writing entry points to ../../build/inter_package/inter_package.egg-info/entry_points.txt
[2.561s] writing requirements to ../../build/inter_package/inter_package.egg-info/requires.txt
[2.561s] writing top-level names to ../../build/inter_package/inter_package.egg-info/top_level.txt
[2.633s] reading manifest file '../../build/inter_package/inter_package.egg-info/SOURCES.txt'
[2.633s] adding license file 'LICENSE'
[2.634s] writing manifest file '../../build/inter_package/inter_package.egg-info/SOURCES.txt'
[2.636s] running build
[2.636s] running build_py
[2.636s] copying inter_package/ultrasonic_node_talker.py -> /home/david/esha_ws/build/inter_package/build/lib/inter_package
[2.637s] running install
[2.654s] running install_lib
[2.692s] copying /home/david/esha_ws/build/inter_package/build/lib/inter_package/ultrasonic_node_talker.py -> /home/david/esha_ws/install/inter_package/lib/python3.12/site-packages/inter_package
[2.693s] byte-compiling /home/david/esha_ws/install/inter_package/lib/python3.12/site-packages/inter_package/ultrasonic_node_talker.py to ultrasonic_node_talker.cpython-312.pyc
[2.693s]   File "/home/david/esha_ws/install/inter_package/lib/python3.12/site-packages/inter_package/ultrasonic_node_talker.py", line 24
[2.693s]     self.get_logger().info(f"Path clear)
[2.694s]                            ^
[2.694s] SyntaxError: unterminated f-string literal (detected at line 24)
[2.694s] 
[2.694s] running install_data
[2.694s] running install_egg_info
[2.730s] removing '/home/david/esha_ws/install/inter_package/lib/python3.12/site-packages/inter_package-0.0.0-py3.12.egg-info' (and everything under it)
[2.731s] Copying ../../build/inter_package/inter_package.egg-info to /home/david/esha_ws/install/inter_package/lib/python3.12/site-packages/inter_package-0.0.0-py3.12.egg-info
[2.734s] running install_scripts
[2.985s] Installing arm_current_node script to /home/david/esha_ws/install/inter_package/lib/inter_package
[2.985s] Installing camera_node script to /home/david/esha_ws/install/inter_package/lib/inter_package
[2.985s] Installing co_node script to /home/david/esha_ws/install/inter_package/lib/inter_package
[2.985s] Installing imu_node script to /home/david/esha_ws/install/inter_package/lib/inter_package
[2.985s] Installing motor_current_node script to /home/david/esha_ws/install/inter_package/lib/inter_package
[2.985s] Installing temperature_node script to /home/david/esha_ws/install/inter_package/lib/inter_package
[2.986s] Installing ultrasonic_node script to /home/david/esha_ws/install/inter_package/lib/inter_package
[2.986s] Installing velocity_node script to /home/david/esha_ws/install/inter_package/lib/inter_package
[2.986s] writing list of installed files to '/home/david/esha_ws/build/inter_package/install.log'
[3.031s] Invoked command in '/home/david/esha_ws/src/inter_package' returned '0': DEBUGINFOD_URLS=https://debuginfod.ubuntu.com PYTHONPATH=/home/david/esha_ws/build/inter_package/prefix_override:/usr/lib/python3/dist-packages/colcon_core/task/python/colcon_distutils_commands:/home/david/esha_ws/install/inter_package/lib/python3.12/site-packages:${PYTHONPATH} /usr/bin/python3 -W ignore:setup.py install is deprecated -W ignore:easy_install command is deprecated setup.py egg_info --egg-base ../../build/inter_package build --build-base /home/david/esha_ws/build/inter_package/build install --record /home/david/esha_ws/build/inter_package/install.log --single-version-externally-managed install_data
