[0.351s] Invoking command in '/home/david/esha_ws/build/rosmonitoring_interfaces': CMAKE_PREFIX_PATH=${CMAKE_PREFIX_PATH}:/home/david/esha_ws/install/monitor:/home/david/esha_ws/install/inter_package:/home/david/husky_ws/install/monitor:/home/david/husky_ws/install/data_sensor:/opt/ros/jazzy DEBUGINFOD_URLS=https://debuginfod.ubuntu.com /usr/bin/cmake --build /home/david/esha_ws/build/rosmonitoring_interfaces -- -j8 -l8
[0.422s] [  2%] Built target rosmonitoring_interfaces__rosidl_generator_type_description
[0.448s] [  2%] Built target ament_cmake_python_copy_rosmonitoring_interfaces
[0.469s] [  5%] Built target rosmonitoring_interfaces__cpp
[0.481s] [ 20%] Built target rosmonitoring_interfaces__rosidl_generator_c
[0.588s] [ 29%] Built target rosmonitoring_interfaces__rosidl_typesupport_cpp
[0.592s] [ 38%] Built target rosmonitoring_interfaces__rosidl_typesupport_c
[0.598s] [ 47%] Built target rosmonitoring_interfaces__rosidl_typesupport_introspection_c
[0.617s] [ 55%] Built target rosmonitoring_interfaces__rosidl_typesupport_fastrtps_c
[0.647s] [ 64%] Built target rosmonitoring_interfaces__rosidl_typesupport_introspection_cpp
[0.664s] [ 73%] Built target rosmonitoring_interfaces__rosidl_typesupport_fastrtps_cpp
[0.725s] [ 73%] Built target rosmonitoring_interfaces
[0.781s] [ 76%] Built target rosmonitoring_interfaces__py
[0.860s] [ 82%] Built target rosmonitoring_interfaces__rosidl_generator_py
[0.921s] [ 88%] Built target rosmonitoring_interfaces_s__rosidl_typesupport_fastrtps_c
[0.966s] [ 94%] Built target rosmonitoring_interfaces_s__rosidl_typesupport_introspection_c
[0.995s] [100%] Built target rosmonitoring_interfaces_s__rosidl_typesupport_c
[1.227s] running egg_info
[1.294s] writing rosmonitoring_interfaces.egg-info/PKG-INFO
[1.295s] writing dependency_links to rosmonitoring_interfaces.egg-info/dependency_links.txt
[1.295s] writing top-level names to rosmonitoring_interfaces.egg-info/top_level.txt
[1.456s] reading manifest file 'rosmonitoring_interfaces.egg-info/SOURCES.txt'
[1.457s] writing manifest file 'rosmonitoring_interfaces.egg-info/SOURCES.txt'
[1.545s] [100%] Built target ament_cmake_python_build_rosmonitoring_interfaces_egg
[1.568s] Invoked command in '/home/david/esha_ws/build/rosmonitoring_interfaces' returned '0': CMAKE_PREFIX_PATH=${CMAKE_PREFIX_PATH}:/home/david/esha_ws/install/monitor:/home/david/esha_ws/install/inter_package:/home/david/husky_ws/install/monitor:/home/david/husky_ws/install/data_sensor:/opt/ros/jazzy DEBUGINFOD_URLS=https://debuginfod.ubuntu.com /usr/bin/cmake --build /home/david/esha_ws/build/rosmonitoring_interfaces -- -j8 -l8
[1.571s] Invoking command in '/home/david/esha_ws/build/rosmonitoring_interfaces': CMAKE_PREFIX_PATH=${CMAKE_PREFIX_PATH}:/home/david/esha_ws/install/monitor:/home/david/esha_ws/install/inter_package:/home/david/husky_ws/install/monitor:/home/david/husky_ws/install/data_sensor:/opt/ros/jazzy DEBUGINFOD_URLS=https://debuginfod.ubuntu.com /usr/bin/cmake --install /home/david/esha_ws/build/rosmonitoring_interfaces
[1.597s] -- Install configuration: ""
[1.599s] -- Up-to-date: /home/david/esha_ws/install/rosmonitoring_interfaces/share/ament_index/resource_index/rosidl_interfaces/rosmonitoring_interfaces
[1.600s] -- Up-to-date: /home/david/esha_ws/install/rosmonitoring_interfaces/share/rosmonitoring_interfaces/msg/MonitorError.json
[1.600s] -- Up-to-date: /home/david/esha_ws/install/rosmonitoring_interfaces/include/rosmonitoring_interfaces/rosmonitoring_interfaces
[1.600s] -- Up-to-date: /home/david/esha_ws/install/rosmonitoring_interfaces/include/rosmonitoring_interfaces/rosmonitoring_interfaces/msg
[1.600s] -- Up-to-date: /home/david/esha_ws/install/rosmonitoring_interfaces/include/rosmonitoring_interfaces/rosmonitoring_interfaces/msg/detail
[1.600s] -- Up-to-date: /home/david/esha_ws/install/rosmonitoring_interfaces/include/rosmonitoring_interfaces/rosmonitoring_interfaces/msg/detail/monitor_error__type_support.c
[1.602s] -- Up-to-date: /home/david/esha_ws/install/rosmonitoring_interfaces/include/rosmonitoring_interfaces/rosmonitoring_interfaces/msg/detail/monitor_error__functions.h
[1.602s] -- Up-to-date: /home/david/esha_ws/install/rosmonitoring_interfaces/include/rosmonitoring_interfaces/rosmonitoring_interfaces/msg/detail/monitor_error__functions.c
[1.602s] -- Up-to-date: /home/david/esha_ws/install/rosmonitoring_interfaces/include/rosmonitoring_interfaces/rosmonitoring_interfaces/msg/detail/monitor_error__description.c
[1.602s] -- Up-to-date: /home/david/esha_ws/install/rosmonitoring_interfaces/include/rosmonitoring_interfaces/rosmonitoring_interfaces/msg/detail/monitor_error__type_support.h
[1.603s] -- Up-to-date: /home/david/esha_ws/install/rosmonitoring_interfaces/include/rosmonitoring_interfaces/rosmonitoring_interfaces/msg/detail/monitor_error__struct.h
[1.603s] -- Up-to-date: /home/david/esha_ws/install/rosmonitoring_interfaces/include/rosmonitoring_interfaces/rosmonitoring_interfaces/msg/monitor_error.h
[1.603s] -- Up-to-date: /home/david/esha_ws/install/rosmonitoring_interfaces/include/rosmonitoring_interfaces/rosmonitoring_interfaces/msg/rosidl_generator_c__visibility_control.h
[1.603s] -- Up-to-date: /home/david/esha_ws/install/rosmonitoring_interfaces/share/rosmonitoring_interfaces/environment/library_path.sh
[1.604s] -- Up-to-date: /home/david/esha_ws/install/rosmonitoring_interfaces/share/rosmonitoring_interfaces/environment/library_path.dsv
[1.604s] -- Up-to-date: /home/david/esha_ws/install/rosmonitoring_interfaces/lib/librosmonitoring_interfaces__rosidl_generator_c.so
[1.604s] -- Up-to-date: /home/david/esha_ws/install/rosmonitoring_interfaces/include/rosmonitoring_interfaces/rosmonitoring_interfaces
[1.604s] -- Up-to-date: /home/david/esha_ws/install/rosmonitoring_interfaces/include/rosmonitoring_interfaces/rosmonitoring_interfaces/msg
[1.604s] -- Up-to-date: /home/david/esha_ws/install/rosmonitoring_interfaces/include/rosmonitoring_interfaces/rosmonitoring_interfaces/msg/detail
[1.604s] -- Up-to-date: /home/david/esha_ws/install/rosmonitoring_interfaces/include/rosmonitoring_interfaces/rosmonitoring_interfaces/msg/detail/monitor_error__rosidl_typesupport_fastrtps_c.h
[1.605s] -- Up-to-date: /home/david/esha_ws/install/rosmonitoring_interfaces/include/rosmonitoring_interfaces/rosmonitoring_interfaces/msg/rosidl_typesupport_fastrtps_c__visibility_control.h
[1.605s] -- Up-to-date: /home/david/esha_ws/install/rosmonitoring_interfaces/lib/librosmonitoring_interfaces__rosidl_typesupport_fastrtps_c.so
[1.605s] -- Up-to-date: /home/david/esha_ws/install/rosmonitoring_interfaces/include/rosmonitoring_interfaces/rosmonitoring_interfaces
[1.605s] -- Up-to-date: /home/david/esha_ws/install/rosmonitoring_interfaces/include/rosmonitoring_interfaces/rosmonitoring_interfaces/msg
[1.605s] -- Up-to-date: /home/david/esha_ws/install/rosmonitoring_interfaces/include/rosmonitoring_interfaces/rosmonitoring_interfaces/msg/detail
[1.606s] -- Up-to-date: /home/david/esha_ws/install/rosmonitoring_interfaces/include/rosmonitoring_interfaces/rosmonitoring_interfaces/msg/detail/monitor_error__type_support.c
[1.606s] -- Up-to-date: /home/david/esha_ws/install/rosmonitoring_interfaces/include/rosmonitoring_interfaces/rosmonitoring_interfaces/msg/detail/monitor_error__rosidl_typesupport_introspection_c.h
[1.606s] -- Up-to-date: /home/david/esha_ws/install/rosmonitoring_interfaces/include/rosmonitoring_interfaces/rosmonitoring_interfaces/msg/rosidl_typesupport_introspection_c__visibility_control.h
[1.608s] -- Up-to-date: /home/david/esha_ws/install/rosmonitoring_interfaces/lib/librosmonitoring_interfaces__rosidl_typesupport_introspection_c.so
[1.611s] -- Up-to-date: /home/david/esha_ws/install/rosmonitoring_interfaces/lib/librosmonitoring_interfaces__rosidl_typesupport_c.so
[1.611s] -- Up-to-date: /home/david/esha_ws/install/rosmonitoring_interfaces/include/rosmonitoring_interfaces/rosmonitoring_interfaces
[1.612s] -- Up-to-date: /home/david/esha_ws/install/rosmonitoring_interfaces/include/rosmonitoring_interfaces/rosmonitoring_interfaces/msg
[1.612s] -- Up-to-date: /home/david/esha_ws/install/rosmonitoring_interfaces/include/rosmonitoring_interfaces/rosmonitoring_interfaces/msg/detail
[1.616s] -- Up-to-date: /home/david/esha_ws/install/rosmonitoring_interfaces/include/rosmonitoring_interfaces/rosmonitoring_interfaces/msg/detail/monitor_error__traits.hpp
[1.616s] -- Up-to-date: /home/david/esha_ws/install/rosmonitoring_interfaces/include/rosmonitoring_interfaces/rosmonitoring_interfaces/msg/detail/monitor_error__builder.hpp
[1.617s] -- Up-to-date: /home/david/esha_ws/install/rosmonitoring_interfaces/include/rosmonitoring_interfaces/rosmonitoring_interfaces/msg/detail/monitor_error__struct.hpp
[1.617s] -- Up-to-date: /home/david/esha_ws/install/rosmonitoring_interfaces/include/rosmonitoring_interfaces/rosmonitoring_interfaces/msg/detail/monitor_error__type_support.hpp
[1.617s] -- Up-to-date: /home/david/esha_ws/install/rosmonitoring_interfaces/include/rosmonitoring_interfaces/rosmonitoring_interfaces/msg/rosidl_generator_cpp__visibility_control.hpp
[1.617s] -- Up-to-date: /home/david/esha_ws/install/rosmonitoring_interfaces/include/rosmonitoring_interfaces/rosmonitoring_interfaces/msg/monitor_error.hpp
[1.618s] -- Up-to-date: /home/david/esha_ws/install/rosmonitoring_interfaces/include/rosmonitoring_interfaces/rosmonitoring_interfaces
[1.618s] -- Up-to-date: /home/david/esha_ws/install/rosmonitoring_interfaces/include/rosmonitoring_interfaces/rosmonitoring_interfaces/msg
[1.618s] -- Up-to-date: /home/david/esha_ws/install/rosmonitoring_interfaces/include/rosmonitoring_interfaces/rosmonitoring_interfaces/msg/detail
[1.618s] -- Up-to-date: /home/david/esha_ws/install/rosmonitoring_interfaces/include/rosmonitoring_interfaces/rosmonitoring_interfaces/msg/detail/monitor_error__rosidl_typesupport_fastrtps_cpp.hpp
[1.619s] -- Up-to-date: /home/david/esha_ws/install/rosmonitoring_interfaces/include/rosmonitoring_interfaces/rosmonitoring_interfaces/msg/detail/dds_fastrtps
[1.619s] -- Up-to-date: /home/david/esha_ws/install/rosmonitoring_interfaces/include/rosmonitoring_interfaces/rosmonitoring_interfaces/msg/rosidl_typesupport_fastrtps_cpp__visibility_control.h
[1.622s] -- Up-to-date: /home/david/esha_ws/install/rosmonitoring_interfaces/lib/librosmonitoring_interfaces__rosidl_typesupport_fastrtps_cpp.so
[1.625s] -- Up-to-date: /home/david/esha_ws/install/rosmonitoring_interfaces/include/rosmonitoring_interfaces/rosmonitoring_interfaces
[1.625s] -- Up-to-date: /home/david/esha_ws/install/rosmonitoring_interfaces/include/rosmonitoring_interfaces/rosmonitoring_interfaces/msg
[1.625s] -- Up-to-date: /home/david/esha_ws/install/rosmonitoring_interfaces/include/rosmonitoring_interfaces/rosmonitoring_interfaces/msg/detail
[1.625s] -- Up-to-date: /home/david/esha_ws/install/rosmonitoring_interfaces/include/rosmonitoring_interfaces/rosmonitoring_interfaces/msg/detail/monitor_error__type_support.cpp
[1.626s] -- Up-to-date: /home/david/esha_ws/install/rosmonitoring_interfaces/include/rosmonitoring_interfaces/rosmonitoring_interfaces/msg/detail/monitor_error__rosidl_typesupport_introspection_cpp.hpp
[1.627s] -- Up-to-date: /home/david/esha_ws/install/rosmonitoring_interfaces/lib/librosmonitoring_interfaces__rosidl_typesupport_introspection_cpp.so
[1.627s] -- Up-to-date: /home/david/esha_ws/install/rosmonitoring_interfaces/lib/librosmonitoring_interfaces__rosidl_typesupport_cpp.so
[1.627s] -- Up-to-date: /home/david/esha_ws/install/rosmonitoring_interfaces/share/rosmonitoring_interfaces/environment/pythonpath.sh
[1.628s] -- Up-to-date: /home/david/esha_ws/install/rosmonitoring_interfaces/share/rosmonitoring_interfaces/environment/pythonpath.dsv
[1.628s] -- Up-to-date: /home/david/esha_ws/install/rosmonitoring_interfaces/lib/python3.12/site-packages/rosmonitoring_interfaces-0.0.0-py3.12.egg-info
[1.628s] -- Installing: /home/david/esha_ws/install/rosmonitoring_interfaces/lib/python3.12/site-packages/rosmonitoring_interfaces-0.0.0-py3.12.egg-info/PKG-INFO
[1.629s] -- Installing: /home/david/esha_ws/install/rosmonitoring_interfaces/lib/python3.12/site-packages/rosmonitoring_interfaces-0.0.0-py3.12.egg-info/SOURCES.txt
[1.629s] -- Installing: /home/david/esha_ws/install/rosmonitoring_interfaces/lib/python3.12/site-packages/rosmonitoring_interfaces-0.0.0-py3.12.egg-info/top_level.txt
[1.629s] -- Installing: /home/david/esha_ws/install/rosmonitoring_interfaces/lib/python3.12/site-packages/rosmonitoring_interfaces-0.0.0-py3.12.egg-info/dependency_links.txt
[1.631s] -- Up-to-date: /home/david/esha_ws/install/rosmonitoring_interfaces/lib/python3.12/site-packages/rosmonitoring_interfaces
[1.631s] -- Up-to-date: /home/david/esha_ws/install/rosmonitoring_interfaces/lib/python3.12/site-packages/rosmonitoring_interfaces/rosmonitoring_interfaces_s__rosidl_typesupport_introspection_c.so
[1.631s] -- Up-to-date: /home/david/esha_ws/install/rosmonitoring_interfaces/lib/python3.12/site-packages/rosmonitoring_interfaces/msg
[1.633s] -- Up-to-date: /home/david/esha_ws/install/rosmonitoring_interfaces/lib/python3.12/site-packages/rosmonitoring_interfaces/msg/_monitor_error_s.c
[1.633s] -- Up-to-date: /home/david/esha_ws/install/rosmonitoring_interfaces/lib/python3.12/site-packages/rosmonitoring_interfaces/msg/__init__.py
[1.634s] -- Up-to-date: /home/david/esha_ws/install/rosmonitoring_interfaces/lib/python3.12/site-packages/rosmonitoring_interfaces/msg/_monitor_error.py
[1.634s] -- Up-to-date: /home/david/esha_ws/install/rosmonitoring_interfaces/lib/python3.12/site-packages/rosmonitoring_interfaces/_rosmonitoring_interfaces_s.ep.rosidl_typesupport_c.c
[1.634s] -- Up-to-date: /home/david/esha_ws/install/rosmonitoring_interfaces/lib/python3.12/site-packages/rosmonitoring_interfaces/rosmonitoring_interfaces_s__rosidl_typesupport_c.so
[1.634s] -- Up-to-date: /home/david/esha_ws/install/rosmonitoring_interfaces/lib/python3.12/site-packages/rosmonitoring_interfaces/_rosmonitoring_interfaces_s.ep.rosidl_typesupport_fastrtps_c.c
[1.634s] -- Up-to-date: /home/david/esha_ws/install/rosmonitoring_interfaces/lib/python3.12/site-packages/rosmonitoring_interfaces/_rosmonitoring_interfaces_s.ep.rosidl_typesupport_introspection_c.c
[1.635s] -- Up-to-date: /home/david/esha_ws/install/rosmonitoring_interfaces/lib/python3.12/site-packages/rosmonitoring_interfaces/__init__.py
[1.635s] -- Up-to-date: /home/david/esha_ws/install/rosmonitoring_interfaces/lib/python3.12/site-packages/rosmonitoring_interfaces/rosmonitoring_interfaces_s__rosidl_typesupport_fastrtps_c.so
[1.712s] Listing '/home/david/esha_ws/install/rosmonitoring_interfaces/lib/python3.12/site-packages/rosmonitoring_interfaces'...
[1.712s] Listing '/home/david/esha_ws/install/rosmonitoring_interfaces/lib/python3.12/site-packages/rosmonitoring_interfaces/msg'...
[1.736s] -- Up-to-date: /home/david/esha_ws/install/rosmonitoring_interfaces/lib/python3.12/site-packages/rosmonitoring_interfaces/rosmonitoring_interfaces_s__rosidl_typesupport_fastrtps_c.so
[1.737s] -- Up-to-date: /home/david/esha_ws/install/rosmonitoring_interfaces/lib/python3.12/site-packages/rosmonitoring_interfaces/rosmonitoring_interfaces_s__rosidl_typesupport_introspection_c.so
[1.739s] -- Up-to-date: /home/david/esha_ws/install/rosmonitoring_interfaces/lib/python3.12/site-packages/rosmonitoring_interfaces/rosmonitoring_interfaces_s__rosidl_typesupport_c.so
[1.739s] -- Up-to-date: /home/david/esha_ws/install/rosmonitoring_interfaces/lib/librosmonitoring_interfaces__rosidl_generator_py.so
[1.740s] -- Up-to-date: /home/david/esha_ws/install/rosmonitoring_interfaces/share/rosmonitoring_interfaces/msg/MonitorError.idl
[1.741s] -- Up-to-date: /home/david/esha_ws/install/rosmonitoring_interfaces/share/rosmonitoring_interfaces/msg/MonitorError.msg
[1.742s] -- Up-to-date: /home/david/esha_ws/install/rosmonitoring_interfaces/share/ament_index/resource_index/package_run_dependencies/rosmonitoring_interfaces
[1.742s] -- Up-to-date: /home/david/esha_ws/install/rosmonitoring_interfaces/share/ament_index/resource_index/parent_prefix_path/rosmonitoring_interfaces
[1.744s] -- Up-to-date: /home/david/esha_ws/install/rosmonitoring_interfaces/share/rosmonitoring_interfaces/environment/ament_prefix_path.sh
[1.744s] -- Up-to-date: /home/david/esha_ws/install/rosmonitoring_interfaces/share/rosmonitoring_interfaces/environment/ament_prefix_path.dsv
[1.745s] -- Up-to-date: /home/david/esha_ws/install/rosmonitoring_interfaces/share/rosmonitoring_interfaces/environment/path.sh
[1.745s] -- Up-to-date: /home/david/esha_ws/install/rosmonitoring_interfaces/share/rosmonitoring_interfaces/environment/path.dsv
[1.746s] -- Up-to-date: /home/david/esha_ws/install/rosmonitoring_interfaces/share/rosmonitoring_interfaces/local_setup.bash
[1.747s] -- Up-to-date: /home/david/esha_ws/install/rosmonitoring_interfaces/share/rosmonitoring_interfaces/local_setup.sh
[1.747s] -- Up-to-date: /home/david/esha_ws/install/rosmonitoring_interfaces/share/rosmonitoring_interfaces/local_setup.zsh
[1.749s] -- Up-to-date: /home/david/esha_ws/install/rosmonitoring_interfaces/share/rosmonitoring_interfaces/local_setup.dsv
[1.749s] -- Installing: /home/david/esha_ws/install/rosmonitoring_interfaces/share/rosmonitoring_interfaces/package.dsv
[1.749s] -- Up-to-date: /home/david/esha_ws/install/rosmonitoring_interfaces/share/ament_index/resource_index/packages/rosmonitoring_interfaces
[1.749s] -- Up-to-date: /home/david/esha_ws/install/rosmonitoring_interfaces/share/rosmonitoring_interfaces/cmake/export_rosmonitoring_interfaces__rosidl_generator_cExport.cmake
[1.766s] -- Up-to-date: /home/david/esha_ws/install/rosmonitoring_interfaces/share/rosmonitoring_interfaces/cmake/export_rosmonitoring_interfaces__rosidl_generator_cExport-noconfig.cmake
[1.767s] -- Up-to-date: /home/david/esha_ws/install/rosmonitoring_interfaces/share/rosmonitoring_interfaces/cmake/export_rosmonitoring_interfaces__rosidl_typesupport_fastrtps_cExport.cmake
[1.767s] -- Up-to-date: /home/david/esha_ws/install/rosmonitoring_interfaces/share/rosmonitoring_interfaces/cmake/export_rosmonitoring_interfaces__rosidl_typesupport_fastrtps_cExport-noconfig.cmake
[1.768s] -- Up-to-date: /home/david/esha_ws/install/rosmonitoring_interfaces/share/rosmonitoring_interfaces/cmake/rosmonitoring_interfaces__rosidl_typesupport_introspection_cExport.cmake
[1.768s] -- Up-to-date: /home/david/esha_ws/install/rosmonitoring_interfaces/share/rosmonitoring_interfaces/cmake/rosmonitoring_interfaces__rosidl_typesupport_introspection_cExport-noconfig.cmake
[1.768s] -- Up-to-date: /home/david/esha_ws/install/rosmonitoring_interfaces/share/rosmonitoring_interfaces/cmake/rosmonitoring_interfaces__rosidl_typesupport_cExport.cmake
[1.769s] -- Up-to-date: /home/david/esha_ws/install/rosmonitoring_interfaces/share/rosmonitoring_interfaces/cmake/rosmonitoring_interfaces__rosidl_typesupport_cExport-noconfig.cmake
[1.783s] -- Up-to-date: /home/david/esha_ws/install/rosmonitoring_interfaces/share/rosmonitoring_interfaces/cmake/export_rosmonitoring_interfaces__rosidl_generator_cppExport.cmake
[1.783s] -- Up-to-date: /home/david/esha_ws/install/rosmonitoring_interfaces/share/rosmonitoring_interfaces/cmake/export_rosmonitoring_interfaces__rosidl_typesupport_fastrtps_cppExport.cmake
[1.784s] -- Up-to-date: /home/david/esha_ws/install/rosmonitoring_interfaces/share/rosmonitoring_interfaces/cmake/export_rosmonitoring_interfaces__rosidl_typesupport_fastrtps_cppExport-noconfig.cmake
[1.784s] -- Up-to-date: /home/david/esha_ws/install/rosmonitoring_interfaces/share/rosmonitoring_interfaces/cmake/rosmonitoring_interfaces__rosidl_typesupport_introspection_cppExport.cmake
[1.788s] -- Up-to-date: /home/david/esha_ws/install/rosmonitoring_interfaces/share/rosmonitoring_interfaces/cmake/rosmonitoring_interfaces__rosidl_typesupport_introspection_cppExport-noconfig.cmake
[1.788s] -- Up-to-date: /home/david/esha_ws/install/rosmonitoring_interfaces/share/rosmonitoring_interfaces/cmake/rosmonitoring_interfaces__rosidl_typesupport_cppExport.cmake
[1.788s] -- Up-to-date: /home/david/esha_ws/install/rosmonitoring_interfaces/share/rosmonitoring_interfaces/cmake/rosmonitoring_interfaces__rosidl_typesupport_cppExport-noconfig.cmake
[1.789s] -- Up-to-date: /home/david/esha_ws/install/rosmonitoring_interfaces/share/rosmonitoring_interfaces/cmake/export_rosmonitoring_interfaces__rosidl_generator_pyExport.cmake
[1.789s] -- Up-to-date: /home/david/esha_ws/install/rosmonitoring_interfaces/share/rosmonitoring_interfaces/cmake/export_rosmonitoring_interfaces__rosidl_generator_pyExport-noconfig.cmake
[1.789s] -- Up-to-date: /home/david/esha_ws/install/rosmonitoring_interfaces/share/rosmonitoring_interfaces/cmake/rosidl_cmake-extras.cmake
[1.790s] -- Up-to-date: /home/david/esha_ws/install/rosmonitoring_interfaces/share/rosmonitoring_interfaces/cmake/ament_cmake_export_include_directories-extras.cmake
[1.790s] -- Up-to-date: /home/david/esha_ws/install/rosmonitoring_interfaces/share/rosmonitoring_interfaces/cmake/ament_cmake_export_libraries-extras.cmake
[1.790s] -- Up-to-date: /home/david/esha_ws/install/rosmonitoring_interfaces/share/rosmonitoring_interfaces/cmake/ament_cmake_export_targets-extras.cmake
[1.790s] -- Up-to-date: /home/david/esha_ws/install/rosmonitoring_interfaces/share/rosmonitoring_interfaces/cmake/rosidl_cmake_export_typesupport_targets-extras.cmake
[1.791s] -- Up-to-date: /home/david/esha_ws/install/rosmonitoring_interfaces/share/rosmonitoring_interfaces/cmake/ament_cmake_export_dependencies-extras.cmake
[1.791s] -- Up-to-date: /home/david/esha_ws/install/rosmonitoring_interfaces/share/rosmonitoring_interfaces/cmake/rosidl_cmake_export_typesupport_libraries-extras.cmake
[1.791s] -- Up-to-date: /home/david/esha_ws/install/rosmonitoring_interfaces/share/rosmonitoring_interfaces/cmake/rosmonitoring_interfacesConfig.cmake
[1.791s] -- Up-to-date: /home/david/esha_ws/install/rosmonitoring_interfaces/share/rosmonitoring_interfaces/cmake/rosmonitoring_interfacesConfig-version.cmake
[1.794s] -- Up-to-date: /home/david/esha_ws/install/rosmonitoring_interfaces/share/rosmonitoring_interfaces/package.xml
[1.796s] Invoked command in '/home/david/esha_ws/build/rosmonitoring_interfaces' returned '0': CMAKE_PREFIX_PATH=${CMAKE_PREFIX_PATH}:/home/david/esha_ws/install/monitor:/home/david/esha_ws/install/inter_package:/home/david/husky_ws/install/monitor:/home/david/husky_ws/install/data_sensor:/opt/ros/jazzy DEBUGINFOD_URLS=https://debuginfod.ubuntu.com /usr/bin/cmake --install /home/david/esha_ws/build/rosmonitoring_interfaces
