[0.349s] Invoking command in '/home/david/esha_ws/build/interfaces': CMAKE_PREFIX_PATH=${CMAKE_PREFIX_PATH}:/home/david/esha_ws/install/monitor:/home/david/esha_ws/install/inter_package:/home/david/husky_ws/install/monitor:/home/david/husky_ws/install/data_sensor:/opt/ros/jazzy DEBUGINFOD_URLS=https://debuginfod.ubuntu.com /usr/bin/cmake --build /home/david/esha_ws/build/interfaces -- -j8 -l8
[0.428s] [  1%] Built target interfaces__rosidl_generator_type_description
[0.452s] [  1%] Built target ament_cmake_python_copy_interfaces
[0.484s] [ 22%] Built target interfaces__rosidl_generator_c
[0.486s] [ 24%] Built target interfaces__cpp
[0.558s] [ 33%] Built target interfaces__rosidl_typesupport_c
[0.563s] [ 42%] Built target interfaces__rosidl_typesupport_introspection_c
[0.567s] [ 51%] Built target interfaces__rosidl_typesupport_fastrtps_c
[0.569s] [ 61%] Built target interfaces__rosidl_typesupport_fastrtps_cpp
[0.574s] [ 70%] Built target interfaces__rosidl_typesupport_introspection_cpp
[0.586s] [ 79%] Built target interfaces__rosidl_typesupport_cpp
[0.639s] [ 79%] Built target interfaces
[0.686s] [ 81%] Built target interfaces__py
[0.743s] [ 88%] Built target interfaces__rosidl_generator_py
[0.848s] [ 92%] Built target interfaces_s__rosidl_typesupport_introspection_c
[0.872s] [ 96%] Built target interfaces_s__rosidl_typesupport_fastrtps_c
[0.904s] [100%] Built target interfaces_s__rosidl_typesupport_c
[1.103s] running egg_info
[1.160s] writing interfaces.egg-info/PKG-INFO
[1.160s] writing dependency_links to interfaces.egg-info/dependency_links.txt
[1.161s] writing top-level names to interfaces.egg-info/top_level.txt
[1.286s] reading manifest file 'interfaces.egg-info/SOURCES.txt'
[1.287s] writing manifest file 'interfaces.egg-info/SOURCES.txt'
[1.347s] [100%] Built target ament_cmake_python_build_interfaces_egg
[1.369s] Invoked command in '/home/david/esha_ws/build/interfaces' returned '0': CMAKE_PREFIX_PATH=${CMAKE_PREFIX_PATH}:/home/david/esha_ws/install/monitor:/home/david/esha_ws/install/inter_package:/home/david/husky_ws/install/monitor:/home/david/husky_ws/install/data_sensor:/opt/ros/jazzy DEBUGINFOD_URLS=https://debuginfod.ubuntu.com /usr/bin/cmake --build /home/david/esha_ws/build/interfaces -- -j8 -l8
[1.383s] Invoking command in '/home/david/esha_ws/build/interfaces': CMAKE_PREFIX_PATH=${CMAKE_PREFIX_PATH}:/home/david/esha_ws/install/monitor:/home/david/esha_ws/install/inter_package:/home/david/husky_ws/install/monitor:/home/david/husky_ws/install/data_sensor:/opt/ros/jazzy DEBUGINFOD_URLS=https://debuginfod.ubuntu.com /usr/bin/cmake --install /home/david/esha_ws/build/interfaces
[1.394s] -- Install configuration: ""
[1.394s] -- Up-to-date: /home/david/esha_ws/install/interfaces/share/ament_index/resource_index/rosidl_interfaces/interfaces
[1.394s] -- Up-to-date: /home/david/esha_ws/install/interfaces/share/interfaces/msg/SensorData.json
[1.395s] -- Up-to-date: /home/david/esha_ws/install/interfaces/share/interfaces/msg/CurrentVelocityData.json
[1.395s] -- Up-to-date: /home/david/esha_ws/install/interfaces/share/interfaces/msg/ImuData.json
[1.395s] -- Up-to-date: /home/david/esha_ws/install/interfaces/include/interfaces/interfaces
[1.395s] -- Up-to-date: /home/david/esha_ws/install/interfaces/include/interfaces/interfaces/msg
[1.395s] -- Up-to-date: /home/david/esha_ws/install/interfaces/include/interfaces/interfaces/msg/detail
[1.396s] -- Up-to-date: /home/david/esha_ws/install/interfaces/include/interfaces/interfaces/msg/detail/imu_data__functions.c
[1.396s] -- Up-to-date: /home/david/esha_ws/install/interfaces/include/interfaces/interfaces/msg/detail/imu_data__struct.h
[1.396s] -- Up-to-date: /home/david/esha_ws/install/interfaces/include/interfaces/interfaces/msg/detail/imu_data__description.c
[1.396s] -- Up-to-date: /home/david/esha_ws/install/interfaces/include/interfaces/interfaces/msg/detail/sensor_data__struct.h
[1.396s] -- Up-to-date: /home/david/esha_ws/install/interfaces/include/interfaces/interfaces/msg/detail/sensor_data__functions.c
[1.396s] -- Installing: /home/david/esha_ws/install/interfaces/include/interfaces/interfaces/msg/detail/current_velocity_data__type_support.c
[1.397s] -- Up-to-date: /home/david/esha_ws/install/interfaces/include/interfaces/interfaces/msg/detail/current_velocity_data__type_support.h
[1.397s] -- Up-to-date: /home/david/esha_ws/install/interfaces/include/interfaces/interfaces/msg/detail/sensor_data__type_support.h
[1.397s] -- Installing: /home/david/esha_ws/install/interfaces/include/interfaces/interfaces/msg/detail/imu_data__type_support.c
[1.397s] -- Up-to-date: /home/david/esha_ws/install/interfaces/include/interfaces/interfaces/msg/detail/sensor_data__functions.h
[1.397s] -- Up-to-date: /home/david/esha_ws/install/interfaces/include/interfaces/interfaces/msg/detail/sensor_data__description.c
[1.397s] -- Installing: /home/david/esha_ws/install/interfaces/include/interfaces/interfaces/msg/detail/sensor_data__type_support.c
[1.397s] -- Up-to-date: /home/david/esha_ws/install/interfaces/include/interfaces/interfaces/msg/detail/current_velocity_data__functions.c
[1.398s] -- Up-to-date: /home/david/esha_ws/install/interfaces/include/interfaces/interfaces/msg/detail/current_velocity_data__functions.h
[1.398s] -- Up-to-date: /home/david/esha_ws/install/interfaces/include/interfaces/interfaces/msg/detail/imu_data__type_support.h
[1.398s] -- Up-to-date: /home/david/esha_ws/install/interfaces/include/interfaces/interfaces/msg/detail/current_velocity_data__struct.h
[1.398s] -- Up-to-date: /home/david/esha_ws/install/interfaces/include/interfaces/interfaces/msg/detail/imu_data__functions.h
[1.398s] -- Up-to-date: /home/david/esha_ws/install/interfaces/include/interfaces/interfaces/msg/detail/current_velocity_data__description.c
[1.399s] -- Up-to-date: /home/david/esha_ws/install/interfaces/include/interfaces/interfaces/msg/current_velocity_data.h
[1.399s] -- Up-to-date: /home/david/esha_ws/install/interfaces/include/interfaces/interfaces/msg/imu_data.h
[1.399s] -- Up-to-date: /home/david/esha_ws/install/interfaces/include/interfaces/interfaces/msg/rosidl_generator_c__visibility_control.h
[1.399s] -- Up-to-date: /home/david/esha_ws/install/interfaces/include/interfaces/interfaces/msg/sensor_data.h
[1.399s] -- Up-to-date: /home/david/esha_ws/install/interfaces/share/interfaces/environment/library_path.sh
[1.399s] -- Up-to-date: /home/david/esha_ws/install/interfaces/share/interfaces/environment/library_path.dsv
[1.399s] -- Up-to-date: /home/david/esha_ws/install/interfaces/lib/libinterfaces__rosidl_generator_c.so
[1.400s] -- Up-to-date: /home/david/esha_ws/install/interfaces/include/interfaces/interfaces
[1.400s] -- Up-to-date: /home/david/esha_ws/install/interfaces/include/interfaces/interfaces/msg
[1.400s] -- Up-to-date: /home/david/esha_ws/install/interfaces/include/interfaces/interfaces/msg/detail
[1.400s] -- Up-to-date: /home/david/esha_ws/install/interfaces/include/interfaces/interfaces/msg/detail/sensor_data__rosidl_typesupport_fastrtps_c.h
[1.400s] -- Up-to-date: /home/david/esha_ws/install/interfaces/include/interfaces/interfaces/msg/detail/imu_data__rosidl_typesupport_fastrtps_c.h
[1.400s] -- Up-to-date: /home/david/esha_ws/install/interfaces/include/interfaces/interfaces/msg/detail/current_velocity_data__rosidl_typesupport_fastrtps_c.h
[1.401s] -- Up-to-date: /home/david/esha_ws/install/interfaces/include/interfaces/interfaces/msg/rosidl_typesupport_fastrtps_c__visibility_control.h
[1.401s] -- Up-to-date: /home/david/esha_ws/install/interfaces/lib/libinterfaces__rosidl_typesupport_fastrtps_c.so
[1.401s] -- Up-to-date: /home/david/esha_ws/install/interfaces/include/interfaces/interfaces
[1.402s] -- Up-to-date: /home/david/esha_ws/install/interfaces/include/interfaces/interfaces/msg
[1.402s] -- Up-to-date: /home/david/esha_ws/install/interfaces/include/interfaces/interfaces/msg/detail
[1.402s] -- Up-to-date: /home/david/esha_ws/install/interfaces/include/interfaces/interfaces/msg/detail/imu_data__rosidl_typesupport_introspection_c.h
[1.402s] -- Installing: /home/david/esha_ws/install/interfaces/include/interfaces/interfaces/msg/detail/current_velocity_data__type_support.c
[1.403s] -- Installing: /home/david/esha_ws/install/interfaces/include/interfaces/interfaces/msg/detail/imu_data__type_support.c
[1.403s] -- Installing: /home/david/esha_ws/install/interfaces/include/interfaces/interfaces/msg/detail/sensor_data__type_support.c
[1.405s] -- Up-to-date: /home/david/esha_ws/install/interfaces/include/interfaces/interfaces/msg/detail/current_velocity_data__rosidl_typesupport_introspection_c.h
[1.405s] -- Up-to-date: /home/david/esha_ws/install/interfaces/include/interfaces/interfaces/msg/detail/sensor_data__rosidl_typesupport_introspection_c.h
[1.405s] -- Up-to-date: /home/david/esha_ws/install/interfaces/include/interfaces/interfaces/msg/rosidl_typesupport_introspection_c__visibility_control.h
[1.406s] -- Up-to-date: /home/david/esha_ws/install/interfaces/lib/libinterfaces__rosidl_typesupport_introspection_c.so
[1.407s] -- Up-to-date: /home/david/esha_ws/install/interfaces/lib/libinterfaces__rosidl_typesupport_c.so
[1.407s] -- Up-to-date: /home/david/esha_ws/install/interfaces/include/interfaces/interfaces
[1.407s] -- Up-to-date: /home/david/esha_ws/install/interfaces/include/interfaces/interfaces/msg
[1.408s] -- Up-to-date: /home/david/esha_ws/install/interfaces/include/interfaces/interfaces/msg/detail
[1.409s] -- Up-to-date: /home/david/esha_ws/install/interfaces/include/interfaces/interfaces/msg/detail/sensor_data__type_support.hpp
[1.409s] -- Up-to-date: /home/david/esha_ws/install/interfaces/include/interfaces/interfaces/msg/detail/sensor_data__builder.hpp
[1.410s] -- Up-to-date: /home/david/esha_ws/install/interfaces/include/interfaces/interfaces/msg/detail/sensor_data__struct.hpp
[1.410s] -- Up-to-date: /home/david/esha_ws/install/interfaces/include/interfaces/interfaces/msg/detail/current_velocity_data__traits.hpp
[1.410s] -- Up-to-date: /home/david/esha_ws/install/interfaces/include/interfaces/interfaces/msg/detail/current_velocity_data__builder.hpp
[1.410s] -- Up-to-date: /home/david/esha_ws/install/interfaces/include/interfaces/interfaces/msg/detail/imu_data__traits.hpp
[1.410s] -- Up-to-date: /home/david/esha_ws/install/interfaces/include/interfaces/interfaces/msg/detail/current_velocity_data__struct.hpp
[1.410s] -- Up-to-date: /home/david/esha_ws/install/interfaces/include/interfaces/interfaces/msg/detail/imu_data__struct.hpp
[1.410s] -- Up-to-date: /home/david/esha_ws/install/interfaces/include/interfaces/interfaces/msg/detail/sensor_data__traits.hpp
[1.411s] -- Up-to-date: /home/david/esha_ws/install/interfaces/include/interfaces/interfaces/msg/detail/imu_data__type_support.hpp
[1.411s] -- Up-to-date: /home/david/esha_ws/install/interfaces/include/interfaces/interfaces/msg/detail/imu_data__builder.hpp
[1.411s] -- Up-to-date: /home/david/esha_ws/install/interfaces/include/interfaces/interfaces/msg/detail/current_velocity_data__type_support.hpp
[1.412s] -- Up-to-date: /home/david/esha_ws/install/interfaces/include/interfaces/interfaces/msg/imu_data.hpp
[1.412s] -- Up-to-date: /home/david/esha_ws/install/interfaces/include/interfaces/interfaces/msg/current_velocity_data.hpp
[1.412s] -- Up-to-date: /home/david/esha_ws/install/interfaces/include/interfaces/interfaces/msg/rosidl_generator_cpp__visibility_control.hpp
[1.412s] -- Up-to-date: /home/david/esha_ws/install/interfaces/include/interfaces/interfaces/msg/sensor_data.hpp
[1.412s] -- Up-to-date: /home/david/esha_ws/install/interfaces/include/interfaces/interfaces
[1.413s] -- Up-to-date: /home/david/esha_ws/install/interfaces/include/interfaces/interfaces/msg
[1.413s] -- Up-to-date: /home/david/esha_ws/install/interfaces/include/interfaces/interfaces/msg/detail
[1.413s] -- Up-to-date: /home/david/esha_ws/install/interfaces/include/interfaces/interfaces/msg/detail/current_velocity_data__rosidl_typesupport_fastrtps_cpp.hpp
[1.413s] -- Up-to-date: /home/david/esha_ws/install/interfaces/include/interfaces/interfaces/msg/detail/dds_fastrtps
[1.413s] -- Up-to-date: /home/david/esha_ws/install/interfaces/include/interfaces/interfaces/msg/detail/imu_data__rosidl_typesupport_fastrtps_cpp.hpp
[1.414s] -- Up-to-date: /home/david/esha_ws/install/interfaces/include/interfaces/interfaces/msg/detail/sensor_data__rosidl_typesupport_fastrtps_cpp.hpp
[1.414s] -- Up-to-date: /home/david/esha_ws/install/interfaces/include/interfaces/interfaces/msg/rosidl_typesupport_fastrtps_cpp__visibility_control.h
[1.414s] -- Up-to-date: /home/david/esha_ws/install/interfaces/lib/libinterfaces__rosidl_typesupport_fastrtps_cpp.so
[1.415s] -- Up-to-date: /home/david/esha_ws/install/interfaces/include/interfaces/interfaces
[1.415s] -- Up-to-date: /home/david/esha_ws/install/interfaces/include/interfaces/interfaces/msg
[1.415s] -- Up-to-date: /home/david/esha_ws/install/interfaces/include/interfaces/interfaces/msg/detail
[1.416s] -- Up-to-date: /home/david/esha_ws/install/interfaces/include/interfaces/interfaces/msg/detail/imu_data__type_support.cpp
[1.416s] -- Up-to-date: /home/david/esha_ws/install/interfaces/include/interfaces/interfaces/msg/detail/imu_data__rosidl_typesupport_introspection_cpp.hpp
[1.416s] -- Up-to-date: /home/david/esha_ws/install/interfaces/include/interfaces/interfaces/msg/detail/current_velocity_data__rosidl_typesupport_introspection_cpp.hpp
[1.416s] -- Up-to-date: /home/david/esha_ws/install/interfaces/include/interfaces/interfaces/msg/detail/sensor_data__rosidl_typesupport_introspection_cpp.hpp
[1.416s] -- Up-to-date: /home/david/esha_ws/install/interfaces/include/interfaces/interfaces/msg/detail/sensor_data__type_support.cpp
[1.417s] -- Up-to-date: /home/david/esha_ws/install/interfaces/include/interfaces/interfaces/msg/detail/current_velocity_data__type_support.cpp
[1.417s] -- Up-to-date: /home/david/esha_ws/install/interfaces/lib/libinterfaces__rosidl_typesupport_introspection_cpp.so
[1.418s] -- Up-to-date: /home/david/esha_ws/install/interfaces/lib/libinterfaces__rosidl_typesupport_cpp.so
[1.420s] -- Up-to-date: /home/david/esha_ws/install/interfaces/share/interfaces/environment/pythonpath.sh
[1.420s] -- Up-to-date: /home/david/esha_ws/install/interfaces/share/interfaces/environment/pythonpath.dsv
[1.420s] -- Up-to-date: /home/david/esha_ws/install/interfaces/lib/python3.12/site-packages/interfaces-0.0.0-py3.12.egg-info
[1.421s] -- Installing: /home/david/esha_ws/install/interfaces/lib/python3.12/site-packages/interfaces-0.0.0-py3.12.egg-info/PKG-INFO
[1.421s] -- Installing: /home/david/esha_ws/install/interfaces/lib/python3.12/site-packages/interfaces-0.0.0-py3.12.egg-info/SOURCES.txt
[1.421s] -- Installing: /home/david/esha_ws/install/interfaces/lib/python3.12/site-packages/interfaces-0.0.0-py3.12.egg-info/top_level.txt
[1.422s] -- Installing: /home/david/esha_ws/install/interfaces/lib/python3.12/site-packages/interfaces-0.0.0-py3.12.egg-info/dependency_links.txt
[1.423s] -- Up-to-date: /home/david/esha_ws/install/interfaces/lib/python3.12/site-packages/interfaces
[1.423s] -- Up-to-date: /home/david/esha_ws/install/interfaces/lib/python3.12/site-packages/interfaces/interfaces_s__rosidl_typesupport_introspection_c.so
[1.423s] -- Up-to-date: /home/david/esha_ws/install/interfaces/lib/python3.12/site-packages/interfaces/interfaces_s__rosidl_typesupport_c.so
[1.423s] -- Up-to-date: /home/david/esha_ws/install/interfaces/lib/python3.12/site-packages/interfaces/msg
[1.424s] -- Up-to-date: /home/david/esha_ws/install/interfaces/lib/python3.12/site-packages/interfaces/msg/_current_velocity_data.py
[1.424s] -- Up-to-date: /home/david/esha_ws/install/interfaces/lib/python3.12/site-packages/interfaces/msg/_sensor_data_s.c
[1.424s] -- Up-to-date: /home/david/esha_ws/install/interfaces/lib/python3.12/site-packages/interfaces/msg/_current_velocity_data_s.c
[1.424s] -- Up-to-date: /home/david/esha_ws/install/interfaces/lib/python3.12/site-packages/interfaces/msg/_imu_data.py
[1.424s] -- Up-to-date: /home/david/esha_ws/install/interfaces/lib/python3.12/site-packages/interfaces/msg/_imu_data_s.c
[1.425s] -- Up-to-date: /home/david/esha_ws/install/interfaces/lib/python3.12/site-packages/interfaces/msg/_sensor_data.py
[1.425s] -- Up-to-date: /home/david/esha_ws/install/interfaces/lib/python3.12/site-packages/interfaces/msg/__init__.py
[1.425s] -- Up-to-date: /home/david/esha_ws/install/interfaces/lib/python3.12/site-packages/interfaces/interfaces_s__rosidl_typesupport_fastrtps_c.so
[1.425s] -- Up-to-date: /home/david/esha_ws/install/interfaces/lib/python3.12/site-packages/interfaces/_interfaces_s.ep.rosidl_typesupport_introspection_c.c
[1.426s] -- Up-to-date: /home/david/esha_ws/install/interfaces/lib/python3.12/site-packages/interfaces/__init__.py
[1.426s] -- Up-to-date: /home/david/esha_ws/install/interfaces/lib/python3.12/site-packages/interfaces/_interfaces_s.ep.rosidl_typesupport_c.c
[1.426s] -- Up-to-date: /home/david/esha_ws/install/interfaces/lib/python3.12/site-packages/interfaces/_interfaces_s.ep.rosidl_typesupport_fastrtps_c.c
[1.480s] Listing '/home/david/esha_ws/install/interfaces/lib/python3.12/site-packages/interfaces'...
[1.480s] Listing '/home/david/esha_ws/install/interfaces/lib/python3.12/site-packages/interfaces/msg'...
[1.489s] -- Up-to-date: /home/david/esha_ws/install/interfaces/lib/python3.12/site-packages/interfaces/interfaces_s__rosidl_typesupport_fastrtps_c.so
[1.490s] -- Up-to-date: /home/david/esha_ws/install/interfaces/lib/python3.12/site-packages/interfaces/interfaces_s__rosidl_typesupport_introspection_c.so
[1.490s] -- Up-to-date: /home/david/esha_ws/install/interfaces/lib/python3.12/site-packages/interfaces/interfaces_s__rosidl_typesupport_c.so
[1.491s] -- Up-to-date: /home/david/esha_ws/install/interfaces/lib/libinterfaces__rosidl_generator_py.so
[1.491s] -- Up-to-date: /home/david/esha_ws/install/interfaces/share/interfaces/msg/SensorData.idl
[1.492s] -- Up-to-date: /home/david/esha_ws/install/interfaces/share/interfaces/msg/CurrentVelocityData.idl
[1.492s] -- Up-to-date: /home/david/esha_ws/install/interfaces/share/interfaces/msg/ImuData.idl
[1.492s] -- Up-to-date: /home/david/esha_ws/install/interfaces/share/interfaces/msg/SensorData.msg
[1.492s] -- Up-to-date: /home/david/esha_ws/install/interfaces/share/interfaces/msg/CurrentVelocityData.msg
[1.493s] -- Up-to-date: /home/david/esha_ws/install/interfaces/share/interfaces/msg/ImuData.msg
[1.493s] -- Up-to-date: /home/david/esha_ws/install/interfaces/share/ament_index/resource_index/package_run_dependencies/interfaces
[1.493s] -- Up-to-date: /home/david/esha_ws/install/interfaces/share/ament_index/resource_index/parent_prefix_path/interfaces
[1.493s] -- Up-to-date: /home/david/esha_ws/install/interfaces/share/interfaces/environment/ament_prefix_path.sh
[1.494s] -- Up-to-date: /home/david/esha_ws/install/interfaces/share/interfaces/environment/ament_prefix_path.dsv
[1.494s] -- Up-to-date: /home/david/esha_ws/install/interfaces/share/interfaces/environment/path.sh
[1.494s] -- Up-to-date: /home/david/esha_ws/install/interfaces/share/interfaces/environment/path.dsv
[1.494s] -- Up-to-date: /home/david/esha_ws/install/interfaces/share/interfaces/local_setup.bash
[1.494s] -- Up-to-date: /home/david/esha_ws/install/interfaces/share/interfaces/local_setup.sh
[1.495s] -- Up-to-date: /home/david/esha_ws/install/interfaces/share/interfaces/local_setup.zsh
[1.495s] -- Up-to-date: /home/david/esha_ws/install/interfaces/share/interfaces/local_setup.dsv
[1.496s] -- Installing: /home/david/esha_ws/install/interfaces/share/interfaces/package.dsv
[1.496s] -- Up-to-date: /home/david/esha_ws/install/interfaces/share/ament_index/resource_index/packages/interfaces
[1.496s] -- Up-to-date: /home/david/esha_ws/install/interfaces/share/interfaces/cmake/export_interfaces__rosidl_generator_cExport.cmake
[1.496s] -- Up-to-date: /home/david/esha_ws/install/interfaces/share/interfaces/cmake/export_interfaces__rosidl_generator_cExport-noconfig.cmake
[1.497s] -- Up-to-date: /home/david/esha_ws/install/interfaces/share/interfaces/cmake/export_interfaces__rosidl_typesupport_fastrtps_cExport.cmake
[1.497s] -- Up-to-date: /home/david/esha_ws/install/interfaces/share/interfaces/cmake/export_interfaces__rosidl_typesupport_fastrtps_cExport-noconfig.cmake
[1.497s] -- Up-to-date: /home/david/esha_ws/install/interfaces/share/interfaces/cmake/interfaces__rosidl_typesupport_introspection_cExport.cmake
[1.497s] -- Up-to-date: /home/david/esha_ws/install/interfaces/share/interfaces/cmake/interfaces__rosidl_typesupport_introspection_cExport-noconfig.cmake
[1.498s] -- Up-to-date: /home/david/esha_ws/install/interfaces/share/interfaces/cmake/interfaces__rosidl_typesupport_cExport.cmake
[1.498s] -- Up-to-date: /home/david/esha_ws/install/interfaces/share/interfaces/cmake/interfaces__rosidl_typesupport_cExport-noconfig.cmake
[1.498s] -- Up-to-date: /home/david/esha_ws/install/interfaces/share/interfaces/cmake/export_interfaces__rosidl_generator_cppExport.cmake
[1.498s] -- Up-to-date: /home/david/esha_ws/install/interfaces/share/interfaces/cmake/export_interfaces__rosidl_typesupport_fastrtps_cppExport.cmake
[1.498s] -- Up-to-date: /home/david/esha_ws/install/interfaces/share/interfaces/cmake/export_interfaces__rosidl_typesupport_fastrtps_cppExport-noconfig.cmake
[1.499s] -- Up-to-date: /home/david/esha_ws/install/interfaces/share/interfaces/cmake/interfaces__rosidl_typesupport_introspection_cppExport.cmake
[1.499s] -- Up-to-date: /home/david/esha_ws/install/interfaces/share/interfaces/cmake/interfaces__rosidl_typesupport_introspection_cppExport-noconfig.cmake
[1.499s] -- Up-to-date: /home/david/esha_ws/install/interfaces/share/interfaces/cmake/interfaces__rosidl_typesupport_cppExport.cmake
[1.499s] -- Up-to-date: /home/david/esha_ws/install/interfaces/share/interfaces/cmake/interfaces__rosidl_typesupport_cppExport-noconfig.cmake
[1.499s] -- Up-to-date: /home/david/esha_ws/install/interfaces/share/interfaces/cmake/export_interfaces__rosidl_generator_pyExport.cmake
[1.499s] -- Up-to-date: /home/david/esha_ws/install/interfaces/share/interfaces/cmake/export_interfaces__rosidl_generator_pyExport-noconfig.cmake
[1.499s] -- Up-to-date: /home/david/esha_ws/install/interfaces/share/interfaces/cmake/rosidl_cmake-extras.cmake
[1.500s] -- Up-to-date: /home/david/esha_ws/install/interfaces/share/interfaces/cmake/ament_cmake_export_include_directories-extras.cmake
[1.500s] -- Up-to-date: /home/david/esha_ws/install/interfaces/share/interfaces/cmake/ament_cmake_export_libraries-extras.cmake
[1.500s] -- Up-to-date: /home/david/esha_ws/install/interfaces/share/interfaces/cmake/ament_cmake_export_targets-extras.cmake
[1.500s] -- Up-to-date: /home/david/esha_ws/install/interfaces/share/interfaces/cmake/rosidl_cmake_export_typesupport_targets-extras.cmake
[1.500s] -- Up-to-date: /home/david/esha_ws/install/interfaces/share/interfaces/cmake/ament_cmake_export_dependencies-extras.cmake
[1.500s] -- Up-to-date: /home/david/esha_ws/install/interfaces/share/interfaces/cmake/rosidl_cmake_export_typesupport_libraries-extras.cmake
[1.500s] -- Up-to-date: /home/david/esha_ws/install/interfaces/share/interfaces/cmake/interfacesConfig.cmake
[1.501s] -- Up-to-date: /home/david/esha_ws/install/interfaces/share/interfaces/cmake/interfacesConfig-version.cmake
[1.501s] -- Up-to-date: /home/david/esha_ws/install/interfaces/share/interfaces/package.xml
[1.503s] Invoked command in '/home/david/esha_ws/build/interfaces' returned '0': CMAKE_PREFIX_PATH=${CMAKE_PREFIX_PATH}:/home/david/esha_ws/install/monitor:/home/david/esha_ws/install/inter_package:/home/david/husky_ws/install/monitor:/home/david/husky_ws/install/data_sensor:/opt/ros/jazzy DEBUGINFOD_URLS=https://debuginfod.ubuntu.com /usr/bin/cmake --install /home/david/esha_ws/build/interfaces
