/home/david/esha_ws/install/monitor/lib/python3.12/site-packages/monitor/temperature_monitor.py
/home/david/esha_ws/install/monitor/lib/python3.12/site-packages/monitor/tip_out_monitor.py
/home/david/esha_ws/install/monitor/lib/python3.12/site-packages/monitor/motor_monitor.py
/home/david/esha_ws/install/monitor/lib/python3.12/site-packages/monitor/arm_monitor.py
/home/david/esha_ws/install/monitor/lib/python3.12/site-packages/monitor/distance_monitor.py
/home/david/esha_ws/install/monitor/lib/python3.12/site-packages/monitor/__init__.py
/home/david/esha_ws/install/monitor/lib/python3.12/site-packages/monitor/carbon_monoxide_monitor.py
/home/david/esha_ws/install/monitor/lib/python3.12/site-packages/monitor/camera_monitor.py
/home/david/esha_ws/install/monitor/lib/python3.12/site-packages/monitor/__pycache__/temperature_monitor.cpython-312.pyc
/home/david/esha_ws/install/monitor/lib/python3.12/site-packages/monitor/__pycache__/tip_out_monitor.cpython-312.pyc
/home/david/esha_ws/install/monitor/lib/python3.12/site-packages/monitor/__pycache__/motor_monitor.cpython-312.pyc
/home/david/esha_ws/install/monitor/lib/python3.12/site-packages/monitor/__pycache__/arm_monitor.cpython-312.pyc
/home/david/esha_ws/install/monitor/lib/python3.12/site-packages/monitor/__pycache__/distance_monitor.cpython-312.pyc
/home/david/esha_ws/install/monitor/lib/python3.12/site-packages/monitor/__pycache__/__init__.cpython-312.pyc
/home/david/esha_ws/install/monitor/lib/python3.12/site-packages/monitor/__pycache__/carbon_monoxide_monitor.cpython-312.pyc
/home/david/esha_ws/install/monitor/lib/python3.12/site-packages/monitor/__pycache__/camera_monitor.cpython-312.pyc
/home/david/esha_ws/install/monitor/share/ament_index/resource_index/packages/monitor
/home/david/esha_ws/install/monitor/share/monitor/package.xml
/home/david/esha_ws/install/monitor/lib/python3.12/site-packages/monitor-0.0.0-py3.12.egg-info/requires.txt
/home/david/esha_ws/install/monitor/lib/python3.12/site-packages/monitor-0.0.0-py3.12.egg-info/PKG-INFO
/home/david/esha_ws/install/monitor/lib/python3.12/site-packages/monitor-0.0.0-py3.12.egg-info/SOURCES.txt
/home/david/esha_ws/install/monitor/lib/python3.12/site-packages/monitor-0.0.0-py3.12.egg-info/top_level.txt
/home/david/esha_ws/install/monitor/lib/python3.12/site-packages/monitor-0.0.0-py3.12.egg-info/dependency_links.txt
/home/david/esha_ws/install/monitor/lib/python3.12/site-packages/monitor-0.0.0-py3.12.egg-info/zip-safe
/home/david/esha_ws/install/monitor/lib/python3.12/site-packages/monitor-0.0.0-py3.12.egg-info/entry_points.txt
/home/david/esha_ws/install/monitor/lib/monitor/arm_monitor
/home/david/esha_ws/install/monitor/lib/monitor/camera_monitor
/home/david/esha_ws/install/monitor/lib/monitor/carbon_monoxide_monitor
/home/david/esha_ws/install/monitor/lib/monitor/distance_monitor
/home/david/esha_ws/install/monitor/lib/monitor/motor_monitor
/home/david/esha_ws/install/monitor/lib/monitor/temperature_monitor
/home/david/esha_ws/install/monitor/lib/monitor/tip_out_monitor
