[14.025s] Invoking command in '/home/david/esha_ws/src/inter_package': DEBUGINFOD_URLS=https://debuginfod.ubuntu.com PYTHONPATH=/home/david/esha_ws/build/inter_package/prefix_override:/usr/lib/python3/dist-packages/colcon_core/task/python/colcon_distutils_commands:/home/david/esha_ws/install/inter_package/lib/python3.12/site-packages:${PYTHONPATH} /usr/bin/python3 -W ignore:setup.py install is deprecated -W ignore:easy_install command is deprecated setup.py egg_info --egg-base ../../build/inter_package build --build-base /home/david/esha_ws/build/inter_package/build install --record /home/david/esha_ws/build/inter_package/install.log --single-version-externally-managed install_data
[14.446s] running egg_info
[14.484s] writing ../../build/inter_package/inter_package.egg-info/PKG-INFO
[14.484s] writing dependency_links to ../../build/inter_package/inter_package.egg-info/dependency_links.txt
[14.484s] writing entry points to ../../build/inter_package/inter_package.egg-info/entry_points.txt
[14.484s] writing requirements to ../../build/inter_package/inter_package.egg-info/requires.txt
[14.485s] writing top-level names to ../../build/inter_package/inter_package.egg-info/top_level.txt
[14.548s] reading manifest file '../../build/inter_package/inter_package.egg-info/SOURCES.txt'
[14.573s] adding license file 'LICENSE'
[14.574s] writing manifest file '../../build/inter_package/inter_package.egg-info/SOURCES.txt'
[14.574s] running build
[14.575s] running build_py
[14.575s] copying inter_package/motor_current_node_talker.py -> /home/david/esha_ws/build/inter_package/build/lib/inter_package
[14.576s] running install
[14.584s] running install_lib
[14.616s] copying /home/david/esha_ws/build/inter_package/build/lib/inter_package/motor_current_node_talker.py -> /home/david/esha_ws/install/inter_package/lib/python3.12/site-packages/inter_package
[14.618s] byte-compiling /home/david/esha_ws/install/inter_package/lib/python3.12/site-packages/inter_package/motor_current_node_talker.py to motor_current_node_talker.cpython-312.pyc
[14.619s] running install_data
[14.619s] running install_egg_info
[14.659s] removing '/home/david/esha_ws/install/inter_package/lib/python3.12/site-packages/inter_package-0.0.0-py3.12.egg-info' (and everything under it)
[14.659s] Copying ../../build/inter_package/inter_package.egg-info to /home/david/esha_ws/install/inter_package/lib/python3.12/site-packages/inter_package-0.0.0-py3.12.egg-info
[14.677s] running install_scripts
[14.897s] Installing arm_current_node script to /home/david/esha_ws/install/inter_package/lib/inter_package
[14.897s] Installing camera_node script to /home/david/esha_ws/install/inter_package/lib/inter_package
[14.897s] Installing co_node script to /home/david/esha_ws/install/inter_package/lib/inter_package
[14.897s] Installing imu_node script to /home/david/esha_ws/install/inter_package/lib/inter_package
[14.898s] Installing motor_current_node script to /home/david/esha_ws/install/inter_package/lib/inter_package
[14.898s] Installing temperature_node script to /home/david/esha_ws/install/inter_package/lib/inter_package
[14.898s] Installing ultrasonic_node script to /home/david/esha_ws/install/inter_package/lib/inter_package
[14.898s] Installing velocity_node script to /home/david/esha_ws/install/inter_package/lib/inter_package
[14.899s] writing list of installed files to '/home/david/esha_ws/build/inter_package/install.log'
[14.943s] Invoked command in '/home/david/esha_ws/src/inter_package' returned '0': DEBUGINFOD_URLS=https://debuginfod.ubuntu.com PYTHONPATH=/home/david/esha_ws/build/inter_package/prefix_override:/usr/lib/python3/dist-packages/colcon_core/task/python/colcon_distutils_commands:/home/david/esha_ws/install/inter_package/lib/python3.12/site-packages:${PYTHONPATH} /usr/bin/python3 -W ignore:setup.py install is deprecated -W ignore:easy_install command is deprecated setup.py egg_info --egg-base ../../build/inter_package build --build-base /home/david/esha_ws/build/inter_package/build install --record /home/david/esha_ws/build/inter_package/install.log --single-version-externally-managed install_data
