[0.480s] Invoking command in '/home/david/esha_ws/build/rosmonitoring_interfaces': CMAKE_PREFIX_PATH=${CMAKE_PREFIX_PATH}:/home/david/esha_ws/install/monitor:/home/david/esha_ws/install/inter_package:/opt/ros/jazzy DEBUGINFOD_URLS=https://debuginfod.ubuntu.com /usr/bin/cmake --build /home/david/esha_ws/build/rosmonitoring_interfaces -- -j8 -l8
[1.141s] [  2%] Built target rosmonitoring_interfaces__rosidl_generator_type_description
[1.171s] [  5%] Built target rosmonitoring_interfaces__cpp
[1.285s] [ 20%] Built target rosmonitoring_interfaces__rosidl_generator_c
[1.418s] [ 29%] Built target rosmonitoring_interfaces__rosidl_typesupport_c
[1.423s] [ 29%] Built target ament_cmake_python_copy_rosmonitoring_interfaces
[1.461s] [ 38%] Built target rosmonitoring_interfaces__rosidl_typesupport_cpp
[1.467s] [ 47%] Built target rosmonitoring_interfaces__rosidl_typesupport_introspection_c
[1.487s] [ 55%] Built target rosmonitoring_interfaces__rosidl_typesupport_introspection_cpp
[1.519s] [ 64%] Built target rosmonitoring_interfaces__rosidl_typesupport_fastrtps_cpp
[1.537s] [ 73%] Built target rosmonitoring_interfaces__rosidl_typesupport_fastrtps_c
[1.572s] [ 73%] Built target rosmonitoring_interfaces
[1.679s] [ 76%] Built target rosmonitoring_interfaces__py
[1.876s] [ 82%] Built target rosmonitoring_interfaces__rosidl_generator_py
[1.984s] running egg_info
[2.015s] writing rosmonitoring_interfaces.egg-info/PKG-INFO
[2.015s] writing dependency_links to rosmonitoring_interfaces.egg-info/dependency_links.txt
[2.016s] writing top-level names to rosmonitoring_interfaces.egg-info/top_level.txt
[2.110s] reading manifest file 'rosmonitoring_interfaces.egg-info/SOURCES.txt'
[2.143s] writing manifest file 'rosmonitoring_interfaces.egg-info/SOURCES.txt'
[2.178s] [ 88%] Built target rosmonitoring_interfaces_s__rosidl_typesupport_c
[2.182s] [ 94%] Built target rosmonitoring_interfaces_s__rosidl_typesupport_introspection_c
[2.187s] [100%] Built target rosmonitoring_interfaces_s__rosidl_typesupport_fastrtps_c
[2.195s] [100%] Built target ament_cmake_python_build_rosmonitoring_interfaces_egg
[2.209s] Invoked command in '/home/david/esha_ws/build/rosmonitoring_interfaces' returned '0': CMAKE_PREFIX_PATH=${CMAKE_PREFIX_PATH}:/home/david/esha_ws/install/monitor:/home/david/esha_ws/install/inter_package:/opt/ros/jazzy DEBUGINFOD_URLS=https://debuginfod.ubuntu.com /usr/bin/cmake --build /home/david/esha_ws/build/rosmonitoring_interfaces -- -j8 -l8
[2.275s] Invoking command in '/home/david/esha_ws/build/rosmonitoring_interfaces': CMAKE_PREFIX_PATH=${CMAKE_PREFIX_PATH}:/home/david/esha_ws/install/monitor:/home/david/esha_ws/install/inter_package:/opt/ros/jazzy DEBUGINFOD_URLS=https://debuginfod.ubuntu.com /usr/bin/cmake --install /home/david/esha_ws/build/rosmonitoring_interfaces
[2.285s] -- Install configuration: ""
[2.317s] -- Up-to-date: /home/david/esha_ws/install/rosmonitoring_interfaces/share/ament_index/resource_index/rosidl_interfaces/rosmonitoring_interfaces
[2.317s] -- Up-to-date: /home/david/esha_ws/install/rosmonitoring_interfaces/share/rosmonitoring_interfaces/msg/MonitorError.json
[2.317s] -- Up-to-date: /home/david/esha_ws/install/rosmonitoring_interfaces/include/rosmonitoring_interfaces/rosmonitoring_interfaces
[2.317s] -- Up-to-date: /home/david/esha_ws/install/rosmonitoring_interfaces/include/rosmonitoring_interfaces/rosmonitoring_interfaces/msg
[2.318s] -- Up-to-date: /home/david/esha_ws/install/rosmonitoring_interfaces/include/rosmonitoring_interfaces/rosmonitoring_interfaces/msg/detail
[2.318s] -- Installing: /home/david/esha_ws/install/rosmonitoring_interfaces/include/rosmonitoring_interfaces/rosmonitoring_interfaces/msg/detail/monitor_error__type_support.c
[2.318s] -- Up-to-date: /home/david/esha_ws/install/rosmonitoring_interfaces/include/rosmonitoring_interfaces/rosmonitoring_interfaces/msg/detail/monitor_error__functions.h
[2.318s] -- Up-to-date: /home/david/esha_ws/install/rosmonitoring_interfaces/include/rosmonitoring_interfaces/rosmonitoring_interfaces/msg/detail/monitor_error__functions.c
[2.318s] -- Up-to-date: /home/david/esha_ws/install/rosmonitoring_interfaces/include/rosmonitoring_interfaces/rosmonitoring_interfaces/msg/detail/monitor_error__description.c
[2.318s] -- Up-to-date: /home/david/esha_ws/install/rosmonitoring_interfaces/include/rosmonitoring_interfaces/rosmonitoring_interfaces/msg/detail/monitor_error__type_support.h
[2.318s] -- Up-to-date: /home/david/esha_ws/install/rosmonitoring_interfaces/include/rosmonitoring_interfaces/rosmonitoring_interfaces/msg/detail/monitor_error__struct.h
[2.318s] -- Up-to-date: /home/david/esha_ws/install/rosmonitoring_interfaces/include/rosmonitoring_interfaces/rosmonitoring_interfaces/msg/monitor_error.h
[2.318s] -- Up-to-date: /home/david/esha_ws/install/rosmonitoring_interfaces/include/rosmonitoring_interfaces/rosmonitoring_interfaces/msg/rosidl_generator_c__visibility_control.h
[2.318s] -- Up-to-date: /home/david/esha_ws/install/rosmonitoring_interfaces/share/rosmonitoring_interfaces/environment/library_path.sh
[2.318s] -- Up-to-date: /home/david/esha_ws/install/rosmonitoring_interfaces/share/rosmonitoring_interfaces/environment/library_path.dsv
[2.331s] -- Up-to-date: /home/david/esha_ws/install/rosmonitoring_interfaces/lib/librosmonitoring_interfaces__rosidl_generator_c.so
[2.332s] -- Up-to-date: /home/david/esha_ws/install/rosmonitoring_interfaces/include/rosmonitoring_interfaces/rosmonitoring_interfaces
[2.332s] -- Up-to-date: /home/david/esha_ws/install/rosmonitoring_interfaces/include/rosmonitoring_interfaces/rosmonitoring_interfaces/msg
[2.332s] -- Up-to-date: /home/david/esha_ws/install/rosmonitoring_interfaces/include/rosmonitoring_interfaces/rosmonitoring_interfaces/msg/detail
[2.332s] -- Up-to-date: /home/david/esha_ws/install/rosmonitoring_interfaces/include/rosmonitoring_interfaces/rosmonitoring_interfaces/msg/detail/monitor_error__rosidl_typesupport_fastrtps_c.h
[2.332s] -- Up-to-date: /home/david/esha_ws/install/rosmonitoring_interfaces/include/rosmonitoring_interfaces/rosmonitoring_interfaces/msg/rosidl_typesupport_fastrtps_c__visibility_control.h
[2.366s] -- Up-to-date: /home/david/esha_ws/install/rosmonitoring_interfaces/lib/librosmonitoring_interfaces__rosidl_typesupport_fastrtps_c.so
[2.366s] -- Up-to-date: /home/david/esha_ws/install/rosmonitoring_interfaces/include/rosmonitoring_interfaces/rosmonitoring_interfaces
[2.366s] -- Up-to-date: /home/david/esha_ws/install/rosmonitoring_interfaces/include/rosmonitoring_interfaces/rosmonitoring_interfaces/msg
[2.367s] -- Up-to-date: /home/david/esha_ws/install/rosmonitoring_interfaces/include/rosmonitoring_interfaces/rosmonitoring_interfaces/msg/detail
[2.367s] -- Installing: /home/david/esha_ws/install/rosmonitoring_interfaces/include/rosmonitoring_interfaces/rosmonitoring_interfaces/msg/detail/monitor_error__type_support.c
[2.367s] -- Up-to-date: /home/david/esha_ws/install/rosmonitoring_interfaces/include/rosmonitoring_interfaces/rosmonitoring_interfaces/msg/detail/monitor_error__rosidl_typesupport_introspection_c.h
[2.367s] -- Up-to-date: /home/david/esha_ws/install/rosmonitoring_interfaces/include/rosmonitoring_interfaces/rosmonitoring_interfaces/msg/rosidl_typesupport_introspection_c__visibility_control.h
[2.400s] -- Up-to-date: /home/david/esha_ws/install/rosmonitoring_interfaces/lib/librosmonitoring_interfaces__rosidl_typesupport_introspection_c.so
[2.411s] -- Up-to-date: /home/david/esha_ws/install/rosmonitoring_interfaces/lib/librosmonitoring_interfaces__rosidl_typesupport_c.so
[2.411s] -- Up-to-date: /home/david/esha_ws/install/rosmonitoring_interfaces/include/rosmonitoring_interfaces/rosmonitoring_interfaces
[2.411s] -- Up-to-date: /home/david/esha_ws/install/rosmonitoring_interfaces/include/rosmonitoring_interfaces/rosmonitoring_interfaces/msg
[2.412s] -- Up-to-date: /home/david/esha_ws/install/rosmonitoring_interfaces/include/rosmonitoring_interfaces/rosmonitoring_interfaces/msg/detail
[2.412s] -- Up-to-date: /home/david/esha_ws/install/rosmonitoring_interfaces/include/rosmonitoring_interfaces/rosmonitoring_interfaces/msg/detail/monitor_error__traits.hpp
[2.412s] -- Up-to-date: /home/david/esha_ws/install/rosmonitoring_interfaces/include/rosmonitoring_interfaces/rosmonitoring_interfaces/msg/detail/monitor_error__builder.hpp
[2.412s] -- Up-to-date: /home/david/esha_ws/install/rosmonitoring_interfaces/include/rosmonitoring_interfaces/rosmonitoring_interfaces/msg/detail/monitor_error__struct.hpp
[2.412s] -- Up-to-date: /home/david/esha_ws/install/rosmonitoring_interfaces/include/rosmonitoring_interfaces/rosmonitoring_interfaces/msg/detail/monitor_error__type_support.hpp
[2.412s] -- Up-to-date: /home/david/esha_ws/install/rosmonitoring_interfaces/include/rosmonitoring_interfaces/rosmonitoring_interfaces/msg/rosidl_generator_cpp__visibility_control.hpp
[2.412s] -- Up-to-date: /home/david/esha_ws/install/rosmonitoring_interfaces/include/rosmonitoring_interfaces/rosmonitoring_interfaces/msg/monitor_error.hpp
[2.412s] -- Up-to-date: /home/david/esha_ws/install/rosmonitoring_interfaces/include/rosmonitoring_interfaces/rosmonitoring_interfaces
[2.412s] -- Up-to-date: /home/david/esha_ws/install/rosmonitoring_interfaces/include/rosmonitoring_interfaces/rosmonitoring_interfaces/msg
[2.413s] -- Up-to-date: /home/david/esha_ws/install/rosmonitoring_interfaces/include/rosmonitoring_interfaces/rosmonitoring_interfaces/msg/detail
[2.413s] -- Up-to-date: /home/david/esha_ws/install/rosmonitoring_interfaces/include/rosmonitoring_interfaces/rosmonitoring_interfaces/msg/detail/monitor_error__rosidl_typesupport_fastrtps_cpp.hpp
[2.413s] -- Up-to-date: /home/david/esha_ws/install/rosmonitoring_interfaces/include/rosmonitoring_interfaces/rosmonitoring_interfaces/msg/detail/dds_fastrtps
[2.413s] -- Up-to-date: /home/david/esha_ws/install/rosmonitoring_interfaces/include/rosmonitoring_interfaces/rosmonitoring_interfaces/msg/rosidl_typesupport_fastrtps_cpp__visibility_control.h
[2.456s] -- Up-to-date: /home/david/esha_ws/install/rosmonitoring_interfaces/lib/librosmonitoring_interfaces__rosidl_typesupport_fastrtps_cpp.so
[2.457s] -- Up-to-date: /home/david/esha_ws/install/rosmonitoring_interfaces/include/rosmonitoring_interfaces/rosmonitoring_interfaces
[2.457s] -- Up-to-date: /home/david/esha_ws/install/rosmonitoring_interfaces/include/rosmonitoring_interfaces/rosmonitoring_interfaces/msg
[2.457s] -- Up-to-date: /home/david/esha_ws/install/rosmonitoring_interfaces/include/rosmonitoring_interfaces/rosmonitoring_interfaces/msg/detail
[2.457s] -- Up-to-date: /home/david/esha_ws/install/rosmonitoring_interfaces/include/rosmonitoring_interfaces/rosmonitoring_interfaces/msg/detail/monitor_error__type_support.cpp
[2.457s] -- Up-to-date: /home/david/esha_ws/install/rosmonitoring_interfaces/include/rosmonitoring_interfaces/rosmonitoring_interfaces/msg/detail/monitor_error__rosidl_typesupport_introspection_cpp.hpp
[2.490s] -- Up-to-date: /home/david/esha_ws/install/rosmonitoring_interfaces/lib/librosmonitoring_interfaces__rosidl_typesupport_introspection_cpp.so
[2.523s] -- Up-to-date: /home/david/esha_ws/install/rosmonitoring_interfaces/lib/librosmonitoring_interfaces__rosidl_typesupport_cpp.so
[2.524s] -- Up-to-date: /home/david/esha_ws/install/rosmonitoring_interfaces/share/rosmonitoring_interfaces/environment/pythonpath.sh
[2.524s] -- Up-to-date: /home/david/esha_ws/install/rosmonitoring_interfaces/share/rosmonitoring_interfaces/environment/pythonpath.dsv
[2.524s] -- Up-to-date: /home/david/esha_ws/install/rosmonitoring_interfaces/lib/python3.12/site-packages/rosmonitoring_interfaces-0.0.0-py3.12.egg-info
[2.524s] -- Installing: /home/david/esha_ws/install/rosmonitoring_interfaces/lib/python3.12/site-packages/rosmonitoring_interfaces-0.0.0-py3.12.egg-info/PKG-INFO
[2.525s] -- Installing: /home/david/esha_ws/install/rosmonitoring_interfaces/lib/python3.12/site-packages/rosmonitoring_interfaces-0.0.0-py3.12.egg-info/SOURCES.txt
[2.525s] -- Installing: /home/david/esha_ws/install/rosmonitoring_interfaces/lib/python3.12/site-packages/rosmonitoring_interfaces-0.0.0-py3.12.egg-info/top_level.txt
[2.525s] -- Installing: /home/david/esha_ws/install/rosmonitoring_interfaces/lib/python3.12/site-packages/rosmonitoring_interfaces-0.0.0-py3.12.egg-info/dependency_links.txt
[2.525s] -- Up-to-date: /home/david/esha_ws/install/rosmonitoring_interfaces/lib/python3.12/site-packages/rosmonitoring_interfaces
[2.525s] -- Up-to-date: /home/david/esha_ws/install/rosmonitoring_interfaces/lib/python3.12/site-packages/rosmonitoring_interfaces/rosmonitoring_interfaces_s__rosidl_typesupport_introspection_c.so
[2.526s] -- Up-to-date: /home/david/esha_ws/install/rosmonitoring_interfaces/lib/python3.12/site-packages/rosmonitoring_interfaces/msg
[2.526s] -- Up-to-date: /home/david/esha_ws/install/rosmonitoring_interfaces/lib/python3.12/site-packages/rosmonitoring_interfaces/msg/_monitor_error_s.c
[2.526s] -- Up-to-date: /home/david/esha_ws/install/rosmonitoring_interfaces/lib/python3.12/site-packages/rosmonitoring_interfaces/msg/__init__.py
[2.526s] -- Up-to-date: /home/david/esha_ws/install/rosmonitoring_interfaces/lib/python3.12/site-packages/rosmonitoring_interfaces/msg/_monitor_error.py
[2.526s] -- Up-to-date: /home/david/esha_ws/install/rosmonitoring_interfaces/lib/python3.12/site-packages/rosmonitoring_interfaces/_rosmonitoring_interfaces_s.ep.rosidl_typesupport_c.c
[2.526s] -- Up-to-date: /home/david/esha_ws/install/rosmonitoring_interfaces/lib/python3.12/site-packages/rosmonitoring_interfaces/rosmonitoring_interfaces_s__rosidl_typesupport_c.so
[2.526s] -- Up-to-date: /home/david/esha_ws/install/rosmonitoring_interfaces/lib/python3.12/site-packages/rosmonitoring_interfaces/_rosmonitoring_interfaces_s.ep.rosidl_typesupport_fastrtps_c.c
[2.526s] -- Up-to-date: /home/david/esha_ws/install/rosmonitoring_interfaces/lib/python3.12/site-packages/rosmonitoring_interfaces/_rosmonitoring_interfaces_s.ep.rosidl_typesupport_introspection_c.c
[2.526s] -- Up-to-date: /home/david/esha_ws/install/rosmonitoring_interfaces/lib/python3.12/site-packages/rosmonitoring_interfaces/__init__.py
[2.527s] -- Up-to-date: /home/david/esha_ws/install/rosmonitoring_interfaces/lib/python3.12/site-packages/rosmonitoring_interfaces/rosmonitoring_interfaces_s__rosidl_typesupport_fastrtps_c.so
[2.701s] Listing '/home/david/esha_ws/install/rosmonitoring_interfaces/lib/python3.12/site-packages/rosmonitoring_interfaces'...
[2.702s] Listing '/home/david/esha_ws/install/rosmonitoring_interfaces/lib/python3.12/site-packages/rosmonitoring_interfaces/msg'...
[2.755s] -- Up-to-date: /home/david/esha_ws/install/rosmonitoring_interfaces/lib/python3.12/site-packages/rosmonitoring_interfaces/rosmonitoring_interfaces_s__rosidl_typesupport_fastrtps_c.so
[2.789s] -- Up-to-date: /home/david/esha_ws/install/rosmonitoring_interfaces/lib/python3.12/site-packages/rosmonitoring_interfaces/rosmonitoring_interfaces_s__rosidl_typesupport_introspection_c.so
[2.822s] -- Up-to-date: /home/david/esha_ws/install/rosmonitoring_interfaces/lib/python3.12/site-packages/rosmonitoring_interfaces/rosmonitoring_interfaces_s__rosidl_typesupport_c.so
[2.848s] -- Up-to-date: /home/david/esha_ws/install/rosmonitoring_interfaces/lib/librosmonitoring_interfaces__rosidl_generator_py.so
[2.848s] -- Up-to-date: /home/david/esha_ws/install/rosmonitoring_interfaces/share/rosmonitoring_interfaces/msg/MonitorError.idl
[2.848s] -- Up-to-date: /home/david/esha_ws/install/rosmonitoring_interfaces/share/rosmonitoring_interfaces/msg/MonitorError.msg
[2.848s] -- Up-to-date: /home/david/esha_ws/install/rosmonitoring_interfaces/share/ament_index/resource_index/package_run_dependencies/rosmonitoring_interfaces
[2.849s] -- Up-to-date: /home/david/esha_ws/install/rosmonitoring_interfaces/share/ament_index/resource_index/parent_prefix_path/rosmonitoring_interfaces
[2.849s] -- Up-to-date: /home/david/esha_ws/install/rosmonitoring_interfaces/share/rosmonitoring_interfaces/environment/ament_prefix_path.sh
[2.849s] -- Up-to-date: /home/david/esha_ws/install/rosmonitoring_interfaces/share/rosmonitoring_interfaces/environment/ament_prefix_path.dsv
[2.849s] -- Up-to-date: /home/david/esha_ws/install/rosmonitoring_interfaces/share/rosmonitoring_interfaces/environment/path.sh
[2.849s] -- Up-to-date: /home/david/esha_ws/install/rosmonitoring_interfaces/share/rosmonitoring_interfaces/environment/path.dsv
[2.849s] -- Up-to-date: /home/david/esha_ws/install/rosmonitoring_interfaces/share/rosmonitoring_interfaces/local_setup.bash
[2.850s] -- Up-to-date: /home/david/esha_ws/install/rosmonitoring_interfaces/share/rosmonitoring_interfaces/local_setup.sh
[2.850s] -- Up-to-date: /home/david/esha_ws/install/rosmonitoring_interfaces/share/rosmonitoring_interfaces/local_setup.zsh
[2.850s] -- Up-to-date: /home/david/esha_ws/install/rosmonitoring_interfaces/share/rosmonitoring_interfaces/local_setup.dsv
[2.850s] -- Installing: /home/david/esha_ws/install/rosmonitoring_interfaces/share/rosmonitoring_interfaces/package.dsv
[2.898s] -- Up-to-date: /home/david/esha_ws/install/rosmonitoring_interfaces/share/ament_index/resource_index/packages/rosmonitoring_interfaces
[2.927s] -- Up-to-date: /home/david/esha_ws/install/rosmonitoring_interfaces/share/rosmonitoring_interfaces/cmake/export_rosmonitoring_interfaces__rosidl_generator_cExport.cmake
[2.927s] -- Up-to-date: /home/david/esha_ws/install/rosmonitoring_interfaces/share/rosmonitoring_interfaces/cmake/export_rosmonitoring_interfaces__rosidl_generator_cExport-noconfig.cmake
[3.038s] -- Up-to-date: /home/david/esha_ws/install/rosmonitoring_interfaces/share/rosmonitoring_interfaces/cmake/export_rosmonitoring_interfaces__rosidl_typesupport_fastrtps_cExport.cmake
[3.038s] -- Up-to-date: /home/david/esha_ws/install/rosmonitoring_interfaces/share/rosmonitoring_interfaces/cmake/export_rosmonitoring_interfaces__rosidl_typesupport_fastrtps_cExport-noconfig.cmake
[3.075s] -- Up-to-date: /home/david/esha_ws/install/rosmonitoring_interfaces/share/rosmonitoring_interfaces/cmake/rosmonitoring_interfaces__rosidl_typesupport_introspection_cExport.cmake
[3.075s] -- Up-to-date: /home/david/esha_ws/install/rosmonitoring_interfaces/share/rosmonitoring_interfaces/cmake/rosmonitoring_interfaces__rosidl_typesupport_introspection_cExport-noconfig.cmake
[3.116s] -- Up-to-date: /home/david/esha_ws/install/rosmonitoring_interfaces/share/rosmonitoring_interfaces/cmake/rosmonitoring_interfaces__rosidl_typesupport_cExport.cmake
[3.119s] -- Up-to-date: /home/david/esha_ws/install/rosmonitoring_interfaces/share/rosmonitoring_interfaces/cmake/rosmonitoring_interfaces__rosidl_typesupport_cExport-noconfig.cmake
[3.161s] -- Up-to-date: /home/david/esha_ws/install/rosmonitoring_interfaces/share/rosmonitoring_interfaces/cmake/export_rosmonitoring_interfaces__rosidl_generator_cppExport.cmake
[3.161s] -- Up-to-date: /home/david/esha_ws/install/rosmonitoring_interfaces/share/rosmonitoring_interfaces/cmake/export_rosmonitoring_interfaces__rosidl_typesupport_fastrtps_cppExport.cmake
[3.161s] -- Up-to-date: /home/david/esha_ws/install/rosmonitoring_interfaces/share/rosmonitoring_interfaces/cmake/export_rosmonitoring_interfaces__rosidl_typesupport_fastrtps_cppExport-noconfig.cmake
[3.276s] -- Up-to-date: /home/david/esha_ws/install/rosmonitoring_interfaces/share/rosmonitoring_interfaces/cmake/rosmonitoring_interfaces__rosidl_typesupport_introspection_cppExport.cmake
[3.277s] -- Up-to-date: /home/david/esha_ws/install/rosmonitoring_interfaces/share/rosmonitoring_interfaces/cmake/rosmonitoring_interfaces__rosidl_typesupport_introspection_cppExport-noconfig.cmake
[3.334s] -- Up-to-date: /home/david/esha_ws/install/rosmonitoring_interfaces/share/rosmonitoring_interfaces/cmake/rosmonitoring_interfaces__rosidl_typesupport_cppExport.cmake
[3.334s] -- Up-to-date: /home/david/esha_ws/install/rosmonitoring_interfaces/share/rosmonitoring_interfaces/cmake/rosmonitoring_interfaces__rosidl_typesupport_cppExport-noconfig.cmake
[3.334s] -- Up-to-date: /home/david/esha_ws/install/rosmonitoring_interfaces/share/rosmonitoring_interfaces/cmake/export_rosmonitoring_interfaces__rosidl_generator_pyExport.cmake
[3.335s] -- Up-to-date: /home/david/esha_ws/install/rosmonitoring_interfaces/share/rosmonitoring_interfaces/cmake/export_rosmonitoring_interfaces__rosidl_generator_pyExport-noconfig.cmake
[3.335s] -- Up-to-date: /home/david/esha_ws/install/rosmonitoring_interfaces/share/rosmonitoring_interfaces/cmake/rosidl_cmake-extras.cmake
[3.335s] -- Up-to-date: /home/david/esha_ws/install/rosmonitoring_interfaces/share/rosmonitoring_interfaces/cmake/ament_cmake_export_include_directories-extras.cmake
[3.335s] -- Up-to-date: /home/david/esha_ws/install/rosmonitoring_interfaces/share/rosmonitoring_interfaces/cmake/ament_cmake_export_libraries-extras.cmake
[3.335s] -- Up-to-date: /home/david/esha_ws/install/rosmonitoring_interfaces/share/rosmonitoring_interfaces/cmake/ament_cmake_export_targets-extras.cmake
[3.335s] -- Up-to-date: /home/david/esha_ws/install/rosmonitoring_interfaces/share/rosmonitoring_interfaces/cmake/rosidl_cmake_export_typesupport_targets-extras.cmake
[3.335s] -- Up-to-date: /home/david/esha_ws/install/rosmonitoring_interfaces/share/rosmonitoring_interfaces/cmake/ament_cmake_export_dependencies-extras.cmake
[3.335s] -- Up-to-date: /home/david/esha_ws/install/rosmonitoring_interfaces/share/rosmonitoring_interfaces/cmake/rosidl_cmake_export_typesupport_libraries-extras.cmake
[3.336s] -- Up-to-date: /home/david/esha_ws/install/rosmonitoring_interfaces/share/rosmonitoring_interfaces/cmake/rosmonitoring_interfacesConfig.cmake
[3.336s] -- Up-to-date: /home/david/esha_ws/install/rosmonitoring_interfaces/share/rosmonitoring_interfaces/cmake/rosmonitoring_interfacesConfig-version.cmake
[3.336s] -- Up-to-date: /home/david/esha_ws/install/rosmonitoring_interfaces/share/rosmonitoring_interfaces/package.xml
[3.404s] Invoked command in '/home/david/esha_ws/build/rosmonitoring_interfaces' returned '0': CMAKE_PREFIX_PATH=${CMAKE_PREFIX_PATH}:/home/david/esha_ws/install/monitor:/home/david/esha_ws/install/inter_package:/opt/ros/jazzy DEBUGINFOD_URLS=https://debuginfod.ubuntu.com /usr/bin/cmake --install /home/david/esha_ws/build/rosmonitoring_interfaces
